[ 2018-04-04T09:25:18+08:00 ] 127.0.0.1 /
INFO: [ app_init ] --START--
INFO: Run Behavior\BuildLiteBehavior [ RunTime:0.000315s ]
INFO: [ app_init ] --END-- [ RunTime:0.017653s ]
NOTIC: [8] Use of undefined constant TPSHOP_CACHE_TIME - assumed 'TPSHOP_CACHE_TIME' F:\phpstudy\WWW\wwwroot\Application\Home\Conf\config.php 第 18 行.
NOTIC: [8] Use of undefined constant TPSHOP_CACHE_TIME - assumed 'TPSHOP_CACHE_TIME' F:\phpstudy\WWW\wwwroot\Application\Home\Conf\config.php 第 22 行.
NOTIC: [8] Use of undefined constant TPSHOP_CACHE_TIME - assumed 'TPSHOP_CACHE_TIME' F:\phpstudy\WWW\wwwroot\Application\Home\Conf\config.php 第 23 行.
NOTIC: [8] Use of undefined constant TPSHOP_CACHE_TIME - assumed 'TPSHOP_CACHE_TIME' F:\phpstudy\WWW\wwwroot\Application\Home\Conf\config.php 第 24 行.
NOTIC: [8] Use of undefined constant TPSHOP_CACHE_TIME - assumed 'TPSHOP_CACHE_TIME' F:\phpstudy\WWW\wwwroot\Application\Home\Conf\config.php 第 26 行.
INFO: [ app_begin ] --START--
INFO: Run Behavior\ReadHtmlCacheBehavior [ RunTime:0.028347s ]
INFO: [ app_begin ] --END-- [ RunTime:0.029932s ]
NOTIC: [8] Use of undefined constant TPSHOP_CACHE_TIME - assumed 'TPSHOP_CACHE_TIME' F:\phpstudy\WWW\wwwroot\Application\Home\Controller\BaseController.class.php 第 39 行.
NOTIC: [8] Undefined variable: arr F:\phpstudy\WWW\wwwroot\Application\Common\Common\common.php 第 2333 行.
NOTIC: [2] Invalid argument supplied for foreach() F:\phpstudy\WWW\wwwroot\Application\Common\Common\common.php 第 2333 行.
NOTIC: [8] Undefined variable: tree F:\phpstudy\WWW\wwwroot\Application\Common\Common\common.php 第 2339 行.
NOTIC: [2] Invalid argument supplied for foreach() F:\phpstudy\WWW\wwwroot\Application\Common\Common\common.php 第 2339 行.
NOTIC: [8] Use of undefined constant TPSHOP_CACHE_TIME - assumed 'TPSHOP_CACHE_TIME' F:\phpstudy\WWW\wwwroot\Application\Home\Controller\BaseController.class.php 第 50 行.
NOTIC: [8] Undefined index: account_name F:\phpstudy\WWW\wwwroot\Application\Home\Controller\CheckloginController.class.php 第 39 行.
NOTIC: [8] Undefined index: user_type F:\phpstudy\WWW\wwwroot\Application\Home\Controller\CheckloginController.class.php 第 62 行.
INFO: [ view_begin ] --START--
INFO: Run Home\Behaviors\testBehavior [ RunTime:0.019840s ]
INFO: [ view_begin ] --END-- [ RunTime:0.022402s ]
INFO: [ view_parse ] --START--
INFO: [ template_filter ] --START--
INFO: Run Behavior\ContentReplaceBehavior [ RunTime:0.001638s ]
INFO: [ template_filter ] --END-- [ RunTime:0.003695s ]
INFO: Run Behavior\ParseTemplateBehavior [ RunTime:0.414560s ]
INFO: [ view_parse ] --END-- [ RunTime:0.416184s ]
INFO: [ view_filter ] --START--
INFO: Run Behavior\WriteHtmlCacheBehavior [ RunTime:0.015729s ]
INFO: Run Behavior\TokenBuildBehavior [ RunTime:0.025200s ]
INFO: [ view_filter ] --END-- [ RunTime:0.044151s ]
INFO: [ app_end ] --START--
INFO: Run Behavior\ShowPageTraceBehavior [ RunTime:0.012106s ]
INFO: [ app_end ] --END-- [ RunTime:0.014344s ]

[ 2018-04-04T09:25:24+08:00 ] 127.0.0.1 /index.php/Home/Checklogin/verify.html
INFO: [ app_init ] --START--
INFO: Run Behavior\BuildLiteBehavior [ RunTime:0.000276s ]
INFO: [ app_init ] --END-- [ RunTime:0.002405s ]
NOTIC: [8] Use of undefined constant TPSHOP_CACHE_TIME - assumed 'TPSHOP_CACHE_TIME' F:\phpstudy\WWW\wwwroot\Application\Home\Conf\config.php 第 18 行.
NOTIC: [8] Use of undefined constant TPSHOP_CACHE_TIME - assumed 'TPSHOP_CACHE_TIME' F:\phpstudy\WWW\wwwroot\Application\Home\Conf\config.php 第 22 行.
NOTIC: [8] Use of undefined constant TPSHOP_CACHE_TIME - assumed 'TPSHOP_CACHE_TIME' F:\phpstudy\WWW\wwwroot\Application\Home\Conf\config.php 第 23 行.
NOTIC: [8] Use of undefined constant TPSHOP_CACHE_TIME - assumed 'TPSHOP_CACHE_TIME' F:\phpstudy\WWW\wwwroot\Application\Home\Conf\config.php 第 24 行.
NOTIC: [8] Use of undefined constant TPSHOP_CACHE_TIME - assumed 'TPSHOP_CACHE_TIME' F:\phpstudy\WWW\wwwroot\Application\Home\Conf\config.php 第 26 行.
INFO: [ app_begin ] --START--
INFO: Run Behavior\ReadHtmlCacheBehavior [ RunTime:0.002005s ]
INFO: [ app_begin ] --END-- [ RunTime:0.003640s ]
NOTIC: [8] Use of undefined constant TPSHOP_CACHE_TIME - assumed 'TPSHOP_CACHE_TIME' F:\phpstudy\WWW\wwwroot\Application\Home\Controller\BaseController.class.php 第 39 行.
NOTIC: [8] Undefined variable: arr F:\phpstudy\WWW\wwwroot\Application\Common\Common\common.php 第 2333 行.
NOTIC: [2] Invalid argument supplied for foreach() F:\phpstudy\WWW\wwwroot\Application\Common\Common\common.php 第 2333 行.
NOTIC: [8] Undefined variable: tree F:\phpstudy\WWW\wwwroot\Application\Common\Common\common.php 第 2339 行.
NOTIC: [2] Invalid argument supplied for foreach() F:\phpstudy\WWW\wwwroot\Application\Common\Common\common.php 第 2339 行.
NOTIC: [8] Use of undefined constant TPSHOP_CACHE_TIME - assumed 'TPSHOP_CACHE_TIME' F:\phpstudy\WWW\wwwroot\Application\Home\Controller\BaseController.class.php 第 50 行.
NOTIC: [8] Undefined index: account_name F:\phpstudy\WWW\wwwroot\Application\Home\Controller\CheckloginController.class.php 第 39 行.
NOTIC: [8] Undefined index: user_type F:\phpstudy\WWW\wwwroot\Application\Home\Controller\CheckloginController.class.php 第 62 行.
INFO: [ app_end ] --START--
INFO: Run Behavior\ShowPageTraceBehavior [ RunTime:0.004300s ]
INFO: [ app_end ] --END-- [ RunTime:0.009476s ]

[ 2018-04-04T09:25:43+08:00 ] 127.0.0.1 /
INFO: [ app_init ] --START--
INFO: Run Behavior\BuildLiteBehavior [ RunTime:0.000302s ]
INFO: [ app_init ] --END-- [ RunTime:0.003084s ]
NOTIC: [8] Use of undefined constant TPSHOP_CACHE_TIME - assumed 'TPSHOP_CACHE_TIME' F:\phpstudy\WWW\wwwroot\Application\Home\Conf\config.php 第 18 行.
NOTIC: [8] Use of undefined constant TPSHOP_CACHE_TIME - assumed 'TPSHOP_CACHE_TIME' F:\phpstudy\WWW\wwwroot\Application\Home\Conf\config.php 第 22 行.
NOTIC: [8] Use of undefined constant TPSHOP_CACHE_TIME - assumed 'TPSHOP_CACHE_TIME' F:\phpstudy\WWW\wwwroot\Application\Home\Conf\config.php 第 23 行.
NOTIC: [8] Use of undefined constant TPSHOP_CACHE_TIME - assumed 'TPSHOP_CACHE_TIME' F:\phpstudy\WWW\wwwroot\Application\Home\Conf\config.php 第 24 行.
NOTIC: [8] Use of undefined constant TPSHOP_CACHE_TIME - assumed 'TPSHOP_CACHE_TIME' F:\phpstudy\WWW\wwwroot\Application\Home\Conf\config.php 第 26 行.
INFO: [ app_begin ] --START--
INFO: Run Behavior\ReadHtmlCacheBehavior [ RunTime:0.003228s ]
INFO: [ app_begin ] --END-- [ RunTime:0.006293s ]
NOTIC: [8] Use of undefined constant TPSHOP_CACHE_TIME - assumed 'TPSHOP_CACHE_TIME' F:\phpstudy\WWW\wwwroot\Application\Home\Controller\BaseController.class.php 第 39 行.
NOTIC: [8] Undefined variable: arr F:\phpstudy\WWW\wwwroot\Application\Common\Common\common.php 第 2333 行.
NOTIC: [2] Invalid argument supplied for foreach() F:\phpstudy\WWW\wwwroot\Application\Common\Common\common.php 第 2333 行.
NOTIC: [8] Undefined variable: tree F:\phpstudy\WWW\wwwroot\Application\Common\Common\common.php 第 2339 行.
NOTIC: [2] Invalid argument supplied for foreach() F:\phpstudy\WWW\wwwroot\Application\Common\Common\common.php 第 2339 行.
NOTIC: [8] Use of undefined constant TPSHOP_CACHE_TIME - assumed 'TPSHOP_CACHE_TIME' F:\phpstudy\WWW\wwwroot\Application\Home\Controller\BaseController.class.php 第 50 行.
NOTIC: [8] Undefined index: account_name F:\phpstudy\WWW\wwwroot\Application\Home\Controller\CheckloginController.class.php 第 39 行.
NOTIC: [8] Undefined index: user_type F:\phpstudy\WWW\wwwroot\Application\Home\Controller\CheckloginController.class.php 第 62 行.
INFO: [ view_begin ] --START--
INFO: Run Home\Behaviors\testBehavior [ RunTime:0.002160s ]
INFO: [ view_begin ] --END-- [ RunTime:0.003765s ]
INFO: [ view_parse ] --START--
INFO: [ template_filter ] --START--
INFO: Run Behavior\ContentReplaceBehavior [ RunTime:0.001594s ]
INFO: [ template_filter ] --END-- [ RunTime:0.003351s ]
INFO: Run Behavior\ParseTemplateBehavior [ RunTime:0.284013s ]
INFO: [ view_parse ] --END-- [ RunTime:0.285604s ]
INFO: [ view_filter ] --START--
INFO: Run Behavior\WriteHtmlCacheBehavior [ RunTime:0.001317s ]
INFO: Run Behavior\TokenBuildBehavior [ RunTime:0.003005s ]
INFO: [ view_filter ] --END-- [ RunTime:0.006869s ]
INFO: [ app_end ] --START--
INFO: Run Behavior\ShowPageTraceBehavior [ RunTime:0.001687s ]
INFO: [ app_end ] --END-- [ RunTime:0.003288s ]

[ 2018-04-04T09:25:45+08:00 ] 127.0.0.1 /index.php/Home/Checklogin/verify.html
INFO: [ app_init ] --START--
INFO: Run Behavior\BuildLiteBehavior [ RunTime:0.000265s ]
INFO: [ app_init ] --END-- [ RunTime:0.002296s ]
NOTIC: [8] Use of undefined constant TPSHOP_CACHE_TIME - assumed 'TPSHOP_CACHE_TIME' F:\phpstudy\WWW\wwwroot\Application\Home\Conf\config.php 第 18 行.
NOTIC: [8] Use of undefined constant TPSHOP_CACHE_TIME - assumed 'TPSHOP_CACHE_TIME' F:\phpstudy\WWW\wwwroot\Application\Home\Conf\config.php 第 22 行.
NOTIC: [8] Use of undefined constant TPSHOP_CACHE_TIME - assumed 'TPSHOP_CACHE_TIME' F:\phpstudy\WWW\wwwroot\Application\Home\Conf\config.php 第 23 行.
NOTIC: [8] Use of undefined constant TPSHOP_CACHE_TIME - assumed 'TPSHOP_CACHE_TIME' F:\phpstudy\WWW\wwwroot\Application\Home\Conf\config.php 第 24 行.
NOTIC: [8] Use of undefined constant TPSHOP_CACHE_TIME - assumed 'TPSHOP_CACHE_TIME' F:\phpstudy\WWW\wwwroot\Application\Home\Conf\config.php 第 26 行.
INFO: [ app_begin ] --START--
INFO: Run Behavior\ReadHtmlCacheBehavior [ RunTime:0.001868s ]
INFO: [ app_begin ] --END-- [ RunTime:0.003487s ]
NOTIC: [8] Use of undefined constant TPSHOP_CACHE_TIME - assumed 'TPSHOP_CACHE_TIME' F:\phpstudy\WWW\wwwroot\Application\Home\Controller\BaseController.class.php 第 39 行.
NOTIC: [8] Undefined variable: arr F:\phpstudy\WWW\wwwroot\Application\Common\Common\common.php 第 2333 行.
NOTIC: [2] Invalid argument supplied for foreach() F:\phpstudy\WWW\wwwroot\Application\Common\Common\common.php 第 2333 行.
NOTIC: [8] Undefined variable: tree F:\phpstudy\WWW\wwwroot\Application\Common\Common\common.php 第 2339 行.
NOTIC: [2] Invalid argument supplied for foreach() F:\phpstudy\WWW\wwwroot\Application\Common\Common\common.php 第 2339 行.
NOTIC: [8] Use of undefined constant TPSHOP_CACHE_TIME - assumed 'TPSHOP_CACHE_TIME' F:\phpstudy\WWW\wwwroot\Application\Home\Controller\BaseController.class.php 第 50 行.
NOTIC: [8] Undefined index: account_name F:\phpstudy\WWW\wwwroot\Application\Home\Controller\CheckloginController.class.php 第 39 行.
NOTIC: [8] Undefined index: user_type F:\phpstudy\WWW\wwwroot\Application\Home\Controller\CheckloginController.class.php 第 62 行.
INFO: [ app_end ] --START--
INFO: Run Behavior\ShowPageTraceBehavior [ RunTime:0.002340s ]
INFO: [ app_end ] --END-- [ RunTime:0.004928s ]

[ 2018-04-04T09:27:27+08:00 ] 127.0.0.1 /index.php/Home/Checklogin/shebao_dj.html
INFO: [ app_init ] --START--
INFO: Run Behavior\BuildLiteBehavior [ RunTime:0.000486s ]
INFO: [ app_init ] --END-- [ RunTime:0.004384s ]
NOTIC: [8] Use of undefined constant TPSHOP_CACHE_TIME - assumed 'TPSHOP_CACHE_TIME' F:\phpstudy\WWW\wwwroot\Application\Home\Conf\config.php 第 18 行.
NOTIC: [8] Use of undefined constant TPSHOP_CACHE_TIME - assumed 'TPSHOP_CACHE_TIME' F:\phpstudy\WWW\wwwroot\Application\Home\Conf\config.php 第 22 行.
NOTIC: [8] Use of undefined constant TPSHOP_CACHE_TIME - assumed 'TPSHOP_CACHE_TIME' F:\phpstudy\WWW\wwwroot\Application\Home\Conf\config.php 第 23 行.
NOTIC: [8] Use of undefined constant TPSHOP_CACHE_TIME - assumed 'TPSHOP_CACHE_TIME' F:\phpstudy\WWW\wwwroot\Application\Home\Conf\config.php 第 24 行.
NOTIC: [8] Use of undefined constant TPSHOP_CACHE_TIME - assumed 'TPSHOP_CACHE_TIME' F:\phpstudy\WWW\wwwroot\Application\Home\Conf\config.php 第 26 行.
INFO: [ app_begin ] --START--
INFO: Run Behavior\ReadHtmlCacheBehavior [ RunTime:0.003082s ]
INFO: [ app_begin ] --END-- [ RunTime:0.006052s ]
NOTIC: [8] Use of undefined constant TPSHOP_CACHE_TIME - assumed 'TPSHOP_CACHE_TIME' F:\phpstudy\WWW\wwwroot\Application\Home\Controller\BaseController.class.php 第 39 行.
NOTIC: [8] Undefined variable: arr F:\phpstudy\WWW\wwwroot\Application\Common\Common\common.php 第 2333 行.
NOTIC: [2] Invalid argument supplied for foreach() F:\phpstudy\WWW\wwwroot\Application\Common\Common\common.php 第 2333 行.
NOTIC: [8] Undefined variable: tree F:\phpstudy\WWW\wwwroot\Application\Common\Common\common.php 第 2339 行.
NOTIC: [2] Invalid argument supplied for foreach() F:\phpstudy\WWW\wwwroot\Application\Common\Common\common.php 第 2339 行.
NOTIC: [8] Use of undefined constant TPSHOP_CACHE_TIME - assumed 'TPSHOP_CACHE_TIME' F:\phpstudy\WWW\wwwroot\Application\Home\Controller\BaseController.class.php 第 50 行.
INFO: [ view_begin ] --START--
INFO: Run Home\Behaviors\testBehavior [ RunTime:0.002456s ]
INFO: [ view_begin ] --END-- [ RunTime:0.004105s ]
INFO: [ view_parse ] --START--
INFO: [ template_filter ] --START--
INFO: Run Behavior\ContentReplaceBehavior [ RunTime:0.000940s ]
INFO: [ template_filter ] --END-- [ RunTime:0.002540s ]
INFO: Run Behavior\ParseTemplateBehavior [ RunTime:0.036459s ]
INFO: [ view_parse ] --END-- [ RunTime:0.038687s ]
INFO: [ view_filter ] --START--
INFO: Run Behavior\WriteHtmlCacheBehavior [ RunTime:0.001347s ]
INFO: Run Behavior\TokenBuildBehavior [ RunTime:0.002252s ]
INFO: [ view_filter ] --END-- [ RunTime:0.006514s ]

[ 2018-04-04T09:27:30+08:00 ] 127.0.0.1 /index.php/Home/Checklogin/login.html
INFO: [ app_init ] --START--
INFO: Run Behavior\BuildLiteBehavior [ RunTime:0.000412s ]
INFO: [ app_init ] --END-- [ RunTime:0.003266s ]
NOTIC: [8] Use of undefined constant TPSHOP_CACHE_TIME - assumed 'TPSHOP_CACHE_TIME' F:\phpstudy\WWW\wwwroot\Application\Home\Conf\config.php 第 18 行.
NOTIC: [8] Use of undefined constant TPSHOP_CACHE_TIME - assumed 'TPSHOP_CACHE_TIME' F:\phpstudy\WWW\wwwroot\Application\Home\Conf\config.php 第 22 行.
NOTIC: [8] Use of undefined constant TPSHOP_CACHE_TIME - assumed 'TPSHOP_CACHE_TIME' F:\phpstudy\WWW\wwwroot\Application\Home\Conf\config.php 第 23 行.
NOTIC: [8] Use of undefined constant TPSHOP_CACHE_TIME - assumed 'TPSHOP_CACHE_TIME' F:\phpstudy\WWW\wwwroot\Application\Home\Conf\config.php 第 24 行.
NOTIC: [8] Use of undefined constant TPSHOP_CACHE_TIME - assumed 'TPSHOP_CACHE_TIME' F:\phpstudy\WWW\wwwroot\Application\Home\Conf\config.php 第 26 行.
INFO: [ app_begin ] --START--
INFO: Run Behavior\ReadHtmlCacheBehavior [ RunTime:0.001894s ]
INFO: [ app_begin ] --END-- [ RunTime:0.003397s ]
NOTIC: [8] Use of undefined constant TPSHOP_CACHE_TIME - assumed 'TPSHOP_CACHE_TIME' F:\phpstudy\WWW\wwwroot\Application\Home\Controller\BaseController.class.php 第 39 行.
NOTIC: [8] Undefined variable: arr F:\phpstudy\WWW\wwwroot\Application\Common\Common\common.php 第 2333 行.
NOTIC: [2] Invalid argument supplied for foreach() F:\phpstudy\WWW\wwwroot\Application\Common\Common\common.php 第 2333 行.
NOTIC: [8] Undefined variable: tree F:\phpstudy\WWW\wwwroot\Application\Common\Common\common.php 第 2339 行.
NOTIC: [2] Invalid argument supplied for foreach() F:\phpstudy\WWW\wwwroot\Application\Common\Common\common.php 第 2339 行.
NOTIC: [8] Use of undefined constant TPSHOP_CACHE_TIME - assumed 'TPSHOP_CACHE_TIME' F:\phpstudy\WWW\wwwroot\Application\Home\Controller\BaseController.class.php 第 50 行.
NOTIC: [8] Undefined index: account_name F:\phpstudy\WWW\wwwroot\Application\Home\Controller\CheckloginController.class.php 第 39 行.
NOTIC: [8] Undefined index: user_type F:\phpstudy\WWW\wwwroot\Application\Home\Controller\CheckloginController.class.php 第 62 行.
INFO: [ view_begin ] --START--
INFO: Run Home\Behaviors\testBehavior [ RunTime:0.002333s ]
INFO: [ view_begin ] --END-- [ RunTime:0.004656s ]
INFO: [ view_parse ] --START--
INFO: [ template_filter ] --START--
INFO: Run Behavior\ContentReplaceBehavior [ RunTime:0.001746s ]
INFO: [ template_filter ] --END-- [ RunTime:0.003857s ]
INFO: Run Behavior\ParseTemplateBehavior [ RunTime:0.347754s ]
INFO: [ view_parse ] --END-- [ RunTime:0.349477s ]
INFO: [ view_filter ] --START--
INFO: Run Behavior\WriteHtmlCacheBehavior [ RunTime:0.001307s ]
INFO: Run Behavior\TokenBuildBehavior [ RunTime:0.003327s ]
INFO: [ view_filter ] --END-- [ RunTime:0.007157s ]
INFO: [ app_end ] --START--
INFO: Run Behavior\ShowPageTraceBehavior [ RunTime:0.002127s ]
INFO: [ app_end ] --END-- [ RunTime:0.005720s ]

[ 2018-04-04T09:27:32+08:00 ] 127.0.0.1 /index.php/Home/Checklogin/verify.html
INFO: [ app_init ] --START--
INFO: Run Behavior\BuildLiteBehavior [ RunTime:0.000575s ]
INFO: [ app_init ] --END-- [ RunTime:0.005000s ]
NOTIC: [8] Use of undefined constant TPSHOP_CACHE_TIME - assumed 'TPSHOP_CACHE_TIME' F:\phpstudy\WWW\wwwroot\Application\Home\Conf\config.php 第 18 行.
NOTIC: [8] Use of undefined constant TPSHOP_CACHE_TIME - assumed 'TPSHOP_CACHE_TIME' F:\phpstudy\WWW\wwwroot\Application\Home\Conf\config.php 第 22 行.
NOTIC: [8] Use of undefined constant TPSHOP_CACHE_TIME - assumed 'TPSHOP_CACHE_TIME' F:\phpstudy\WWW\wwwroot\Application\Home\Conf\config.php 第 23 行.
NOTIC: [8] Use of undefined constant TPSHOP_CACHE_TIME - assumed 'TPSHOP_CACHE_TIME' F:\phpstudy\WWW\wwwroot\Application\Home\Conf\config.php 第 24 行.
NOTIC: [8] Use of undefined constant TPSHOP_CACHE_TIME - assumed 'TPSHOP_CACHE_TIME' F:\phpstudy\WWW\wwwroot\Application\Home\Conf\config.php 第 26 行.
INFO: [ app_begin ] --START--
INFO: Run Behavior\ReadHtmlCacheBehavior [ RunTime:0.002722s ]
INFO: [ app_begin ] --END-- [ RunTime:0.004544s ]
NOTIC: [8] Use of undefined constant TPSHOP_CACHE_TIME - assumed 'TPSHOP_CACHE_TIME' F:\phpstudy\WWW\wwwroot\Application\Home\Controller\BaseController.class.php 第 39 行.
NOTIC: [8] Undefined variable: arr F:\phpstudy\WWW\wwwroot\Application\Common\Common\common.php 第 2333 行.
NOTIC: [2] Invalid argument supplied for foreach() F:\phpstudy\WWW\wwwroot\Application\Common\Common\common.php 第 2333 行.
NOTIC: [8] Undefined variable: tree F:\phpstudy\WWW\wwwroot\Application\Common\Common\common.php 第 2339 行.
NOTIC: [2] Invalid argument supplied for foreach() F:\phpstudy\WWW\wwwroot\Application\Common\Common\common.php 第 2339 行.
NOTIC: [8] Use of undefined constant TPSHOP_CACHE_TIME - assumed 'TPSHOP_CACHE_TIME' F:\phpstudy\WWW\wwwroot\Application\Home\Controller\BaseController.class.php 第 50 行.
NOTIC: [8] Undefined index: account_name F:\phpstudy\WWW\wwwroot\Application\Home\Controller\CheckloginController.class.php 第 39 行.
NOTIC: [8] Undefined index: user_type F:\phpstudy\WWW\wwwroot\Application\Home\Controller\CheckloginController.class.php 第 62 行.
INFO: [ app_end ] --START--
INFO: Run Behavior\ShowPageTraceBehavior [ RunTime:0.001906s ]
INFO: [ app_end ] --END-- [ RunTime:0.004191s ]

[ 2018-04-04T09:28:03+08:00 ] 127.0.0.1 /index.php/Home/Checklogin/do_login.html
INFO: [ app_init ] --START--
INFO: Run Behavior\BuildLiteBehavior [ RunTime:0.000288s ]
INFO: [ app_init ] --END-- [ RunTime:0.002467s ]
NOTIC: [8] Use of undefined constant TPSHOP_CACHE_TIME - assumed 'TPSHOP_CACHE_TIME' F:\phpstudy\WWW\wwwroot\Application\Home\Conf\config.php 第 18 行.
NOTIC: [8] Use of undefined constant TPSHOP_CACHE_TIME - assumed 'TPSHOP_CACHE_TIME' F:\phpstudy\WWW\wwwroot\Application\Home\Conf\config.php 第 22 行.
NOTIC: [8] Use of undefined constant TPSHOP_CACHE_TIME - assumed 'TPSHOP_CACHE_TIME' F:\phpstudy\WWW\wwwroot\Application\Home\Conf\config.php 第 23 行.
NOTIC: [8] Use of undefined constant TPSHOP_CACHE_TIME - assumed 'TPSHOP_CACHE_TIME' F:\phpstudy\WWW\wwwroot\Application\Home\Conf\config.php 第 24 行.
NOTIC: [8] Use of undefined constant TPSHOP_CACHE_TIME - assumed 'TPSHOP_CACHE_TIME' F:\phpstudy\WWW\wwwroot\Application\Home\Conf\config.php 第 26 行.
INFO: [ app_begin ] --START--
INFO: Run Behavior\ReadHtmlCacheBehavior [ RunTime:0.002075s ]
INFO: [ app_begin ] --END-- [ RunTime:0.004897s ]
NOTIC: [8] Use of undefined constant TPSHOP_CACHE_TIME - assumed 'TPSHOP_CACHE_TIME' F:\phpstudy\WWW\wwwroot\Application\Home\Controller\BaseController.class.php 第 39 行.
NOTIC: [8] Undefined variable: arr F:\phpstudy\WWW\wwwroot\Application\Common\Common\common.php 第 2333 行.
NOTIC: [2] Invalid argument supplied for foreach() F:\phpstudy\WWW\wwwroot\Application\Common\Common\common.php 第 2333 行.
NOTIC: [8] Undefined variable: tree F:\phpstudy\WWW\wwwroot\Application\Common\Common\common.php 第 2339 行.
NOTIC: [2] Invalid argument supplied for foreach() F:\phpstudy\WWW\wwwroot\Application\Common\Common\common.php 第 2339 行.
NOTIC: [8] Use of undefined constant TPSHOP_CACHE_TIME - assumed 'TPSHOP_CACHE_TIME' F:\phpstudy\WWW\wwwroot\Application\Home\Controller\BaseController.class.php 第 50 行.
NOTIC: [8] Undefined index: account_name F:\phpstudy\WWW\wwwroot\Application\Home\Controller\CheckloginController.class.php 第 39 行.
NOTIC: [8] Undefined index: user_type F:\phpstudy\WWW\wwwroot\Application\Home\Controller\CheckloginController.class.php 第 62 行.
INFO: [ view_begin ] --START--
INFO: Run Home\Behaviors\testBehavior [ RunTime:0.003586s ]
INFO: [ view_begin ] --END-- [ RunTime:0.005646s ]
INFO: [ view_parse ] --START--
INFO: [ template_filter ] --START--
INFO: Run Behavior\ContentReplaceBehavior [ RunTime:0.001975s ]
INFO: [ template_filter ] --END-- [ RunTime:0.007954s ]
INFO: Run Behavior\ParseTemplateBehavior [ RunTime:0.129118s ]
INFO: [ view_parse ] --END-- [ RunTime:0.133010s ]
INFO: [ view_filter ] --START--
INFO: Run Behavior\WriteHtmlCacheBehavior [ RunTime:0.008997s ]
INFO: Run Behavior\TokenBuildBehavior [ RunTime:0.035600s ]
INFO: [ view_filter ] --END-- [ RunTime:0.052654s ]

[ 2018-04-04T09:28:06+08:00 ] 127.0.0.1 /index.php/Home/Order/edit_info.html
INFO: [ app_init ] --START--
INFO: Run Behavior\BuildLiteBehavior [ RunTime:0.000561s ]
INFO: [ app_init ] --END-- [ RunTime:0.007136s ]
NOTIC: [8] Use of undefined constant TPSHOP_CACHE_TIME - assumed 'TPSHOP_CACHE_TIME' F:\phpstudy\WWW\wwwroot\Application\Home\Conf\config.php 第 18 行.
NOTIC: [8] Use of undefined constant TPSHOP_CACHE_TIME - assumed 'TPSHOP_CACHE_TIME' F:\phpstudy\WWW\wwwroot\Application\Home\Conf\config.php 第 22 行.
NOTIC: [8] Use of undefined constant TPSHOP_CACHE_TIME - assumed 'TPSHOP_CACHE_TIME' F:\phpstudy\WWW\wwwroot\Application\Home\Conf\config.php 第 23 行.
NOTIC: [8] Use of undefined constant TPSHOP_CACHE_TIME - assumed 'TPSHOP_CACHE_TIME' F:\phpstudy\WWW\wwwroot\Application\Home\Conf\config.php 第 24 行.
NOTIC: [8] Use of undefined constant TPSHOP_CACHE_TIME - assumed 'TPSHOP_CACHE_TIME' F:\phpstudy\WWW\wwwroot\Application\Home\Conf\config.php 第 26 行.
INFO: [ app_begin ] --START--
INFO: Run Behavior\ReadHtmlCacheBehavior [ RunTime:0.001975s ]
INFO: [ app_begin ] --END-- [ RunTime:0.003617s ]
NOTIC: [8] Use of undefined constant TPSHOP_CACHE_TIME - assumed 'TPSHOP_CACHE_TIME' F:\phpstudy\WWW\wwwroot\Application\Home\Controller\BaseController.class.php 第 39 行.
NOTIC: [8] Undefined variable: arr F:\phpstudy\WWW\wwwroot\Application\Common\Common\common.php 第 2333 行.
NOTIC: [2] Invalid argument supplied for foreach() F:\phpstudy\WWW\wwwroot\Application\Common\Common\common.php 第 2333 行.
NOTIC: [8] Undefined variable: tree F:\phpstudy\WWW\wwwroot\Application\Common\Common\common.php 第 2339 行.
NOTIC: [2] Invalid argument supplied for foreach() F:\phpstudy\WWW\wwwroot\Application\Common\Common\common.php 第 2339 行.
NOTIC: [8] Use of undefined constant TPSHOP_CACHE_TIME - assumed 'TPSHOP_CACHE_TIME' F:\phpstudy\WWW\wwwroot\Application\Home\Controller\BaseController.class.php 第 50 行.
INFO: [ view_begin ] --START--
INFO: Run Home\Behaviors\testBehavior [ RunTime:0.005507s ]
INFO: [ view_begin ] --END-- [ RunTime:0.008874s ]
INFO: [ view_parse ] --START--
INFO: [ template_filter ] --START--
INFO: Run Behavior\ContentReplaceBehavior [ RunTime:0.002166s ]
INFO: [ template_filter ] --END-- [ RunTime:0.003792s ]
INFO: Run Behavior\ParseTemplateBehavior [ RunTime:0.612686s ]
INFO: [ view_parse ] --END-- [ RunTime:0.614257s ]
INFO: [ view_filter ] --START--
INFO: Run Behavior\WriteHtmlCacheBehavior [ RunTime:0.001389s ]
INFO: Run Behavior\TokenBuildBehavior [ RunTime:0.006945s ]
INFO: [ view_filter ] --END-- [ RunTime:0.010880s ]
INFO: [ app_end ] --START--
INFO: Run Behavior\ShowPageTraceBehavior [ RunTime:0.001503s ]
INFO: [ app_end ] --END-- [ RunTime:0.003033s ]

