[ 2018-02-28T02:32:50+08:00 ] 180.97.35.12 /index.php/Home/Mobile/shebao_bujiao.html
INFO: [ app_init ] --START--
INFO: Run Behavior\BuildLiteBehavior [ RunTime:0.000011s ]
INFO: [ app_init ] --END-- [ RunTime:0.000071s ]
NOTIC: [8] Use of undefined constant TPSHOP_CACHE_TIME - assumed 'TPSHOP_CACHE_TIME' /data/www/pc.zhongguoshebaodaili.cn/wwwroot/Application/Home/Conf/config.php 第 18 行.
NOTIC: [8] Use of undefined constant TPSHOP_CACHE_TIME - assumed 'TPSHOP_CACHE_TIME' /data/www/pc.zhongguoshebaodaili.cn/wwwroot/Application/Home/Conf/config.php 第 22 行.
NOTIC: [8] Use of undefined constant TPSHOP_CACHE_TIME - assumed 'TPSHOP_CACHE_TIME' /data/www/pc.zhongguoshebaodaili.cn/wwwroot/Application/Home/Conf/config.php 第 23 行.
NOTIC: [8] Use of undefined constant TPSHOP_CACHE_TIME - assumed 'TPSHOP_CACHE_TIME' /data/www/pc.zhongguoshebaodaili.cn/wwwroot/Application/Home/Conf/config.php 第 24 行.
NOTIC: [8] Use of undefined constant TPSHOP_CACHE_TIME - assumed 'TPSHOP_CACHE_TIME' /data/www/pc.zhongguoshebaodaili.cn/wwwroot/Application/Home/Conf/config.php 第 26 行.
INFO: [ app_begin ] --START--
INFO: Run Behavior\ReadHtmlCacheBehavior [ RunTime:0.000039s ]
INFO: [ app_begin ] --END-- [ RunTime:0.000066s ]
NOTIC: [8] Use of undefined constant TPSHOP_CACHE_TIME - assumed 'TPSHOP_CACHE_TIME' /data/www/pc.zhongguoshebaodaili.cn/wwwroot/Application/Home/Controller/BaseController.class.php 第 39 行.
NOTIC: [8] Undefined variable: arr /data/www/pc.zhongguoshebaodaili.cn/wwwroot/Application/Common/Common/common.php 第 2333 行.
NOTIC: [2] Invalid argument supplied for foreach() /data/www/pc.zhongguoshebaodaili.cn/wwwroot/Application/Common/Common/common.php 第 2333 行.
NOTIC: [8] Undefined variable: tree /data/www/pc.zhongguoshebaodaili.cn/wwwroot/Application/Common/Common/common.php 第 2339 行.
NOTIC: [2] Invalid argument supplied for foreach() /data/www/pc.zhongguoshebaodaili.cn/wwwroot/Application/Common/Common/common.php 第 2339 行.
NOTIC: [8] Use of undefined constant TPSHOP_CACHE_TIME - assumed 'TPSHOP_CACHE_TIME' /data/www/pc.zhongguoshebaodaili.cn/wwwroot/Application/Home/Controller/BaseController.class.php 第 50 行.
INFO: [ view_begin ] --START--
INFO: Run Home\Behaviors\testBehavior [ RunTime:0.000053s ]
INFO: [ view_begin ] --END-- [ RunTime:0.000080s ]
INFO: [ view_parse ] --START--
INFO: [ template_filter ] --START--
INFO: Run Behavior\ContentReplaceBehavior [ RunTime:0.000030s ]
INFO: [ template_filter ] --END-- [ RunTime:0.000057s ]
INFO: Run Behavior\ParseTemplateBehavior [ RunTime:0.001454s ]
INFO: [ view_parse ] --END-- [ RunTime:0.001484s ]
INFO: [ view_filter ] --START--
INFO: Run Behavior\WriteHtmlCacheBehavior [ RunTime:0.000033s ]
INFO: Run Behavior\TokenBuildBehavior [ RunTime:0.000066s ]
INFO: [ view_filter ] --END-- [ RunTime:0.000136s ]

[ 2018-02-28T09:19:09+08:00 ] 106.11.157.172 /index.php/Home/Checklogin/sb_editinfo.html
INFO: [ app_init ] --START--
INFO: Run Behavior\BuildLiteBehavior [ RunTime:0.000011s ]
INFO: [ app_init ] --END-- [ RunTime:0.000074s ]
NOTIC: [8] Use of undefined constant TPSHOP_CACHE_TIME - assumed 'TPSHOP_CACHE_TIME' /data/www/pc.zhongguoshebaodaili.cn/wwwroot/Application/Home/Conf/config.php 第 18 行.
NOTIC: [8] Use of undefined constant TPSHOP_CACHE_TIME - assumed 'TPSHOP_CACHE_TIME' /data/www/pc.zhongguoshebaodaili.cn/wwwroot/Application/Home/Conf/config.php 第 22 行.
NOTIC: [8] Use of undefined constant TPSHOP_CACHE_TIME - assumed 'TPSHOP_CACHE_TIME' /data/www/pc.zhongguoshebaodaili.cn/wwwroot/Application/Home/Conf/config.php 第 23 行.
NOTIC: [8] Use of undefined constant TPSHOP_CACHE_TIME - assumed 'TPSHOP_CACHE_TIME' /data/www/pc.zhongguoshebaodaili.cn/wwwroot/Application/Home/Conf/config.php 第 24 行.
NOTIC: [8] Use of undefined constant TPSHOP_CACHE_TIME - assumed 'TPSHOP_CACHE_TIME' /data/www/pc.zhongguoshebaodaili.cn/wwwroot/Application/Home/Conf/config.php 第 26 行.
INFO: [ app_begin ] --START--
INFO: Run Behavior\ReadHtmlCacheBehavior [ RunTime:0.000044s ]
INFO: [ app_begin ] --END-- [ RunTime:0.000073s ]
NOTIC: [8] Use of undefined constant TPSHOP_CACHE_TIME - assumed 'TPSHOP_CACHE_TIME' /data/www/pc.zhongguoshebaodaili.cn/wwwroot/Application/Home/Controller/BaseController.class.php 第 39 行.
NOTIC: [8] Undefined variable: arr /data/www/pc.zhongguoshebaodaili.cn/wwwroot/Application/Common/Common/common.php 第 2333 行.
NOTIC: [2] Invalid argument supplied for foreach() /data/www/pc.zhongguoshebaodaili.cn/wwwroot/Application/Common/Common/common.php 第 2333 行.
NOTIC: [8] Undefined variable: tree /data/www/pc.zhongguoshebaodaili.cn/wwwroot/Application/Common/Common/common.php 第 2339 行.
NOTIC: [2] Invalid argument supplied for foreach() /data/www/pc.zhongguoshebaodaili.cn/wwwroot/Application/Common/Common/common.php 第 2339 行.
NOTIC: [8] Use of undefined constant TPSHOP_CACHE_TIME - assumed 'TPSHOP_CACHE_TIME' /data/www/pc.zhongguoshebaodaili.cn/wwwroot/Application/Home/Controller/BaseController.class.php 第 50 行.
INFO: [ view_begin ] --START--
INFO: Run Home\Behaviors\testBehavior [ RunTime:0.000063s ]
INFO: [ view_begin ] --END-- [ RunTime:0.000096s ]
INFO: [ view_parse ] --START--
INFO: [ template_filter ] --START--
INFO: Run Behavior\ContentReplaceBehavior [ RunTime:0.000029s ]
INFO: [ template_filter ] --END-- [ RunTime:0.000060s ]
INFO: Run Behavior\ParseTemplateBehavior [ RunTime:0.001439s ]
INFO: [ view_parse ] --END-- [ RunTime:0.001469s ]
INFO: [ view_filter ] --START--
INFO: Run Behavior\WriteHtmlCacheBehavior [ RunTime:0.000033s ]
INFO: Run Behavior\TokenBuildBehavior [ RunTime:0.000053s ]
INFO: [ view_filter ] --END-- [ RunTime:0.000120s ]

[ 2018-02-28T09:33:09+08:00 ] 106.11.159.188 /index.php/Home/Checklogin/login.html
INFO: [ app_init ] --START--
INFO: Run Behavior\BuildLiteBehavior [ RunTime:0.000013s ]
INFO: [ app_init ] --END-- [ RunTime:0.000091s ]
NOTIC: [8] Use of undefined constant TPSHOP_CACHE_TIME - assumed 'TPSHOP_CACHE_TIME' /data/www/pc.zhongguoshebaodaili.cn/wwwroot/Application/Home/Conf/config.php 第 18 行.
NOTIC: [8] Use of undefined constant TPSHOP_CACHE_TIME - assumed 'TPSHOP_CACHE_TIME' /data/www/pc.zhongguoshebaodaili.cn/wwwroot/Application/Home/Conf/config.php 第 22 行.
NOTIC: [8] Use of undefined constant TPSHOP_CACHE_TIME - assumed 'TPSHOP_CACHE_TIME' /data/www/pc.zhongguoshebaodaili.cn/wwwroot/Application/Home/Conf/config.php 第 23 行.
NOTIC: [8] Use of undefined constant TPSHOP_CACHE_TIME - assumed 'TPSHOP_CACHE_TIME' /data/www/pc.zhongguoshebaodaili.cn/wwwroot/Application/Home/Conf/config.php 第 24 行.
NOTIC: [8] Use of undefined constant TPSHOP_CACHE_TIME - assumed 'TPSHOP_CACHE_TIME' /data/www/pc.zhongguoshebaodaili.cn/wwwroot/Application/Home/Conf/config.php 第 26 行.
INFO: [ app_begin ] --START--
INFO: Run Behavior\ReadHtmlCacheBehavior [ RunTime:0.000042s ]
INFO: [ app_begin ] --END-- [ RunTime:0.000069s ]
NOTIC: [8] Use of undefined constant TPSHOP_CACHE_TIME - assumed 'TPSHOP_CACHE_TIME' /data/www/pc.zhongguoshebaodaili.cn/wwwroot/Application/Home/Controller/BaseController.class.php 第 39 行.
NOTIC: [8] Undefined variable: arr /data/www/pc.zhongguoshebaodaili.cn/wwwroot/Application/Common/Common/common.php 第 2333 行.
NOTIC: [2] Invalid argument supplied for foreach() /data/www/pc.zhongguoshebaodaili.cn/wwwroot/Application/Common/Common/common.php 第 2333 行.
NOTIC: [8] Undefined variable: tree /data/www/pc.zhongguoshebaodaili.cn/wwwroot/Application/Common/Common/common.php 第 2339 行.
NOTIC: [2] Invalid argument supplied for foreach() /data/www/pc.zhongguoshebaodaili.cn/wwwroot/Application/Common/Common/common.php 第 2339 行.
NOTIC: [8] Use of undefined constant TPSHOP_CACHE_TIME - assumed 'TPSHOP_CACHE_TIME' /data/www/pc.zhongguoshebaodaili.cn/wwwroot/Application/Home/Controller/BaseController.class.php 第 50 行.
NOTIC: [8] Undefined index: account_name /data/www/pc.zhongguoshebaodaili.cn/wwwroot/Application/Home/Controller/CheckloginController.class.php 第 39 行.
NOTIC: [8] Undefined index: user_type /data/www/pc.zhongguoshebaodaili.cn/wwwroot/Application/Home/Controller/CheckloginController.class.php 第 62 行.
INFO: [ view_begin ] --START--
INFO: Run Home\Behaviors\testBehavior [ RunTime:0.000067s ]
INFO: [ view_begin ] --END-- [ RunTime:0.000102s ]
INFO: [ view_parse ] --START--
INFO: [ template_filter ] --START--
INFO: Run Behavior\ContentReplaceBehavior [ RunTime:0.000137s ]
INFO: [ template_filter ] --END-- [ RunTime:0.000191s ]
INFO: Run Behavior\ParseTemplateBehavior [ RunTime:0.007308s ]
INFO: [ view_parse ] --END-- [ RunTime:0.007344s ]
INFO: [ view_filter ] --START--
INFO: Run Behavior\WriteHtmlCacheBehavior [ RunTime:0.000044s ]
INFO: Run Behavior\TokenBuildBehavior [ RunTime:0.000146s ]
INFO: [ view_filter ] --END-- [ RunTime:0.000236s ]
INFO: [ app_end ] --START--
INFO: Run Behavior\ShowPageTraceBehavior [ RunTime:0.000039s ]
INFO: [ app_end ] --END-- [ RunTime:0.000071s ]

[ 2018-02-28T11:46:47+08:00 ] 106.11.227.180 /
INFO: [ app_init ] --START--
INFO: Run Behavior\BuildLiteBehavior [ RunTime:0.000011s ]
INFO: [ app_init ] --END-- [ RunTime:0.000091s ]
NOTIC: [8] Use of undefined constant TPSHOP_CACHE_TIME - assumed 'TPSHOP_CACHE_TIME' /data/www/pc.zhongguoshebaodaili.cn/wwwroot/Application/Home/Conf/config.php 第 18 行.
NOTIC: [8] Use of undefined constant TPSHOP_CACHE_TIME - assumed 'TPSHOP_CACHE_TIME' /data/www/pc.zhongguoshebaodaili.cn/wwwroot/Application/Home/Conf/config.php 第 22 行.
NOTIC: [8] Use of undefined constant TPSHOP_CACHE_TIME - assumed 'TPSHOP_CACHE_TIME' /data/www/pc.zhongguoshebaodaili.cn/wwwroot/Application/Home/Conf/config.php 第 23 行.
NOTIC: [8] Use of undefined constant TPSHOP_CACHE_TIME - assumed 'TPSHOP_CACHE_TIME' /data/www/pc.zhongguoshebaodaili.cn/wwwroot/Application/Home/Conf/config.php 第 24 行.
NOTIC: [8] Use of undefined constant TPSHOP_CACHE_TIME - assumed 'TPSHOP_CACHE_TIME' /data/www/pc.zhongguoshebaodaili.cn/wwwroot/Application/Home/Conf/config.php 第 26 行.
INFO: [ app_begin ] --START--
INFO: Run Behavior\ReadHtmlCacheBehavior [ RunTime:0.000045s ]
INFO: [ app_begin ] --END-- [ RunTime:0.000073s ]
NOTIC: [8] Use of undefined constant TPSHOP_CACHE_TIME - assumed 'TPSHOP_CACHE_TIME' /data/www/pc.zhongguoshebaodaili.cn/wwwroot/Application/Home/Controller/BaseController.class.php 第 39 行.
NOTIC: [8] Undefined variable: arr /data/www/pc.zhongguoshebaodaili.cn/wwwroot/Application/Common/Common/common.php 第 2333 行.
NOTIC: [2] Invalid argument supplied for foreach() /data/www/pc.zhongguoshebaodaili.cn/wwwroot/Application/Common/Common/common.php 第 2333 行.
NOTIC: [8] Undefined variable: tree /data/www/pc.zhongguoshebaodaili.cn/wwwroot/Application/Common/Common/common.php 第 2339 行.
NOTIC: [2] Invalid argument supplied for foreach() /data/www/pc.zhongguoshebaodaili.cn/wwwroot/Application/Common/Common/common.php 第 2339 行.
NOTIC: [8] Use of undefined constant TPSHOP_CACHE_TIME - assumed 'TPSHOP_CACHE_TIME' /data/www/pc.zhongguoshebaodaili.cn/wwwroot/Application/Home/Controller/BaseController.class.php 第 50 行.
NOTIC: [8] Undefined index: account_name /data/www/pc.zhongguoshebaodaili.cn/wwwroot/Application/Home/Controller/CheckloginController.class.php 第 39 行.
NOTIC: [8] Undefined index: user_type /data/www/pc.zhongguoshebaodaili.cn/wwwroot/Application/Home/Controller/CheckloginController.class.php 第 62 行.
INFO: [ view_begin ] --START--
INFO: Run Home\Behaviors\testBehavior [ RunTime:0.000057s ]
INFO: [ view_begin ] --END-- [ RunTime:0.000117s ]
INFO: [ view_parse ] --START--
INFO: [ template_filter ] --START--
INFO: Run Behavior\ContentReplaceBehavior [ RunTime:0.000088s ]
INFO: [ template_filter ] --END-- [ RunTime:0.000124s ]
INFO: Run Behavior\ParseTemplateBehavior [ RunTime:0.007118s ]
INFO: [ view_parse ] --END-- [ RunTime:0.007153s ]
INFO: [ view_filter ] --START--
INFO: Run Behavior\WriteHtmlCacheBehavior [ RunTime:0.000038s ]
INFO: Run Behavior\TokenBuildBehavior [ RunTime:0.000124s ]
INFO: [ view_filter ] --END-- [ RunTime:0.000203s ]
INFO: [ app_end ] --START--
INFO: Run Behavior\ShowPageTraceBehavior [ RunTime:0.000030s ]
INFO: [ app_end ] --END-- [ RunTime:0.000056s ]

[ 2018-02-28T12:30:41+08:00 ] 203.86.80.10 /index.php/Home/Checklogin/login.html
INFO: [ app_init ] --START--
INFO: Run Behavior\BuildLiteBehavior [ RunTime:0.000010s ]
INFO: [ app_init ] --END-- [ RunTime:0.000073s ]
NOTIC: [8] Use of undefined constant TPSHOP_CACHE_TIME - assumed 'TPSHOP_CACHE_TIME' /data/www/pc.zhongguoshebaodaili.cn/wwwroot/Application/Home/Conf/config.php 第 18 行.
NOTIC: [8] Use of undefined constant TPSHOP_CACHE_TIME - assumed 'TPSHOP_CACHE_TIME' /data/www/pc.zhongguoshebaodaili.cn/wwwroot/Application/Home/Conf/config.php 第 22 行.
NOTIC: [8] Use of undefined constant TPSHOP_CACHE_TIME - assumed 'TPSHOP_CACHE_TIME' /data/www/pc.zhongguoshebaodaili.cn/wwwroot/Application/Home/Conf/config.php 第 23 行.
NOTIC: [8] Use of undefined constant TPSHOP_CACHE_TIME - assumed 'TPSHOP_CACHE_TIME' /data/www/pc.zhongguoshebaodaili.cn/wwwroot/Application/Home/Conf/config.php 第 24 行.
NOTIC: [8] Use of undefined constant TPSHOP_CACHE_TIME - assumed 'TPSHOP_CACHE_TIME' /data/www/pc.zhongguoshebaodaili.cn/wwwroot/Application/Home/Conf/config.php 第 26 行.
INFO: [ app_begin ] --START--
INFO: Run Behavior\ReadHtmlCacheBehavior [ RunTime:0.000043s ]
INFO: [ app_begin ] --END-- [ RunTime:0.000072s ]
NOTIC: [8] Use of undefined constant TPSHOP_CACHE_TIME - assumed 'TPSHOP_CACHE_TIME' /data/www/pc.zhongguoshebaodaili.cn/wwwroot/Application/Home/Controller/BaseController.class.php 第 39 行.
NOTIC: [8] Undefined variable: arr /data/www/pc.zhongguoshebaodaili.cn/wwwroot/Application/Common/Common/common.php 第 2333 行.
NOTIC: [2] Invalid argument supplied for foreach() /data/www/pc.zhongguoshebaodaili.cn/wwwroot/Application/Common/Common/common.php 第 2333 行.
NOTIC: [8] Undefined variable: tree /data/www/pc.zhongguoshebaodaili.cn/wwwroot/Application/Common/Common/common.php 第 2339 行.
NOTIC: [2] Invalid argument supplied for foreach() /data/www/pc.zhongguoshebaodaili.cn/wwwroot/Application/Common/Common/common.php 第 2339 行.
NOTIC: [8] Use of undefined constant TPSHOP_CACHE_TIME - assumed 'TPSHOP_CACHE_TIME' /data/www/pc.zhongguoshebaodaili.cn/wwwroot/Application/Home/Controller/BaseController.class.php 第 50 行.
NOTIC: [8] Undefined index: account_name /data/www/pc.zhongguoshebaodaili.cn/wwwroot/Application/Home/Controller/CheckloginController.class.php 第 39 行.
NOTIC: [8] Undefined index: user_type /data/www/pc.zhongguoshebaodaili.cn/wwwroot/Application/Home/Controller/CheckloginController.class.php 第 62 行.
INFO: [ view_begin ] --START--
INFO: Run Home\Behaviors\testBehavior [ RunTime:0.000061s ]
INFO: [ view_begin ] --END-- [ RunTime:0.000091s ]
INFO: [ view_parse ] --START--
INFO: [ template_filter ] --START--
INFO: Run Behavior\ContentReplaceBehavior [ RunTime:0.000089s ]
INFO: [ template_filter ] --END-- [ RunTime:0.000125s ]
INFO: Run Behavior\ParseTemplateBehavior [ RunTime:0.007163s ]
INFO: [ view_parse ] --END-- [ RunTime:0.007195s ]
INFO: [ view_filter ] --START--
INFO: Run Behavior\WriteHtmlCacheBehavior [ RunTime:0.000056s ]
INFO: Run Behavior\TokenBuildBehavior [ RunTime:0.000134s ]
INFO: [ view_filter ] --END-- [ RunTime:0.000235s ]
INFO: [ app_end ] --START--
INFO: Run Behavior\ShowPageTraceBehavior [ RunTime:0.000032s ]
INFO: [ app_end ] --END-- [ RunTime:0.000061s ]

[ 2018-02-28T12:30:41+08:00 ] 203.86.80.10 /index.php/Home/Checklogin/verify.html
INFO: [ app_init ] --START--
INFO: Run Behavior\BuildLiteBehavior [ RunTime:0.000011s ]
INFO: [ app_init ] --END-- [ RunTime:0.000070s ]
NOTIC: [8] Use of undefined constant TPSHOP_CACHE_TIME - assumed 'TPSHOP_CACHE_TIME' /data/www/pc.zhongguoshebaodaili.cn/wwwroot/Application/Home/Conf/config.php 第 18 行.
NOTIC: [8] Use of undefined constant TPSHOP_CACHE_TIME - assumed 'TPSHOP_CACHE_TIME' /data/www/pc.zhongguoshebaodaili.cn/wwwroot/Application/Home/Conf/config.php 第 22 行.
NOTIC: [8] Use of undefined constant TPSHOP_CACHE_TIME - assumed 'TPSHOP_CACHE_TIME' /data/www/pc.zhongguoshebaodaili.cn/wwwroot/Application/Home/Conf/config.php 第 23 行.
NOTIC: [8] Use of undefined constant TPSHOP_CACHE_TIME - assumed 'TPSHOP_CACHE_TIME' /data/www/pc.zhongguoshebaodaili.cn/wwwroot/Application/Home/Conf/config.php 第 24 行.
NOTIC: [8] Use of undefined constant TPSHOP_CACHE_TIME - assumed 'TPSHOP_CACHE_TIME' /data/www/pc.zhongguoshebaodaili.cn/wwwroot/Application/Home/Conf/config.php 第 26 行.
INFO: [ app_begin ] --START--
INFO: Run Behavior\ReadHtmlCacheBehavior [ RunTime:0.000043s ]
INFO: [ app_begin ] --END-- [ RunTime:0.000089s ]
NOTIC: [8] Use of undefined constant TPSHOP_CACHE_TIME - assumed 'TPSHOP_CACHE_TIME' /data/www/pc.zhongguoshebaodaili.cn/wwwroot/Application/Home/Controller/BaseController.class.php 第 39 行.
NOTIC: [8] Undefined variable: arr /data/www/pc.zhongguoshebaodaili.cn/wwwroot/Application/Common/Common/common.php 第 2333 行.
NOTIC: [2] Invalid argument supplied for foreach() /data/www/pc.zhongguoshebaodaili.cn/wwwroot/Application/Common/Common/common.php 第 2333 行.
NOTIC: [8] Undefined variable: tree /data/www/pc.zhongguoshebaodaili.cn/wwwroot/Application/Common/Common/common.php 第 2339 行.
NOTIC: [2] Invalid argument supplied for foreach() /data/www/pc.zhongguoshebaodaili.cn/wwwroot/Application/Common/Common/common.php 第 2339 行.
NOTIC: [8] Use of undefined constant TPSHOP_CACHE_TIME - assumed 'TPSHOP_CACHE_TIME' /data/www/pc.zhongguoshebaodaili.cn/wwwroot/Application/Home/Controller/BaseController.class.php 第 50 行.
NOTIC: [8] Undefined index: account_name /data/www/pc.zhongguoshebaodaili.cn/wwwroot/Application/Home/Controller/CheckloginController.class.php 第 39 行.
NOTIC: [8] Undefined index: user_type /data/www/pc.zhongguoshebaodaili.cn/wwwroot/Application/Home/Controller/CheckloginController.class.php 第 62 行.
INFO: [ app_end ] --START--
INFO: Run Behavior\ShowPageTraceBehavior [ RunTime:0.000032s ]
INFO: [ app_end ] --END-- [ RunTime:0.000065s ]

[ 2018-02-28T12:36:09+08:00 ] 106.38.0.71 /index.php/Home/Checklogin/login.html
INFO: [ app_init ] --START--
INFO: Run Behavior\BuildLiteBehavior [ RunTime:0.000012s ]
INFO: [ app_init ] --END-- [ RunTime:0.000099s ]
NOTIC: [8] Use of undefined constant TPSHOP_CACHE_TIME - assumed 'TPSHOP_CACHE_TIME' /data/www/pc.zhongguoshebaodaili.cn/wwwroot/Application/Home/Conf/config.php 第 18 行.
NOTIC: [8] Use of undefined constant TPSHOP_CACHE_TIME - assumed 'TPSHOP_CACHE_TIME' /data/www/pc.zhongguoshebaodaili.cn/wwwroot/Application/Home/Conf/config.php 第 22 行.
NOTIC: [8] Use of undefined constant TPSHOP_CACHE_TIME - assumed 'TPSHOP_CACHE_TIME' /data/www/pc.zhongguoshebaodaili.cn/wwwroot/Application/Home/Conf/config.php 第 23 行.
NOTIC: [8] Use of undefined constant TPSHOP_CACHE_TIME - assumed 'TPSHOP_CACHE_TIME' /data/www/pc.zhongguoshebaodaili.cn/wwwroot/Application/Home/Conf/config.php 第 24 行.
NOTIC: [8] Use of undefined constant TPSHOP_CACHE_TIME - assumed 'TPSHOP_CACHE_TIME' /data/www/pc.zhongguoshebaodaili.cn/wwwroot/Application/Home/Conf/config.php 第 26 行.
INFO: [ app_begin ] --START--
INFO: Run Behavior\ReadHtmlCacheBehavior [ RunTime:0.000042s ]
INFO: [ app_begin ] --END-- [ RunTime:0.000071s ]
NOTIC: [8] Use of undefined constant TPSHOP_CACHE_TIME - assumed 'TPSHOP_CACHE_TIME' /data/www/pc.zhongguoshebaodaili.cn/wwwroot/Application/Home/Controller/BaseController.class.php 第 39 行.
NOTIC: [8] Undefined variable: arr /data/www/pc.zhongguoshebaodaili.cn/wwwroot/Application/Common/Common/common.php 第 2333 行.
NOTIC: [2] Invalid argument supplied for foreach() /data/www/pc.zhongguoshebaodaili.cn/wwwroot/Application/Common/Common/common.php 第 2333 行.
NOTIC: [8] Undefined variable: tree /data/www/pc.zhongguoshebaodaili.cn/wwwroot/Application/Common/Common/common.php 第 2339 行.
NOTIC: [2] Invalid argument supplied for foreach() /data/www/pc.zhongguoshebaodaili.cn/wwwroot/Application/Common/Common/common.php 第 2339 行.
NOTIC: [8] Use of undefined constant TPSHOP_CACHE_TIME - assumed 'TPSHOP_CACHE_TIME' /data/www/pc.zhongguoshebaodaili.cn/wwwroot/Application/Home/Controller/BaseController.class.php 第 50 行.
NOTIC: [8] Undefined index: account_name /data/www/pc.zhongguoshebaodaili.cn/wwwroot/Application/Home/Controller/CheckloginController.class.php 第 39 行.
NOTIC: [8] Undefined index: user_type /data/www/pc.zhongguoshebaodaili.cn/wwwroot/Application/Home/Controller/CheckloginController.class.php 第 62 行.
INFO: [ view_begin ] --START--
INFO: Run Home\Behaviors\testBehavior [ RunTime:0.000065s ]
INFO: [ view_begin ] --END-- [ RunTime:0.000096s ]
INFO: [ view_parse ] --START--
INFO: [ template_filter ] --START--
INFO: Run Behavior\ContentReplaceBehavior [ RunTime:0.000080s ]
INFO: [ template_filter ] --END-- [ RunTime:0.000115s ]
INFO: Run Behavior\ParseTemplateBehavior [ RunTime:0.006350s ]
INFO: [ view_parse ] --END-- [ RunTime:0.006383s ]
INFO: [ view_filter ] --START--
INFO: Run Behavior\WriteHtmlCacheBehavior [ RunTime:0.000037s ]
INFO: Run Behavior\TokenBuildBehavior [ RunTime:0.000115s ]
INFO: [ view_filter ] --END-- [ RunTime:0.000189s ]
INFO: [ app_end ] --START--
INFO: Run Behavior\ShowPageTraceBehavior [ RunTime:0.000032s ]
INFO: [ app_end ] --END-- [ RunTime:0.000055s ]

[ 2018-02-28T12:36:10+08:00 ] 106.38.0.71 /index.php/Home/Checklogin/verify.html
INFO: [ app_init ] --START--
INFO: Run Behavior\BuildLiteBehavior [ RunTime:0.000009s ]
INFO: [ app_init ] --END-- [ RunTime:0.000063s ]
NOTIC: [8] Use of undefined constant TPSHOP_CACHE_TIME - assumed 'TPSHOP_CACHE_TIME' /data/www/pc.zhongguoshebaodaili.cn/wwwroot/Application/Home/Conf/config.php 第 18 行.
NOTIC: [8] Use of undefined constant TPSHOP_CACHE_TIME - assumed 'TPSHOP_CACHE_TIME' /data/www/pc.zhongguoshebaodaili.cn/wwwroot/Application/Home/Conf/config.php 第 22 行.
NOTIC: [8] Use of undefined constant TPSHOP_CACHE_TIME - assumed 'TPSHOP_CACHE_TIME' /data/www/pc.zhongguoshebaodaili.cn/wwwroot/Application/Home/Conf/config.php 第 23 行.
NOTIC: [8] Use of undefined constant TPSHOP_CACHE_TIME - assumed 'TPSHOP_CACHE_TIME' /data/www/pc.zhongguoshebaodaili.cn/wwwroot/Application/Home/Conf/config.php 第 24 行.
NOTIC: [8] Use of undefined constant TPSHOP_CACHE_TIME - assumed 'TPSHOP_CACHE_TIME' /data/www/pc.zhongguoshebaodaili.cn/wwwroot/Application/Home/Conf/config.php 第 26 行.
INFO: [ app_begin ] --START--
INFO: Run Behavior\ReadHtmlCacheBehavior [ RunTime:0.000075s ]
INFO: [ app_begin ] --END-- [ RunTime:0.000104s ]
NOTIC: [8] Use of undefined constant TPSHOP_CACHE_TIME - assumed 'TPSHOP_CACHE_TIME' /data/www/pc.zhongguoshebaodaili.cn/wwwroot/Application/Home/Controller/BaseController.class.php 第 39 行.
NOTIC: [8] Undefined variable: arr /data/www/pc.zhongguoshebaodaili.cn/wwwroot/Application/Common/Common/common.php 第 2333 行.
NOTIC: [2] Invalid argument supplied for foreach() /data/www/pc.zhongguoshebaodaili.cn/wwwroot/Application/Common/Common/common.php 第 2333 行.
NOTIC: [8] Undefined variable: tree /data/www/pc.zhongguoshebaodaili.cn/wwwroot/Application/Common/Common/common.php 第 2339 行.
NOTIC: [2] Invalid argument supplied for foreach() /data/www/pc.zhongguoshebaodaili.cn/wwwroot/Application/Common/Common/common.php 第 2339 行.
NOTIC: [8] Use of undefined constant TPSHOP_CACHE_TIME - assumed 'TPSHOP_CACHE_TIME' /data/www/pc.zhongguoshebaodaili.cn/wwwroot/Application/Home/Controller/BaseController.class.php 第 50 行.
NOTIC: [8] Undefined index: account_name /data/www/pc.zhongguoshebaodaili.cn/wwwroot/Application/Home/Controller/CheckloginController.class.php 第 39 行.
NOTIC: [8] Undefined index: user_type /data/www/pc.zhongguoshebaodaili.cn/wwwroot/Application/Home/Controller/CheckloginController.class.php 第 62 行.
INFO: [ app_end ] --START--
INFO: Run Behavior\ShowPageTraceBehavior [ RunTime:0.000030s ]
INFO: [ app_end ] --END-- [ RunTime:0.000063s ]

[ 2018-02-28T12:36:37+08:00 ] 106.38.0.71 /index.php/Home/Order/index.html
INFO: [ app_init ] --START--
INFO: Run Behavior\BuildLiteBehavior [ RunTime:0.000009s ]
INFO: [ app_init ] --END-- [ RunTime:0.000070s ]
NOTIC: [8] Use of undefined constant TPSHOP_CACHE_TIME - assumed 'TPSHOP_CACHE_TIME' /data/www/pc.zhongguoshebaodaili.cn/wwwroot/Application/Home/Conf/config.php 第 18 行.
NOTIC: [8] Use of undefined constant TPSHOP_CACHE_TIME - assumed 'TPSHOP_CACHE_TIME' /data/www/pc.zhongguoshebaodaili.cn/wwwroot/Application/Home/Conf/config.php 第 22 行.
NOTIC: [8] Use of undefined constant TPSHOP_CACHE_TIME - assumed 'TPSHOP_CACHE_TIME' /data/www/pc.zhongguoshebaodaili.cn/wwwroot/Application/Home/Conf/config.php 第 23 行.
NOTIC: [8] Use of undefined constant TPSHOP_CACHE_TIME - assumed 'TPSHOP_CACHE_TIME' /data/www/pc.zhongguoshebaodaili.cn/wwwroot/Application/Home/Conf/config.php 第 24 行.
NOTIC: [8] Use of undefined constant TPSHOP_CACHE_TIME - assumed 'TPSHOP_CACHE_TIME' /data/www/pc.zhongguoshebaodaili.cn/wwwroot/Application/Home/Conf/config.php 第 26 行.
INFO: [ app_begin ] --START--
INFO: Run Behavior\ReadHtmlCacheBehavior [ RunTime:0.000041s ]
INFO: [ app_begin ] --END-- [ RunTime:0.000067s ]
NOTIC: [8] Use of undefined constant TPSHOP_CACHE_TIME - assumed 'TPSHOP_CACHE_TIME' /data/www/pc.zhongguoshebaodaili.cn/wwwroot/Application/Home/Controller/BaseController.class.php 第 39 行.
NOTIC: [8] Undefined variable: arr /data/www/pc.zhongguoshebaodaili.cn/wwwroot/Application/Common/Common/common.php 第 2333 行.
NOTIC: [2] Invalid argument supplied for foreach() /data/www/pc.zhongguoshebaodaili.cn/wwwroot/Application/Common/Common/common.php 第 2333 行.
NOTIC: [8] Undefined variable: tree /data/www/pc.zhongguoshebaodaili.cn/wwwroot/Application/Common/Common/common.php 第 2339 行.
NOTIC: [2] Invalid argument supplied for foreach() /data/www/pc.zhongguoshebaodaili.cn/wwwroot/Application/Common/Common/common.php 第 2339 行.
NOTIC: [8] Use of undefined constant TPSHOP_CACHE_TIME - assumed 'TPSHOP_CACHE_TIME' /data/www/pc.zhongguoshebaodaili.cn/wwwroot/Application/Home/Controller/BaseController.class.php 第 50 行.
INFO: [ view_begin ] --START--
INFO: Run Home\Behaviors\testBehavior [ RunTime:0.000056s ]
INFO: [ view_begin ] --END-- [ RunTime:0.000084s ]
INFO: [ view_parse ] --START--
INFO: [ template_filter ] --START--
INFO: Run Behavior\ContentReplaceBehavior [ RunTime:0.000029s ]
INFO: [ template_filter ] --END-- [ RunTime:0.000057s ]
INFO: Run Behavior\ParseTemplateBehavior [ RunTime:0.001409s ]
INFO: [ view_parse ] --END-- [ RunTime:0.001437s ]
INFO: [ view_filter ] --START--
INFO: Run Behavior\WriteHtmlCacheBehavior [ RunTime:0.000032s ]
INFO: Run Behavior\TokenBuildBehavior [ RunTime:0.000052s ]
INFO: [ view_filter ] --END-- [ RunTime:0.000118s ]

[ 2018-02-28T12:36:38+08:00 ] 106.38.0.71 /index.php/Home/Checklogin/login.html
INFO: [ app_init ] --START--
INFO: Run Behavior\BuildLiteBehavior [ RunTime:0.000009s ]
INFO: [ app_init ] --END-- [ RunTime:0.000063s ]
NOTIC: [8] Use of undefined constant TPSHOP_CACHE_TIME - assumed 'TPSHOP_CACHE_TIME' /data/www/pc.zhongguoshebaodaili.cn/wwwroot/Application/Home/Conf/config.php 第 18 行.
NOTIC: [8] Use of undefined constant TPSHOP_CACHE_TIME - assumed 'TPSHOP_CACHE_TIME' /data/www/pc.zhongguoshebaodaili.cn/wwwroot/Application/Home/Conf/config.php 第 22 行.
NOTIC: [8] Use of undefined constant TPSHOP_CACHE_TIME - assumed 'TPSHOP_CACHE_TIME' /data/www/pc.zhongguoshebaodaili.cn/wwwroot/Application/Home/Conf/config.php 第 23 行.
NOTIC: [8] Use of undefined constant TPSHOP_CACHE_TIME - assumed 'TPSHOP_CACHE_TIME' /data/www/pc.zhongguoshebaodaili.cn/wwwroot/Application/Home/Conf/config.php 第 24 行.
NOTIC: [8] Use of undefined constant TPSHOP_CACHE_TIME - assumed 'TPSHOP_CACHE_TIME' /data/www/pc.zhongguoshebaodaili.cn/wwwroot/Application/Home/Conf/config.php 第 26 行.
INFO: [ app_begin ] --START--
INFO: Run Behavior\ReadHtmlCacheBehavior [ RunTime:0.000036s ]
INFO: [ app_begin ] --END-- [ RunTime:0.000064s ]
NOTIC: [8] Use of undefined constant TPSHOP_CACHE_TIME - assumed 'TPSHOP_CACHE_TIME' /data/www/pc.zhongguoshebaodaili.cn/wwwroot/Application/Home/Controller/BaseController.class.php 第 39 行.
NOTIC: [8] Undefined variable: arr /data/www/pc.zhongguoshebaodaili.cn/wwwroot/Application/Common/Common/common.php 第 2333 行.
NOTIC: [2] Invalid argument supplied for foreach() /data/www/pc.zhongguoshebaodaili.cn/wwwroot/Application/Common/Common/common.php 第 2333 行.
NOTIC: [8] Undefined variable: tree /data/www/pc.zhongguoshebaodaili.cn/wwwroot/Application/Common/Common/common.php 第 2339 行.
NOTIC: [2] Invalid argument supplied for foreach() /data/www/pc.zhongguoshebaodaili.cn/wwwroot/Application/Common/Common/common.php 第 2339 行.
NOTIC: [8] Use of undefined constant TPSHOP_CACHE_TIME - assumed 'TPSHOP_CACHE_TIME' /data/www/pc.zhongguoshebaodaili.cn/wwwroot/Application/Home/Controller/BaseController.class.php 第 50 行.
NOTIC: [8] Undefined index: account_name /data/www/pc.zhongguoshebaodaili.cn/wwwroot/Application/Home/Controller/CheckloginController.class.php 第 39 行.
NOTIC: [8] Undefined index: user_type /data/www/pc.zhongguoshebaodaili.cn/wwwroot/Application/Home/Controller/CheckloginController.class.php 第 62 行.
INFO: [ view_begin ] --START--
INFO: Run Home\Behaviors\testBehavior [ RunTime:0.000069s ]
INFO: [ view_begin ] --END-- [ RunTime:0.000100s ]
INFO: [ view_parse ] --START--
INFO: [ template_filter ] --START--
INFO: Run Behavior\ContentReplaceBehavior [ RunTime:0.000081s ]
INFO: [ template_filter ] --END-- [ RunTime:0.000116s ]
INFO: Run Behavior\ParseTemplateBehavior [ RunTime:0.006239s ]
INFO: [ view_parse ] --END-- [ RunTime:0.006272s ]
INFO: [ view_filter ] --START--
INFO: Run Behavior\WriteHtmlCacheBehavior [ RunTime:0.000031s ]
INFO: Run Behavior\TokenBuildBehavior [ RunTime:0.000101s ]
INFO: [ view_filter ] --END-- [ RunTime:0.000167s ]
INFO: [ app_end ] --START--
INFO: Run Behavior\ShowPageTraceBehavior [ RunTime:0.000032s ]
INFO: [ app_end ] --END-- [ RunTime:0.000055s ]

[ 2018-02-28T12:36:39+08:00 ] 106.38.0.71 /index.php/Home/Checklogin/verify.html
INFO: [ app_init ] --START--
INFO: Run Behavior\BuildLiteBehavior [ RunTime:0.000009s ]
INFO: [ app_init ] --END-- [ RunTime:0.000059s ]
NOTIC: [8] Use of undefined constant TPSHOP_CACHE_TIME - assumed 'TPSHOP_CACHE_TIME' /data/www/pc.zhongguoshebaodaili.cn/wwwroot/Application/Home/Conf/config.php 第 18 行.
NOTIC: [8] Use of undefined constant TPSHOP_CACHE_TIME - assumed 'TPSHOP_CACHE_TIME' /data/www/pc.zhongguoshebaodaili.cn/wwwroot/Application/Home/Conf/config.php 第 22 行.
NOTIC: [8] Use of undefined constant TPSHOP_CACHE_TIME - assumed 'TPSHOP_CACHE_TIME' /data/www/pc.zhongguoshebaodaili.cn/wwwroot/Application/Home/Conf/config.php 第 23 行.
NOTIC: [8] Use of undefined constant TPSHOP_CACHE_TIME - assumed 'TPSHOP_CACHE_TIME' /data/www/pc.zhongguoshebaodaili.cn/wwwroot/Application/Home/Conf/config.php 第 24 行.
NOTIC: [8] Use of undefined constant TPSHOP_CACHE_TIME - assumed 'TPSHOP_CACHE_TIME' /data/www/pc.zhongguoshebaodaili.cn/wwwroot/Application/Home/Conf/config.php 第 26 行.
INFO: [ app_begin ] --START--
INFO: Run Behavior\ReadHtmlCacheBehavior [ RunTime:0.000041s ]
INFO: [ app_begin ] --END-- [ RunTime:0.000073s ]
NOTIC: [8] Use of undefined constant TPSHOP_CACHE_TIME - assumed 'TPSHOP_CACHE_TIME' /data/www/pc.zhongguoshebaodaili.cn/wwwroot/Application/Home/Controller/BaseController.class.php 第 39 行.
NOTIC: [8] Undefined variable: arr /data/www/pc.zhongguoshebaodaili.cn/wwwroot/Application/Common/Common/common.php 第 2333 行.
NOTIC: [2] Invalid argument supplied for foreach() /data/www/pc.zhongguoshebaodaili.cn/wwwroot/Application/Common/Common/common.php 第 2333 行.
NOTIC: [8] Undefined variable: tree /data/www/pc.zhongguoshebaodaili.cn/wwwroot/Application/Common/Common/common.php 第 2339 行.
NOTIC: [2] Invalid argument supplied for foreach() /data/www/pc.zhongguoshebaodaili.cn/wwwroot/Application/Common/Common/common.php 第 2339 行.
NOTIC: [8] Use of undefined constant TPSHOP_CACHE_TIME - assumed 'TPSHOP_CACHE_TIME' /data/www/pc.zhongguoshebaodaili.cn/wwwroot/Application/Home/Controller/BaseController.class.php 第 50 行.
NOTIC: [8] Undefined index: account_name /data/www/pc.zhongguoshebaodaili.cn/wwwroot/Application/Home/Controller/CheckloginController.class.php 第 39 行.
NOTIC: [8] Undefined index: user_type /data/www/pc.zhongguoshebaodaili.cn/wwwroot/Application/Home/Controller/CheckloginController.class.php 第 62 行.
INFO: [ app_end ] --START--
INFO: Run Behavior\ShowPageTraceBehavior [ RunTime:0.000045s ]
INFO: [ app_end ] --END-- [ RunTime:0.000093s ]

[ 2018-02-28T12:36:42+08:00 ] 106.38.0.71 /index.php/Home/Checklogin/search.html
INFO: [ app_init ] --START--
INFO: Run Behavior\BuildLiteBehavior [ RunTime:0.000010s ]
INFO: [ app_init ] --END-- [ RunTime:0.000072s ]
NOTIC: [8] Use of undefined constant TPSHOP_CACHE_TIME - assumed 'TPSHOP_CACHE_TIME' /data/www/pc.zhongguoshebaodaili.cn/wwwroot/Application/Home/Conf/config.php 第 18 行.
NOTIC: [8] Use of undefined constant TPSHOP_CACHE_TIME - assumed 'TPSHOP_CACHE_TIME' /data/www/pc.zhongguoshebaodaili.cn/wwwroot/Application/Home/Conf/config.php 第 22 行.
NOTIC: [8] Use of undefined constant TPSHOP_CACHE_TIME - assumed 'TPSHOP_CACHE_TIME' /data/www/pc.zhongguoshebaodaili.cn/wwwroot/Application/Home/Conf/config.php 第 23 行.
NOTIC: [8] Use of undefined constant TPSHOP_CACHE_TIME - assumed 'TPSHOP_CACHE_TIME' /data/www/pc.zhongguoshebaodaili.cn/wwwroot/Application/Home/Conf/config.php 第 24 行.
NOTIC: [8] Use of undefined constant TPSHOP_CACHE_TIME - assumed 'TPSHOP_CACHE_TIME' /data/www/pc.zhongguoshebaodaili.cn/wwwroot/Application/Home/Conf/config.php 第 26 行.
INFO: [ app_begin ] --START--
INFO: Run Behavior\ReadHtmlCacheBehavior [ RunTime:0.000040s ]
INFO: [ app_begin ] --END-- [ RunTime:0.000067s ]
NOTIC: [8] Use of undefined constant TPSHOP_CACHE_TIME - assumed 'TPSHOP_CACHE_TIME' /data/www/pc.zhongguoshebaodaili.cn/wwwroot/Application/Home/Controller/BaseController.class.php 第 39 行.
NOTIC: [8] Undefined variable: arr /data/www/pc.zhongguoshebaodaili.cn/wwwroot/Application/Common/Common/common.php 第 2333 行.
NOTIC: [2] Invalid argument supplied for foreach() /data/www/pc.zhongguoshebaodaili.cn/wwwroot/Application/Common/Common/common.php 第 2333 行.
NOTIC: [8] Undefined variable: tree /data/www/pc.zhongguoshebaodaili.cn/wwwroot/Application/Common/Common/common.php 第 2339 行.
NOTIC: [2] Invalid argument supplied for foreach() /data/www/pc.zhongguoshebaodaili.cn/wwwroot/Application/Common/Common/common.php 第 2339 行.
NOTIC: [8] Use of undefined constant TPSHOP_CACHE_TIME - assumed 'TPSHOP_CACHE_TIME' /data/www/pc.zhongguoshebaodaili.cn/wwwroot/Application/Home/Controller/BaseController.class.php 第 50 行.
NOTIC: [8] Undefined index: account_name /data/www/pc.zhongguoshebaodaili.cn/wwwroot/Application/Home/Controller/CheckloginController.class.php 第 39 行.
NOTIC: [8] Undefined index: user_type /data/www/pc.zhongguoshebaodaili.cn/wwwroot/Application/Home/Controller/CheckloginController.class.php 第 62 行.
INFO: [ view_begin ] --START--
INFO: Run Home\Behaviors\testBehavior [ RunTime:0.000105s ]
INFO: [ view_begin ] --END-- [ RunTime:0.000154s ]
INFO: [ view_parse ] --START--
INFO: [ template_filter ] --START--
INFO: Run Behavior\ContentReplaceBehavior [ RunTime:0.000087s ]
INFO: [ template_filter ] --END-- [ RunTime:0.000123s ]
INFO: Run Behavior\ParseTemplateBehavior [ RunTime:0.008555s ]
INFO: [ view_parse ] --END-- [ RunTime:0.008601s ]
INFO: [ view_filter ] --START--
INFO: Run Behavior\WriteHtmlCacheBehavior [ RunTime:0.000042s ]
INFO: Run Behavior\TokenBuildBehavior [ RunTime:0.000141s ]
INFO: [ view_filter ] --END-- [ RunTime:0.000224s ]
INFO: [ app_end ] --START--
INFO: Run Behavior\ShowPageTraceBehavior [ RunTime:0.000032s ]
INFO: [ app_end ] --END-- [ RunTime:0.000060s ]

[ 2018-02-28T12:36:46+08:00 ] 106.38.0.71 /index.php?m=Home&c=Api&a=getHasRegion&flag=1&level=2&parent_id=1
INFO: [ app_init ] --START--
INFO: Run Behavior\BuildLiteBehavior [ RunTime:0.000010s ]
INFO: [ app_init ] --END-- [ RunTime:0.000075s ]
NOTIC: [8] Use of undefined constant TPSHOP_CACHE_TIME - assumed 'TPSHOP_CACHE_TIME' /data/www/pc.zhongguoshebaodaili.cn/wwwroot/Application/Home/Conf/config.php 第 18 行.
NOTIC: [8] Use of undefined constant TPSHOP_CACHE_TIME - assumed 'TPSHOP_CACHE_TIME' /data/www/pc.zhongguoshebaodaili.cn/wwwroot/Application/Home/Conf/config.php 第 22 行.
NOTIC: [8] Use of undefined constant TPSHOP_CACHE_TIME - assumed 'TPSHOP_CACHE_TIME' /data/www/pc.zhongguoshebaodaili.cn/wwwroot/Application/Home/Conf/config.php 第 23 行.
NOTIC: [8] Use of undefined constant TPSHOP_CACHE_TIME - assumed 'TPSHOP_CACHE_TIME' /data/www/pc.zhongguoshebaodaili.cn/wwwroot/Application/Home/Conf/config.php 第 24 行.
NOTIC: [8] Use of undefined constant TPSHOP_CACHE_TIME - assumed 'TPSHOP_CACHE_TIME' /data/www/pc.zhongguoshebaodaili.cn/wwwroot/Application/Home/Conf/config.php 第 26 行.
INFO: [ app_begin ] --START--
INFO: Run Behavior\ReadHtmlCacheBehavior [ RunTime:0.000039s ]
INFO: [ app_begin ] --END-- [ RunTime:0.000062s ]
INFO: [ app_end ] --START--
INFO: Run Behavior\ShowPageTraceBehavior [ RunTime:0.000069s ]
INFO: [ app_end ] --END-- [ RunTime:0.000124s ]

[ 2018-02-28T12:48:10+08:00 ] 124.204.47.34 /index.php/Home/Checklogin/login.html
INFO: [ app_init ] --START--
INFO: Run Behavior\BuildLiteBehavior [ RunTime:0.000011s ]
INFO: [ app_init ] --END-- [ RunTime:0.000077s ]
NOTIC: [8] Use of undefined constant TPSHOP_CACHE_TIME - assumed 'TPSHOP_CACHE_TIME' /data/www/pc.zhongguoshebaodaili.cn/wwwroot/Application/Home/Conf/config.php 第 18 行.
NOTIC: [8] Use of undefined constant TPSHOP_CACHE_TIME - assumed 'TPSHOP_CACHE_TIME' /data/www/pc.zhongguoshebaodaili.cn/wwwroot/Application/Home/Conf/config.php 第 22 行.
NOTIC: [8] Use of undefined constant TPSHOP_CACHE_TIME - assumed 'TPSHOP_CACHE_TIME' /data/www/pc.zhongguoshebaodaili.cn/wwwroot/Application/Home/Conf/config.php 第 23 行.
NOTIC: [8] Use of undefined constant TPSHOP_CACHE_TIME - assumed 'TPSHOP_CACHE_TIME' /data/www/pc.zhongguoshebaodaili.cn/wwwroot/Application/Home/Conf/config.php 第 24 行.
NOTIC: [8] Use of undefined constant TPSHOP_CACHE_TIME - assumed 'TPSHOP_CACHE_TIME' /data/www/pc.zhongguoshebaodaili.cn/wwwroot/Application/Home/Conf/config.php 第 26 行.
INFO: [ app_begin ] --START--
INFO: Run Behavior\ReadHtmlCacheBehavior [ RunTime:0.000044s ]
INFO: [ app_begin ] --END-- [ RunTime:0.000075s ]
NOTIC: [8] Use of undefined constant TPSHOP_CACHE_TIME - assumed 'TPSHOP_CACHE_TIME' /data/www/pc.zhongguoshebaodaili.cn/wwwroot/Application/Home/Controller/BaseController.class.php 第 39 行.
NOTIC: [8] Undefined variable: arr /data/www/pc.zhongguoshebaodaili.cn/wwwroot/Application/Common/Common/common.php 第 2333 行.
NOTIC: [2] Invalid argument supplied for foreach() /data/www/pc.zhongguoshebaodaili.cn/wwwroot/Application/Common/Common/common.php 第 2333 行.
NOTIC: [8] Undefined variable: tree /data/www/pc.zhongguoshebaodaili.cn/wwwroot/Application/Common/Common/common.php 第 2339 行.
NOTIC: [2] Invalid argument supplied for foreach() /data/www/pc.zhongguoshebaodaili.cn/wwwroot/Application/Common/Common/common.php 第 2339 行.
NOTIC: [8] Use of undefined constant TPSHOP_CACHE_TIME - assumed 'TPSHOP_CACHE_TIME' /data/www/pc.zhongguoshebaodaili.cn/wwwroot/Application/Home/Controller/BaseController.class.php 第 50 行.
NOTIC: [8] Undefined index: account_name /data/www/pc.zhongguoshebaodaili.cn/wwwroot/Application/Home/Controller/CheckloginController.class.php 第 39 行.
NOTIC: [8] Undefined index: user_type /data/www/pc.zhongguoshebaodaili.cn/wwwroot/Application/Home/Controller/CheckloginController.class.php 第 62 行.
INFO: [ view_begin ] --START--
INFO: Run Home\Behaviors\testBehavior [ RunTime:0.000054s ]
INFO: [ view_begin ] --END-- [ RunTime:0.000104s ]
INFO: [ view_parse ] --START--
INFO: [ template_filter ] --START--
INFO: Run Behavior\ContentReplaceBehavior [ RunTime:0.000099s ]
INFO: [ template_filter ] --END-- [ RunTime:0.000135s ]
INFO: Run Behavior\ParseTemplateBehavior [ RunTime:0.006358s ]
INFO: [ view_parse ] --END-- [ RunTime:0.006387s ]
INFO: [ view_filter ] --START--
INFO: Run Behavior\WriteHtmlCacheBehavior [ RunTime:0.000036s ]
INFO: Run Behavior\TokenBuildBehavior [ RunTime:0.000110s ]
INFO: [ view_filter ] --END-- [ RunTime:0.000182s ]
INFO: [ app_end ] --START--
INFO: Run Behavior\ShowPageTraceBehavior [ RunTime:0.000030s ]
INFO: [ app_end ] --END-- [ RunTime:0.000054s ]

[ 2018-02-28T12:48:10+08:00 ] 124.204.47.34 /index.php/Home/Checklogin/verify.html
INFO: [ app_init ] --START--
INFO: Run Behavior\BuildLiteBehavior [ RunTime:0.000012s ]
INFO: [ app_init ] --END-- [ RunTime:0.000074s ]
NOTIC: [8] Use of undefined constant TPSHOP_CACHE_TIME - assumed 'TPSHOP_CACHE_TIME' /data/www/pc.zhongguoshebaodaili.cn/wwwroot/Application/Home/Conf/config.php 第 18 行.
NOTIC: [8] Use of undefined constant TPSHOP_CACHE_TIME - assumed 'TPSHOP_CACHE_TIME' /data/www/pc.zhongguoshebaodaili.cn/wwwroot/Application/Home/Conf/config.php 第 22 行.
NOTIC: [8] Use of undefined constant TPSHOP_CACHE_TIME - assumed 'TPSHOP_CACHE_TIME' /data/www/pc.zhongguoshebaodaili.cn/wwwroot/Application/Home/Conf/config.php 第 23 行.
NOTIC: [8] Use of undefined constant TPSHOP_CACHE_TIME - assumed 'TPSHOP_CACHE_TIME' /data/www/pc.zhongguoshebaodaili.cn/wwwroot/Application/Home/Conf/config.php 第 24 行.
NOTIC: [8] Use of undefined constant TPSHOP_CACHE_TIME - assumed 'TPSHOP_CACHE_TIME' /data/www/pc.zhongguoshebaodaili.cn/wwwroot/Application/Home/Conf/config.php 第 26 行.
INFO: [ app_begin ] --START--
INFO: Run Behavior\ReadHtmlCacheBehavior [ RunTime:0.000036s ]
INFO: [ app_begin ] --END-- [ RunTime:0.000063s ]
NOTIC: [8] Use of undefined constant TPSHOP_CACHE_TIME - assumed 'TPSHOP_CACHE_TIME' /data/www/pc.zhongguoshebaodaili.cn/wwwroot/Application/Home/Controller/BaseController.class.php 第 39 行.
NOTIC: [8] Undefined variable: arr /data/www/pc.zhongguoshebaodaili.cn/wwwroot/Application/Common/Common/common.php 第 2333 行.
NOTIC: [2] Invalid argument supplied for foreach() /data/www/pc.zhongguoshebaodaili.cn/wwwroot/Application/Common/Common/common.php 第 2333 行.
NOTIC: [8] Undefined variable: tree /data/www/pc.zhongguoshebaodaili.cn/wwwroot/Application/Common/Common/common.php 第 2339 行.
NOTIC: [2] Invalid argument supplied for foreach() /data/www/pc.zhongguoshebaodaili.cn/wwwroot/Application/Common/Common/common.php 第 2339 行.
NOTIC: [8] Use of undefined constant TPSHOP_CACHE_TIME - assumed 'TPSHOP_CACHE_TIME' /data/www/pc.zhongguoshebaodaili.cn/wwwroot/Application/Home/Controller/BaseController.class.php 第 50 行.
NOTIC: [8] Undefined index: account_name /data/www/pc.zhongguoshebaodaili.cn/wwwroot/Application/Home/Controller/CheckloginController.class.php 第 39 行.
NOTIC: [8] Undefined index: user_type /data/www/pc.zhongguoshebaodaili.cn/wwwroot/Application/Home/Controller/CheckloginController.class.php 第 62 行.
INFO: [ app_end ] --START--
INFO: Run Behavior\ShowPageTraceBehavior [ RunTime:0.000037s ]
INFO: [ app_end ] --END-- [ RunTime:0.000075s ]

[ 2018-02-28T14:06:04+08:00 ] 221.222.48.226 /index.php/Home/Mobile/shebao_bujiao.html
INFO: [ app_init ] --START--
INFO: Run Behavior\BuildLiteBehavior [ RunTime:0.000012s ]
INFO: [ app_init ] --END-- [ RunTime:0.000107s ]
NOTIC: [8] Use of undefined constant TPSHOP_CACHE_TIME - assumed 'TPSHOP_CACHE_TIME' /data/www/pc.zhongguoshebaodaili.cn/wwwroot/Application/Home/Conf/config.php 第 18 行.
NOTIC: [8] Use of undefined constant TPSHOP_CACHE_TIME - assumed 'TPSHOP_CACHE_TIME' /data/www/pc.zhongguoshebaodaili.cn/wwwroot/Application/Home/Conf/config.php 第 22 行.
NOTIC: [8] Use of undefined constant TPSHOP_CACHE_TIME - assumed 'TPSHOP_CACHE_TIME' /data/www/pc.zhongguoshebaodaili.cn/wwwroot/Application/Home/Conf/config.php 第 23 行.
NOTIC: [8] Use of undefined constant TPSHOP_CACHE_TIME - assumed 'TPSHOP_CACHE_TIME' /data/www/pc.zhongguoshebaodaili.cn/wwwroot/Application/Home/Conf/config.php 第 24 行.
NOTIC: [8] Use of undefined constant TPSHOP_CACHE_TIME - assumed 'TPSHOP_CACHE_TIME' /data/www/pc.zhongguoshebaodaili.cn/wwwroot/Application/Home/Conf/config.php 第 26 行.
INFO: [ app_begin ] --START--
INFO: Run Behavior\ReadHtmlCacheBehavior [ RunTime:0.000047s ]
INFO: [ app_begin ] --END-- [ RunTime:0.000078s ]
NOTIC: [8] Use of undefined constant TPSHOP_CACHE_TIME - assumed 'TPSHOP_CACHE_TIME' /data/www/pc.zhongguoshebaodaili.cn/wwwroot/Application/Home/Controller/BaseController.class.php 第 39 行.
NOTIC: [8] Undefined variable: arr /data/www/pc.zhongguoshebaodaili.cn/wwwroot/Application/Common/Common/common.php 第 2333 行.
NOTIC: [2] Invalid argument supplied for foreach() /data/www/pc.zhongguoshebaodaili.cn/wwwroot/Application/Common/Common/common.php 第 2333 行.
NOTIC: [8] Undefined variable: tree /data/www/pc.zhongguoshebaodaili.cn/wwwroot/Application/Common/Common/common.php 第 2339 行.
NOTIC: [2] Invalid argument supplied for foreach() /data/www/pc.zhongguoshebaodaili.cn/wwwroot/Application/Common/Common/common.php 第 2339 行.
NOTIC: [8] Use of undefined constant TPSHOP_CACHE_TIME - assumed 'TPSHOP_CACHE_TIME' /data/www/pc.zhongguoshebaodaili.cn/wwwroot/Application/Home/Controller/BaseController.class.php 第 50 行.
INFO: [ view_begin ] --START--
INFO: Run Home\Behaviors\testBehavior [ RunTime:0.000062s ]
INFO: [ view_begin ] --END-- [ RunTime:0.000095s ]
INFO: [ view_parse ] --START--
INFO: [ template_filter ] --START--
INFO: Run Behavior\ContentReplaceBehavior [ RunTime:0.000032s ]
INFO: [ template_filter ] --END-- [ RunTime:0.000083s ]
INFO: Run Behavior\ParseTemplateBehavior [ RunTime:0.001636s ]
INFO: [ view_parse ] --END-- [ RunTime:0.001670s ]
INFO: [ view_filter ] --START--
INFO: Run Behavior\WriteHtmlCacheBehavior [ RunTime:0.000037s ]
INFO: Run Behavior\TokenBuildBehavior [ RunTime:0.000057s ]
INFO: [ view_filter ] --END-- [ RunTime:0.000133s ]

[ 2018-02-28T14:06:05+08:00 ] 221.222.48.226 /index.php/Home/Mobile/login.html
INFO: [ app_init ] --START--
INFO: Run Behavior\BuildLiteBehavior [ RunTime:0.000011s ]
INFO: [ app_init ] --END-- [ RunTime:0.000095s ]
NOTIC: [8] Use of undefined constant TPSHOP_CACHE_TIME - assumed 'TPSHOP_CACHE_TIME' /data/www/pc.zhongguoshebaodaili.cn/wwwroot/Application/Home/Conf/config.php 第 18 行.
NOTIC: [8] Use of undefined constant TPSHOP_CACHE_TIME - assumed 'TPSHOP_CACHE_TIME' /data/www/pc.zhongguoshebaodaili.cn/wwwroot/Application/Home/Conf/config.php 第 22 行.
NOTIC: [8] Use of undefined constant TPSHOP_CACHE_TIME - assumed 'TPSHOP_CACHE_TIME' /data/www/pc.zhongguoshebaodaili.cn/wwwroot/Application/Home/Conf/config.php 第 23 行.
NOTIC: [8] Use of undefined constant TPSHOP_CACHE_TIME - assumed 'TPSHOP_CACHE_TIME' /data/www/pc.zhongguoshebaodaili.cn/wwwroot/Application/Home/Conf/config.php 第 24 行.
NOTIC: [8] Use of undefined constant TPSHOP_CACHE_TIME - assumed 'TPSHOP_CACHE_TIME' /data/www/pc.zhongguoshebaodaili.cn/wwwroot/Application/Home/Conf/config.php 第 26 行.
INFO: [ app_begin ] --START--
INFO: Run Behavior\ReadHtmlCacheBehavior [ RunTime:0.000083s ]
INFO: [ app_begin ] --END-- [ RunTime:0.000156s ]
NOTIC: [8] Use of undefined constant TPSHOP_CACHE_TIME - assumed 'TPSHOP_CACHE_TIME' /data/www/pc.zhongguoshebaodaili.cn/wwwroot/Application/Home/Controller/BaseController.class.php 第 39 行.
NOTIC: [8] Undefined variable: arr /data/www/pc.zhongguoshebaodaili.cn/wwwroot/Application/Common/Common/common.php 第 2333 行.
NOTIC: [2] Invalid argument supplied for foreach() /data/www/pc.zhongguoshebaodaili.cn/wwwroot/Application/Common/Common/common.php 第 2333 行.
NOTIC: [8] Undefined variable: tree /data/www/pc.zhongguoshebaodaili.cn/wwwroot/Application/Common/Common/common.php 第 2339 行.
NOTIC: [2] Invalid argument supplied for foreach() /data/www/pc.zhongguoshebaodaili.cn/wwwroot/Application/Common/Common/common.php 第 2339 行.
NOTIC: [8] Use of undefined constant TPSHOP_CACHE_TIME - assumed 'TPSHOP_CACHE_TIME' /data/www/pc.zhongguoshebaodaili.cn/wwwroot/Application/Home/Controller/BaseController.class.php 第 50 行.
NOTIC: [8] Undefined index: account_name /data/www/pc.zhongguoshebaodaili.cn/wwwroot/Application/Home/Controller/MobileController.class.php 第 38 行.
NOTIC: [8] Undefined index: user_type /data/www/pc.zhongguoshebaodaili.cn/wwwroot/Application/Home/Controller/MobileController.class.php 第 63 行.
INFO: [ view_begin ] --START--
INFO: Run Home\Behaviors\testBehavior [ RunTime:0.000046s ]
INFO: [ view_begin ] --END-- [ RunTime:0.000077s ]
INFO: [ view_parse ] --START--
INFO: [ template_filter ] --START--
INFO: Run Behavior\ContentReplaceBehavior [ RunTime:0.000048s ]
INFO: [ template_filter ] --END-- [ RunTime:0.000080s ]
INFO: Run Behavior\ParseTemplateBehavior [ RunTime:0.003526s ]
INFO: [ view_parse ] --END-- [ RunTime:0.003565s ]
INFO: [ view_filter ] --START--
INFO: Run Behavior\WriteHtmlCacheBehavior [ RunTime:0.000028s ]
INFO: Run Behavior\TokenBuildBehavior [ RunTime:0.000098s ]
INFO: [ view_filter ] --END-- [ RunTime:0.000160s ]
INFO: [ app_end ] --START--
INFO: Run Behavior\ShowPageTraceBehavior [ RunTime:0.000043s ]
INFO: [ app_end ] --END-- [ RunTime:0.000072s ]

[ 2018-02-28T14:06:05+08:00 ] 221.222.48.226 /index.php/Home/Checklogin/verify.html
INFO: [ app_init ] --START--
INFO: Run Behavior\BuildLiteBehavior [ RunTime:0.000010s ]
INFO: [ app_init ] --END-- [ RunTime:0.000066s ]
NOTIC: [8] Use of undefined constant TPSHOP_CACHE_TIME - assumed 'TPSHOP_CACHE_TIME' /data/www/pc.zhongguoshebaodaili.cn/wwwroot/Application/Home/Conf/config.php 第 18 行.
NOTIC: [8] Use of undefined constant TPSHOP_CACHE_TIME - assumed 'TPSHOP_CACHE_TIME' /data/www/pc.zhongguoshebaodaili.cn/wwwroot/Application/Home/Conf/config.php 第 22 行.
NOTIC: [8] Use of undefined constant TPSHOP_CACHE_TIME - assumed 'TPSHOP_CACHE_TIME' /data/www/pc.zhongguoshebaodaili.cn/wwwroot/Application/Home/Conf/config.php 第 23 行.
NOTIC: [8] Use of undefined constant TPSHOP_CACHE_TIME - assumed 'TPSHOP_CACHE_TIME' /data/www/pc.zhongguoshebaodaili.cn/wwwroot/Application/Home/Conf/config.php 第 24 行.
NOTIC: [8] Use of undefined constant TPSHOP_CACHE_TIME - assumed 'TPSHOP_CACHE_TIME' /data/www/pc.zhongguoshebaodaili.cn/wwwroot/Application/Home/Conf/config.php 第 26 行.
INFO: [ app_begin ] --START--
INFO: Run Behavior\ReadHtmlCacheBehavior [ RunTime:0.000036s ]
INFO: [ app_begin ] --END-- [ RunTime:0.000063s ]
NOTIC: [8] Use of undefined constant TPSHOP_CACHE_TIME - assumed 'TPSHOP_CACHE_TIME' /data/www/pc.zhongguoshebaodaili.cn/wwwroot/Application/Home/Controller/BaseController.class.php 第 39 行.
NOTIC: [8] Undefined variable: arr /data/www/pc.zhongguoshebaodaili.cn/wwwroot/Application/Common/Common/common.php 第 2333 行.
NOTIC: [2] Invalid argument supplied for foreach() /data/www/pc.zhongguoshebaodaili.cn/wwwroot/Application/Common/Common/common.php 第 2333 行.
NOTIC: [8] Undefined variable: tree /data/www/pc.zhongguoshebaodaili.cn/wwwroot/Application/Common/Common/common.php 第 2339 行.
NOTIC: [2] Invalid argument supplied for foreach() /data/www/pc.zhongguoshebaodaili.cn/wwwroot/Application/Common/Common/common.php 第 2339 行.
NOTIC: [8] Use of undefined constant TPSHOP_CACHE_TIME - assumed 'TPSHOP_CACHE_TIME' /data/www/pc.zhongguoshebaodaili.cn/wwwroot/Application/Home/Controller/BaseController.class.php 第 50 行.
NOTIC: [8] Undefined index: account_name /data/www/pc.zhongguoshebaodaili.cn/wwwroot/Application/Home/Controller/CheckloginController.class.php 第 39 行.
NOTIC: [8] Undefined index: user_type /data/www/pc.zhongguoshebaodaili.cn/wwwroot/Application/Home/Controller/CheckloginController.class.php 第 62 行.
INFO: [ app_end ] --START--
INFO: Run Behavior\ShowPageTraceBehavior [ RunTime:0.000030s ]
INFO: [ app_end ] --END-- [ RunTime:0.000063s ]

[ 2018-02-28T16:03:03+08:00 ] 115.183.88.126 /index.php/Home/Order/index.htmlhttps://sg.search.yahoo.com/?fr=spigot-yhp-ffmac&ilc=12&type=671737
INFO: [ app_init ] --START--
INFO: Run Behavior\BuildLiteBehavior [ RunTime:0.000010s ]
INFO: [ app_init ] --END-- [ RunTime:0.000094s ]
NOTIC: [8] Use of undefined constant TPSHOP_CACHE_TIME - assumed 'TPSHOP_CACHE_TIME' /data/www/pc.zhongguoshebaodaili.cn/wwwroot/Application/Home/Conf/config.php 第 18 行.
NOTIC: [8] Use of undefined constant TPSHOP_CACHE_TIME - assumed 'TPSHOP_CACHE_TIME' /data/www/pc.zhongguoshebaodaili.cn/wwwroot/Application/Home/Conf/config.php 第 22 行.
NOTIC: [8] Use of undefined constant TPSHOP_CACHE_TIME - assumed 'TPSHOP_CACHE_TIME' /data/www/pc.zhongguoshebaodaili.cn/wwwroot/Application/Home/Conf/config.php 第 23 行.
NOTIC: [8] Use of undefined constant TPSHOP_CACHE_TIME - assumed 'TPSHOP_CACHE_TIME' /data/www/pc.zhongguoshebaodaili.cn/wwwroot/Application/Home/Conf/config.php 第 24 行.
NOTIC: [8] Use of undefined constant TPSHOP_CACHE_TIME - assumed 'TPSHOP_CACHE_TIME' /data/www/pc.zhongguoshebaodaili.cn/wwwroot/Application/Home/Conf/config.php 第 26 行.
INFO: [ app_begin ] --START--
INFO: Run Behavior\ReadHtmlCacheBehavior [ RunTime:0.000041s ]
INFO: [ app_begin ] --END-- [ RunTime:0.000067s ]
NOTIC: [8] Use of undefined constant TPSHOP_CACHE_TIME - assumed 'TPSHOP_CACHE_TIME' /data/www/pc.zhongguoshebaodaili.cn/wwwroot/Application/Home/Controller/BaseController.class.php 第 39 行.
NOTIC: [8] Undefined variable: arr /data/www/pc.zhongguoshebaodaili.cn/wwwroot/Application/Common/Common/common.php 第 2333 行.
NOTIC: [2] Invalid argument supplied for foreach() /data/www/pc.zhongguoshebaodaili.cn/wwwroot/Application/Common/Common/common.php 第 2333 行.
NOTIC: [8] Undefined variable: tree /data/www/pc.zhongguoshebaodaili.cn/wwwroot/Application/Common/Common/common.php 第 2339 行.
NOTIC: [2] Invalid argument supplied for foreach() /data/www/pc.zhongguoshebaodaili.cn/wwwroot/Application/Common/Common/common.php 第 2339 行.
NOTIC: [8] Use of undefined constant TPSHOP_CACHE_TIME - assumed 'TPSHOP_CACHE_TIME' /data/www/pc.zhongguoshebaodaili.cn/wwwroot/Application/Home/Controller/BaseController.class.php 第 50 行.
INFO: [ view_begin ] --START--
INFO: Run Home\Behaviors\testBehavior [ RunTime:0.000060s ]
INFO: [ view_begin ] --END-- [ RunTime:0.000092s ]
INFO: [ view_parse ] --START--
INFO: [ template_filter ] --START--
INFO: Run Behavior\ContentReplaceBehavior [ RunTime:0.000031s ]
INFO: [ template_filter ] --END-- [ RunTime:0.000064s ]
INFO: Run Behavior\ParseTemplateBehavior [ RunTime:0.001600s ]
INFO: [ view_parse ] --END-- [ RunTime:0.001636s ]
INFO: [ view_filter ] --START--
INFO: Run Behavior\WriteHtmlCacheBehavior [ RunTime:0.000037s ]
INFO: Run Behavior\TokenBuildBehavior [ RunTime:0.000056s ]
INFO: [ view_filter ] --END-- [ RunTime:0.000132s ]

[ 2018-02-28T16:03:05+08:00 ] 115.183.88.126 /index.php/Home/Checklogin/login.html
INFO: [ app_init ] --START--
INFO: Run Behavior\BuildLiteBehavior [ RunTime:0.000011s ]
INFO: [ app_init ] --END-- [ RunTime:0.000068s ]
NOTIC: [8] Use of undefined constant TPSHOP_CACHE_TIME - assumed 'TPSHOP_CACHE_TIME' /data/www/pc.zhongguoshebaodaili.cn/wwwroot/Application/Home/Conf/config.php 第 18 行.
NOTIC: [8] Use of undefined constant TPSHOP_CACHE_TIME - assumed 'TPSHOP_CACHE_TIME' /data/www/pc.zhongguoshebaodaili.cn/wwwroot/Application/Home/Conf/config.php 第 22 行.
NOTIC: [8] Use of undefined constant TPSHOP_CACHE_TIME - assumed 'TPSHOP_CACHE_TIME' /data/www/pc.zhongguoshebaodaili.cn/wwwroot/Application/Home/Conf/config.php 第 23 行.
NOTIC: [8] Use of undefined constant TPSHOP_CACHE_TIME - assumed 'TPSHOP_CACHE_TIME' /data/www/pc.zhongguoshebaodaili.cn/wwwroot/Application/Home/Conf/config.php 第 24 行.
NOTIC: [8] Use of undefined constant TPSHOP_CACHE_TIME - assumed 'TPSHOP_CACHE_TIME' /data/www/pc.zhongguoshebaodaili.cn/wwwroot/Application/Home/Conf/config.php 第 26 行.
INFO: [ app_begin ] --START--
INFO: Run Behavior\ReadHtmlCacheBehavior [ RunTime:0.000034s ]
INFO: [ app_begin ] --END-- [ RunTime:0.000060s ]
NOTIC: [8] Use of undefined constant TPSHOP_CACHE_TIME - assumed 'TPSHOP_CACHE_TIME' /data/www/pc.zhongguoshebaodaili.cn/wwwroot/Application/Home/Controller/BaseController.class.php 第 39 行.
NOTIC: [8] Undefined variable: arr /data/www/pc.zhongguoshebaodaili.cn/wwwroot/Application/Common/Common/common.php 第 2333 行.
NOTIC: [2] Invalid argument supplied for foreach() /data/www/pc.zhongguoshebaodaili.cn/wwwroot/Application/Common/Common/common.php 第 2333 行.
NOTIC: [8] Undefined variable: tree /data/www/pc.zhongguoshebaodaili.cn/wwwroot/Application/Common/Common/common.php 第 2339 行.
NOTIC: [2] Invalid argument supplied for foreach() /data/www/pc.zhongguoshebaodaili.cn/wwwroot/Application/Common/Common/common.php 第 2339 行.
NOTIC: [8] Use of undefined constant TPSHOP_CACHE_TIME - assumed 'TPSHOP_CACHE_TIME' /data/www/pc.zhongguoshebaodaili.cn/wwwroot/Application/Home/Controller/BaseController.class.php 第 50 行.
NOTIC: [8] Undefined index: account_name /data/www/pc.zhongguoshebaodaili.cn/wwwroot/Application/Home/Controller/CheckloginController.class.php 第 39 行.
NOTIC: [8] Undefined index: user_type /data/www/pc.zhongguoshebaodaili.cn/wwwroot/Application/Home/Controller/CheckloginController.class.php 第 62 行.
INFO: [ view_begin ] --START--
INFO: Run Home\Behaviors\testBehavior [ RunTime:0.000044s ]
INFO: [ view_begin ] --END-- [ RunTime:0.000073s ]
INFO: [ view_parse ] --START--
INFO: [ template_filter ] --START--
INFO: Run Behavior\ContentReplaceBehavior [ RunTime:0.000088s ]
INFO: [ template_filter ] --END-- [ RunTime:0.000124s ]
INFO: Run Behavior\ParseTemplateBehavior [ RunTime:0.007113s ]
INFO: [ view_parse ] --END-- [ RunTime:0.007145s ]
INFO: [ view_filter ] --START--
INFO: Run Behavior\WriteHtmlCacheBehavior [ RunTime:0.000031s ]
INFO: Run Behavior\TokenBuildBehavior [ RunTime:0.000119s ]
INFO: [ view_filter ] --END-- [ RunTime:0.000189s ]
INFO: [ app_end ] --START--
INFO: Run Behavior\ShowPageTraceBehavior [ RunTime:0.000034s ]
INFO: [ app_end ] --END-- [ RunTime:0.000061s ]

[ 2018-02-28T16:03:06+08:00 ] 115.183.88.126 /index.php/Home/Checklogin/verify.html
INFO: [ app_init ] --START--
INFO: Run Behavior\BuildLiteBehavior [ RunTime:0.000011s ]
INFO: [ app_init ] --END-- [ RunTime:0.000072s ]
NOTIC: [8] Use of undefined constant TPSHOP_CACHE_TIME - assumed 'TPSHOP_CACHE_TIME' /data/www/pc.zhongguoshebaodaili.cn/wwwroot/Application/Home/Conf/config.php 第 18 行.
NOTIC: [8] Use of undefined constant TPSHOP_CACHE_TIME - assumed 'TPSHOP_CACHE_TIME' /data/www/pc.zhongguoshebaodaili.cn/wwwroot/Application/Home/Conf/config.php 第 22 行.
NOTIC: [8] Use of undefined constant TPSHOP_CACHE_TIME - assumed 'TPSHOP_CACHE_TIME' /data/www/pc.zhongguoshebaodaili.cn/wwwroot/Application/Home/Conf/config.php 第 23 行.
NOTIC: [8] Use of undefined constant TPSHOP_CACHE_TIME - assumed 'TPSHOP_CACHE_TIME' /data/www/pc.zhongguoshebaodaili.cn/wwwroot/Application/Home/Conf/config.php 第 24 行.
NOTIC: [8] Use of undefined constant TPSHOP_CACHE_TIME - assumed 'TPSHOP_CACHE_TIME' /data/www/pc.zhongguoshebaodaili.cn/wwwroot/Application/Home/Conf/config.php 第 26 行.
INFO: [ app_begin ] --START--
INFO: Run Behavior\ReadHtmlCacheBehavior [ RunTime:0.000040s ]
INFO: [ app_begin ] --END-- [ RunTime:0.000065s ]
NOTIC: [8] Use of undefined constant TPSHOP_CACHE_TIME - assumed 'TPSHOP_CACHE_TIME' /data/www/pc.zhongguoshebaodaili.cn/wwwroot/Application/Home/Controller/BaseController.class.php 第 39 行.
NOTIC: [8] Undefined variable: arr /data/www/pc.zhongguoshebaodaili.cn/wwwroot/Application/Common/Common/common.php 第 2333 行.
NOTIC: [2] Invalid argument supplied for foreach() /data/www/pc.zhongguoshebaodaili.cn/wwwroot/Application/Common/Common/common.php 第 2333 行.
NOTIC: [8] Undefined variable: tree /data/www/pc.zhongguoshebaodaili.cn/wwwroot/Application/Common/Common/common.php 第 2339 行.
NOTIC: [2] Invalid argument supplied for foreach() /data/www/pc.zhongguoshebaodaili.cn/wwwroot/Application/Common/Common/common.php 第 2339 行.
NOTIC: [8] Use of undefined constant TPSHOP_CACHE_TIME - assumed 'TPSHOP_CACHE_TIME' /data/www/pc.zhongguoshebaodaili.cn/wwwroot/Application/Home/Controller/BaseController.class.php 第 50 行.
NOTIC: [8] Undefined index: account_name /data/www/pc.zhongguoshebaodaili.cn/wwwroot/Application/Home/Controller/CheckloginController.class.php 第 39 行.
NOTIC: [8] Undefined index: user_type /data/www/pc.zhongguoshebaodaili.cn/wwwroot/Application/Home/Controller/CheckloginController.class.php 第 62 行.
INFO: [ app_end ] --START--
INFO: Run Behavior\ShowPageTraceBehavior [ RunTime:0.000034s ]
INFO: [ app_end ] --END-- [ RunTime:0.000072s ]

[ 2018-02-28T17:28:33+08:00 ] 111.200.228.235 /index.php/Home/Checklogin/login.html
INFO: [ app_init ] --START--
INFO: Run Behavior\BuildLiteBehavior [ RunTime:0.000012s ]
INFO: [ app_init ] --END-- [ RunTime:0.000104s ]
NOTIC: [8] Use of undefined constant TPSHOP_CACHE_TIME - assumed 'TPSHOP_CACHE_TIME' /data/www/pc.zhongguoshebaodaili.cn/wwwroot/Application/Home/Conf/config.php 第 18 行.
NOTIC: [8] Use of undefined constant TPSHOP_CACHE_TIME - assumed 'TPSHOP_CACHE_TIME' /data/www/pc.zhongguoshebaodaili.cn/wwwroot/Application/Home/Conf/config.php 第 22 行.
NOTIC: [8] Use of undefined constant TPSHOP_CACHE_TIME - assumed 'TPSHOP_CACHE_TIME' /data/www/pc.zhongguoshebaodaili.cn/wwwroot/Application/Home/Conf/config.php 第 23 行.
NOTIC: [8] Use of undefined constant TPSHOP_CACHE_TIME - assumed 'TPSHOP_CACHE_TIME' /data/www/pc.zhongguoshebaodaili.cn/wwwroot/Application/Home/Conf/config.php 第 24 行.
NOTIC: [8] Use of undefined constant TPSHOP_CACHE_TIME - assumed 'TPSHOP_CACHE_TIME' /data/www/pc.zhongguoshebaodaili.cn/wwwroot/Application/Home/Conf/config.php 第 26 行.
INFO: [ app_begin ] --START--
INFO: Run Behavior\ReadHtmlCacheBehavior [ RunTime:0.000046s ]
INFO: [ app_begin ] --END-- [ RunTime:0.000076s ]
NOTIC: [8] Use of undefined constant TPSHOP_CACHE_TIME - assumed 'TPSHOP_CACHE_TIME' /data/www/pc.zhongguoshebaodaili.cn/wwwroot/Application/Home/Controller/BaseController.class.php 第 39 行.
NOTIC: [8] Undefined variable: arr /data/www/pc.zhongguoshebaodaili.cn/wwwroot/Application/Common/Common/common.php 第 2333 行.
NOTIC: [2] Invalid argument supplied for foreach() /data/www/pc.zhongguoshebaodaili.cn/wwwroot/Application/Common/Common/common.php 第 2333 行.
NOTIC: [8] Undefined variable: tree /data/www/pc.zhongguoshebaodaili.cn/wwwroot/Application/Common/Common/common.php 第 2339 行.
NOTIC: [2] Invalid argument supplied for foreach() /data/www/pc.zhongguoshebaodaili.cn/wwwroot/Application/Common/Common/common.php 第 2339 行.
NOTIC: [8] Use of undefined constant TPSHOP_CACHE_TIME - assumed 'TPSHOP_CACHE_TIME' /data/www/pc.zhongguoshebaodaili.cn/wwwroot/Application/Home/Controller/BaseController.class.php 第 50 行.
NOTIC: [8] Undefined index: account_name /data/www/pc.zhongguoshebaodaili.cn/wwwroot/Application/Home/Controller/CheckloginController.class.php 第 39 行.
NOTIC: [8] Undefined index: user_type /data/www/pc.zhongguoshebaodaili.cn/wwwroot/Application/Home/Controller/CheckloginController.class.php 第 62 行.
INFO: [ view_begin ] --START--
INFO: Run Home\Behaviors\testBehavior [ RunTime:0.000071s ]
INFO: [ view_begin ] --END-- [ RunTime:0.000110s ]
INFO: [ view_parse ] --START--
INFO: [ template_filter ] --START--
INFO: Run Behavior\ContentReplaceBehavior [ RunTime:0.000092s ]
INFO: [ template_filter ] --END-- [ RunTime:0.000141s ]
INFO: Run Behavior\ParseTemplateBehavior [ RunTime:0.007429s ]
INFO: [ view_parse ] --END-- [ RunTime:0.007465s ]
INFO: [ view_filter ] --START--
INFO: Run Behavior\WriteHtmlCacheBehavior [ RunTime:0.000045s ]
INFO: Run Behavior\TokenBuildBehavior [ RunTime:0.000136s ]
INFO: [ view_filter ] --END-- [ RunTime:0.000223s ]
INFO: [ app_end ] --START--
INFO: Run Behavior\ShowPageTraceBehavior [ RunTime:0.000048s ]
INFO: [ app_end ] --END-- [ RunTime:0.000081s ]

[ 2018-02-28T20:19:13+08:00 ] 106.11.156.217 /index.php/Home/Checklogin/rc_yingjin.html
INFO: [ app_init ] --START--
INFO: Run Behavior\BuildLiteBehavior [ RunTime:0.000010s ]
INFO: [ app_init ] --END-- [ RunTime:0.000072s ]
NOTIC: [8] Use of undefined constant TPSHOP_CACHE_TIME - assumed 'TPSHOP_CACHE_TIME' /data/www/pc.zhongguoshebaodaili.cn/wwwroot/Application/Home/Conf/config.php 第 18 行.
NOTIC: [8] Use of undefined constant TPSHOP_CACHE_TIME - assumed 'TPSHOP_CACHE_TIME' /data/www/pc.zhongguoshebaodaili.cn/wwwroot/Application/Home/Conf/config.php 第 22 行.
NOTIC: [8] Use of undefined constant TPSHOP_CACHE_TIME - assumed 'TPSHOP_CACHE_TIME' /data/www/pc.zhongguoshebaodaili.cn/wwwroot/Application/Home/Conf/config.php 第 23 行.
NOTIC: [8] Use of undefined constant TPSHOP_CACHE_TIME - assumed 'TPSHOP_CACHE_TIME' /data/www/pc.zhongguoshebaodaili.cn/wwwroot/Application/Home/Conf/config.php 第 24 行.
NOTIC: [8] Use of undefined constant TPSHOP_CACHE_TIME - assumed 'TPSHOP_CACHE_TIME' /data/www/pc.zhongguoshebaodaili.cn/wwwroot/Application/Home/Conf/config.php 第 26 行.
INFO: [ app_begin ] --START--
INFO: Run Behavior\ReadHtmlCacheBehavior [ RunTime:0.000040s ]
INFO: [ app_begin ] --END-- [ RunTime:0.000067s ]
NOTIC: [8] Use of undefined constant TPSHOP_CACHE_TIME - assumed 'TPSHOP_CACHE_TIME' /data/www/pc.zhongguoshebaodaili.cn/wwwroot/Application/Home/Controller/BaseController.class.php 第 39 行.
NOTIC: [8] Undefined variable: arr /data/www/pc.zhongguoshebaodaili.cn/wwwroot/Application/Common/Common/common.php 第 2333 行.
NOTIC: [2] Invalid argument supplied for foreach() /data/www/pc.zhongguoshebaodaili.cn/wwwroot/Application/Common/Common/common.php 第 2333 行.
NOTIC: [8] Undefined variable: tree /data/www/pc.zhongguoshebaodaili.cn/wwwroot/Application/Common/Common/common.php 第 2339 行.
NOTIC: [2] Invalid argument supplied for foreach() /data/www/pc.zhongguoshebaodaili.cn/wwwroot/Application/Common/Common/common.php 第 2339 行.
NOTIC: [8] Use of undefined constant TPSHOP_CACHE_TIME - assumed 'TPSHOP_CACHE_TIME' /data/www/pc.zhongguoshebaodaili.cn/wwwroot/Application/Home/Controller/BaseController.class.php 第 50 行.
INFO: [ view_begin ] --START--
INFO: Run Home\Behaviors\testBehavior [ RunTime:0.000085s ]
INFO: [ view_begin ] --END-- [ RunTime:0.000118s ]
INFO: [ view_parse ] --START--
INFO: [ template_filter ] --START--
INFO: Run Behavior\ContentReplaceBehavior [ RunTime:0.000030s ]
INFO: [ template_filter ] --END-- [ RunTime:0.000076s ]
INFO: Run Behavior\ParseTemplateBehavior [ RunTime:0.001440s ]
INFO: [ view_parse ] --END-- [ RunTime:0.001470s ]
INFO: [ view_filter ] --START--
INFO: Run Behavior\WriteHtmlCacheBehavior [ RunTime:0.000034s ]
INFO: Run Behavior\TokenBuildBehavior [ RunTime:0.000055s ]
INFO: [ view_filter ] --END-- [ RunTime:0.000124s ]

[ 2018-02-28T20:26:33+08:00 ] 106.11.159.195 /index.php/Home/Checklogin/login.html
INFO: [ app_init ] --START--
INFO: Run Behavior\BuildLiteBehavior [ RunTime:0.000012s ]
INFO: [ app_init ] --END-- [ RunTime:0.000079s ]
NOTIC: [8] Use of undefined constant TPSHOP_CACHE_TIME - assumed 'TPSHOP_CACHE_TIME' /data/www/pc.zhongguoshebaodaili.cn/wwwroot/Application/Home/Conf/config.php 第 18 行.
NOTIC: [8] Use of undefined constant TPSHOP_CACHE_TIME - assumed 'TPSHOP_CACHE_TIME' /data/www/pc.zhongguoshebaodaili.cn/wwwroot/Application/Home/Conf/config.php 第 22 行.
NOTIC: [8] Use of undefined constant TPSHOP_CACHE_TIME - assumed 'TPSHOP_CACHE_TIME' /data/www/pc.zhongguoshebaodaili.cn/wwwroot/Application/Home/Conf/config.php 第 23 行.
NOTIC: [8] Use of undefined constant TPSHOP_CACHE_TIME - assumed 'TPSHOP_CACHE_TIME' /data/www/pc.zhongguoshebaodaili.cn/wwwroot/Application/Home/Conf/config.php 第 24 行.
NOTIC: [8] Use of undefined constant TPSHOP_CACHE_TIME - assumed 'TPSHOP_CACHE_TIME' /data/www/pc.zhongguoshebaodaili.cn/wwwroot/Application/Home/Conf/config.php 第 26 行.
INFO: [ app_begin ] --START--
INFO: Run Behavior\ReadHtmlCacheBehavior [ RunTime:0.000046s ]
INFO: [ app_begin ] --END-- [ RunTime:0.000078s ]
NOTIC: [8] Use of undefined constant TPSHOP_CACHE_TIME - assumed 'TPSHOP_CACHE_TIME' /data/www/pc.zhongguoshebaodaili.cn/wwwroot/Application/Home/Controller/BaseController.class.php 第 39 行.
NOTIC: [8] Undefined variable: arr /data/www/pc.zhongguoshebaodaili.cn/wwwroot/Application/Common/Common/common.php 第 2333 行.
NOTIC: [2] Invalid argument supplied for foreach() /data/www/pc.zhongguoshebaodaili.cn/wwwroot/Application/Common/Common/common.php 第 2333 行.
NOTIC: [8] Undefined variable: tree /data/www/pc.zhongguoshebaodaili.cn/wwwroot/Application/Common/Common/common.php 第 2339 行.
NOTIC: [2] Invalid argument supplied for foreach() /data/www/pc.zhongguoshebaodaili.cn/wwwroot/Application/Common/Common/common.php 第 2339 行.
NOTIC: [8] Use of undefined constant TPSHOP_CACHE_TIME - assumed 'TPSHOP_CACHE_TIME' /data/www/pc.zhongguoshebaodaili.cn/wwwroot/Application/Home/Controller/BaseController.class.php 第 50 行.
NOTIC: [8] Undefined index: account_name /data/www/pc.zhongguoshebaodaili.cn/wwwroot/Application/Home/Controller/CheckloginController.class.php 第 39 行.
NOTIC: [8] Undefined index: user_type /data/www/pc.zhongguoshebaodaili.cn/wwwroot/Application/Home/Controller/CheckloginController.class.php 第 62 行.
INFO: [ view_begin ] --START--
INFO: Run Home\Behaviors\testBehavior [ RunTime:0.000055s ]
INFO: [ view_begin ] --END-- [ RunTime:0.000083s ]
INFO: [ view_parse ] --START--
INFO: [ template_filter ] --START--
INFO: Run Behavior\ContentReplaceBehavior [ RunTime:0.000099s ]
INFO: [ template_filter ] --END-- [ RunTime:0.000135s ]
INFO: Run Behavior\ParseTemplateBehavior [ RunTime:0.006191s ]
INFO: [ view_parse ] --END-- [ RunTime:0.006220s ]
INFO: [ view_filter ] --START--
INFO: Run Behavior\WriteHtmlCacheBehavior [ RunTime:0.000034s ]
INFO: Run Behavior\TokenBuildBehavior [ RunTime:0.000111s ]
INFO: [ view_filter ] --END-- [ RunTime:0.000197s ]
INFO: [ app_end ] --START--
INFO: Run Behavior\ShowPageTraceBehavior [ RunTime:0.000034s ]
INFO: [ app_end ] --END-- [ RunTime:0.000057s ]

