[ 2018-04-02T01:19:57+08:00 ] 123.125.71.21 /
INFO: [ app_init ] --START--
INFO: Run Behavior\BuildLiteBehavior [ RunTime:0.000010s ]
INFO: [ app_init ] --END-- [ RunTime:0.000068s ]
NOTIC: [8] Use of undefined constant TPSHOP_CACHE_TIME - assumed 'TPSHOP_CACHE_TIME' /data/www/pc.zhongguoshebaodaili.cn/wwwroot/Application/Home/Conf/config.php 第 18 行.
NOTIC: [8] Use of undefined constant TPSHOP_CACHE_TIME - assumed 'TPSHOP_CACHE_TIME' /data/www/pc.zhongguoshebaodaili.cn/wwwroot/Application/Home/Conf/config.php 第 22 行.
NOTIC: [8] Use of undefined constant TPSHOP_CACHE_TIME - assumed 'TPSHOP_CACHE_TIME' /data/www/pc.zhongguoshebaodaili.cn/wwwroot/Application/Home/Conf/config.php 第 23 行.
NOTIC: [8] Use of undefined constant TPSHOP_CACHE_TIME - assumed 'TPSHOP_CACHE_TIME' /data/www/pc.zhongguoshebaodaili.cn/wwwroot/Application/Home/Conf/config.php 第 24 行.
NOTIC: [8] Use of undefined constant TPSHOP_CACHE_TIME - assumed 'TPSHOP_CACHE_TIME' /data/www/pc.zhongguoshebaodaili.cn/wwwroot/Application/Home/Conf/config.php 第 26 行.
INFO: [ app_begin ] --START--
INFO: Run Behavior\ReadHtmlCacheBehavior [ RunTime:0.000041s ]
INFO: [ app_begin ] --END-- [ RunTime:0.000068s ]
NOTIC: [8] Use of undefined constant TPSHOP_CACHE_TIME - assumed 'TPSHOP_CACHE_TIME' /data/www/pc.zhongguoshebaodaili.cn/wwwroot/Application/Home/Controller/BaseController.class.php 第 39 行.
NOTIC: [8] Undefined variable: arr /data/www/pc.zhongguoshebaodaili.cn/wwwroot/Application/Common/Common/common.php 第 2333 行.
NOTIC: [2] Invalid argument supplied for foreach() /data/www/pc.zhongguoshebaodaili.cn/wwwroot/Application/Common/Common/common.php 第 2333 行.
NOTIC: [8] Undefined variable: tree /data/www/pc.zhongguoshebaodaili.cn/wwwroot/Application/Common/Common/common.php 第 2339 行.
NOTIC: [2] Invalid argument supplied for foreach() /data/www/pc.zhongguoshebaodaili.cn/wwwroot/Application/Common/Common/common.php 第 2339 行.
NOTIC: [8] Use of undefined constant TPSHOP_CACHE_TIME - assumed 'TPSHOP_CACHE_TIME' /data/www/pc.zhongguoshebaodaili.cn/wwwroot/Application/Home/Controller/BaseController.class.php 第 50 行.
NOTIC: [8] Undefined index: account_name /data/www/pc.zhongguoshebaodaili.cn/wwwroot/Application/Home/Controller/CheckloginController.class.php 第 39 行.
NOTIC: [8] Undefined index: user_type /data/www/pc.zhongguoshebaodaili.cn/wwwroot/Application/Home/Controller/CheckloginController.class.php 第 62 行.
INFO: [ view_begin ] --START--
INFO: Run Home\Behaviors\testBehavior [ RunTime:0.000073s ]
INFO: [ view_begin ] --END-- [ RunTime:0.000126s ]
INFO: [ view_parse ] --START--
INFO: [ template_filter ] --START--
INFO: Run Behavior\ContentReplaceBehavior [ RunTime:0.000093s ]
INFO: [ template_filter ] --END-- [ RunTime:0.000128s ]
INFO: Run Behavior\ParseTemplateBehavior [ RunTime:0.006503s ]
INFO: [ view_parse ] --END-- [ RunTime:0.006532s ]
INFO: [ view_filter ] --START--
INFO: Run Behavior\WriteHtmlCacheBehavior [ RunTime:0.000035s ]
INFO: Run Behavior\TokenBuildBehavior [ RunTime:0.000109s ]
INFO: [ view_filter ] --END-- [ RunTime:0.000179s ]
INFO: [ app_end ] --START--
INFO: Run Behavior\ShowPageTraceBehavior [ RunTime:0.000027s ]
INFO: [ app_end ] --END-- [ RunTime:0.000050s ]

[ 2018-04-02T04:43:45+08:00 ] 106.11.242.250 /
INFO: [ app_init ] --START--
INFO: Run Behavior\BuildLiteBehavior [ RunTime:0.000011s ]
INFO: [ app_init ] --END-- [ RunTime:0.000078s ]
NOTIC: [8] Use of undefined constant TPSHOP_CACHE_TIME - assumed 'TPSHOP_CACHE_TIME' /data/www/pc.zhongguoshebaodaili.cn/wwwroot/Application/Home/Conf/config.php 第 18 行.
NOTIC: [8] Use of undefined constant TPSHOP_CACHE_TIME - assumed 'TPSHOP_CACHE_TIME' /data/www/pc.zhongguoshebaodaili.cn/wwwroot/Application/Home/Conf/config.php 第 22 行.
NOTIC: [8] Use of undefined constant TPSHOP_CACHE_TIME - assumed 'TPSHOP_CACHE_TIME' /data/www/pc.zhongguoshebaodaili.cn/wwwroot/Application/Home/Conf/config.php 第 23 行.
NOTIC: [8] Use of undefined constant TPSHOP_CACHE_TIME - assumed 'TPSHOP_CACHE_TIME' /data/www/pc.zhongguoshebaodaili.cn/wwwroot/Application/Home/Conf/config.php 第 24 行.
NOTIC: [8] Use of undefined constant TPSHOP_CACHE_TIME - assumed 'TPSHOP_CACHE_TIME' /data/www/pc.zhongguoshebaodaili.cn/wwwroot/Application/Home/Conf/config.php 第 26 行.
INFO: [ app_begin ] --START--
INFO: Run Behavior\ReadHtmlCacheBehavior [ RunTime:0.000045s ]
INFO: [ app_begin ] --END-- [ RunTime:0.000074s ]
NOTIC: [8] Use of undefined constant TPSHOP_CACHE_TIME - assumed 'TPSHOP_CACHE_TIME' /data/www/pc.zhongguoshebaodaili.cn/wwwroot/Application/Home/Controller/BaseController.class.php 第 39 行.
NOTIC: [8] Undefined variable: arr /data/www/pc.zhongguoshebaodaili.cn/wwwroot/Application/Common/Common/common.php 第 2333 行.
NOTIC: [2] Invalid argument supplied for foreach() /data/www/pc.zhongguoshebaodaili.cn/wwwroot/Application/Common/Common/common.php 第 2333 行.
NOTIC: [8] Undefined variable: tree /data/www/pc.zhongguoshebaodaili.cn/wwwroot/Application/Common/Common/common.php 第 2339 行.
NOTIC: [2] Invalid argument supplied for foreach() /data/www/pc.zhongguoshebaodaili.cn/wwwroot/Application/Common/Common/common.php 第 2339 行.
NOTIC: [8] Use of undefined constant TPSHOP_CACHE_TIME - assumed 'TPSHOP_CACHE_TIME' /data/www/pc.zhongguoshebaodaili.cn/wwwroot/Application/Home/Controller/BaseController.class.php 第 50 行.
NOTIC: [8] Undefined index: account_name /data/www/pc.zhongguoshebaodaili.cn/wwwroot/Application/Home/Controller/CheckloginController.class.php 第 39 行.
NOTIC: [8] Undefined index: user_type /data/www/pc.zhongguoshebaodaili.cn/wwwroot/Application/Home/Controller/CheckloginController.class.php 第 62 行.
INFO: [ view_begin ] --START--
INFO: Run Home\Behaviors\testBehavior [ RunTime:0.000063s ]
INFO: [ view_begin ] --END-- [ RunTime:0.000096s ]
INFO: [ view_parse ] --START--
INFO: [ template_filter ] --START--
INFO: Run Behavior\ContentReplaceBehavior [ RunTime:0.000090s ]
INFO: [ template_filter ] --END-- [ RunTime:0.000128s ]
INFO: Run Behavior\ParseTemplateBehavior [ RunTime:0.007167s ]
INFO: [ view_parse ] --END-- [ RunTime:0.007202s ]
INFO: [ view_filter ] --START--
INFO: Run Behavior\WriteHtmlCacheBehavior [ RunTime:0.000040s ]
INFO: Run Behavior\TokenBuildBehavior [ RunTime:0.000138s ]
INFO: [ view_filter ] --END-- [ RunTime:0.000236s ]
INFO: [ app_end ] --START--
INFO: Run Behavior\ShowPageTraceBehavior [ RunTime:0.000034s ]
INFO: [ app_end ] --END-- [ RunTime:0.000057s ]

[ 2018-04-02T05:36:03+08:00 ] 180.97.35.140 /index.php/Home/Checklogin/sy_shenqing.html
INFO: [ app_init ] --START--
INFO: Run Behavior\BuildLiteBehavior [ RunTime:0.000011s ]
INFO: [ app_init ] --END-- [ RunTime:0.000080s ]
NOTIC: [8] Use of undefined constant TPSHOP_CACHE_TIME - assumed 'TPSHOP_CACHE_TIME' /data/www/pc.zhongguoshebaodaili.cn/wwwroot/Application/Home/Conf/config.php 第 18 行.
NOTIC: [8] Use of undefined constant TPSHOP_CACHE_TIME - assumed 'TPSHOP_CACHE_TIME' /data/www/pc.zhongguoshebaodaili.cn/wwwroot/Application/Home/Conf/config.php 第 22 行.
NOTIC: [8] Use of undefined constant TPSHOP_CACHE_TIME - assumed 'TPSHOP_CACHE_TIME' /data/www/pc.zhongguoshebaodaili.cn/wwwroot/Application/Home/Conf/config.php 第 23 行.
NOTIC: [8] Use of undefined constant TPSHOP_CACHE_TIME - assumed 'TPSHOP_CACHE_TIME' /data/www/pc.zhongguoshebaodaili.cn/wwwroot/Application/Home/Conf/config.php 第 24 行.
NOTIC: [8] Use of undefined constant TPSHOP_CACHE_TIME - assumed 'TPSHOP_CACHE_TIME' /data/www/pc.zhongguoshebaodaili.cn/wwwroot/Application/Home/Conf/config.php 第 26 行.
INFO: [ app_begin ] --START--
INFO: Run Behavior\ReadHtmlCacheBehavior [ RunTime:0.000050s ]
INFO: [ app_begin ] --END-- [ RunTime:0.000082s ]
NOTIC: [8] Use of undefined constant TPSHOP_CACHE_TIME - assumed 'TPSHOP_CACHE_TIME' /data/www/pc.zhongguoshebaodaili.cn/wwwroot/Application/Home/Controller/BaseController.class.php 第 39 行.
NOTIC: [8] Undefined variable: arr /data/www/pc.zhongguoshebaodaili.cn/wwwroot/Application/Common/Common/common.php 第 2333 行.
NOTIC: [2] Invalid argument supplied for foreach() /data/www/pc.zhongguoshebaodaili.cn/wwwroot/Application/Common/Common/common.php 第 2333 行.
NOTIC: [8] Undefined variable: tree /data/www/pc.zhongguoshebaodaili.cn/wwwroot/Application/Common/Common/common.php 第 2339 行.
NOTIC: [2] Invalid argument supplied for foreach() /data/www/pc.zhongguoshebaodaili.cn/wwwroot/Application/Common/Common/common.php 第 2339 行.
NOTIC: [8] Use of undefined constant TPSHOP_CACHE_TIME - assumed 'TPSHOP_CACHE_TIME' /data/www/pc.zhongguoshebaodaili.cn/wwwroot/Application/Home/Controller/BaseController.class.php 第 50 行.
INFO: [ view_begin ] --START--
INFO: Run Home\Behaviors\testBehavior [ RunTime:0.000063s ]
INFO: [ view_begin ] --END-- [ RunTime:0.000091s ]
INFO: [ view_parse ] --START--
INFO: [ template_filter ] --START--
INFO: Run Behavior\ContentReplaceBehavior [ RunTime:0.000031s ]
INFO: [ template_filter ] --END-- [ RunTime:0.000064s ]
INFO: Run Behavior\ParseTemplateBehavior [ RunTime:0.001559s ]
INFO: [ view_parse ] --END-- [ RunTime:0.001589s ]
INFO: [ view_filter ] --START--
INFO: Run Behavior\WriteHtmlCacheBehavior [ RunTime:0.000039s ]
INFO: Run Behavior\TokenBuildBehavior [ RunTime:0.000059s ]
INFO: [ view_filter ] --END-- [ RunTime:0.000137s ]

[ 2018-04-02T05:36:03+08:00 ] 180.97.35.147 /index.php/Home/Checklogin/shebao_bujiao.html
INFO: [ app_init ] --START--
INFO: Run Behavior\BuildLiteBehavior [ RunTime:0.000008s ]
INFO: [ app_init ] --END-- [ RunTime:0.000052s ]
NOTIC: [8] Use of undefined constant TPSHOP_CACHE_TIME - assumed 'TPSHOP_CACHE_TIME' /data/www/pc.zhongguoshebaodaili.cn/wwwroot/Application/Home/Conf/config.php 第 18 行.
NOTIC: [8] Use of undefined constant TPSHOP_CACHE_TIME - assumed 'TPSHOP_CACHE_TIME' /data/www/pc.zhongguoshebaodaili.cn/wwwroot/Application/Home/Conf/config.php 第 22 行.
NOTIC: [8] Use of undefined constant TPSHOP_CACHE_TIME - assumed 'TPSHOP_CACHE_TIME' /data/www/pc.zhongguoshebaodaili.cn/wwwroot/Application/Home/Conf/config.php 第 23 行.
NOTIC: [8] Use of undefined constant TPSHOP_CACHE_TIME - assumed 'TPSHOP_CACHE_TIME' /data/www/pc.zhongguoshebaodaili.cn/wwwroot/Application/Home/Conf/config.php 第 24 行.
NOTIC: [8] Use of undefined constant TPSHOP_CACHE_TIME - assumed 'TPSHOP_CACHE_TIME' /data/www/pc.zhongguoshebaodaili.cn/wwwroot/Application/Home/Conf/config.php 第 26 行.
INFO: [ app_begin ] --START--
INFO: Run Behavior\ReadHtmlCacheBehavior [ RunTime:0.000035s ]
INFO: [ app_begin ] --END-- [ RunTime:0.000065s ]
NOTIC: [8] Use of undefined constant TPSHOP_CACHE_TIME - assumed 'TPSHOP_CACHE_TIME' /data/www/pc.zhongguoshebaodaili.cn/wwwroot/Application/Home/Controller/BaseController.class.php 第 39 行.
NOTIC: [8] Undefined variable: arr /data/www/pc.zhongguoshebaodaili.cn/wwwroot/Application/Common/Common/common.php 第 2333 行.
NOTIC: [2] Invalid argument supplied for foreach() /data/www/pc.zhongguoshebaodaili.cn/wwwroot/Application/Common/Common/common.php 第 2333 行.
NOTIC: [8] Undefined variable: tree /data/www/pc.zhongguoshebaodaili.cn/wwwroot/Application/Common/Common/common.php 第 2339 行.
NOTIC: [2] Invalid argument supplied for foreach() /data/www/pc.zhongguoshebaodaili.cn/wwwroot/Application/Common/Common/common.php 第 2339 行.
NOTIC: [8] Use of undefined constant TPSHOP_CACHE_TIME - assumed 'TPSHOP_CACHE_TIME' /data/www/pc.zhongguoshebaodaili.cn/wwwroot/Application/Home/Controller/BaseController.class.php 第 50 行.
INFO: [ view_begin ] --START--
INFO: Run Home\Behaviors\testBehavior [ RunTime:0.000037s ]
INFO: [ view_begin ] --END-- [ RunTime:0.000064s ]
INFO: [ view_parse ] --START--
INFO: [ template_filter ] --START--
INFO: Run Behavior\ContentReplaceBehavior [ RunTime:0.000027s ]
INFO: [ template_filter ] --END-- [ RunTime:0.000055s ]
INFO: Run Behavior\ParseTemplateBehavior [ RunTime:0.001252s ]
INFO: [ view_parse ] --END-- [ RunTime:0.001281s ]
INFO: [ view_filter ] --START--
INFO: Run Behavior\WriteHtmlCacheBehavior [ RunTime:0.000024s ]
INFO: Run Behavior\TokenBuildBehavior [ RunTime:0.000065s ]
INFO: [ view_filter ] --END-- [ RunTime:0.000125s ]

[ 2018-04-02T05:36:07+08:00 ] 180.97.35.165 /index.php/Home/Checklogin/sb_editinfo.html
INFO: [ app_init ] --START--
INFO: Run Behavior\BuildLiteBehavior [ RunTime:0.000010s ]
INFO: [ app_init ] --END-- [ RunTime:0.000073s ]
NOTIC: [8] Use of undefined constant TPSHOP_CACHE_TIME - assumed 'TPSHOP_CACHE_TIME' /data/www/pc.zhongguoshebaodaili.cn/wwwroot/Application/Home/Conf/config.php 第 18 行.
NOTIC: [8] Use of undefined constant TPSHOP_CACHE_TIME - assumed 'TPSHOP_CACHE_TIME' /data/www/pc.zhongguoshebaodaili.cn/wwwroot/Application/Home/Conf/config.php 第 22 行.
NOTIC: [8] Use of undefined constant TPSHOP_CACHE_TIME - assumed 'TPSHOP_CACHE_TIME' /data/www/pc.zhongguoshebaodaili.cn/wwwroot/Application/Home/Conf/config.php 第 23 行.
NOTIC: [8] Use of undefined constant TPSHOP_CACHE_TIME - assumed 'TPSHOP_CACHE_TIME' /data/www/pc.zhongguoshebaodaili.cn/wwwroot/Application/Home/Conf/config.php 第 24 行.
NOTIC: [8] Use of undefined constant TPSHOP_CACHE_TIME - assumed 'TPSHOP_CACHE_TIME' /data/www/pc.zhongguoshebaodaili.cn/wwwroot/Application/Home/Conf/config.php 第 26 行.
INFO: [ app_begin ] --START--
INFO: Run Behavior\ReadHtmlCacheBehavior [ RunTime:0.000042s ]
INFO: [ app_begin ] --END-- [ RunTime:0.000069s ]
NOTIC: [8] Use of undefined constant TPSHOP_CACHE_TIME - assumed 'TPSHOP_CACHE_TIME' /data/www/pc.zhongguoshebaodaili.cn/wwwroot/Application/Home/Controller/BaseController.class.php 第 39 行.
NOTIC: [8] Undefined variable: arr /data/www/pc.zhongguoshebaodaili.cn/wwwroot/Application/Common/Common/common.php 第 2333 行.
NOTIC: [2] Invalid argument supplied for foreach() /data/www/pc.zhongguoshebaodaili.cn/wwwroot/Application/Common/Common/common.php 第 2333 行.
NOTIC: [8] Undefined variable: tree /data/www/pc.zhongguoshebaodaili.cn/wwwroot/Application/Common/Common/common.php 第 2339 行.
NOTIC: [2] Invalid argument supplied for foreach() /data/www/pc.zhongguoshebaodaili.cn/wwwroot/Application/Common/Common/common.php 第 2339 行.
NOTIC: [8] Use of undefined constant TPSHOP_CACHE_TIME - assumed 'TPSHOP_CACHE_TIME' /data/www/pc.zhongguoshebaodaili.cn/wwwroot/Application/Home/Controller/BaseController.class.php 第 50 行.
INFO: [ view_begin ] --START--
INFO: Run Home\Behaviors\testBehavior [ RunTime:0.000062s ]
INFO: [ view_begin ] --END-- [ RunTime:0.000094s ]
INFO: [ view_parse ] --START--
INFO: [ template_filter ] --START--
INFO: Run Behavior\ContentReplaceBehavior [ RunTime:0.000030s ]
INFO: [ template_filter ] --END-- [ RunTime:0.000059s ]
INFO: Run Behavior\ParseTemplateBehavior [ RunTime:0.001451s ]
INFO: [ view_parse ] --END-- [ RunTime:0.001515s ]
INFO: [ view_filter ] --START--
INFO: Run Behavior\WriteHtmlCacheBehavior [ RunTime:0.000036s ]
INFO: Run Behavior\TokenBuildBehavior [ RunTime:0.000051s ]
INFO: [ view_filter ] --END-- [ RunTime:0.000121s ]

[ 2018-04-02T09:16:11+08:00 ] 220.181.108.107 /
INFO: [ app_init ] --START--
INFO: Run Behavior\BuildLiteBehavior [ RunTime:0.000012s ]
INFO: [ app_init ] --END-- [ RunTime:0.000082s ]
NOTIC: [8] Use of undefined constant TPSHOP_CACHE_TIME - assumed 'TPSHOP_CACHE_TIME' /data/www/pc.zhongguoshebaodaili.cn/wwwroot/Application/Home/Conf/config.php 第 18 行.
NOTIC: [8] Use of undefined constant TPSHOP_CACHE_TIME - assumed 'TPSHOP_CACHE_TIME' /data/www/pc.zhongguoshebaodaili.cn/wwwroot/Application/Home/Conf/config.php 第 22 行.
NOTIC: [8] Use of undefined constant TPSHOP_CACHE_TIME - assumed 'TPSHOP_CACHE_TIME' /data/www/pc.zhongguoshebaodaili.cn/wwwroot/Application/Home/Conf/config.php 第 23 行.
NOTIC: [8] Use of undefined constant TPSHOP_CACHE_TIME - assumed 'TPSHOP_CACHE_TIME' /data/www/pc.zhongguoshebaodaili.cn/wwwroot/Application/Home/Conf/config.php 第 24 行.
NOTIC: [8] Use of undefined constant TPSHOP_CACHE_TIME - assumed 'TPSHOP_CACHE_TIME' /data/www/pc.zhongguoshebaodaili.cn/wwwroot/Application/Home/Conf/config.php 第 26 行.
INFO: [ app_begin ] --START--
INFO: Run Behavior\ReadHtmlCacheBehavior [ RunTime:0.000047s ]
INFO: [ app_begin ] --END-- [ RunTime:0.000079s ]
NOTIC: [8] Use of undefined constant TPSHOP_CACHE_TIME - assumed 'TPSHOP_CACHE_TIME' /data/www/pc.zhongguoshebaodaili.cn/wwwroot/Application/Home/Controller/BaseController.class.php 第 39 行.
NOTIC: [8] Undefined variable: arr /data/www/pc.zhongguoshebaodaili.cn/wwwroot/Application/Common/Common/common.php 第 2333 行.
NOTIC: [2] Invalid argument supplied for foreach() /data/www/pc.zhongguoshebaodaili.cn/wwwroot/Application/Common/Common/common.php 第 2333 行.
NOTIC: [8] Undefined variable: tree /data/www/pc.zhongguoshebaodaili.cn/wwwroot/Application/Common/Common/common.php 第 2339 行.
NOTIC: [2] Invalid argument supplied for foreach() /data/www/pc.zhongguoshebaodaili.cn/wwwroot/Application/Common/Common/common.php 第 2339 行.
NOTIC: [8] Use of undefined constant TPSHOP_CACHE_TIME - assumed 'TPSHOP_CACHE_TIME' /data/www/pc.zhongguoshebaodaili.cn/wwwroot/Application/Home/Controller/BaseController.class.php 第 50 行.
NOTIC: [8] Undefined index: account_name /data/www/pc.zhongguoshebaodaili.cn/wwwroot/Application/Home/Controller/CheckloginController.class.php 第 39 行.
NOTIC: [8] Undefined index: user_type /data/www/pc.zhongguoshebaodaili.cn/wwwroot/Application/Home/Controller/CheckloginController.class.php 第 62 行.
INFO: [ view_begin ] --START--
INFO: Run Home\Behaviors\testBehavior [ RunTime:0.000054s ]
INFO: [ view_begin ] --END-- [ RunTime:0.000080s ]
INFO: [ view_parse ] --START--
INFO: [ template_filter ] --START--
INFO: Run Behavior\ContentReplaceBehavior [ RunTime:0.000077s ]
INFO: [ template_filter ] --END-- [ RunTime:0.000110s ]
INFO: Run Behavior\ParseTemplateBehavior [ RunTime:0.006182s ]
INFO: [ view_parse ] --END-- [ RunTime:0.006211s ]
INFO: [ view_filter ] --START--
INFO: Run Behavior\WriteHtmlCacheBehavior [ RunTime:0.000033s ]
INFO: Run Behavior\TokenBuildBehavior [ RunTime:0.000114s ]
INFO: [ view_filter ] --END-- [ RunTime:0.000184s ]
INFO: [ app_end ] --START--
INFO: Run Behavior\ShowPageTraceBehavior [ RunTime:0.000058s ]
INFO: [ app_end ] --END-- [ RunTime:0.000111s ]

[ 2018-04-02T11:09:37+08:00 ] 42.236.49.226 /index.php/Home/Checklogin/tx_yanglao.html
INFO: [ app_init ] --START--
INFO: Run Behavior\BuildLiteBehavior [ RunTime:0.000008s ]
INFO: [ app_init ] --END-- [ RunTime:0.000048s ]
NOTIC: [8] Use of undefined constant TPSHOP_CACHE_TIME - assumed 'TPSHOP_CACHE_TIME' /data/www/pc.zhongguoshebaodaili.cn/wwwroot/Application/Home/Conf/config.php 第 18 行.
NOTIC: [8] Use of undefined constant TPSHOP_CACHE_TIME - assumed 'TPSHOP_CACHE_TIME' /data/www/pc.zhongguoshebaodaili.cn/wwwroot/Application/Home/Conf/config.php 第 22 行.
NOTIC: [8] Use of undefined constant TPSHOP_CACHE_TIME - assumed 'TPSHOP_CACHE_TIME' /data/www/pc.zhongguoshebaodaili.cn/wwwroot/Application/Home/Conf/config.php 第 23 行.
NOTIC: [8] Use of undefined constant TPSHOP_CACHE_TIME - assumed 'TPSHOP_CACHE_TIME' /data/www/pc.zhongguoshebaodaili.cn/wwwroot/Application/Home/Conf/config.php 第 24 行.
NOTIC: [8] Use of undefined constant TPSHOP_CACHE_TIME - assumed 'TPSHOP_CACHE_TIME' /data/www/pc.zhongguoshebaodaili.cn/wwwroot/Application/Home/Conf/config.php 第 26 行.
INFO: [ app_begin ] --START--
INFO: Run Behavior\ReadHtmlCacheBehavior [ RunTime:0.000030s ]
INFO: [ app_begin ] --END-- [ RunTime:0.000057s ]
NOTIC: [8] Use of undefined constant TPSHOP_CACHE_TIME - assumed 'TPSHOP_CACHE_TIME' /data/www/pc.zhongguoshebaodaili.cn/wwwroot/Application/Home/Controller/BaseController.class.php 第 39 行.
NOTIC: [8] Undefined variable: arr /data/www/pc.zhongguoshebaodaili.cn/wwwroot/Application/Common/Common/common.php 第 2333 行.
NOTIC: [2] Invalid argument supplied for foreach() /data/www/pc.zhongguoshebaodaili.cn/wwwroot/Application/Common/Common/common.php 第 2333 行.
NOTIC: [8] Undefined variable: tree /data/www/pc.zhongguoshebaodaili.cn/wwwroot/Application/Common/Common/common.php 第 2339 行.
NOTIC: [2] Invalid argument supplied for foreach() /data/www/pc.zhongguoshebaodaili.cn/wwwroot/Application/Common/Common/common.php 第 2339 行.
NOTIC: [8] Use of undefined constant TPSHOP_CACHE_TIME - assumed 'TPSHOP_CACHE_TIME' /data/www/pc.zhongguoshebaodaili.cn/wwwroot/Application/Home/Controller/BaseController.class.php 第 50 行.
INFO: [ view_begin ] --START--
INFO: Run Home\Behaviors\testBehavior [ RunTime:0.000044s ]
INFO: [ view_begin ] --END-- [ RunTime:0.000075s ]
INFO: [ view_parse ] --START--
INFO: [ template_filter ] --START--
INFO: Run Behavior\ContentReplaceBehavior [ RunTime:0.000033s ]
INFO: [ template_filter ] --END-- [ RunTime:0.000066s ]
INFO: Run Behavior\ParseTemplateBehavior [ RunTime:0.001563s ]
INFO: [ view_parse ] --END-- [ RunTime:0.001595s ]
INFO: [ view_filter ] --START--
INFO: Run Behavior\WriteHtmlCacheBehavior [ RunTime:0.000037s ]
INFO: Run Behavior\TokenBuildBehavior [ RunTime:0.000058s ]
INFO: [ view_filter ] --END-- [ RunTime:0.000153s ]

[ 2018-04-02T11:09:37+08:00 ] 42.236.49.226 /index.php/Home/Checklogin/sb_editinfo.html
INFO: [ app_init ] --START--
INFO: Run Behavior\BuildLiteBehavior [ RunTime:0.000009s ]
INFO: [ app_init ] --END-- [ RunTime:0.000065s ]
NOTIC: [8] Use of undefined constant TPSHOP_CACHE_TIME - assumed 'TPSHOP_CACHE_TIME' /data/www/pc.zhongguoshebaodaili.cn/wwwroot/Application/Home/Conf/config.php 第 18 行.
NOTIC: [8] Use of undefined constant TPSHOP_CACHE_TIME - assumed 'TPSHOP_CACHE_TIME' /data/www/pc.zhongguoshebaodaili.cn/wwwroot/Application/Home/Conf/config.php 第 22 行.
NOTIC: [8] Use of undefined constant TPSHOP_CACHE_TIME - assumed 'TPSHOP_CACHE_TIME' /data/www/pc.zhongguoshebaodaili.cn/wwwroot/Application/Home/Conf/config.php 第 23 行.
NOTIC: [8] Use of undefined constant TPSHOP_CACHE_TIME - assumed 'TPSHOP_CACHE_TIME' /data/www/pc.zhongguoshebaodaili.cn/wwwroot/Application/Home/Conf/config.php 第 24 行.
NOTIC: [8] Use of undefined constant TPSHOP_CACHE_TIME - assumed 'TPSHOP_CACHE_TIME' /data/www/pc.zhongguoshebaodaili.cn/wwwroot/Application/Home/Conf/config.php 第 26 行.
INFO: [ app_begin ] --START--
INFO: Run Behavior\ReadHtmlCacheBehavior [ RunTime:0.000067s ]
INFO: [ app_begin ] --END-- [ RunTime:0.000101s ]
NOTIC: [8] Use of undefined constant TPSHOP_CACHE_TIME - assumed 'TPSHOP_CACHE_TIME' /data/www/pc.zhongguoshebaodaili.cn/wwwroot/Application/Home/Controller/BaseController.class.php 第 39 行.
NOTIC: [8] Undefined variable: arr /data/www/pc.zhongguoshebaodaili.cn/wwwroot/Application/Common/Common/common.php 第 2333 行.
NOTIC: [2] Invalid argument supplied for foreach() /data/www/pc.zhongguoshebaodaili.cn/wwwroot/Application/Common/Common/common.php 第 2333 行.
NOTIC: [8] Undefined variable: tree /data/www/pc.zhongguoshebaodaili.cn/wwwroot/Application/Common/Common/common.php 第 2339 行.
NOTIC: [2] Invalid argument supplied for foreach() /data/www/pc.zhongguoshebaodaili.cn/wwwroot/Application/Common/Common/common.php 第 2339 行.
NOTIC: [8] Use of undefined constant TPSHOP_CACHE_TIME - assumed 'TPSHOP_CACHE_TIME' /data/www/pc.zhongguoshebaodaili.cn/wwwroot/Application/Home/Controller/BaseController.class.php 第 50 行.
INFO: [ view_begin ] --START--
INFO: Run Home\Behaviors\testBehavior [ RunTime:0.000041s ]
INFO: [ view_begin ] --END-- [ RunTime:0.000098s ]
INFO: [ view_parse ] --START--
INFO: [ template_filter ] --START--
INFO: Run Behavior\ContentReplaceBehavior [ RunTime:0.000027s ]
INFO: [ template_filter ] --END-- [ RunTime:0.000057s ]
INFO: Run Behavior\ParseTemplateBehavior [ RunTime:0.001347s ]
INFO: [ view_parse ] --END-- [ RunTime:0.001377s ]
INFO: [ view_filter ] --START--
INFO: Run Behavior\WriteHtmlCacheBehavior [ RunTime:0.000023s ]
INFO: Run Behavior\TokenBuildBehavior [ RunTime:0.000041s ]
INFO: [ view_filter ] --END-- [ RunTime:0.000097s ]

[ 2018-04-02T11:09:37+08:00 ] 42.236.49.226 /index.php/Home/Checklogin/login.html
INFO: [ app_init ] --START--
INFO: Run Behavior\BuildLiteBehavior [ RunTime:0.000010s ]
INFO: [ app_init ] --END-- [ RunTime:0.000070s ]
NOTIC: [8] Use of undefined constant TPSHOP_CACHE_TIME - assumed 'TPSHOP_CACHE_TIME' /data/www/pc.zhongguoshebaodaili.cn/wwwroot/Application/Home/Conf/config.php 第 18 行.
NOTIC: [8] Use of undefined constant TPSHOP_CACHE_TIME - assumed 'TPSHOP_CACHE_TIME' /data/www/pc.zhongguoshebaodaili.cn/wwwroot/Application/Home/Conf/config.php 第 22 行.
NOTIC: [8] Use of undefined constant TPSHOP_CACHE_TIME - assumed 'TPSHOP_CACHE_TIME' /data/www/pc.zhongguoshebaodaili.cn/wwwroot/Application/Home/Conf/config.php 第 23 行.
NOTIC: [8] Use of undefined constant TPSHOP_CACHE_TIME - assumed 'TPSHOP_CACHE_TIME' /data/www/pc.zhongguoshebaodaili.cn/wwwroot/Application/Home/Conf/config.php 第 24 行.
NOTIC: [8] Use of undefined constant TPSHOP_CACHE_TIME - assumed 'TPSHOP_CACHE_TIME' /data/www/pc.zhongguoshebaodaili.cn/wwwroot/Application/Home/Conf/config.php 第 26 行.
INFO: [ app_begin ] --START--
INFO: Run Behavior\ReadHtmlCacheBehavior [ RunTime:0.000041s ]
INFO: [ app_begin ] --END-- [ RunTime:0.000069s ]
NOTIC: [8] Use of undefined constant TPSHOP_CACHE_TIME - assumed 'TPSHOP_CACHE_TIME' /data/www/pc.zhongguoshebaodaili.cn/wwwroot/Application/Home/Controller/BaseController.class.php 第 39 行.
NOTIC: [8] Undefined variable: arr /data/www/pc.zhongguoshebaodaili.cn/wwwroot/Application/Common/Common/common.php 第 2333 行.
NOTIC: [2] Invalid argument supplied for foreach() /data/www/pc.zhongguoshebaodaili.cn/wwwroot/Application/Common/Common/common.php 第 2333 行.
NOTIC: [8] Undefined variable: tree /data/www/pc.zhongguoshebaodaili.cn/wwwroot/Application/Common/Common/common.php 第 2339 行.
NOTIC: [2] Invalid argument supplied for foreach() /data/www/pc.zhongguoshebaodaili.cn/wwwroot/Application/Common/Common/common.php 第 2339 行.
NOTIC: [8] Use of undefined constant TPSHOP_CACHE_TIME - assumed 'TPSHOP_CACHE_TIME' /data/www/pc.zhongguoshebaodaili.cn/wwwroot/Application/Home/Controller/BaseController.class.php 第 50 行.
NOTIC: [8] Undefined index: account_name /data/www/pc.zhongguoshebaodaili.cn/wwwroot/Application/Home/Controller/CheckloginController.class.php 第 39 行.
NOTIC: [8] Undefined index: user_type /data/www/pc.zhongguoshebaodaili.cn/wwwroot/Application/Home/Controller/CheckloginController.class.php 第 62 行.
INFO: [ view_begin ] --START--
INFO: Run Home\Behaviors\testBehavior [ RunTime:0.000072s ]
INFO: [ view_begin ] --END-- [ RunTime:0.000100s ]
INFO: [ view_parse ] --START--
INFO: [ template_filter ] --START--
INFO: Run Behavior\ContentReplaceBehavior [ RunTime:0.000078s ]
INFO: [ template_filter ] --END-- [ RunTime:0.000110s ]
INFO: Run Behavior\ParseTemplateBehavior [ RunTime:0.006082s ]
INFO: [ view_parse ] --END-- [ RunTime:0.006115s ]
INFO: [ view_filter ] --START--
INFO: Run Behavior\WriteHtmlCacheBehavior [ RunTime:0.000026s ]
INFO: Run Behavior\TokenBuildBehavior [ RunTime:0.000100s ]
INFO: [ view_filter ] --END-- [ RunTime:0.000161s ]
INFO: [ app_end ] --START--
INFO: Run Behavior\ShowPageTraceBehavior [ RunTime:0.000028s ]
INFO: [ app_end ] --END-- [ RunTime:0.000051s ]

[ 2018-04-02T11:09:37+08:00 ] 42.236.49.226 /index.php/Home/Checklogin/own_money.html
INFO: [ app_init ] --START--
INFO: Run Behavior\BuildLiteBehavior [ RunTime:0.000007s ]
INFO: [ app_init ] --END-- [ RunTime:0.000047s ]
NOTIC: [8] Use of undefined constant TPSHOP_CACHE_TIME - assumed 'TPSHOP_CACHE_TIME' /data/www/pc.zhongguoshebaodaili.cn/wwwroot/Application/Home/Conf/config.php 第 18 行.
NOTIC: [8] Use of undefined constant TPSHOP_CACHE_TIME - assumed 'TPSHOP_CACHE_TIME' /data/www/pc.zhongguoshebaodaili.cn/wwwroot/Application/Home/Conf/config.php 第 22 行.
NOTIC: [8] Use of undefined constant TPSHOP_CACHE_TIME - assumed 'TPSHOP_CACHE_TIME' /data/www/pc.zhongguoshebaodaili.cn/wwwroot/Application/Home/Conf/config.php 第 23 行.
NOTIC: [8] Use of undefined constant TPSHOP_CACHE_TIME - assumed 'TPSHOP_CACHE_TIME' /data/www/pc.zhongguoshebaodaili.cn/wwwroot/Application/Home/Conf/config.php 第 24 行.
NOTIC: [8] Use of undefined constant TPSHOP_CACHE_TIME - assumed 'TPSHOP_CACHE_TIME' /data/www/pc.zhongguoshebaodaili.cn/wwwroot/Application/Home/Conf/config.php 第 26 行.
INFO: [ app_begin ] --START--
INFO: Run Behavior\ReadHtmlCacheBehavior [ RunTime:0.000030s ]
INFO: [ app_begin ] --END-- [ RunTime:0.000058s ]
NOTIC: [8] Use of undefined constant TPSHOP_CACHE_TIME - assumed 'TPSHOP_CACHE_TIME' /data/www/pc.zhongguoshebaodaili.cn/wwwroot/Application/Home/Controller/BaseController.class.php 第 39 行.
NOTIC: [8] Undefined variable: arr /data/www/pc.zhongguoshebaodaili.cn/wwwroot/Application/Common/Common/common.php 第 2333 行.
NOTIC: [2] Invalid argument supplied for foreach() /data/www/pc.zhongguoshebaodaili.cn/wwwroot/Application/Common/Common/common.php 第 2333 行.
NOTIC: [8] Undefined variable: tree /data/www/pc.zhongguoshebaodaili.cn/wwwroot/Application/Common/Common/common.php 第 2339 行.
NOTIC: [2] Invalid argument supplied for foreach() /data/www/pc.zhongguoshebaodaili.cn/wwwroot/Application/Common/Common/common.php 第 2339 行.
NOTIC: [8] Use of undefined constant TPSHOP_CACHE_TIME - assumed 'TPSHOP_CACHE_TIME' /data/www/pc.zhongguoshebaodaili.cn/wwwroot/Application/Home/Controller/BaseController.class.php 第 50 行.
INFO: [ view_begin ] --START--
INFO: Run Home\Behaviors\testBehavior [ RunTime:0.000038s ]
INFO: [ view_begin ] --END-- [ RunTime:0.000065s ]
INFO: [ view_parse ] --START--
INFO: [ template_filter ] --START--
INFO: Run Behavior\ContentReplaceBehavior [ RunTime:0.000028s ]
INFO: [ template_filter ] --END-- [ RunTime:0.000082s ]
INFO: Run Behavior\ParseTemplateBehavior [ RunTime:0.001231s ]
INFO: [ view_parse ] --END-- [ RunTime:0.001260s ]
INFO: [ view_filter ] --START--
INFO: Run Behavior\WriteHtmlCacheBehavior [ RunTime:0.000024s ]
INFO: Run Behavior\TokenBuildBehavior [ RunTime:0.000044s ]
INFO: [ view_filter ] --END-- [ RunTime:0.000100s ]

[ 2018-04-02T11:09:37+08:00 ] 42.236.49.226 /index.php/Home/Checklogin/shebao_zhuanyi.html
INFO: [ app_init ] --START--
INFO: Run Behavior\BuildLiteBehavior [ RunTime:0.000007s ]
INFO: [ app_init ] --END-- [ RunTime:0.000047s ]
NOTIC: [8] Use of undefined constant TPSHOP_CACHE_TIME - assumed 'TPSHOP_CACHE_TIME' /data/www/pc.zhongguoshebaodaili.cn/wwwroot/Application/Home/Conf/config.php 第 18 行.
NOTIC: [8] Use of undefined constant TPSHOP_CACHE_TIME - assumed 'TPSHOP_CACHE_TIME' /data/www/pc.zhongguoshebaodaili.cn/wwwroot/Application/Home/Conf/config.php 第 22 行.
NOTIC: [8] Use of undefined constant TPSHOP_CACHE_TIME - assumed 'TPSHOP_CACHE_TIME' /data/www/pc.zhongguoshebaodaili.cn/wwwroot/Application/Home/Conf/config.php 第 23 行.
NOTIC: [8] Use of undefined constant TPSHOP_CACHE_TIME - assumed 'TPSHOP_CACHE_TIME' /data/www/pc.zhongguoshebaodaili.cn/wwwroot/Application/Home/Conf/config.php 第 24 行.
NOTIC: [8] Use of undefined constant TPSHOP_CACHE_TIME - assumed 'TPSHOP_CACHE_TIME' /data/www/pc.zhongguoshebaodaili.cn/wwwroot/Application/Home/Conf/config.php 第 26 行.
INFO: [ app_begin ] --START--
INFO: Run Behavior\ReadHtmlCacheBehavior [ RunTime:0.000028s ]
INFO: [ app_begin ] --END-- [ RunTime:0.000087s ]
NOTIC: [8] Use of undefined constant TPSHOP_CACHE_TIME - assumed 'TPSHOP_CACHE_TIME' /data/www/pc.zhongguoshebaodaili.cn/wwwroot/Application/Home/Controller/BaseController.class.php 第 39 行.
NOTIC: [8] Undefined variable: arr /data/www/pc.zhongguoshebaodaili.cn/wwwroot/Application/Common/Common/common.php 第 2333 行.
NOTIC: [2] Invalid argument supplied for foreach() /data/www/pc.zhongguoshebaodaili.cn/wwwroot/Application/Common/Common/common.php 第 2333 行.
NOTIC: [8] Undefined variable: tree /data/www/pc.zhongguoshebaodaili.cn/wwwroot/Application/Common/Common/common.php 第 2339 行.
NOTIC: [2] Invalid argument supplied for foreach() /data/www/pc.zhongguoshebaodaili.cn/wwwroot/Application/Common/Common/common.php 第 2339 行.
NOTIC: [8] Use of undefined constant TPSHOP_CACHE_TIME - assumed 'TPSHOP_CACHE_TIME' /data/www/pc.zhongguoshebaodaili.cn/wwwroot/Application/Home/Controller/BaseController.class.php 第 50 行.
INFO: [ view_begin ] --START--
INFO: Run Home\Behaviors\testBehavior [ RunTime:0.000037s ]
INFO: [ view_begin ] --END-- [ RunTime:0.000064s ]
INFO: [ view_parse ] --START--
INFO: [ template_filter ] --START--
INFO: Run Behavior\ContentReplaceBehavior [ RunTime:0.000026s ]
INFO: [ template_filter ] --END-- [ RunTime:0.000054s ]
INFO: Run Behavior\ParseTemplateBehavior [ RunTime:0.001255s ]
INFO: [ view_parse ] --END-- [ RunTime:0.001283s ]
INFO: [ view_filter ] --START--
INFO: Run Behavior\WriteHtmlCacheBehavior [ RunTime:0.000026s ]
INFO: Run Behavior\TokenBuildBehavior [ RunTime:0.000043s ]
INFO: [ view_filter ] --END-- [ RunTime:0.000108s ]

[ 2018-04-02T12:14:05+08:00 ] 106.11.156.91 /index.php/Home/Checklogin/rc_yingjin.html
INFO: [ app_init ] --START--
INFO: Run Behavior\BuildLiteBehavior [ RunTime:0.000011s ]
INFO: [ app_init ] --END-- [ RunTime:0.000076s ]
NOTIC: [8] Use of undefined constant TPSHOP_CACHE_TIME - assumed 'TPSHOP_CACHE_TIME' /data/www/pc.zhongguoshebaodaili.cn/wwwroot/Application/Home/Conf/config.php 第 18 行.
NOTIC: [8] Use of undefined constant TPSHOP_CACHE_TIME - assumed 'TPSHOP_CACHE_TIME' /data/www/pc.zhongguoshebaodaili.cn/wwwroot/Application/Home/Conf/config.php 第 22 行.
NOTIC: [8] Use of undefined constant TPSHOP_CACHE_TIME - assumed 'TPSHOP_CACHE_TIME' /data/www/pc.zhongguoshebaodaili.cn/wwwroot/Application/Home/Conf/config.php 第 23 行.
NOTIC: [8] Use of undefined constant TPSHOP_CACHE_TIME - assumed 'TPSHOP_CACHE_TIME' /data/www/pc.zhongguoshebaodaili.cn/wwwroot/Application/Home/Conf/config.php 第 24 行.
NOTIC: [8] Use of undefined constant TPSHOP_CACHE_TIME - assumed 'TPSHOP_CACHE_TIME' /data/www/pc.zhongguoshebaodaili.cn/wwwroot/Application/Home/Conf/config.php 第 26 行.
INFO: [ app_begin ] --START--
INFO: Run Behavior\ReadHtmlCacheBehavior [ RunTime:0.000047s ]
INFO: [ app_begin ] --END-- [ RunTime:0.000079s ]
NOTIC: [8] Use of undefined constant TPSHOP_CACHE_TIME - assumed 'TPSHOP_CACHE_TIME' /data/www/pc.zhongguoshebaodaili.cn/wwwroot/Application/Home/Controller/BaseController.class.php 第 39 行.
NOTIC: [8] Undefined variable: arr /data/www/pc.zhongguoshebaodaili.cn/wwwroot/Application/Common/Common/common.php 第 2333 行.
NOTIC: [2] Invalid argument supplied for foreach() /data/www/pc.zhongguoshebaodaili.cn/wwwroot/Application/Common/Common/common.php 第 2333 行.
NOTIC: [8] Undefined variable: tree /data/www/pc.zhongguoshebaodaili.cn/wwwroot/Application/Common/Common/common.php 第 2339 行.
NOTIC: [2] Invalid argument supplied for foreach() /data/www/pc.zhongguoshebaodaili.cn/wwwroot/Application/Common/Common/common.php 第 2339 行.
NOTIC: [8] Use of undefined constant TPSHOP_CACHE_TIME - assumed 'TPSHOP_CACHE_TIME' /data/www/pc.zhongguoshebaodaili.cn/wwwroot/Application/Home/Controller/BaseController.class.php 第 50 行.
INFO: [ view_begin ] --START--
INFO: Run Home\Behaviors\testBehavior [ RunTime:0.000054s ]
INFO: [ view_begin ] --END-- [ RunTime:0.000082s ]
INFO: [ view_parse ] --START--
INFO: [ template_filter ] --START--
INFO: Run Behavior\ContentReplaceBehavior [ RunTime:0.000028s ]
INFO: [ template_filter ] --END-- [ RunTime:0.000057s ]
INFO: Run Behavior\ParseTemplateBehavior [ RunTime:0.001415s ]
INFO: [ view_parse ] --END-- [ RunTime:0.001443s ]
INFO: [ view_filter ] --START--
INFO: Run Behavior\WriteHtmlCacheBehavior [ RunTime:0.000031s ]
INFO: Run Behavior\TokenBuildBehavior [ RunTime:0.000053s ]
INFO: [ view_filter ] --END-- [ RunTime:0.000117s ]

[ 2018-04-02T12:21:16+08:00 ] 42.156.136.72 /index.php/Home/Checklogin/rc_yingjin.html
INFO: [ app_init ] --START--
INFO: Run Behavior\BuildLiteBehavior [ RunTime:0.000011s ]
INFO: [ app_init ] --END-- [ RunTime:0.000069s ]
NOTIC: [8] Use of undefined constant TPSHOP_CACHE_TIME - assumed 'TPSHOP_CACHE_TIME' /data/www/pc.zhongguoshebaodaili.cn/wwwroot/Application/Home/Conf/config.php 第 18 行.
NOTIC: [8] Use of undefined constant TPSHOP_CACHE_TIME - assumed 'TPSHOP_CACHE_TIME' /data/www/pc.zhongguoshebaodaili.cn/wwwroot/Application/Home/Conf/config.php 第 22 行.
NOTIC: [8] Use of undefined constant TPSHOP_CACHE_TIME - assumed 'TPSHOP_CACHE_TIME' /data/www/pc.zhongguoshebaodaili.cn/wwwroot/Application/Home/Conf/config.php 第 23 行.
NOTIC: [8] Use of undefined constant TPSHOP_CACHE_TIME - assumed 'TPSHOP_CACHE_TIME' /data/www/pc.zhongguoshebaodaili.cn/wwwroot/Application/Home/Conf/config.php 第 24 行.
NOTIC: [8] Use of undefined constant TPSHOP_CACHE_TIME - assumed 'TPSHOP_CACHE_TIME' /data/www/pc.zhongguoshebaodaili.cn/wwwroot/Application/Home/Conf/config.php 第 26 行.
INFO: [ app_begin ] --START--
INFO: Run Behavior\ReadHtmlCacheBehavior [ RunTime:0.000053s ]
INFO: [ app_begin ] --END-- [ RunTime:0.000085s ]
NOTIC: [8] Use of undefined constant TPSHOP_CACHE_TIME - assumed 'TPSHOP_CACHE_TIME' /data/www/pc.zhongguoshebaodaili.cn/wwwroot/Application/Home/Controller/BaseController.class.php 第 39 行.
NOTIC: [8] Undefined variable: arr /data/www/pc.zhongguoshebaodaili.cn/wwwroot/Application/Common/Common/common.php 第 2333 行.
NOTIC: [2] Invalid argument supplied for foreach() /data/www/pc.zhongguoshebaodaili.cn/wwwroot/Application/Common/Common/common.php 第 2333 行.
NOTIC: [8] Undefined variable: tree /data/www/pc.zhongguoshebaodaili.cn/wwwroot/Application/Common/Common/common.php 第 2339 行.
NOTIC: [2] Invalid argument supplied for foreach() /data/www/pc.zhongguoshebaodaili.cn/wwwroot/Application/Common/Common/common.php 第 2339 行.
NOTIC: [8] Use of undefined constant TPSHOP_CACHE_TIME - assumed 'TPSHOP_CACHE_TIME' /data/www/pc.zhongguoshebaodaili.cn/wwwroot/Application/Home/Controller/BaseController.class.php 第 50 行.
INFO: [ view_begin ] --START--
INFO: Run Home\Behaviors\testBehavior [ RunTime:0.000075s ]
INFO: [ view_begin ] --END-- [ RunTime:0.000105s ]
INFO: [ view_parse ] --START--
INFO: [ template_filter ] --START--
INFO: Run Behavior\ContentReplaceBehavior [ RunTime:0.000027s ]
INFO: [ template_filter ] --END-- [ RunTime:0.000056s ]
INFO: Run Behavior\ParseTemplateBehavior [ RunTime:0.001451s ]
INFO: [ view_parse ] --END-- [ RunTime:0.001483s ]
INFO: [ view_filter ] --START--
INFO: Run Behavior\WriteHtmlCacheBehavior [ RunTime:0.000033s ]
INFO: Run Behavior\TokenBuildBehavior [ RunTime:0.000052s ]
INFO: [ view_filter ] --END-- [ RunTime:0.000118s ]

[ 2018-04-02T12:21:17+08:00 ] 42.156.138.72 /index.php/Home/Checklogin/login.html
INFO: [ app_init ] --START--
INFO: Run Behavior\BuildLiteBehavior [ RunTime:0.000010s ]
INFO: [ app_init ] --END-- [ RunTime:0.000067s ]
NOTIC: [8] Use of undefined constant TPSHOP_CACHE_TIME - assumed 'TPSHOP_CACHE_TIME' /data/www/pc.zhongguoshebaodaili.cn/wwwroot/Application/Home/Conf/config.php 第 18 行.
NOTIC: [8] Use of undefined constant TPSHOP_CACHE_TIME - assumed 'TPSHOP_CACHE_TIME' /data/www/pc.zhongguoshebaodaili.cn/wwwroot/Application/Home/Conf/config.php 第 22 行.
NOTIC: [8] Use of undefined constant TPSHOP_CACHE_TIME - assumed 'TPSHOP_CACHE_TIME' /data/www/pc.zhongguoshebaodaili.cn/wwwroot/Application/Home/Conf/config.php 第 23 行.
NOTIC: [8] Use of undefined constant TPSHOP_CACHE_TIME - assumed 'TPSHOP_CACHE_TIME' /data/www/pc.zhongguoshebaodaili.cn/wwwroot/Application/Home/Conf/config.php 第 24 行.
NOTIC: [8] Use of undefined constant TPSHOP_CACHE_TIME - assumed 'TPSHOP_CACHE_TIME' /data/www/pc.zhongguoshebaodaili.cn/wwwroot/Application/Home/Conf/config.php 第 26 行.
INFO: [ app_begin ] --START--
INFO: Run Behavior\ReadHtmlCacheBehavior [ RunTime:0.000035s ]
INFO: [ app_begin ] --END-- [ RunTime:0.000062s ]
NOTIC: [8] Use of undefined constant TPSHOP_CACHE_TIME - assumed 'TPSHOP_CACHE_TIME' /data/www/pc.zhongguoshebaodaili.cn/wwwroot/Application/Home/Controller/BaseController.class.php 第 39 行.
NOTIC: [8] Undefined variable: arr /data/www/pc.zhongguoshebaodaili.cn/wwwroot/Application/Common/Common/common.php 第 2333 行.
NOTIC: [2] Invalid argument supplied for foreach() /data/www/pc.zhongguoshebaodaili.cn/wwwroot/Application/Common/Common/common.php 第 2333 行.
NOTIC: [8] Undefined variable: tree /data/www/pc.zhongguoshebaodaili.cn/wwwroot/Application/Common/Common/common.php 第 2339 行.
NOTIC: [2] Invalid argument supplied for foreach() /data/www/pc.zhongguoshebaodaili.cn/wwwroot/Application/Common/Common/common.php 第 2339 行.
NOTIC: [8] Use of undefined constant TPSHOP_CACHE_TIME - assumed 'TPSHOP_CACHE_TIME' /data/www/pc.zhongguoshebaodaili.cn/wwwroot/Application/Home/Controller/BaseController.class.php 第 50 行.
NOTIC: [8] Undefined index: account_name /data/www/pc.zhongguoshebaodaili.cn/wwwroot/Application/Home/Controller/CheckloginController.class.php 第 39 行.
NOTIC: [8] Undefined index: user_type /data/www/pc.zhongguoshebaodaili.cn/wwwroot/Application/Home/Controller/CheckloginController.class.php 第 62 行.
INFO: [ view_begin ] --START--
INFO: Run Home\Behaviors\testBehavior [ RunTime:0.000046s ]
INFO: [ view_begin ] --END-- [ RunTime:0.000075s ]
INFO: [ view_parse ] --START--
INFO: [ template_filter ] --START--
INFO: Run Behavior\ContentReplaceBehavior [ RunTime:0.000088s ]
INFO: [ template_filter ] --END-- [ RunTime:0.000125s ]
INFO: Run Behavior\ParseTemplateBehavior [ RunTime:0.007019s ]
INFO: [ view_parse ] --END-- [ RunTime:0.007052s ]
INFO: [ view_filter ] --START--
INFO: Run Behavior\WriteHtmlCacheBehavior [ RunTime:0.000033s ]
INFO: Run Behavior\TokenBuildBehavior [ RunTime:0.000120s ]
INFO: [ view_filter ] --END-- [ RunTime:0.000201s ]
INFO: [ app_end ] --START--
INFO: Run Behavior\ShowPageTraceBehavior [ RunTime:0.000034s ]
INFO: [ app_end ] --END-- [ RunTime:0.000059s ]

[ 2018-04-02T12:21:18+08:00 ] 42.120.161.72 /index.php/Home/Checklogin/verify.html
INFO: [ app_init ] --START--
INFO: Run Behavior\BuildLiteBehavior [ RunTime:0.000011s ]
INFO: [ app_init ] --END-- [ RunTime:0.000073s ]
NOTIC: [8] Use of undefined constant TPSHOP_CACHE_TIME - assumed 'TPSHOP_CACHE_TIME' /data/www/pc.zhongguoshebaodaili.cn/wwwroot/Application/Home/Conf/config.php 第 18 行.
NOTIC: [8] Use of undefined constant TPSHOP_CACHE_TIME - assumed 'TPSHOP_CACHE_TIME' /data/www/pc.zhongguoshebaodaili.cn/wwwroot/Application/Home/Conf/config.php 第 22 行.
NOTIC: [8] Use of undefined constant TPSHOP_CACHE_TIME - assumed 'TPSHOP_CACHE_TIME' /data/www/pc.zhongguoshebaodaili.cn/wwwroot/Application/Home/Conf/config.php 第 23 行.
NOTIC: [8] Use of undefined constant TPSHOP_CACHE_TIME - assumed 'TPSHOP_CACHE_TIME' /data/www/pc.zhongguoshebaodaili.cn/wwwroot/Application/Home/Conf/config.php 第 24 行.
NOTIC: [8] Use of undefined constant TPSHOP_CACHE_TIME - assumed 'TPSHOP_CACHE_TIME' /data/www/pc.zhongguoshebaodaili.cn/wwwroot/Application/Home/Conf/config.php 第 26 行.
INFO: [ app_begin ] --START--
INFO: Run Behavior\ReadHtmlCacheBehavior [ RunTime:0.000040s ]
INFO: [ app_begin ] --END-- [ RunTime:0.000071s ]
NOTIC: [8] Use of undefined constant TPSHOP_CACHE_TIME - assumed 'TPSHOP_CACHE_TIME' /data/www/pc.zhongguoshebaodaili.cn/wwwroot/Application/Home/Controller/BaseController.class.php 第 39 行.
NOTIC: [8] Undefined variable: arr /data/www/pc.zhongguoshebaodaili.cn/wwwroot/Application/Common/Common/common.php 第 2333 行.
NOTIC: [2] Invalid argument supplied for foreach() /data/www/pc.zhongguoshebaodaili.cn/wwwroot/Application/Common/Common/common.php 第 2333 行.
NOTIC: [8] Undefined variable: tree /data/www/pc.zhongguoshebaodaili.cn/wwwroot/Application/Common/Common/common.php 第 2339 行.
NOTIC: [2] Invalid argument supplied for foreach() /data/www/pc.zhongguoshebaodaili.cn/wwwroot/Application/Common/Common/common.php 第 2339 行.
NOTIC: [8] Use of undefined constant TPSHOP_CACHE_TIME - assumed 'TPSHOP_CACHE_TIME' /data/www/pc.zhongguoshebaodaili.cn/wwwroot/Application/Home/Controller/BaseController.class.php 第 50 行.
NOTIC: [8] Undefined index: account_name /data/www/pc.zhongguoshebaodaili.cn/wwwroot/Application/Home/Controller/CheckloginController.class.php 第 39 行.
NOTIC: [8] Undefined index: user_type /data/www/pc.zhongguoshebaodaili.cn/wwwroot/Application/Home/Controller/CheckloginController.class.php 第 62 行.
INFO: [ app_end ] --START--
INFO: Run Behavior\ShowPageTraceBehavior [ RunTime:0.000036s ]
INFO: [ app_end ] --END-- [ RunTime:0.000074s ]

[ 2018-04-02T16:08:59+08:00 ] 115.35.201.9 /
INFO: [ app_init ] --START--
INFO: Run Behavior\BuildLiteBehavior [ RunTime:0.000012s ]
INFO: [ app_init ] --END-- [ RunTime:0.000076s ]
NOTIC: [8] Use of undefined constant TPSHOP_CACHE_TIME - assumed 'TPSHOP_CACHE_TIME' /data/www/pc.zhongguoshebaodaili.cn/wwwroot/Application/Home/Conf/config.php 第 18 行.
NOTIC: [8] Use of undefined constant TPSHOP_CACHE_TIME - assumed 'TPSHOP_CACHE_TIME' /data/www/pc.zhongguoshebaodaili.cn/wwwroot/Application/Home/Conf/config.php 第 22 行.
NOTIC: [8] Use of undefined constant TPSHOP_CACHE_TIME - assumed 'TPSHOP_CACHE_TIME' /data/www/pc.zhongguoshebaodaili.cn/wwwroot/Application/Home/Conf/config.php 第 23 行.
NOTIC: [8] Use of undefined constant TPSHOP_CACHE_TIME - assumed 'TPSHOP_CACHE_TIME' /data/www/pc.zhongguoshebaodaili.cn/wwwroot/Application/Home/Conf/config.php 第 24 行.
NOTIC: [8] Use of undefined constant TPSHOP_CACHE_TIME - assumed 'TPSHOP_CACHE_TIME' /data/www/pc.zhongguoshebaodaili.cn/wwwroot/Application/Home/Conf/config.php 第 26 行.
INFO: [ app_begin ] --START--
INFO: Run Behavior\ReadHtmlCacheBehavior [ RunTime:0.000048s ]
INFO: [ app_begin ] --END-- [ RunTime:0.000081s ]
NOTIC: [8] Use of undefined constant TPSHOP_CACHE_TIME - assumed 'TPSHOP_CACHE_TIME' /data/www/pc.zhongguoshebaodaili.cn/wwwroot/Application/Home/Controller/BaseController.class.php 第 39 行.
NOTIC: [8] Undefined variable: arr /data/www/pc.zhongguoshebaodaili.cn/wwwroot/Application/Common/Common/common.php 第 2333 行.
NOTIC: [2] Invalid argument supplied for foreach() /data/www/pc.zhongguoshebaodaili.cn/wwwroot/Application/Common/Common/common.php 第 2333 行.
NOTIC: [8] Undefined variable: tree /data/www/pc.zhongguoshebaodaili.cn/wwwroot/Application/Common/Common/common.php 第 2339 行.
NOTIC: [2] Invalid argument supplied for foreach() /data/www/pc.zhongguoshebaodaili.cn/wwwroot/Application/Common/Common/common.php 第 2339 行.
NOTIC: [8] Use of undefined constant TPSHOP_CACHE_TIME - assumed 'TPSHOP_CACHE_TIME' /data/www/pc.zhongguoshebaodaili.cn/wwwroot/Application/Home/Controller/BaseController.class.php 第 50 行.
NOTIC: [8] Undefined index: account_name /data/www/pc.zhongguoshebaodaili.cn/wwwroot/Application/Home/Controller/CheckloginController.class.php 第 39 行.
NOTIC: [8] Undefined index: user_type /data/www/pc.zhongguoshebaodaili.cn/wwwroot/Application/Home/Controller/CheckloginController.class.php 第 62 行.
INFO: [ view_begin ] --START--
INFO: Run Home\Behaviors\testBehavior [ RunTime:0.000061s ]
INFO: [ view_begin ] --END-- [ RunTime:0.000091s ]
INFO: [ view_parse ] --START--
INFO: [ template_filter ] --START--
INFO: Run Behavior\ContentReplaceBehavior [ RunTime:0.000086s ]
INFO: [ template_filter ] --END-- [ RunTime:0.000122s ]
INFO: Run Behavior\ParseTemplateBehavior [ RunTime:0.007122s ]
INFO: [ view_parse ] --END-- [ RunTime:0.007154s ]
INFO: [ view_filter ] --START--
INFO: Run Behavior\WriteHtmlCacheBehavior [ RunTime:0.000039s ]
INFO: Run Behavior\TokenBuildBehavior [ RunTime:0.000125s ]
INFO: [ view_filter ] --END-- [ RunTime:0.000203s ]
INFO: [ app_end ] --START--
INFO: Run Behavior\ShowPageTraceBehavior [ RunTime:0.000031s ]
INFO: [ app_end ] --END-- [ RunTime:0.000056s ]

[ 2018-04-02T16:09:00+08:00 ] 115.35.201.9 /index.php/Home/Checklogin/verify.html
INFO: [ app_init ] --START--
INFO: Run Behavior\BuildLiteBehavior [ RunTime:0.000031s ]
INFO: [ app_init ] --END-- [ RunTime:0.000086s ]
NOTIC: [8] Use of undefined constant TPSHOP_CACHE_TIME - assumed 'TPSHOP_CACHE_TIME' /data/www/pc.zhongguoshebaodaili.cn/wwwroot/Application/Home/Conf/config.php 第 18 行.
NOTIC: [8] Use of undefined constant TPSHOP_CACHE_TIME - assumed 'TPSHOP_CACHE_TIME' /data/www/pc.zhongguoshebaodaili.cn/wwwroot/Application/Home/Conf/config.php 第 22 行.
NOTIC: [8] Use of undefined constant TPSHOP_CACHE_TIME - assumed 'TPSHOP_CACHE_TIME' /data/www/pc.zhongguoshebaodaili.cn/wwwroot/Application/Home/Conf/config.php 第 23 行.
NOTIC: [8] Use of undefined constant TPSHOP_CACHE_TIME - assumed 'TPSHOP_CACHE_TIME' /data/www/pc.zhongguoshebaodaili.cn/wwwroot/Application/Home/Conf/config.php 第 24 行.
NOTIC: [8] Use of undefined constant TPSHOP_CACHE_TIME - assumed 'TPSHOP_CACHE_TIME' /data/www/pc.zhongguoshebaodaili.cn/wwwroot/Application/Home/Conf/config.php 第 26 行.
INFO: [ app_begin ] --START--
INFO: Run Behavior\ReadHtmlCacheBehavior [ RunTime:0.000036s ]
INFO: [ app_begin ] --END-- [ RunTime:0.000064s ]
NOTIC: [8] Use of undefined constant TPSHOP_CACHE_TIME - assumed 'TPSHOP_CACHE_TIME' /data/www/pc.zhongguoshebaodaili.cn/wwwroot/Application/Home/Controller/BaseController.class.php 第 39 行.
NOTIC: [8] Undefined variable: arr /data/www/pc.zhongguoshebaodaili.cn/wwwroot/Application/Common/Common/common.php 第 2333 行.
NOTIC: [2] Invalid argument supplied for foreach() /data/www/pc.zhongguoshebaodaili.cn/wwwroot/Application/Common/Common/common.php 第 2333 行.
NOTIC: [8] Undefined variable: tree /data/www/pc.zhongguoshebaodaili.cn/wwwroot/Application/Common/Common/common.php 第 2339 行.
NOTIC: [2] Invalid argument supplied for foreach() /data/www/pc.zhongguoshebaodaili.cn/wwwroot/Application/Common/Common/common.php 第 2339 行.
NOTIC: [8] Use of undefined constant TPSHOP_CACHE_TIME - assumed 'TPSHOP_CACHE_TIME' /data/www/pc.zhongguoshebaodaili.cn/wwwroot/Application/Home/Controller/BaseController.class.php 第 50 行.
NOTIC: [8] Undefined index: account_name /data/www/pc.zhongguoshebaodaili.cn/wwwroot/Application/Home/Controller/CheckloginController.class.php 第 39 行.
NOTIC: [8] Undefined index: user_type /data/www/pc.zhongguoshebaodaili.cn/wwwroot/Application/Home/Controller/CheckloginController.class.php 第 62 行.
INFO: [ app_end ] --START--
INFO: Run Behavior\ShowPageTraceBehavior [ RunTime:0.000030s ]
INFO: [ app_end ] --END-- [ RunTime:0.000063s ]

[ 2018-04-02T16:33:02+08:00 ] 127.0.0.1 /
INFO: [ app_init ] --START--
INFO: Run Behavior\BuildLiteBehavior [ RunTime:0.000278s ]
INFO: [ app_init ] --END-- [ RunTime:0.002600s ]
NOTIC: [8] Use of undefined constant TPSHOP_CACHE_TIME - assumed 'TPSHOP_CACHE_TIME' F:\phpstudy\WWW\wwwroot\Application\Home\Conf\config.php 第 18 行.
NOTIC: [8] Use of undefined constant TPSHOP_CACHE_TIME - assumed 'TPSHOP_CACHE_TIME' F:\phpstudy\WWW\wwwroot\Application\Home\Conf\config.php 第 22 行.
NOTIC: [8] Use of undefined constant TPSHOP_CACHE_TIME - assumed 'TPSHOP_CACHE_TIME' F:\phpstudy\WWW\wwwroot\Application\Home\Conf\config.php 第 23 行.
NOTIC: [8] Use of undefined constant TPSHOP_CACHE_TIME - assumed 'TPSHOP_CACHE_TIME' F:\phpstudy\WWW\wwwroot\Application\Home\Conf\config.php 第 24 行.
NOTIC: [8] Use of undefined constant TPSHOP_CACHE_TIME - assumed 'TPSHOP_CACHE_TIME' F:\phpstudy\WWW\wwwroot\Application\Home\Conf\config.php 第 26 行.
INFO: [ app_begin ] --START--
INFO: Run Behavior\ReadHtmlCacheBehavior [ RunTime:0.001959s ]
INFO: [ app_begin ] --END-- [ RunTime:0.003512s ]
NOTIC: [8] Undefined offset: 0 F:\phpstudy\WWW\wwwroot\ThinkPHP\Library\Think\Db\Driver.class.php 第 113 行.
NOTIC: [8] Undefined offset: 0 F:\phpstudy\WWW\wwwroot\ThinkPHP\Library\Think\Db\Driver.class.php 第 113 行.
NOTIC: [8] Use of undefined constant TPSHOP_CACHE_TIME - assumed 'TPSHOP_CACHE_TIME' F:\phpstudy\WWW\wwwroot\Application\Home\Controller\BaseController.class.php 第 39 行.
NOTIC: [8] Undefined offset: 0 F:\phpstudy\WWW\wwwroot\ThinkPHP\Library\Think\Db\Driver.class.php 第 113 行.
NOTIC: [8] Undefined offset: 0 F:\phpstudy\WWW\wwwroot\ThinkPHP\Library\Think\Db\Driver.class.php 第 113 行.
NOTIC: [8] Undefined variable: arr F:\phpstudy\WWW\wwwroot\Application\Common\Common\common.php 第 2333 行.
NOTIC: [2] Invalid argument supplied for foreach() F:\phpstudy\WWW\wwwroot\Application\Common\Common\common.php 第 2333 行.
NOTIC: [8] Undefined variable: tree F:\phpstudy\WWW\wwwroot\Application\Common\Common\common.php 第 2339 行.
NOTIC: [2] Invalid argument supplied for foreach() F:\phpstudy\WWW\wwwroot\Application\Common\Common\common.php 第 2339 行.
NOTIC: [8] Undefined offset: 0 F:\phpstudy\WWW\wwwroot\ThinkPHP\Library\Think\Db\Driver.class.php 第 113 行.
NOTIC: [8] Undefined offset: 0 F:\phpstudy\WWW\wwwroot\ThinkPHP\Library\Think\Db\Driver.class.php 第 113 行.
NOTIC: [8] Use of undefined constant TPSHOP_CACHE_TIME - assumed 'TPSHOP_CACHE_TIME' F:\phpstudy\WWW\wwwroot\Application\Home\Controller\BaseController.class.php 第 50 行.
NOTIC: [8] Undefined index: account_name F:\phpstudy\WWW\wwwroot\Application\Home\Controller\CheckloginController.class.php 第 39 行.
NOTIC: [8] Undefined index: user_type F:\phpstudy\WWW\wwwroot\Application\Home\Controller\CheckloginController.class.php 第 62 行.
INFO: [ view_begin ] --START--
INFO: Run Home\Behaviors\testBehavior [ RunTime:0.003877s ]
INFO: [ view_begin ] --END-- [ RunTime:0.006087s ]
INFO: [ view_parse ] --START--
INFO: [ template_filter ] --START--
INFO: Run Behavior\ContentReplaceBehavior [ RunTime:0.001602s ]
INFO: [ template_filter ] --END-- [ RunTime:0.003260s ]
INFO: Run Behavior\ParseTemplateBehavior [ RunTime:0.369185s ]
INFO: [ view_parse ] --END-- [ RunTime:0.370942s ]
INFO: [ view_filter ] --START--
INFO: Run Behavior\WriteHtmlCacheBehavior [ RunTime:0.001589s ]
INFO: Run Behavior\TokenBuildBehavior [ RunTime:0.003866s ]
INFO: [ view_filter ] --END-- [ RunTime:0.008218s ]
INFO: [ app_end ] --START--
INFO: Run Behavior\ShowPageTraceBehavior [ RunTime:0.001653s ]
INFO: [ app_end ] --END-- [ RunTime:0.003291s ]

[ 2018-04-02T16:33:09+08:00 ] 127.0.0.1 /index.php/Home/Checklogin/verify.html
INFO: [ app_init ] --START--
INFO: Run Behavior\BuildLiteBehavior [ RunTime:0.000346s ]
INFO: [ app_init ] --END-- [ RunTime:0.002750s ]
NOTIC: [8] Use of undefined constant TPSHOP_CACHE_TIME - assumed 'TPSHOP_CACHE_TIME' F:\phpstudy\WWW\wwwroot\Application\Home\Conf\config.php 第 18 行.
NOTIC: [8] Use of undefined constant TPSHOP_CACHE_TIME - assumed 'TPSHOP_CACHE_TIME' F:\phpstudy\WWW\wwwroot\Application\Home\Conf\config.php 第 22 行.
NOTIC: [8] Use of undefined constant TPSHOP_CACHE_TIME - assumed 'TPSHOP_CACHE_TIME' F:\phpstudy\WWW\wwwroot\Application\Home\Conf\config.php 第 23 行.
NOTIC: [8] Use of undefined constant TPSHOP_CACHE_TIME - assumed 'TPSHOP_CACHE_TIME' F:\phpstudy\WWW\wwwroot\Application\Home\Conf\config.php 第 24 行.
NOTIC: [8] Use of undefined constant TPSHOP_CACHE_TIME - assumed 'TPSHOP_CACHE_TIME' F:\phpstudy\WWW\wwwroot\Application\Home\Conf\config.php 第 26 行.
INFO: [ app_begin ] --START--
INFO: Run Behavior\ReadHtmlCacheBehavior [ RunTime:0.002097s ]
INFO: [ app_begin ] --END-- [ RunTime:0.004086s ]
NOTIC: [8] Undefined offset: 0 F:\phpstudy\WWW\wwwroot\ThinkPHP\Library\Think\Db\Driver.class.php 第 113 行.
NOTIC: [8] Undefined offset: 0 F:\phpstudy\WWW\wwwroot\ThinkPHP\Library\Think\Db\Driver.class.php 第 113 行.
NOTIC: [8] Use of undefined constant TPSHOP_CACHE_TIME - assumed 'TPSHOP_CACHE_TIME' F:\phpstudy\WWW\wwwroot\Application\Home\Controller\BaseController.class.php 第 39 行.
NOTIC: [8] Undefined offset: 0 F:\phpstudy\WWW\wwwroot\ThinkPHP\Library\Think\Db\Driver.class.php 第 113 行.
NOTIC: [8] Undefined offset: 0 F:\phpstudy\WWW\wwwroot\ThinkPHP\Library\Think\Db\Driver.class.php 第 113 行.
NOTIC: [8] Undefined variable: arr F:\phpstudy\WWW\wwwroot\Application\Common\Common\common.php 第 2333 行.
NOTIC: [2] Invalid argument supplied for foreach() F:\phpstudy\WWW\wwwroot\Application\Common\Common\common.php 第 2333 行.
NOTIC: [8] Undefined variable: tree F:\phpstudy\WWW\wwwroot\Application\Common\Common\common.php 第 2339 行.
NOTIC: [2] Invalid argument supplied for foreach() F:\phpstudy\WWW\wwwroot\Application\Common\Common\common.php 第 2339 行.
NOTIC: [8] Undefined offset: 0 F:\phpstudy\WWW\wwwroot\ThinkPHP\Library\Think\Db\Driver.class.php 第 113 行.
NOTIC: [8] Undefined offset: 0 F:\phpstudy\WWW\wwwroot\ThinkPHP\Library\Think\Db\Driver.class.php 第 113 行.
NOTIC: [8] Use of undefined constant TPSHOP_CACHE_TIME - assumed 'TPSHOP_CACHE_TIME' F:\phpstudy\WWW\wwwroot\Application\Home\Controller\BaseController.class.php 第 50 行.
NOTIC: [8] Undefined index: account_name F:\phpstudy\WWW\wwwroot\Application\Home\Controller\CheckloginController.class.php 第 39 行.
NOTIC: [8] Undefined index: user_type F:\phpstudy\WWW\wwwroot\Application\Home\Controller\CheckloginController.class.php 第 62 行.
INFO: [ app_end ] --START--
INFO: Run Behavior\ShowPageTraceBehavior [ RunTime:0.001948s ]
INFO: [ app_end ] --END-- [ RunTime:0.003965s ]

[ 2018-04-02T16:37:55+08:00 ] 127.0.0.1 /index.php/Home/Checklogin/register.html
INFO: [ app_init ] --START--
INFO: Run Behavior\BuildLiteBehavior [ RunTime:0.000302s ]
INFO: [ app_init ] --END-- [ RunTime:0.003057s ]
NOTIC: [8] Use of undefined constant TPSHOP_CACHE_TIME - assumed 'TPSHOP_CACHE_TIME' F:\phpstudy\WWW\wwwroot\Application\Home\Conf\config.php 第 18 行.
NOTIC: [8] Use of undefined constant TPSHOP_CACHE_TIME - assumed 'TPSHOP_CACHE_TIME' F:\phpstudy\WWW\wwwroot\Application\Home\Conf\config.php 第 22 行.
NOTIC: [8] Use of undefined constant TPSHOP_CACHE_TIME - assumed 'TPSHOP_CACHE_TIME' F:\phpstudy\WWW\wwwroot\Application\Home\Conf\config.php 第 23 行.
NOTIC: [8] Use of undefined constant TPSHOP_CACHE_TIME - assumed 'TPSHOP_CACHE_TIME' F:\phpstudy\WWW\wwwroot\Application\Home\Conf\config.php 第 24 行.
NOTIC: [8] Use of undefined constant TPSHOP_CACHE_TIME - assumed 'TPSHOP_CACHE_TIME' F:\phpstudy\WWW\wwwroot\Application\Home\Conf\config.php 第 26 行.
INFO: [ app_begin ] --START--
INFO: Run Behavior\ReadHtmlCacheBehavior [ RunTime:0.002081s ]
INFO: [ app_begin ] --END-- [ RunTime:0.003685s ]
NOTIC: [8] Use of undefined constant TPSHOP_CACHE_TIME - assumed 'TPSHOP_CACHE_TIME' F:\phpstudy\WWW\wwwroot\Application\Home\Controller\BaseController.class.php 第 39 行.
NOTIC: [8] Undefined variable: arr F:\phpstudy\WWW\wwwroot\Application\Common\Common\common.php 第 2333 行.
NOTIC: [2] Invalid argument supplied for foreach() F:\phpstudy\WWW\wwwroot\Application\Common\Common\common.php 第 2333 行.
NOTIC: [8] Undefined variable: tree F:\phpstudy\WWW\wwwroot\Application\Common\Common\common.php 第 2339 行.
NOTIC: [2] Invalid argument supplied for foreach() F:\phpstudy\WWW\wwwroot\Application\Common\Common\common.php 第 2339 行.
NOTIC: [8] Use of undefined constant TPSHOP_CACHE_TIME - assumed 'TPSHOP_CACHE_TIME' F:\phpstudy\WWW\wwwroot\Application\Home\Controller\BaseController.class.php 第 50 行.
NOTIC: [8] Undefined index: account_name F:\phpstudy\WWW\wwwroot\Application\Home\Controller\CheckloginController.class.php 第 39 行.
NOTIC: [8] Undefined index: user_type F:\phpstudy\WWW\wwwroot\Application\Home\Controller\CheckloginController.class.php 第 62 行.
ERR: SQLSTATE[42S02]: Base table or view not found: 1146 Table 'shebaodaiban.tp_region' doesn't exist

[ 2018-04-02T16:39:54+08:00 ] 127.0.0.1 /index.php?m=Home&c=Checklogin&a=verify&r=0.5097692663511433
INFO: [ app_init ] --START--
INFO: Run Behavior\BuildLiteBehavior [ RunTime:0.000311s ]
INFO: [ app_init ] --END-- [ RunTime:0.003553s ]
NOTIC: [8] Use of undefined constant TPSHOP_CACHE_TIME - assumed 'TPSHOP_CACHE_TIME' F:\phpstudy\WWW\wwwroot\Application\Home\Conf\config.php 第 18 行.
NOTIC: [8] Use of undefined constant TPSHOP_CACHE_TIME - assumed 'TPSHOP_CACHE_TIME' F:\phpstudy\WWW\wwwroot\Application\Home\Conf\config.php 第 22 行.
NOTIC: [8] Use of undefined constant TPSHOP_CACHE_TIME - assumed 'TPSHOP_CACHE_TIME' F:\phpstudy\WWW\wwwroot\Application\Home\Conf\config.php 第 23 行.
NOTIC: [8] Use of undefined constant TPSHOP_CACHE_TIME - assumed 'TPSHOP_CACHE_TIME' F:\phpstudy\WWW\wwwroot\Application\Home\Conf\config.php 第 24 行.
NOTIC: [8] Use of undefined constant TPSHOP_CACHE_TIME - assumed 'TPSHOP_CACHE_TIME' F:\phpstudy\WWW\wwwroot\Application\Home\Conf\config.php 第 26 行.
INFO: [ app_begin ] --START--
INFO: Run Behavior\ReadHtmlCacheBehavior [ RunTime:0.002055s ]
INFO: [ app_begin ] --END-- [ RunTime:0.004693s ]
NOTIC: [8] Use of undefined constant TPSHOP_CACHE_TIME - assumed 'TPSHOP_CACHE_TIME' F:\phpstudy\WWW\wwwroot\Application\Home\Controller\BaseController.class.php 第 39 行.
NOTIC: [8] Undefined variable: arr F:\phpstudy\WWW\wwwroot\Application\Common\Common\common.php 第 2333 行.
NOTIC: [2] Invalid argument supplied for foreach() F:\phpstudy\WWW\wwwroot\Application\Common\Common\common.php 第 2333 行.
NOTIC: [8] Undefined variable: tree F:\phpstudy\WWW\wwwroot\Application\Common\Common\common.php 第 2339 行.
NOTIC: [2] Invalid argument supplied for foreach() F:\phpstudy\WWW\wwwroot\Application\Common\Common\common.php 第 2339 行.
NOTIC: [8] Use of undefined constant TPSHOP_CACHE_TIME - assumed 'TPSHOP_CACHE_TIME' F:\phpstudy\WWW\wwwroot\Application\Home\Controller\BaseController.class.php 第 50 行.
NOTIC: [8] Undefined index: account_name F:\phpstudy\WWW\wwwroot\Application\Home\Controller\CheckloginController.class.php 第 39 行.
NOTIC: [8] Undefined index: user_type F:\phpstudy\WWW\wwwroot\Application\Home\Controller\CheckloginController.class.php 第 62 行.
INFO: [ app_end ] --START--
INFO: Run Behavior\ShowPageTraceBehavior [ RunTime:0.001546s ]
INFO: [ app_end ] --END-- [ RunTime:0.003137s ]

[ 2018-04-02T16:40:23+08:00 ] 127.0.0.1 /index.php/Home/Checklogin/shebao_dj.html
INFO: [ app_init ] --START--
INFO: Run Behavior\BuildLiteBehavior [ RunTime:0.000463s ]
INFO: [ app_init ] --END-- [ RunTime:0.004115s ]
NOTIC: [8] Use of undefined constant TPSHOP_CACHE_TIME - assumed 'TPSHOP_CACHE_TIME' F:\phpstudy\WWW\wwwroot\Application\Home\Conf\config.php 第 18 行.
NOTIC: [8] Use of undefined constant TPSHOP_CACHE_TIME - assumed 'TPSHOP_CACHE_TIME' F:\phpstudy\WWW\wwwroot\Application\Home\Conf\config.php 第 22 行.
NOTIC: [8] Use of undefined constant TPSHOP_CACHE_TIME - assumed 'TPSHOP_CACHE_TIME' F:\phpstudy\WWW\wwwroot\Application\Home\Conf\config.php 第 23 行.
NOTIC: [8] Use of undefined constant TPSHOP_CACHE_TIME - assumed 'TPSHOP_CACHE_TIME' F:\phpstudy\WWW\wwwroot\Application\Home\Conf\config.php 第 24 行.
NOTIC: [8] Use of undefined constant TPSHOP_CACHE_TIME - assumed 'TPSHOP_CACHE_TIME' F:\phpstudy\WWW\wwwroot\Application\Home\Conf\config.php 第 26 行.
INFO: [ app_begin ] --START--
INFO: Run Behavior\ReadHtmlCacheBehavior [ RunTime:0.002568s ]
INFO: [ app_begin ] --END-- [ RunTime:0.005552s ]
NOTIC: [8] Use of undefined constant TPSHOP_CACHE_TIME - assumed 'TPSHOP_CACHE_TIME' F:\phpstudy\WWW\wwwroot\Application\Home\Controller\BaseController.class.php 第 39 行.
NOTIC: [8] Undefined variable: arr F:\phpstudy\WWW\wwwroot\Application\Common\Common\common.php 第 2333 行.
NOTIC: [2] Invalid argument supplied for foreach() F:\phpstudy\WWW\wwwroot\Application\Common\Common\common.php 第 2333 行.
NOTIC: [8] Undefined variable: tree F:\phpstudy\WWW\wwwroot\Application\Common\Common\common.php 第 2339 行.
NOTIC: [2] Invalid argument supplied for foreach() F:\phpstudy\WWW\wwwroot\Application\Common\Common\common.php 第 2339 行.
NOTIC: [8] Use of undefined constant TPSHOP_CACHE_TIME - assumed 'TPSHOP_CACHE_TIME' F:\phpstudy\WWW\wwwroot\Application\Home\Controller\BaseController.class.php 第 50 行.
INFO: [ view_begin ] --START--
INFO: Run Home\Behaviors\testBehavior [ RunTime:0.002746s ]
INFO: [ view_begin ] --END-- [ RunTime:0.004534s ]
INFO: [ view_parse ] --START--
INFO: [ template_filter ] --START--
INFO: Run Behavior\ContentReplaceBehavior [ RunTime:0.001063s ]
INFO: [ template_filter ] --END-- [ RunTime:0.002853s ]
INFO: Run Behavior\ParseTemplateBehavior [ RunTime:0.056485s ]
INFO: [ view_parse ] --END-- [ RunTime:0.058520s ]
INFO: [ view_filter ] --START--
INFO: Run Behavior\WriteHtmlCacheBehavior [ RunTime:0.001582s ]
INFO: Run Behavior\TokenBuildBehavior [ RunTime:0.002388s ]
INFO: [ view_filter ] --END-- [ RunTime:0.006998s ]

[ 2018-04-02T16:40:26+08:00 ] 127.0.0.1 /index.php/Home/Checklogin/login.html
INFO: [ app_init ] --START--
INFO: Run Behavior\BuildLiteBehavior [ RunTime:0.000295s ]
INFO: [ app_init ] --END-- [ RunTime:0.003157s ]
NOTIC: [8] Use of undefined constant TPSHOP_CACHE_TIME - assumed 'TPSHOP_CACHE_TIME' F:\phpstudy\WWW\wwwroot\Application\Home\Conf\config.php 第 18 行.
NOTIC: [8] Use of undefined constant TPSHOP_CACHE_TIME - assumed 'TPSHOP_CACHE_TIME' F:\phpstudy\WWW\wwwroot\Application\Home\Conf\config.php 第 22 行.
NOTIC: [8] Use of undefined constant TPSHOP_CACHE_TIME - assumed 'TPSHOP_CACHE_TIME' F:\phpstudy\WWW\wwwroot\Application\Home\Conf\config.php 第 23 行.
NOTIC: [8] Use of undefined constant TPSHOP_CACHE_TIME - assumed 'TPSHOP_CACHE_TIME' F:\phpstudy\WWW\wwwroot\Application\Home\Conf\config.php 第 24 行.
NOTIC: [8] Use of undefined constant TPSHOP_CACHE_TIME - assumed 'TPSHOP_CACHE_TIME' F:\phpstudy\WWW\wwwroot\Application\Home\Conf\config.php 第 26 行.
INFO: [ app_begin ] --START--
INFO: Run Behavior\ReadHtmlCacheBehavior [ RunTime:0.002900s ]
INFO: [ app_begin ] --END-- [ RunTime:0.006642s ]
NOTIC: [8] Use of undefined constant TPSHOP_CACHE_TIME - assumed 'TPSHOP_CACHE_TIME' F:\phpstudy\WWW\wwwroot\Application\Home\Controller\BaseController.class.php 第 39 行.
NOTIC: [8] Undefined variable: arr F:\phpstudy\WWW\wwwroot\Application\Common\Common\common.php 第 2333 行.
NOTIC: [2] Invalid argument supplied for foreach() F:\phpstudy\WWW\wwwroot\Application\Common\Common\common.php 第 2333 行.
NOTIC: [8] Undefined variable: tree F:\phpstudy\WWW\wwwroot\Application\Common\Common\common.php 第 2339 行.
NOTIC: [2] Invalid argument supplied for foreach() F:\phpstudy\WWW\wwwroot\Application\Common\Common\common.php 第 2339 行.
NOTIC: [8] Use of undefined constant TPSHOP_CACHE_TIME - assumed 'TPSHOP_CACHE_TIME' F:\phpstudy\WWW\wwwroot\Application\Home\Controller\BaseController.class.php 第 50 行.
NOTIC: [8] Undefined index: account_name F:\phpstudy\WWW\wwwroot\Application\Home\Controller\CheckloginController.class.php 第 39 行.
NOTIC: [8] Undefined index: user_type F:\phpstudy\WWW\wwwroot\Application\Home\Controller\CheckloginController.class.php 第 62 行.
INFO: [ view_begin ] --START--
INFO: Run Home\Behaviors\testBehavior [ RunTime:0.002446s ]
INFO: [ view_begin ] --END-- [ RunTime:0.004658s ]
INFO: [ view_parse ] --START--
INFO: [ template_filter ] --START--
INFO: Run Behavior\ContentReplaceBehavior [ RunTime:0.001789s ]
INFO: [ template_filter ] --END-- [ RunTime:0.003790s ]
INFO: Run Behavior\ParseTemplateBehavior [ RunTime:0.340495s ]
INFO: [ view_parse ] --END-- [ RunTime:0.342337s ]
INFO: [ view_filter ] --START--
INFO: Run Behavior\WriteHtmlCacheBehavior [ RunTime:0.001547s ]
INFO: Run Behavior\TokenBuildBehavior [ RunTime:0.003272s ]
INFO: [ view_filter ] --END-- [ RunTime:0.007362s ]
INFO: [ app_end ] --START--
INFO: Run Behavior\ShowPageTraceBehavior [ RunTime:0.001578s ]
INFO: [ app_end ] --END-- [ RunTime:0.003957s ]

[ 2018-04-02T16:40:27+08:00 ] 127.0.0.1 /index.php/Home/Checklogin/verify.html
INFO: [ app_init ] --START--
INFO: Run Behavior\BuildLiteBehavior [ RunTime:0.000544s ]
INFO: [ app_init ] --END-- [ RunTime:0.004147s ]
NOTIC: [8] Use of undefined constant TPSHOP_CACHE_TIME - assumed 'TPSHOP_CACHE_TIME' F:\phpstudy\WWW\wwwroot\Application\Home\Conf\config.php 第 18 行.
NOTIC: [8] Use of undefined constant TPSHOP_CACHE_TIME - assumed 'TPSHOP_CACHE_TIME' F:\phpstudy\WWW\wwwroot\Application\Home\Conf\config.php 第 22 行.
NOTIC: [8] Use of undefined constant TPSHOP_CACHE_TIME - assumed 'TPSHOP_CACHE_TIME' F:\phpstudy\WWW\wwwroot\Application\Home\Conf\config.php 第 23 行.
NOTIC: [8] Use of undefined constant TPSHOP_CACHE_TIME - assumed 'TPSHOP_CACHE_TIME' F:\phpstudy\WWW\wwwroot\Application\Home\Conf\config.php 第 24 行.
NOTIC: [8] Use of undefined constant TPSHOP_CACHE_TIME - assumed 'TPSHOP_CACHE_TIME' F:\phpstudy\WWW\wwwroot\Application\Home\Conf\config.php 第 26 行.
INFO: [ app_begin ] --START--
INFO: Run Behavior\ReadHtmlCacheBehavior [ RunTime:0.002331s ]
INFO: [ app_begin ] --END-- [ RunTime:0.003971s ]
NOTIC: [8] Use of undefined constant TPSHOP_CACHE_TIME - assumed 'TPSHOP_CACHE_TIME' F:\phpstudy\WWW\wwwroot\Application\Home\Controller\BaseController.class.php 第 39 行.
NOTIC: [8] Undefined variable: arr F:\phpstudy\WWW\wwwroot\Application\Common\Common\common.php 第 2333 行.
NOTIC: [2] Invalid argument supplied for foreach() F:\phpstudy\WWW\wwwroot\Application\Common\Common\common.php 第 2333 行.
NOTIC: [8] Undefined variable: tree F:\phpstudy\WWW\wwwroot\Application\Common\Common\common.php 第 2339 行.
NOTIC: [2] Invalid argument supplied for foreach() F:\phpstudy\WWW\wwwroot\Application\Common\Common\common.php 第 2339 行.
NOTIC: [8] Use of undefined constant TPSHOP_CACHE_TIME - assumed 'TPSHOP_CACHE_TIME' F:\phpstudy\WWW\wwwroot\Application\Home\Controller\BaseController.class.php 第 50 行.
NOTIC: [8] Undefined index: account_name F:\phpstudy\WWW\wwwroot\Application\Home\Controller\CheckloginController.class.php 第 39 行.
NOTIC: [8] Undefined index: user_type F:\phpstudy\WWW\wwwroot\Application\Home\Controller\CheckloginController.class.php 第 62 行.
INFO: [ app_end ] --START--
INFO: Run Behavior\ShowPageTraceBehavior [ RunTime:0.001787s ]
INFO: [ app_end ] --END-- [ RunTime:0.003809s ]

[ 2018-04-02T16:41:55+08:00 ] 127.0.0.1 /index.php
INFO: [ app_init ] --START--
INFO: Run Behavior\BuildLiteBehavior [ RunTime:0.000343s ]
INFO: [ app_init ] --END-- [ RunTime:0.002666s ]
NOTIC: [8] Use of undefined constant TPSHOP_CACHE_TIME - assumed 'TPSHOP_CACHE_TIME' F:\phpstudy\WWW\wwwroot\Application\Home\Conf\config.php 第 18 行.
NOTIC: [8] Use of undefined constant TPSHOP_CACHE_TIME - assumed 'TPSHOP_CACHE_TIME' F:\phpstudy\WWW\wwwroot\Application\Home\Conf\config.php 第 22 行.
NOTIC: [8] Use of undefined constant TPSHOP_CACHE_TIME - assumed 'TPSHOP_CACHE_TIME' F:\phpstudy\WWW\wwwroot\Application\Home\Conf\config.php 第 23 行.
NOTIC: [8] Use of undefined constant TPSHOP_CACHE_TIME - assumed 'TPSHOP_CACHE_TIME' F:\phpstudy\WWW\wwwroot\Application\Home\Conf\config.php 第 24 行.
NOTIC: [8] Use of undefined constant TPSHOP_CACHE_TIME - assumed 'TPSHOP_CACHE_TIME' F:\phpstudy\WWW\wwwroot\Application\Home\Conf\config.php 第 26 行.
INFO: [ app_begin ] --START--
INFO: Run Behavior\ReadHtmlCacheBehavior [ RunTime:0.002207s ]
INFO: [ app_begin ] --END-- [ RunTime:0.004156s ]
NOTIC: [8] Use of undefined constant TPSHOP_CACHE_TIME - assumed 'TPSHOP_CACHE_TIME' F:\phpstudy\WWW\wwwroot\Application\Home\Controller\BaseController.class.php 第 39 行.
NOTIC: [8] Undefined variable: arr F:\phpstudy\WWW\wwwroot\Application\Common\Common\common.php 第 2333 行.
NOTIC: [2] Invalid argument supplied for foreach() F:\phpstudy\WWW\wwwroot\Application\Common\Common\common.php 第 2333 行.
NOTIC: [8] Undefined variable: tree F:\phpstudy\WWW\wwwroot\Application\Common\Common\common.php 第 2339 行.
NOTIC: [2] Invalid argument supplied for foreach() F:\phpstudy\WWW\wwwroot\Application\Common\Common\common.php 第 2339 行.
NOTIC: [8] Use of undefined constant TPSHOP_CACHE_TIME - assumed 'TPSHOP_CACHE_TIME' F:\phpstudy\WWW\wwwroot\Application\Home\Controller\BaseController.class.php 第 50 行.
NOTIC: [8] Undefined index: account_name F:\phpstudy\WWW\wwwroot\Application\Home\Controller\CheckloginController.class.php 第 39 行.
NOTIC: [8] Undefined index: user_type F:\phpstudy\WWW\wwwroot\Application\Home\Controller\CheckloginController.class.php 第 62 行.
INFO: [ view_begin ] --START--
INFO: Run Home\Behaviors\testBehavior [ RunTime:0.002270s ]
INFO: [ view_begin ] --END-- [ RunTime:0.003907s ]
INFO: [ view_parse ] --START--
INFO: [ template_filter ] --START--
INFO: Run Behavior\ContentReplaceBehavior [ RunTime:0.002004s ]
INFO: [ template_filter ] --END-- [ RunTime:0.003676s ]
INFO: Run Behavior\ParseTemplateBehavior [ RunTime:0.306327s ]
INFO: [ view_parse ] --END-- [ RunTime:0.308299s ]
INFO: [ view_filter ] --START--
INFO: Run Behavior\WriteHtmlCacheBehavior [ RunTime:0.001362s ]
INFO: Run Behavior\TokenBuildBehavior [ RunTime:0.003844s ]
INFO: [ view_filter ] --END-- [ RunTime:0.007751s ]
INFO: [ app_end ] --START--
INFO: Run Behavior\ShowPageTraceBehavior [ RunTime:0.001564s ]
INFO: [ app_end ] --END-- [ RunTime:0.003307s ]

[ 2018-04-02T16:41:57+08:00 ] 127.0.0.1 /index.php/Home/Checklogin/verify.html
INFO: [ app_init ] --START--
INFO: Run Behavior\BuildLiteBehavior [ RunTime:0.000659s ]
INFO: [ app_init ] --END-- [ RunTime:0.005186s ]
NOTIC: [8] Use of undefined constant TPSHOP_CACHE_TIME - assumed 'TPSHOP_CACHE_TIME' F:\phpstudy\WWW\wwwroot\Application\Home\Conf\config.php 第 18 行.
NOTIC: [8] Use of undefined constant TPSHOP_CACHE_TIME - assumed 'TPSHOP_CACHE_TIME' F:\phpstudy\WWW\wwwroot\Application\Home\Conf\config.php 第 22 行.
NOTIC: [8] Use of undefined constant TPSHOP_CACHE_TIME - assumed 'TPSHOP_CACHE_TIME' F:\phpstudy\WWW\wwwroot\Application\Home\Conf\config.php 第 23 行.
NOTIC: [8] Use of undefined constant TPSHOP_CACHE_TIME - assumed 'TPSHOP_CACHE_TIME' F:\phpstudy\WWW\wwwroot\Application\Home\Conf\config.php 第 24 行.
NOTIC: [8] Use of undefined constant TPSHOP_CACHE_TIME - assumed 'TPSHOP_CACHE_TIME' F:\phpstudy\WWW\wwwroot\Application\Home\Conf\config.php 第 26 行.
INFO: [ app_begin ] --START--
INFO: Run Behavior\ReadHtmlCacheBehavior [ RunTime:0.003494s ]
INFO: [ app_begin ] --END-- [ RunTime:0.007106s ]
NOTIC: [8] Use of undefined constant TPSHOP_CACHE_TIME - assumed 'TPSHOP_CACHE_TIME' F:\phpstudy\WWW\wwwroot\Application\Home\Controller\BaseController.class.php 第 39 行.
NOTIC: [8] Undefined variable: arr F:\phpstudy\WWW\wwwroot\Application\Common\Common\common.php 第 2333 行.
NOTIC: [2] Invalid argument supplied for foreach() F:\phpstudy\WWW\wwwroot\Application\Common\Common\common.php 第 2333 行.
NOTIC: [8] Undefined variable: tree F:\phpstudy\WWW\wwwroot\Application\Common\Common\common.php 第 2339 行.
NOTIC: [2] Invalid argument supplied for foreach() F:\phpstudy\WWW\wwwroot\Application\Common\Common\common.php 第 2339 行.
NOTIC: [8] Use of undefined constant TPSHOP_CACHE_TIME - assumed 'TPSHOP_CACHE_TIME' F:\phpstudy\WWW\wwwroot\Application\Home\Controller\BaseController.class.php 第 50 行.
NOTIC: [8] Undefined index: account_name F:\phpstudy\WWW\wwwroot\Application\Home\Controller\CheckloginController.class.php 第 39 行.
NOTIC: [8] Undefined index: user_type F:\phpstudy\WWW\wwwroot\Application\Home\Controller\CheckloginController.class.php 第 62 行.
INFO: [ app_end ] --START--
INFO: Run Behavior\ShowPageTraceBehavior [ RunTime:0.002052s ]
INFO: [ app_end ] --END-- [ RunTime:0.005073s ]

[ 2018-04-02T16:42:03+08:00 ] 127.0.0.1 /index.php/Home/Checklogin/login.html
INFO: [ app_init ] --START--
INFO: Run Behavior\BuildLiteBehavior [ RunTime:0.000433s ]
INFO: [ app_init ] --END-- [ RunTime:0.004072s ]
NOTIC: [8] Use of undefined constant TPSHOP_CACHE_TIME - assumed 'TPSHOP_CACHE_TIME' F:\phpstudy\WWW\wwwroot\Application\Home\Conf\config.php 第 18 行.
NOTIC: [8] Use of undefined constant TPSHOP_CACHE_TIME - assumed 'TPSHOP_CACHE_TIME' F:\phpstudy\WWW\wwwroot\Application\Home\Conf\config.php 第 22 行.
NOTIC: [8] Use of undefined constant TPSHOP_CACHE_TIME - assumed 'TPSHOP_CACHE_TIME' F:\phpstudy\WWW\wwwroot\Application\Home\Conf\config.php 第 23 行.
NOTIC: [8] Use of undefined constant TPSHOP_CACHE_TIME - assumed 'TPSHOP_CACHE_TIME' F:\phpstudy\WWW\wwwroot\Application\Home\Conf\config.php 第 24 行.
NOTIC: [8] Use of undefined constant TPSHOP_CACHE_TIME - assumed 'TPSHOP_CACHE_TIME' F:\phpstudy\WWW\wwwroot\Application\Home\Conf\config.php 第 26 行.
INFO: [ app_begin ] --START--
INFO: Run Behavior\ReadHtmlCacheBehavior [ RunTime:0.002132s ]
INFO: [ app_begin ] --END-- [ RunTime:0.004398s ]
NOTIC: [8] Use of undefined constant TPSHOP_CACHE_TIME - assumed 'TPSHOP_CACHE_TIME' F:\phpstudy\WWW\wwwroot\Application\Home\Controller\BaseController.class.php 第 39 行.
NOTIC: [8] Undefined variable: arr F:\phpstudy\WWW\wwwroot\Application\Common\Common\common.php 第 2333 行.
NOTIC: [2] Invalid argument supplied for foreach() F:\phpstudy\WWW\wwwroot\Application\Common\Common\common.php 第 2333 行.
NOTIC: [8] Undefined variable: tree F:\phpstudy\WWW\wwwroot\Application\Common\Common\common.php 第 2339 行.
NOTIC: [2] Invalid argument supplied for foreach() F:\phpstudy\WWW\wwwroot\Application\Common\Common\common.php 第 2339 行.
NOTIC: [8] Use of undefined constant TPSHOP_CACHE_TIME - assumed 'TPSHOP_CACHE_TIME' F:\phpstudy\WWW\wwwroot\Application\Home\Controller\BaseController.class.php 第 50 行.
NOTIC: [8] Undefined index: account_name F:\phpstudy\WWW\wwwroot\Application\Home\Controller\CheckloginController.class.php 第 39 行.
NOTIC: [8] Undefined index: user_type F:\phpstudy\WWW\wwwroot\Application\Home\Controller\CheckloginController.class.php 第 62 行.
INFO: [ view_begin ] --START--
INFO: Run Home\Behaviors\testBehavior [ RunTime:0.002240s ]
INFO: [ view_begin ] --END-- [ RunTime:0.003930s ]
INFO: [ view_parse ] --START--
INFO: [ template_filter ] --START--
INFO: Run Behavior\ContentReplaceBehavior [ RunTime:0.002225s ]
INFO: [ template_filter ] --END-- [ RunTime:0.004224s ]
INFO: Run Behavior\ParseTemplateBehavior [ RunTime:0.311528s ]
INFO: [ view_parse ] --END-- [ RunTime:0.314441s ]
INFO: [ view_filter ] --START--
INFO: Run Behavior\WriteHtmlCacheBehavior [ RunTime:0.001389s ]
INFO: Run Behavior\TokenBuildBehavior [ RunTime:0.003918s ]
INFO: [ view_filter ] --END-- [ RunTime:0.008455s ]
INFO: [ app_end ] --START--
INFO: Run Behavior\ShowPageTraceBehavior [ RunTime:0.001519s ]
INFO: [ app_end ] --END-- [ RunTime:0.003110s ]

[ 2018-04-02T16:42:05+08:00 ] 127.0.0.1 /index.php/Home/Checklogin/verify.html
INFO: [ app_init ] --START--
INFO: Run Behavior\BuildLiteBehavior [ RunTime:0.000638s ]
INFO: [ app_init ] --END-- [ RunTime:0.008330s ]
NOTIC: [8] Use of undefined constant TPSHOP_CACHE_TIME - assumed 'TPSHOP_CACHE_TIME' F:\phpstudy\WWW\wwwroot\Application\Home\Conf\config.php 第 18 行.
NOTIC: [8] Use of undefined constant TPSHOP_CACHE_TIME - assumed 'TPSHOP_CACHE_TIME' F:\phpstudy\WWW\wwwroot\Application\Home\Conf\config.php 第 22 行.
NOTIC: [8] Use of undefined constant TPSHOP_CACHE_TIME - assumed 'TPSHOP_CACHE_TIME' F:\phpstudy\WWW\wwwroot\Application\Home\Conf\config.php 第 23 行.
NOTIC: [8] Use of undefined constant TPSHOP_CACHE_TIME - assumed 'TPSHOP_CACHE_TIME' F:\phpstudy\WWW\wwwroot\Application\Home\Conf\config.php 第 24 行.
NOTIC: [8] Use of undefined constant TPSHOP_CACHE_TIME - assumed 'TPSHOP_CACHE_TIME' F:\phpstudy\WWW\wwwroot\Application\Home\Conf\config.php 第 26 行.
INFO: [ app_begin ] --START--
INFO: Run Behavior\ReadHtmlCacheBehavior [ RunTime:0.002019s ]
INFO: [ app_begin ] --END-- [ RunTime:0.003651s ]
NOTIC: [8] Use of undefined constant TPSHOP_CACHE_TIME - assumed 'TPSHOP_CACHE_TIME' F:\phpstudy\WWW\wwwroot\Application\Home\Controller\BaseController.class.php 第 39 行.
NOTIC: [8] Undefined variable: arr F:\phpstudy\WWW\wwwroot\Application\Common\Common\common.php 第 2333 行.
NOTIC: [2] Invalid argument supplied for foreach() F:\phpstudy\WWW\wwwroot\Application\Common\Common\common.php 第 2333 行.
NOTIC: [8] Undefined variable: tree F:\phpstudy\WWW\wwwroot\Application\Common\Common\common.php 第 2339 行.
NOTIC: [2] Invalid argument supplied for foreach() F:\phpstudy\WWW\wwwroot\Application\Common\Common\common.php 第 2339 行.
NOTIC: [8] Use of undefined constant TPSHOP_CACHE_TIME - assumed 'TPSHOP_CACHE_TIME' F:\phpstudy\WWW\wwwroot\Application\Home\Controller\BaseController.class.php 第 50 行.
NOTIC: [8] Undefined index: account_name F:\phpstudy\WWW\wwwroot\Application\Home\Controller\CheckloginController.class.php 第 39 行.
NOTIC: [8] Undefined index: user_type F:\phpstudy\WWW\wwwroot\Application\Home\Controller\CheckloginController.class.php 第 62 行.
INFO: [ app_end ] --START--
INFO: Run Behavior\ShowPageTraceBehavior [ RunTime:0.002536s ]
INFO: [ app_end ] --END-- [ RunTime:0.005746s ]

