[ 2018-02-14T00:51:07+08:00 ] 106.11.157.172 /index.php/Home/Order/index.html
INFO: [ app_init ] --START--
INFO: Run Behavior\BuildLiteBehavior [ RunTime:0.000011s ]
INFO: [ app_init ] --END-- [ RunTime:0.000073s ]
NOTIC: [8] Use of undefined constant TPSHOP_CACHE_TIME - assumed 'TPSHOP_CACHE_TIME' /data/www/pc.zhongguoshebaodaili.cn/wwwroot/Application/Home/Conf/config.php 第 18 行.
NOTIC: [8] Use of undefined constant TPSHOP_CACHE_TIME - assumed 'TPSHOP_CACHE_TIME' /data/www/pc.zhongguoshebaodaili.cn/wwwroot/Application/Home/Conf/config.php 第 22 行.
NOTIC: [8] Use of undefined constant TPSHOP_CACHE_TIME - assumed 'TPSHOP_CACHE_TIME' /data/www/pc.zhongguoshebaodaili.cn/wwwroot/Application/Home/Conf/config.php 第 23 行.
NOTIC: [8] Use of undefined constant TPSHOP_CACHE_TIME - assumed 'TPSHOP_CACHE_TIME' /data/www/pc.zhongguoshebaodaili.cn/wwwroot/Application/Home/Conf/config.php 第 24 行.
NOTIC: [8] Use of undefined constant TPSHOP_CACHE_TIME - assumed 'TPSHOP_CACHE_TIME' /data/www/pc.zhongguoshebaodaili.cn/wwwroot/Application/Home/Conf/config.php 第 26 行.
INFO: [ app_begin ] --START--
INFO: Run Behavior\ReadHtmlCacheBehavior [ RunTime:0.000044s ]
INFO: [ app_begin ] --END-- [ RunTime:0.000073s ]
NOTIC: [8] Use of undefined constant TPSHOP_CACHE_TIME - assumed 'TPSHOP_CACHE_TIME' /data/www/pc.zhongguoshebaodaili.cn/wwwroot/Application/Home/Controller/BaseController.class.php 第 39 行.
NOTIC: [8] Undefined variable: arr /data/www/pc.zhongguoshebaodaili.cn/wwwroot/Application/Common/Common/common.php 第 2333 行.
NOTIC: [2] Invalid argument supplied for foreach() /data/www/pc.zhongguoshebaodaili.cn/wwwroot/Application/Common/Common/common.php 第 2333 行.
NOTIC: [8] Undefined variable: tree /data/www/pc.zhongguoshebaodaili.cn/wwwroot/Application/Common/Common/common.php 第 2339 行.
NOTIC: [2] Invalid argument supplied for foreach() /data/www/pc.zhongguoshebaodaili.cn/wwwroot/Application/Common/Common/common.php 第 2339 行.
NOTIC: [8] Use of undefined constant TPSHOP_CACHE_TIME - assumed 'TPSHOP_CACHE_TIME' /data/www/pc.zhongguoshebaodaili.cn/wwwroot/Application/Home/Controller/BaseController.class.php 第 50 行.
INFO: [ view_begin ] --START--
INFO: Run Home\Behaviors\testBehavior [ RunTime:0.000057s ]
INFO: [ view_begin ] --END-- [ RunTime:0.000088s ]
INFO: [ view_parse ] --START--
INFO: [ template_filter ] --START--
INFO: Run Behavior\ContentReplaceBehavior [ RunTime:0.000031s ]
INFO: [ template_filter ] --END-- [ RunTime:0.000061s ]
INFO: Run Behavior\ParseTemplateBehavior [ RunTime:0.001577s ]
INFO: [ view_parse ] --END-- [ RunTime:0.001606s ]
INFO: [ view_filter ] --START--
INFO: Run Behavior\WriteHtmlCacheBehavior [ RunTime:0.000034s ]
INFO: Run Behavior\TokenBuildBehavior [ RunTime:0.000056s ]
INFO: [ view_filter ] --END-- [ RunTime:0.000124s ]

[ 2018-02-14T01:01:48+08:00 ] 106.11.159.188 /index.php/Home/Checklogin/login.html
INFO: [ app_init ] --START--
INFO: Run Behavior\BuildLiteBehavior [ RunTime:0.000010s ]
INFO: [ app_init ] --END-- [ RunTime:0.000076s ]
NOTIC: [8] Use of undefined constant TPSHOP_CACHE_TIME - assumed 'TPSHOP_CACHE_TIME' /data/www/pc.zhongguoshebaodaili.cn/wwwroot/Application/Home/Conf/config.php 第 18 行.
NOTIC: [8] Use of undefined constant TPSHOP_CACHE_TIME - assumed 'TPSHOP_CACHE_TIME' /data/www/pc.zhongguoshebaodaili.cn/wwwroot/Application/Home/Conf/config.php 第 22 行.
NOTIC: [8] Use of undefined constant TPSHOP_CACHE_TIME - assumed 'TPSHOP_CACHE_TIME' /data/www/pc.zhongguoshebaodaili.cn/wwwroot/Application/Home/Conf/config.php 第 23 行.
NOTIC: [8] Use of undefined constant TPSHOP_CACHE_TIME - assumed 'TPSHOP_CACHE_TIME' /data/www/pc.zhongguoshebaodaili.cn/wwwroot/Application/Home/Conf/config.php 第 24 行.
NOTIC: [8] Use of undefined constant TPSHOP_CACHE_TIME - assumed 'TPSHOP_CACHE_TIME' /data/www/pc.zhongguoshebaodaili.cn/wwwroot/Application/Home/Conf/config.php 第 26 行.
INFO: [ app_begin ] --START--
INFO: Run Behavior\ReadHtmlCacheBehavior [ RunTime:0.000043s ]
INFO: [ app_begin ] --END-- [ RunTime:0.000072s ]
NOTIC: [8] Use of undefined constant TPSHOP_CACHE_TIME - assumed 'TPSHOP_CACHE_TIME' /data/www/pc.zhongguoshebaodaili.cn/wwwroot/Application/Home/Controller/BaseController.class.php 第 39 行.
NOTIC: [8] Undefined variable: arr /data/www/pc.zhongguoshebaodaili.cn/wwwroot/Application/Common/Common/common.php 第 2333 行.
NOTIC: [2] Invalid argument supplied for foreach() /data/www/pc.zhongguoshebaodaili.cn/wwwroot/Application/Common/Common/common.php 第 2333 行.
NOTIC: [8] Undefined variable: tree /data/www/pc.zhongguoshebaodaili.cn/wwwroot/Application/Common/Common/common.php 第 2339 行.
NOTIC: [2] Invalid argument supplied for foreach() /data/www/pc.zhongguoshebaodaili.cn/wwwroot/Application/Common/Common/common.php 第 2339 行.
NOTIC: [8] Use of undefined constant TPSHOP_CACHE_TIME - assumed 'TPSHOP_CACHE_TIME' /data/www/pc.zhongguoshebaodaili.cn/wwwroot/Application/Home/Controller/BaseController.class.php 第 50 行.
NOTIC: [8] Undefined index: account_name /data/www/pc.zhongguoshebaodaili.cn/wwwroot/Application/Home/Controller/CheckloginController.class.php 第 39 行.
NOTIC: [8] Undefined index: user_type /data/www/pc.zhongguoshebaodaili.cn/wwwroot/Application/Home/Controller/CheckloginController.class.php 第 62 行.
INFO: [ view_begin ] --START--
INFO: Run Home\Behaviors\testBehavior [ RunTime:0.000057s ]
INFO: [ view_begin ] --END-- [ RunTime:0.000089s ]
INFO: [ view_parse ] --START--
INFO: [ template_filter ] --START--
INFO: Run Behavior\ContentReplaceBehavior [ RunTime:0.000084s ]
INFO: [ template_filter ] --END-- [ RunTime:0.000126s ]
INFO: Run Behavior\ParseTemplateBehavior [ RunTime:0.006334s ]
INFO: [ view_parse ] --END-- [ RunTime:0.006364s ]
INFO: [ view_filter ] --START--
INFO: Run Behavior\WriteHtmlCacheBehavior [ RunTime:0.000039s ]
INFO: Run Behavior\TokenBuildBehavior [ RunTime:0.000129s ]
INFO: [ view_filter ] --END-- [ RunTime:0.000207s ]
INFO: [ app_end ] --START--
INFO: Run Behavior\ShowPageTraceBehavior [ RunTime:0.000034s ]
INFO: [ app_end ] --END-- [ RunTime:0.000082s ]

[ 2018-02-14T07:07:20+08:00 ] 106.11.158.179 /index.php/Home/Mobile/css/reset.css
INFO: [ app_init ] --START--
INFO: Run Behavior\BuildLiteBehavior [ RunTime:0.000011s ]
INFO: [ app_init ] --END-- [ RunTime:0.000073s ]
NOTIC: [8] Use of undefined constant TPSHOP_CACHE_TIME - assumed 'TPSHOP_CACHE_TIME' /data/www/pc.zhongguoshebaodaili.cn/wwwroot/Application/Home/Conf/config.php 第 18 行.
NOTIC: [8] Use of undefined constant TPSHOP_CACHE_TIME - assumed 'TPSHOP_CACHE_TIME' /data/www/pc.zhongguoshebaodaili.cn/wwwroot/Application/Home/Conf/config.php 第 22 行.
NOTIC: [8] Use of undefined constant TPSHOP_CACHE_TIME - assumed 'TPSHOP_CACHE_TIME' /data/www/pc.zhongguoshebaodaili.cn/wwwroot/Application/Home/Conf/config.php 第 23 行.
NOTIC: [8] Use of undefined constant TPSHOP_CACHE_TIME - assumed 'TPSHOP_CACHE_TIME' /data/www/pc.zhongguoshebaodaili.cn/wwwroot/Application/Home/Conf/config.php 第 24 行.
NOTIC: [8] Use of undefined constant TPSHOP_CACHE_TIME - assumed 'TPSHOP_CACHE_TIME' /data/www/pc.zhongguoshebaodaili.cn/wwwroot/Application/Home/Conf/config.php 第 26 行.
INFO: [ app_begin ] --START--
INFO: Run Behavior\ReadHtmlCacheBehavior [ RunTime:0.000044s ]
INFO: [ app_begin ] --END-- [ RunTime:0.000110s ]
NOTIC: [8] Use of undefined constant TPSHOP_CACHE_TIME - assumed 'TPSHOP_CACHE_TIME' /data/www/pc.zhongguoshebaodaili.cn/wwwroot/Application/Home/Controller/BaseController.class.php 第 39 行.
NOTIC: [8] Undefined variable: arr /data/www/pc.zhongguoshebaodaili.cn/wwwroot/Application/Common/Common/common.php 第 2333 行.
NOTIC: [2] Invalid argument supplied for foreach() /data/www/pc.zhongguoshebaodaili.cn/wwwroot/Application/Common/Common/common.php 第 2333 行.
NOTIC: [8] Undefined variable: tree /data/www/pc.zhongguoshebaodaili.cn/wwwroot/Application/Common/Common/common.php 第 2339 行.
NOTIC: [2] Invalid argument supplied for foreach() /data/www/pc.zhongguoshebaodaili.cn/wwwroot/Application/Common/Common/common.php 第 2339 行.
NOTIC: [8] Use of undefined constant TPSHOP_CACHE_TIME - assumed 'TPSHOP_CACHE_TIME' /data/www/pc.zhongguoshebaodaili.cn/wwwroot/Application/Home/Controller/BaseController.class.php 第 50 行.
NOTIC: [8] Undefined index: account_name /data/www/pc.zhongguoshebaodaili.cn/wwwroot/Application/Home/Controller/MobileController.class.php 第 38 行.
NOTIC: [8] Undefined index: user_type /data/www/pc.zhongguoshebaodaili.cn/wwwroot/Application/Home/Controller/MobileController.class.php 第 63 行.
ERR: 非法操作:css

[ 2018-02-14T08:31:40+08:00 ] 106.11.156.168 /index.php/Home/Checklogin/yl_sgz.html
INFO: [ app_init ] --START--
INFO: Run Behavior\BuildLiteBehavior [ RunTime:0.000010s ]
INFO: [ app_init ] --END-- [ RunTime:0.000072s ]
NOTIC: [8] Use of undefined constant TPSHOP_CACHE_TIME - assumed 'TPSHOP_CACHE_TIME' /data/www/pc.zhongguoshebaodaili.cn/wwwroot/Application/Home/Conf/config.php 第 18 行.
NOTIC: [8] Use of undefined constant TPSHOP_CACHE_TIME - assumed 'TPSHOP_CACHE_TIME' /data/www/pc.zhongguoshebaodaili.cn/wwwroot/Application/Home/Conf/config.php 第 22 行.
NOTIC: [8] Use of undefined constant TPSHOP_CACHE_TIME - assumed 'TPSHOP_CACHE_TIME' /data/www/pc.zhongguoshebaodaili.cn/wwwroot/Application/Home/Conf/config.php 第 23 行.
NOTIC: [8] Use of undefined constant TPSHOP_CACHE_TIME - assumed 'TPSHOP_CACHE_TIME' /data/www/pc.zhongguoshebaodaili.cn/wwwroot/Application/Home/Conf/config.php 第 24 行.
NOTIC: [8] Use of undefined constant TPSHOP_CACHE_TIME - assumed 'TPSHOP_CACHE_TIME' /data/www/pc.zhongguoshebaodaili.cn/wwwroot/Application/Home/Conf/config.php 第 26 行.
INFO: [ app_begin ] --START--
INFO: Run Behavior\ReadHtmlCacheBehavior [ RunTime:0.000043s ]
INFO: [ app_begin ] --END-- [ RunTime:0.000072s ]
NOTIC: [8] Use of undefined constant TPSHOP_CACHE_TIME - assumed 'TPSHOP_CACHE_TIME' /data/www/pc.zhongguoshebaodaili.cn/wwwroot/Application/Home/Controller/BaseController.class.php 第 39 行.
NOTIC: [8] Undefined variable: arr /data/www/pc.zhongguoshebaodaili.cn/wwwroot/Application/Common/Common/common.php 第 2333 行.
NOTIC: [2] Invalid argument supplied for foreach() /data/www/pc.zhongguoshebaodaili.cn/wwwroot/Application/Common/Common/common.php 第 2333 行.
NOTIC: [8] Undefined variable: tree /data/www/pc.zhongguoshebaodaili.cn/wwwroot/Application/Common/Common/common.php 第 2339 行.
NOTIC: [2] Invalid argument supplied for foreach() /data/www/pc.zhongguoshebaodaili.cn/wwwroot/Application/Common/Common/common.php 第 2339 行.
NOTIC: [8] Use of undefined constant TPSHOP_CACHE_TIME - assumed 'TPSHOP_CACHE_TIME' /data/www/pc.zhongguoshebaodaili.cn/wwwroot/Application/Home/Controller/BaseController.class.php 第 50 行.
INFO: [ view_begin ] --START--
INFO: Run Home\Behaviors\testBehavior [ RunTime:0.000072s ]
INFO: [ view_begin ] --END-- [ RunTime:0.000111s ]
INFO: [ view_parse ] --START--
INFO: [ template_filter ] --START--
INFO: Run Behavior\ContentReplaceBehavior [ RunTime:0.000037s ]
INFO: [ template_filter ] --END-- [ RunTime:0.000074s ]
INFO: Run Behavior\ParseTemplateBehavior [ RunTime:0.001704s ]
INFO: [ view_parse ] --END-- [ RunTime:0.001738s ]
INFO: [ view_filter ] --START--
INFO: Run Behavior\WriteHtmlCacheBehavior [ RunTime:0.000042s ]
INFO: Run Behavior\TokenBuildBehavior [ RunTime:0.000063s ]
INFO: [ view_filter ] --END-- [ RunTime:0.000145s ]

[ 2018-02-14T08:37:00+08:00 ] 106.11.152.189 /index.php/Home/Checklogin/login.html
INFO: [ app_init ] --START--
INFO: Run Behavior\BuildLiteBehavior [ RunTime:0.000011s ]
INFO: [ app_init ] --END-- [ RunTime:0.000072s ]
NOTIC: [8] Use of undefined constant TPSHOP_CACHE_TIME - assumed 'TPSHOP_CACHE_TIME' /data/www/pc.zhongguoshebaodaili.cn/wwwroot/Application/Home/Conf/config.php 第 18 行.
NOTIC: [8] Use of undefined constant TPSHOP_CACHE_TIME - assumed 'TPSHOP_CACHE_TIME' /data/www/pc.zhongguoshebaodaili.cn/wwwroot/Application/Home/Conf/config.php 第 22 行.
NOTIC: [8] Use of undefined constant TPSHOP_CACHE_TIME - assumed 'TPSHOP_CACHE_TIME' /data/www/pc.zhongguoshebaodaili.cn/wwwroot/Application/Home/Conf/config.php 第 23 行.
NOTIC: [8] Use of undefined constant TPSHOP_CACHE_TIME - assumed 'TPSHOP_CACHE_TIME' /data/www/pc.zhongguoshebaodaili.cn/wwwroot/Application/Home/Conf/config.php 第 24 行.
NOTIC: [8] Use of undefined constant TPSHOP_CACHE_TIME - assumed 'TPSHOP_CACHE_TIME' /data/www/pc.zhongguoshebaodaili.cn/wwwroot/Application/Home/Conf/config.php 第 26 行.
INFO: [ app_begin ] --START--
INFO: Run Behavior\ReadHtmlCacheBehavior [ RunTime:0.000042s ]
INFO: [ app_begin ] --END-- [ RunTime:0.000069s ]
NOTIC: [8] Use of undefined constant TPSHOP_CACHE_TIME - assumed 'TPSHOP_CACHE_TIME' /data/www/pc.zhongguoshebaodaili.cn/wwwroot/Application/Home/Controller/BaseController.class.php 第 39 行.
NOTIC: [8] Undefined variable: arr /data/www/pc.zhongguoshebaodaili.cn/wwwroot/Application/Common/Common/common.php 第 2333 行.
NOTIC: [2] Invalid argument supplied for foreach() /data/www/pc.zhongguoshebaodaili.cn/wwwroot/Application/Common/Common/common.php 第 2333 行.
NOTIC: [8] Undefined variable: tree /data/www/pc.zhongguoshebaodaili.cn/wwwroot/Application/Common/Common/common.php 第 2339 行.
NOTIC: [2] Invalid argument supplied for foreach() /data/www/pc.zhongguoshebaodaili.cn/wwwroot/Application/Common/Common/common.php 第 2339 行.
NOTIC: [8] Use of undefined constant TPSHOP_CACHE_TIME - assumed 'TPSHOP_CACHE_TIME' /data/www/pc.zhongguoshebaodaili.cn/wwwroot/Application/Home/Controller/BaseController.class.php 第 50 行.
NOTIC: [8] Undefined index: account_name /data/www/pc.zhongguoshebaodaili.cn/wwwroot/Application/Home/Controller/CheckloginController.class.php 第 39 行.
NOTIC: [8] Undefined index: user_type /data/www/pc.zhongguoshebaodaili.cn/wwwroot/Application/Home/Controller/CheckloginController.class.php 第 62 行.
INFO: [ view_begin ] --START--
INFO: Run Home\Behaviors\testBehavior [ RunTime:0.000060s ]
INFO: [ view_begin ] --END-- [ RunTime:0.000092s ]
INFO: [ view_parse ] --START--
INFO: [ template_filter ] --START--
INFO: Run Behavior\ContentReplaceBehavior [ RunTime:0.000082s ]
INFO: [ template_filter ] --END-- [ RunTime:0.000122s ]
INFO: Run Behavior\ParseTemplateBehavior [ RunTime:0.006392s ]
INFO: [ view_parse ] --END-- [ RunTime:0.006427s ]
INFO: [ view_filter ] --START--
INFO: Run Behavior\WriteHtmlCacheBehavior [ RunTime:0.000039s ]
INFO: Run Behavior\TokenBuildBehavior [ RunTime:0.000117s ]
INFO: [ view_filter ] --END-- [ RunTime:0.000193s ]
INFO: [ app_end ] --START--
INFO: Run Behavior\ShowPageTraceBehavior [ RunTime:0.000029s ]
INFO: [ app_end ] --END-- [ RunTime:0.000053s ]

[ 2018-02-14T09:59:00+08:00 ] 47.92.22.210 /index.php/Home/Checklogin/shebao_zhuanyi.html
INFO: [ app_init ] --START--
INFO: Run Behavior\BuildLiteBehavior [ RunTime:0.000010s ]
INFO: [ app_init ] --END-- [ RunTime:0.000072s ]
NOTIC: [8] Use of undefined constant TPSHOP_CACHE_TIME - assumed 'TPSHOP_CACHE_TIME' /data/www/pc.zhongguoshebaodaili.cn/wwwroot/Application/Home/Conf/config.php 第 18 行.
NOTIC: [8] Use of undefined constant TPSHOP_CACHE_TIME - assumed 'TPSHOP_CACHE_TIME' /data/www/pc.zhongguoshebaodaili.cn/wwwroot/Application/Home/Conf/config.php 第 22 行.
NOTIC: [8] Use of undefined constant TPSHOP_CACHE_TIME - assumed 'TPSHOP_CACHE_TIME' /data/www/pc.zhongguoshebaodaili.cn/wwwroot/Application/Home/Conf/config.php 第 23 行.
NOTIC: [8] Use of undefined constant TPSHOP_CACHE_TIME - assumed 'TPSHOP_CACHE_TIME' /data/www/pc.zhongguoshebaodaili.cn/wwwroot/Application/Home/Conf/config.php 第 24 行.
NOTIC: [8] Use of undefined constant TPSHOP_CACHE_TIME - assumed 'TPSHOP_CACHE_TIME' /data/www/pc.zhongguoshebaodaili.cn/wwwroot/Application/Home/Conf/config.php 第 26 行.
INFO: [ app_begin ] --START--
INFO: Run Behavior\ReadHtmlCacheBehavior [ RunTime:0.000042s ]
INFO: [ app_begin ] --END-- [ RunTime:0.000070s ]
NOTIC: [8] Use of undefined constant TPSHOP_CACHE_TIME - assumed 'TPSHOP_CACHE_TIME' /data/www/pc.zhongguoshebaodaili.cn/wwwroot/Application/Home/Controller/BaseController.class.php 第 39 行.
NOTIC: [8] Undefined variable: arr /data/www/pc.zhongguoshebaodaili.cn/wwwroot/Application/Common/Common/common.php 第 2333 行.
NOTIC: [2] Invalid argument supplied for foreach() /data/www/pc.zhongguoshebaodaili.cn/wwwroot/Application/Common/Common/common.php 第 2333 行.
NOTIC: [8] Undefined variable: tree /data/www/pc.zhongguoshebaodaili.cn/wwwroot/Application/Common/Common/common.php 第 2339 行.
NOTIC: [2] Invalid argument supplied for foreach() /data/www/pc.zhongguoshebaodaili.cn/wwwroot/Application/Common/Common/common.php 第 2339 行.
NOTIC: [8] Use of undefined constant TPSHOP_CACHE_TIME - assumed 'TPSHOP_CACHE_TIME' /data/www/pc.zhongguoshebaodaili.cn/wwwroot/Application/Home/Controller/BaseController.class.php 第 50 行.
INFO: [ view_begin ] --START--
INFO: Run Home\Behaviors\testBehavior [ RunTime:0.000082s ]
INFO: [ view_begin ] --END-- [ RunTime:0.000121s ]
INFO: [ view_parse ] --START--
INFO: [ template_filter ] --START--
INFO: Run Behavior\ContentReplaceBehavior [ RunTime:0.000058s ]
INFO: [ template_filter ] --END-- [ RunTime:0.000094s ]
INFO: Run Behavior\ParseTemplateBehavior [ RunTime:0.001538s ]
INFO: [ view_parse ] --END-- [ RunTime:0.001569s ]
INFO: [ view_filter ] --START--
INFO: Run Behavior\WriteHtmlCacheBehavior [ RunTime:0.000036s ]
INFO: Run Behavior\TokenBuildBehavior [ RunTime:0.000056s ]
INFO: [ view_filter ] --END-- [ RunTime:0.000126s ]

[ 2018-02-14T12:27:23+08:00 ] 39.104.29.35 /index.php/Home/Checklogin/rc_yingjin.html
INFO: [ app_init ] --START--
INFO: Run Behavior\BuildLiteBehavior [ RunTime:0.000011s ]
INFO: [ app_init ] --END-- [ RunTime:0.000074s ]
NOTIC: [8] Use of undefined constant TPSHOP_CACHE_TIME - assumed 'TPSHOP_CACHE_TIME' /data/www/pc.zhongguoshebaodaili.cn/wwwroot/Application/Home/Conf/config.php 第 18 行.
NOTIC: [8] Use of undefined constant TPSHOP_CACHE_TIME - assumed 'TPSHOP_CACHE_TIME' /data/www/pc.zhongguoshebaodaili.cn/wwwroot/Application/Home/Conf/config.php 第 22 行.
NOTIC: [8] Use of undefined constant TPSHOP_CACHE_TIME - assumed 'TPSHOP_CACHE_TIME' /data/www/pc.zhongguoshebaodaili.cn/wwwroot/Application/Home/Conf/config.php 第 23 行.
NOTIC: [8] Use of undefined constant TPSHOP_CACHE_TIME - assumed 'TPSHOP_CACHE_TIME' /data/www/pc.zhongguoshebaodaili.cn/wwwroot/Application/Home/Conf/config.php 第 24 行.
NOTIC: [8] Use of undefined constant TPSHOP_CACHE_TIME - assumed 'TPSHOP_CACHE_TIME' /data/www/pc.zhongguoshebaodaili.cn/wwwroot/Application/Home/Conf/config.php 第 26 行.
INFO: [ app_begin ] --START--
INFO: Run Behavior\ReadHtmlCacheBehavior [ RunTime:0.000045s ]
INFO: [ app_begin ] --END-- [ RunTime:0.000076s ]
NOTIC: [8] Use of undefined constant TPSHOP_CACHE_TIME - assumed 'TPSHOP_CACHE_TIME' /data/www/pc.zhongguoshebaodaili.cn/wwwroot/Application/Home/Controller/BaseController.class.php 第 39 行.
NOTIC: [8] Undefined variable: arr /data/www/pc.zhongguoshebaodaili.cn/wwwroot/Application/Common/Common/common.php 第 2333 行.
NOTIC: [2] Invalid argument supplied for foreach() /data/www/pc.zhongguoshebaodaili.cn/wwwroot/Application/Common/Common/common.php 第 2333 行.
NOTIC: [8] Undefined variable: tree /data/www/pc.zhongguoshebaodaili.cn/wwwroot/Application/Common/Common/common.php 第 2339 行.
NOTIC: [2] Invalid argument supplied for foreach() /data/www/pc.zhongguoshebaodaili.cn/wwwroot/Application/Common/Common/common.php 第 2339 行.
NOTIC: [8] Use of undefined constant TPSHOP_CACHE_TIME - assumed 'TPSHOP_CACHE_TIME' /data/www/pc.zhongguoshebaodaili.cn/wwwroot/Application/Home/Controller/BaseController.class.php 第 50 行.
INFO: [ view_begin ] --START--
INFO: Run Home\Behaviors\testBehavior [ RunTime:0.000062s ]
INFO: [ view_begin ] --END-- [ RunTime:0.000095s ]
INFO: [ view_parse ] --START--
INFO: [ template_filter ] --START--
INFO: Run Behavior\ContentReplaceBehavior [ RunTime:0.000059s ]
INFO: [ template_filter ] --END-- [ RunTime:0.000097s ]
INFO: Run Behavior\ParseTemplateBehavior [ RunTime:0.001818s ]
INFO: [ view_parse ] --END-- [ RunTime:0.001852s ]
INFO: [ view_filter ] --START--
INFO: Run Behavior\WriteHtmlCacheBehavior [ RunTime:0.000037s ]
INFO: Run Behavior\TokenBuildBehavior [ RunTime:0.000060s ]
INFO: [ view_filter ] --END-- [ RunTime:0.000137s ]

[ 2018-02-14T15:07:00+08:00 ] 118.31.157.25 /index.php/Home/Checklogin/company_order.html
INFO: [ app_init ] --START--
INFO: Run Behavior\BuildLiteBehavior [ RunTime:0.000011s ]
INFO: [ app_init ] --END-- [ RunTime:0.000075s ]
NOTIC: [8] Use of undefined constant TPSHOP_CACHE_TIME - assumed 'TPSHOP_CACHE_TIME' /data/www/pc.zhongguoshebaodaili.cn/wwwroot/Application/Home/Conf/config.php 第 18 行.
NOTIC: [8] Use of undefined constant TPSHOP_CACHE_TIME - assumed 'TPSHOP_CACHE_TIME' /data/www/pc.zhongguoshebaodaili.cn/wwwroot/Application/Home/Conf/config.php 第 22 行.
NOTIC: [8] Use of undefined constant TPSHOP_CACHE_TIME - assumed 'TPSHOP_CACHE_TIME' /data/www/pc.zhongguoshebaodaili.cn/wwwroot/Application/Home/Conf/config.php 第 23 行.
NOTIC: [8] Use of undefined constant TPSHOP_CACHE_TIME - assumed 'TPSHOP_CACHE_TIME' /data/www/pc.zhongguoshebaodaili.cn/wwwroot/Application/Home/Conf/config.php 第 24 行.
NOTIC: [8] Use of undefined constant TPSHOP_CACHE_TIME - assumed 'TPSHOP_CACHE_TIME' /data/www/pc.zhongguoshebaodaili.cn/wwwroot/Application/Home/Conf/config.php 第 26 行.
INFO: [ app_begin ] --START--
INFO: Run Behavior\ReadHtmlCacheBehavior [ RunTime:0.000046s ]
INFO: [ app_begin ] --END-- [ RunTime:0.000077s ]
NOTIC: [8] Use of undefined constant TPSHOP_CACHE_TIME - assumed 'TPSHOP_CACHE_TIME' /data/www/pc.zhongguoshebaodaili.cn/wwwroot/Application/Home/Controller/BaseController.class.php 第 39 行.
NOTIC: [8] Undefined variable: arr /data/www/pc.zhongguoshebaodaili.cn/wwwroot/Application/Common/Common/common.php 第 2333 行.
NOTIC: [2] Invalid argument supplied for foreach() /data/www/pc.zhongguoshebaodaili.cn/wwwroot/Application/Common/Common/common.php 第 2333 行.
NOTIC: [8] Undefined variable: tree /data/www/pc.zhongguoshebaodaili.cn/wwwroot/Application/Common/Common/common.php 第 2339 行.
NOTIC: [2] Invalid argument supplied for foreach() /data/www/pc.zhongguoshebaodaili.cn/wwwroot/Application/Common/Common/common.php 第 2339 行.
NOTIC: [8] Use of undefined constant TPSHOP_CACHE_TIME - assumed 'TPSHOP_CACHE_TIME' /data/www/pc.zhongguoshebaodaili.cn/wwwroot/Application/Home/Controller/BaseController.class.php 第 50 行.
INFO: [ view_begin ] --START--
INFO: Run Home\Behaviors\testBehavior [ RunTime:0.000079s ]
INFO: [ view_begin ] --END-- [ RunTime:0.000113s ]
INFO: [ view_parse ] --START--
INFO: [ template_filter ] --START--
INFO: Run Behavior\ContentReplaceBehavior [ RunTime:0.000031s ]
INFO: [ template_filter ] --END-- [ RunTime:0.000064s ]
INFO: Run Behavior\ParseTemplateBehavior [ RunTime:0.001584s ]
INFO: [ view_parse ] --END-- [ RunTime:0.001616s ]
INFO: [ view_filter ] --START--
INFO: Run Behavior\WriteHtmlCacheBehavior [ RunTime:0.000036s ]
INFO: Run Behavior\TokenBuildBehavior [ RunTime:0.000078s ]
INFO: [ view_filter ] --END-- [ RunTime:0.000157s ]

[ 2018-02-14T15:54:43+08:00 ] 106.11.159.188 /index.php/Home/Checklogin/forget_login.html
INFO: [ app_init ] --START--
INFO: Run Behavior\BuildLiteBehavior [ RunTime:0.000011s ]
INFO: [ app_init ] --END-- [ RunTime:0.000075s ]
NOTIC: [8] Use of undefined constant TPSHOP_CACHE_TIME - assumed 'TPSHOP_CACHE_TIME' /data/www/pc.zhongguoshebaodaili.cn/wwwroot/Application/Home/Conf/config.php 第 18 行.
NOTIC: [8] Use of undefined constant TPSHOP_CACHE_TIME - assumed 'TPSHOP_CACHE_TIME' /data/www/pc.zhongguoshebaodaili.cn/wwwroot/Application/Home/Conf/config.php 第 22 行.
NOTIC: [8] Use of undefined constant TPSHOP_CACHE_TIME - assumed 'TPSHOP_CACHE_TIME' /data/www/pc.zhongguoshebaodaili.cn/wwwroot/Application/Home/Conf/config.php 第 23 行.
NOTIC: [8] Use of undefined constant TPSHOP_CACHE_TIME - assumed 'TPSHOP_CACHE_TIME' /data/www/pc.zhongguoshebaodaili.cn/wwwroot/Application/Home/Conf/config.php 第 24 行.
NOTIC: [8] Use of undefined constant TPSHOP_CACHE_TIME - assumed 'TPSHOP_CACHE_TIME' /data/www/pc.zhongguoshebaodaili.cn/wwwroot/Application/Home/Conf/config.php 第 26 行.
INFO: [ app_begin ] --START--
INFO: Run Behavior\ReadHtmlCacheBehavior [ RunTime:0.000044s ]
INFO: [ app_begin ] --END-- [ RunTime:0.000074s ]
NOTIC: [8] Use of undefined constant TPSHOP_CACHE_TIME - assumed 'TPSHOP_CACHE_TIME' /data/www/pc.zhongguoshebaodaili.cn/wwwroot/Application/Home/Controller/BaseController.class.php 第 39 行.
NOTIC: [8] Undefined variable: arr /data/www/pc.zhongguoshebaodaili.cn/wwwroot/Application/Common/Common/common.php 第 2333 行.
NOTIC: [2] Invalid argument supplied for foreach() /data/www/pc.zhongguoshebaodaili.cn/wwwroot/Application/Common/Common/common.php 第 2333 行.
NOTIC: [8] Undefined variable: tree /data/www/pc.zhongguoshebaodaili.cn/wwwroot/Application/Common/Common/common.php 第 2339 行.
NOTIC: [2] Invalid argument supplied for foreach() /data/www/pc.zhongguoshebaodaili.cn/wwwroot/Application/Common/Common/common.php 第 2339 行.
NOTIC: [8] Use of undefined constant TPSHOP_CACHE_TIME - assumed 'TPSHOP_CACHE_TIME' /data/www/pc.zhongguoshebaodaili.cn/wwwroot/Application/Home/Controller/BaseController.class.php 第 50 行.
NOTIC: [8] Undefined index: account_name /data/www/pc.zhongguoshebaodaili.cn/wwwroot/Application/Home/Controller/CheckloginController.class.php 第 39 行.
NOTIC: [8] Undefined index: user_type /data/www/pc.zhongguoshebaodaili.cn/wwwroot/Application/Home/Controller/CheckloginController.class.php 第 62 行.
INFO: [ view_begin ] --START--
INFO: Run Home\Behaviors\testBehavior [ RunTime:0.000122s ]
INFO: [ view_begin ] --END-- [ RunTime:0.000187s ]
INFO: [ view_parse ] --START--
INFO: [ template_filter ] --START--
INFO: Run Behavior\ContentReplaceBehavior [ RunTime:0.000085s ]
INFO: [ template_filter ] --END-- [ RunTime:0.000127s ]
INFO: Run Behavior\ParseTemplateBehavior [ RunTime:0.006359s ]
INFO: [ view_parse ] --END-- [ RunTime:0.006392s ]
INFO: [ view_filter ] --START--
INFO: Run Behavior\WriteHtmlCacheBehavior [ RunTime:0.000040s ]
INFO: Run Behavior\TokenBuildBehavior [ RunTime:0.000123s ]
INFO: [ view_filter ] --END-- [ RunTime:0.000220s ]
INFO: [ app_end ] --START--
INFO: Run Behavior\ShowPageTraceBehavior [ RunTime:0.000035s ]
INFO: [ app_end ] --END-- [ RunTime:0.000063s ]

[ 2018-02-14T16:13:10+08:00 ] 121.42.241.60 /index.php/Home/Checklogin/shebao_bujiao.html
INFO: [ app_init ] --START--
INFO: Run Behavior\BuildLiteBehavior [ RunTime:0.000011s ]
INFO: [ app_init ] --END-- [ RunTime:0.000086s ]
NOTIC: [8] Use of undefined constant TPSHOP_CACHE_TIME - assumed 'TPSHOP_CACHE_TIME' /data/www/pc.zhongguoshebaodaili.cn/wwwroot/Application/Home/Conf/config.php 第 18 行.
NOTIC: [8] Use of undefined constant TPSHOP_CACHE_TIME - assumed 'TPSHOP_CACHE_TIME' /data/www/pc.zhongguoshebaodaili.cn/wwwroot/Application/Home/Conf/config.php 第 22 行.
NOTIC: [8] Use of undefined constant TPSHOP_CACHE_TIME - assumed 'TPSHOP_CACHE_TIME' /data/www/pc.zhongguoshebaodaili.cn/wwwroot/Application/Home/Conf/config.php 第 23 行.
NOTIC: [8] Use of undefined constant TPSHOP_CACHE_TIME - assumed 'TPSHOP_CACHE_TIME' /data/www/pc.zhongguoshebaodaili.cn/wwwroot/Application/Home/Conf/config.php 第 24 行.
NOTIC: [8] Use of undefined constant TPSHOP_CACHE_TIME - assumed 'TPSHOP_CACHE_TIME' /data/www/pc.zhongguoshebaodaili.cn/wwwroot/Application/Home/Conf/config.php 第 26 行.
INFO: [ app_begin ] --START--
INFO: Run Behavior\ReadHtmlCacheBehavior [ RunTime:0.000065s ]
INFO: [ app_begin ] --END-- [ RunTime:0.000098s ]
NOTIC: [8] Use of undefined constant TPSHOP_CACHE_TIME - assumed 'TPSHOP_CACHE_TIME' /data/www/pc.zhongguoshebaodaili.cn/wwwroot/Application/Home/Controller/BaseController.class.php 第 39 行.
NOTIC: [8] Undefined variable: arr /data/www/pc.zhongguoshebaodaili.cn/wwwroot/Application/Common/Common/common.php 第 2333 行.
NOTIC: [2] Invalid argument supplied for foreach() /data/www/pc.zhongguoshebaodaili.cn/wwwroot/Application/Common/Common/common.php 第 2333 行.
NOTIC: [8] Undefined variable: tree /data/www/pc.zhongguoshebaodaili.cn/wwwroot/Application/Common/Common/common.php 第 2339 行.
NOTIC: [2] Invalid argument supplied for foreach() /data/www/pc.zhongguoshebaodaili.cn/wwwroot/Application/Common/Common/common.php 第 2339 行.
NOTIC: [8] Use of undefined constant TPSHOP_CACHE_TIME - assumed 'TPSHOP_CACHE_TIME' /data/www/pc.zhongguoshebaodaili.cn/wwwroot/Application/Home/Controller/BaseController.class.php 第 50 行.
INFO: [ view_begin ] --START--
INFO: Run Home\Behaviors\testBehavior [ RunTime:0.000102s ]
INFO: [ view_begin ] --END-- [ RunTime:0.000144s ]
INFO: [ view_parse ] --START--
INFO: [ template_filter ] --START--
INFO: Run Behavior\ContentReplaceBehavior [ RunTime:0.000033s ]
INFO: [ template_filter ] --END-- [ RunTime:0.000067s ]
INFO: Run Behavior\ParseTemplateBehavior [ RunTime:0.001614s ]
INFO: [ view_parse ] --END-- [ RunTime:0.001648s ]
INFO: [ view_filter ] --START--
INFO: Run Behavior\WriteHtmlCacheBehavior [ RunTime:0.000037s ]
INFO: Run Behavior\TokenBuildBehavior [ RunTime:0.000059s ]
INFO: [ view_filter ] --END-- [ RunTime:0.000153s ]

[ 2018-02-14T19:11:22+08:00 ] 106.11.227.217 /
INFO: [ app_init ] --START--
INFO: Run Behavior\BuildLiteBehavior [ RunTime:0.000010s ]
INFO: [ app_init ] --END-- [ RunTime:0.000073s ]
NOTIC: [8] Use of undefined constant TPSHOP_CACHE_TIME - assumed 'TPSHOP_CACHE_TIME' /data/www/pc.zhongguoshebaodaili.cn/wwwroot/Application/Home/Conf/config.php 第 18 行.
NOTIC: [8] Use of undefined constant TPSHOP_CACHE_TIME - assumed 'TPSHOP_CACHE_TIME' /data/www/pc.zhongguoshebaodaili.cn/wwwroot/Application/Home/Conf/config.php 第 22 行.
NOTIC: [8] Use of undefined constant TPSHOP_CACHE_TIME - assumed 'TPSHOP_CACHE_TIME' /data/www/pc.zhongguoshebaodaili.cn/wwwroot/Application/Home/Conf/config.php 第 23 行.
NOTIC: [8] Use of undefined constant TPSHOP_CACHE_TIME - assumed 'TPSHOP_CACHE_TIME' /data/www/pc.zhongguoshebaodaili.cn/wwwroot/Application/Home/Conf/config.php 第 24 行.
NOTIC: [8] Use of undefined constant TPSHOP_CACHE_TIME - assumed 'TPSHOP_CACHE_TIME' /data/www/pc.zhongguoshebaodaili.cn/wwwroot/Application/Home/Conf/config.php 第 26 行.
INFO: [ app_begin ] --START--
INFO: Run Behavior\ReadHtmlCacheBehavior [ RunTime:0.000045s ]
INFO: [ app_begin ] --END-- [ RunTime:0.000076s ]
NOTIC: [8] Use of undefined constant TPSHOP_CACHE_TIME - assumed 'TPSHOP_CACHE_TIME' /data/www/pc.zhongguoshebaodaili.cn/wwwroot/Application/Home/Controller/BaseController.class.php 第 39 行.
NOTIC: [8] Undefined variable: arr /data/www/pc.zhongguoshebaodaili.cn/wwwroot/Application/Common/Common/common.php 第 2333 行.
NOTIC: [2] Invalid argument supplied for foreach() /data/www/pc.zhongguoshebaodaili.cn/wwwroot/Application/Common/Common/common.php 第 2333 行.
NOTIC: [8] Undefined variable: tree /data/www/pc.zhongguoshebaodaili.cn/wwwroot/Application/Common/Common/common.php 第 2339 行.
NOTIC: [2] Invalid argument supplied for foreach() /data/www/pc.zhongguoshebaodaili.cn/wwwroot/Application/Common/Common/common.php 第 2339 行.
NOTIC: [8] Use of undefined constant TPSHOP_CACHE_TIME - assumed 'TPSHOP_CACHE_TIME' /data/www/pc.zhongguoshebaodaili.cn/wwwroot/Application/Home/Controller/BaseController.class.php 第 50 行.
NOTIC: [8] Undefined index: account_name /data/www/pc.zhongguoshebaodaili.cn/wwwroot/Application/Home/Controller/CheckloginController.class.php 第 39 行.
NOTIC: [8] Undefined index: user_type /data/www/pc.zhongguoshebaodaili.cn/wwwroot/Application/Home/Controller/CheckloginController.class.php 第 62 行.
INFO: [ view_begin ] --START--
INFO: Run Home\Behaviors\testBehavior [ RunTime:0.000066s ]
INFO: [ view_begin ] --END-- [ RunTime:0.000101s ]
INFO: [ view_parse ] --START--
INFO: [ template_filter ] --START--
INFO: Run Behavior\ContentReplaceBehavior [ RunTime:0.000094s ]
INFO: [ template_filter ] --END-- [ RunTime:0.000144s ]
INFO: Run Behavior\ParseTemplateBehavior [ RunTime:0.007422s ]
INFO: [ view_parse ] --END-- [ RunTime:0.007456s ]
INFO: [ view_filter ] --START--
INFO: Run Behavior\WriteHtmlCacheBehavior [ RunTime:0.000041s ]
INFO: Run Behavior\TokenBuildBehavior [ RunTime:0.000116s ]
INFO: [ view_filter ] --END-- [ RunTime:0.000193s ]
INFO: [ app_end ] --START--
INFO: Run Behavior\ShowPageTraceBehavior [ RunTime:0.000030s ]
INFO: [ app_end ] --END-- [ RunTime:0.000054s ]

[ 2018-02-14T21:11:59+08:00 ] 123.125.71.40 /index.php/Home/Checklogin/login.html
INFO: [ app_init ] --START--
INFO: Run Behavior\BuildLiteBehavior [ RunTime:0.000013s ]
INFO: [ app_init ] --END-- [ RunTime:0.000085s ]
NOTIC: [8] Use of undefined constant TPSHOP_CACHE_TIME - assumed 'TPSHOP_CACHE_TIME' /data/www/pc.zhongguoshebaodaili.cn/wwwroot/Application/Home/Conf/config.php 第 18 行.
NOTIC: [8] Use of undefined constant TPSHOP_CACHE_TIME - assumed 'TPSHOP_CACHE_TIME' /data/www/pc.zhongguoshebaodaili.cn/wwwroot/Application/Home/Conf/config.php 第 22 行.
NOTIC: [8] Use of undefined constant TPSHOP_CACHE_TIME - assumed 'TPSHOP_CACHE_TIME' /data/www/pc.zhongguoshebaodaili.cn/wwwroot/Application/Home/Conf/config.php 第 23 行.
NOTIC: [8] Use of undefined constant TPSHOP_CACHE_TIME - assumed 'TPSHOP_CACHE_TIME' /data/www/pc.zhongguoshebaodaili.cn/wwwroot/Application/Home/Conf/config.php 第 24 行.
NOTIC: [8] Use of undefined constant TPSHOP_CACHE_TIME - assumed 'TPSHOP_CACHE_TIME' /data/www/pc.zhongguoshebaodaili.cn/wwwroot/Application/Home/Conf/config.php 第 26 行.
INFO: [ app_begin ] --START--
INFO: Run Behavior\ReadHtmlCacheBehavior [ RunTime:0.000049s ]
INFO: [ app_begin ] --END-- [ RunTime:0.000083s ]
NOTIC: [8] Use of undefined constant TPSHOP_CACHE_TIME - assumed 'TPSHOP_CACHE_TIME' /data/www/pc.zhongguoshebaodaili.cn/wwwroot/Application/Home/Controller/BaseController.class.php 第 39 行.
NOTIC: [8] Undefined variable: arr /data/www/pc.zhongguoshebaodaili.cn/wwwroot/Application/Common/Common/common.php 第 2333 行.
NOTIC: [2] Invalid argument supplied for foreach() /data/www/pc.zhongguoshebaodaili.cn/wwwroot/Application/Common/Common/common.php 第 2333 行.
NOTIC: [8] Undefined variable: tree /data/www/pc.zhongguoshebaodaili.cn/wwwroot/Application/Common/Common/common.php 第 2339 行.
NOTIC: [2] Invalid argument supplied for foreach() /data/www/pc.zhongguoshebaodaili.cn/wwwroot/Application/Common/Common/common.php 第 2339 行.
NOTIC: [8] Use of undefined constant TPSHOP_CACHE_TIME - assumed 'TPSHOP_CACHE_TIME' /data/www/pc.zhongguoshebaodaili.cn/wwwroot/Application/Home/Controller/BaseController.class.php 第 50 行.
NOTIC: [8] Undefined index: account_name /data/www/pc.zhongguoshebaodaili.cn/wwwroot/Application/Home/Controller/CheckloginController.class.php 第 39 行.
NOTIC: [8] Undefined index: user_type /data/www/pc.zhongguoshebaodaili.cn/wwwroot/Application/Home/Controller/CheckloginController.class.php 第 62 行.
INFO: [ view_begin ] --START--
INFO: Run Home\Behaviors\testBehavior [ RunTime:0.000062s ]
INFO: [ view_begin ] --END-- [ RunTime:0.000094s ]
INFO: [ view_parse ] --START--
INFO: [ template_filter ] --START--
INFO: Run Behavior\ContentReplaceBehavior [ RunTime:0.000082s ]
INFO: [ template_filter ] --END-- [ RunTime:0.000126s ]
INFO: Run Behavior\ParseTemplateBehavior [ RunTime:0.006328s ]
INFO: [ view_parse ] --END-- [ RunTime:0.006359s ]
INFO: [ view_filter ] --START--
INFO: Run Behavior\WriteHtmlCacheBehavior [ RunTime:0.000053s ]
INFO: Run Behavior\TokenBuildBehavior [ RunTime:0.000122s ]
INFO: [ view_filter ] --END-- [ RunTime:0.000218s ]
INFO: [ app_end ] --START--
INFO: Run Behavior\ShowPageTraceBehavior [ RunTime:0.000036s ]
INFO: [ app_end ] --END-- [ RunTime:0.000067s ]

