[ 2018-03-24T01:48:31+08:00 ] 123.125.71.82 /
INFO: [ app_init ] --START--
INFO: Run Behavior\BuildLiteBehavior [ RunTime:0.000011s ]
INFO: [ app_init ] --END-- [ RunTime:0.000074s ]
NOTIC: [8] Use of undefined constant TPSHOP_CACHE_TIME - assumed 'TPSHOP_CACHE_TIME' /data/www/pc.zhongguoshebaodaili.cn/wwwroot/Application/Home/Conf/config.php 第 18 行.
NOTIC: [8] Use of undefined constant TPSHOP_CACHE_TIME - assumed 'TPSHOP_CACHE_TIME' /data/www/pc.zhongguoshebaodaili.cn/wwwroot/Application/Home/Conf/config.php 第 22 行.
NOTIC: [8] Use of undefined constant TPSHOP_CACHE_TIME - assumed 'TPSHOP_CACHE_TIME' /data/www/pc.zhongguoshebaodaili.cn/wwwroot/Application/Home/Conf/config.php 第 23 行.
NOTIC: [8] Use of undefined constant TPSHOP_CACHE_TIME - assumed 'TPSHOP_CACHE_TIME' /data/www/pc.zhongguoshebaodaili.cn/wwwroot/Application/Home/Conf/config.php 第 24 行.
NOTIC: [8] Use of undefined constant TPSHOP_CACHE_TIME - assumed 'TPSHOP_CACHE_TIME' /data/www/pc.zhongguoshebaodaili.cn/wwwroot/Application/Home/Conf/config.php 第 26 行.
INFO: [ app_begin ] --START--
INFO: Run Behavior\ReadHtmlCacheBehavior [ RunTime:0.000045s ]
INFO: [ app_begin ] --END-- [ RunTime:0.000073s ]
NOTIC: [8] Use of undefined constant TPSHOP_CACHE_TIME - assumed 'TPSHOP_CACHE_TIME' /data/www/pc.zhongguoshebaodaili.cn/wwwroot/Application/Home/Controller/BaseController.class.php 第 39 行.
NOTIC: [8] Undefined variable: arr /data/www/pc.zhongguoshebaodaili.cn/wwwroot/Application/Common/Common/common.php 第 2333 行.
NOTIC: [2] Invalid argument supplied for foreach() /data/www/pc.zhongguoshebaodaili.cn/wwwroot/Application/Common/Common/common.php 第 2333 行.
NOTIC: [8] Undefined variable: tree /data/www/pc.zhongguoshebaodaili.cn/wwwroot/Application/Common/Common/common.php 第 2339 行.
NOTIC: [2] Invalid argument supplied for foreach() /data/www/pc.zhongguoshebaodaili.cn/wwwroot/Application/Common/Common/common.php 第 2339 行.
NOTIC: [8] Use of undefined constant TPSHOP_CACHE_TIME - assumed 'TPSHOP_CACHE_TIME' /data/www/pc.zhongguoshebaodaili.cn/wwwroot/Application/Home/Controller/BaseController.class.php 第 50 行.
NOTIC: [8] Undefined index: account_name /data/www/pc.zhongguoshebaodaili.cn/wwwroot/Application/Home/Controller/CheckloginController.class.php 第 39 行.
NOTIC: [8] Undefined index: user_type /data/www/pc.zhongguoshebaodaili.cn/wwwroot/Application/Home/Controller/CheckloginController.class.php 第 62 行.
INFO: [ view_begin ] --START--
INFO: Run Home\Behaviors\testBehavior [ RunTime:0.000054s ]
INFO: [ view_begin ] --END-- [ RunTime:0.000080s ]
INFO: [ view_parse ] --START--
INFO: [ template_filter ] --START--
INFO: Run Behavior\ContentReplaceBehavior [ RunTime:0.000078s ]
INFO: [ template_filter ] --END-- [ RunTime:0.000109s ]
INFO: Run Behavior\ParseTemplateBehavior [ RunTime:0.006230s ]
INFO: [ view_parse ] --END-- [ RunTime:0.006258s ]
INFO: [ view_filter ] --START--
INFO: Run Behavior\WriteHtmlCacheBehavior [ RunTime:0.000036s ]
INFO: Run Behavior\TokenBuildBehavior [ RunTime:0.000111s ]
INFO: [ view_filter ] --END-- [ RunTime:0.000181s ]
INFO: [ app_end ] --START--
INFO: Run Behavior\ShowPageTraceBehavior [ RunTime:0.000029s ]
INFO: [ app_end ] --END-- [ RunTime:0.000051s ]

[ 2018-03-24T08:24:53+08:00 ] 42.236.49.39 /index.php/Home/Checklogin/tx_yanglao.html
INFO: [ app_init ] --START--
INFO: Run Behavior\BuildLiteBehavior [ RunTime:0.000012s ]
INFO: [ app_init ] --END-- [ RunTime:0.000083s ]
NOTIC: [8] Use of undefined constant TPSHOP_CACHE_TIME - assumed 'TPSHOP_CACHE_TIME' /data/www/pc.zhongguoshebaodaili.cn/wwwroot/Application/Home/Conf/config.php 第 18 行.
NOTIC: [8] Use of undefined constant TPSHOP_CACHE_TIME - assumed 'TPSHOP_CACHE_TIME' /data/www/pc.zhongguoshebaodaili.cn/wwwroot/Application/Home/Conf/config.php 第 22 行.
NOTIC: [8] Use of undefined constant TPSHOP_CACHE_TIME - assumed 'TPSHOP_CACHE_TIME' /data/www/pc.zhongguoshebaodaili.cn/wwwroot/Application/Home/Conf/config.php 第 23 行.
NOTIC: [8] Use of undefined constant TPSHOP_CACHE_TIME - assumed 'TPSHOP_CACHE_TIME' /data/www/pc.zhongguoshebaodaili.cn/wwwroot/Application/Home/Conf/config.php 第 24 行.
NOTIC: [8] Use of undefined constant TPSHOP_CACHE_TIME - assumed 'TPSHOP_CACHE_TIME' /data/www/pc.zhongguoshebaodaili.cn/wwwroot/Application/Home/Conf/config.php 第 26 行.
INFO: [ app_begin ] --START--
INFO: Run Behavior\ReadHtmlCacheBehavior [ RunTime:0.000046s ]
INFO: [ app_begin ] --END-- [ RunTime:0.000075s ]
NOTIC: [8] Use of undefined constant TPSHOP_CACHE_TIME - assumed 'TPSHOP_CACHE_TIME' /data/www/pc.zhongguoshebaodaili.cn/wwwroot/Application/Home/Controller/BaseController.class.php 第 39 行.
NOTIC: [8] Undefined variable: arr /data/www/pc.zhongguoshebaodaili.cn/wwwroot/Application/Common/Common/common.php 第 2333 行.
NOTIC: [2] Invalid argument supplied for foreach() /data/www/pc.zhongguoshebaodaili.cn/wwwroot/Application/Common/Common/common.php 第 2333 行.
NOTIC: [8] Undefined variable: tree /data/www/pc.zhongguoshebaodaili.cn/wwwroot/Application/Common/Common/common.php 第 2339 行.
NOTIC: [2] Invalid argument supplied for foreach() /data/www/pc.zhongguoshebaodaili.cn/wwwroot/Application/Common/Common/common.php 第 2339 行.
NOTIC: [8] Use of undefined constant TPSHOP_CACHE_TIME - assumed 'TPSHOP_CACHE_TIME' /data/www/pc.zhongguoshebaodaili.cn/wwwroot/Application/Home/Controller/BaseController.class.php 第 50 行.
INFO: [ view_begin ] --START--
INFO: Run Home\Behaviors\testBehavior [ RunTime:0.000053s ]
INFO: [ view_begin ] --END-- [ RunTime:0.000080s ]
INFO: [ view_parse ] --START--
INFO: [ template_filter ] --START--
INFO: Run Behavior\ContentReplaceBehavior [ RunTime:0.000028s ]
INFO: [ template_filter ] --END-- [ RunTime:0.000055s ]
INFO: Run Behavior\ParseTemplateBehavior [ RunTime:0.001370s ]
INFO: [ view_parse ] --END-- [ RunTime:0.001397s ]
INFO: [ view_filter ] --START--
INFO: Run Behavior\WriteHtmlCacheBehavior [ RunTime:0.000034s ]
INFO: Run Behavior\TokenBuildBehavior [ RunTime:0.000052s ]
INFO: [ view_filter ] --END-- [ RunTime:0.000123s ]

[ 2018-03-24T08:24:53+08:00 ] 42.236.48.205 /index.php/Home/Checklogin/shebao_zhuanyi.html
INFO: [ app_init ] --START--
INFO: Run Behavior\BuildLiteBehavior [ RunTime:0.000010s ]
INFO: [ app_init ] --END-- [ RunTime:0.000059s ]
NOTIC: [8] Use of undefined constant TPSHOP_CACHE_TIME - assumed 'TPSHOP_CACHE_TIME' /data/www/pc.zhongguoshebaodaili.cn/wwwroot/Application/Home/Conf/config.php 第 18 行.
NOTIC: [8] Use of undefined constant TPSHOP_CACHE_TIME - assumed 'TPSHOP_CACHE_TIME' /data/www/pc.zhongguoshebaodaili.cn/wwwroot/Application/Home/Conf/config.php 第 22 行.
NOTIC: [8] Use of undefined constant TPSHOP_CACHE_TIME - assumed 'TPSHOP_CACHE_TIME' /data/www/pc.zhongguoshebaodaili.cn/wwwroot/Application/Home/Conf/config.php 第 23 行.
NOTIC: [8] Use of undefined constant TPSHOP_CACHE_TIME - assumed 'TPSHOP_CACHE_TIME' /data/www/pc.zhongguoshebaodaili.cn/wwwroot/Application/Home/Conf/config.php 第 24 行.
NOTIC: [8] Use of undefined constant TPSHOP_CACHE_TIME - assumed 'TPSHOP_CACHE_TIME' /data/www/pc.zhongguoshebaodaili.cn/wwwroot/Application/Home/Conf/config.php 第 26 行.
INFO: [ app_begin ] --START--
INFO: Run Behavior\ReadHtmlCacheBehavior [ RunTime:0.000038s ]
INFO: [ app_begin ] --END-- [ RunTime:0.000067s ]
NOTIC: [8] Use of undefined constant TPSHOP_CACHE_TIME - assumed 'TPSHOP_CACHE_TIME' /data/www/pc.zhongguoshebaodaili.cn/wwwroot/Application/Home/Controller/BaseController.class.php 第 39 行.
NOTIC: [8] Undefined variable: arr /data/www/pc.zhongguoshebaodaili.cn/wwwroot/Application/Common/Common/common.php 第 2333 行.
NOTIC: [2] Invalid argument supplied for foreach() /data/www/pc.zhongguoshebaodaili.cn/wwwroot/Application/Common/Common/common.php 第 2333 行.
NOTIC: [8] Undefined variable: tree /data/www/pc.zhongguoshebaodaili.cn/wwwroot/Application/Common/Common/common.php 第 2339 行.
NOTIC: [2] Invalid argument supplied for foreach() /data/www/pc.zhongguoshebaodaili.cn/wwwroot/Application/Common/Common/common.php 第 2339 行.
NOTIC: [8] Use of undefined constant TPSHOP_CACHE_TIME - assumed 'TPSHOP_CACHE_TIME' /data/www/pc.zhongguoshebaodaili.cn/wwwroot/Application/Home/Controller/BaseController.class.php 第 50 行.
INFO: [ view_begin ] --START--
INFO: Run Home\Behaviors\testBehavior [ RunTime:0.000045s ]
INFO: [ view_begin ] --END-- [ RunTime:0.000075s ]
INFO: [ view_parse ] --START--
INFO: [ template_filter ] --START--
INFO: Run Behavior\ContentReplaceBehavior [ RunTime:0.000028s ]
INFO: [ template_filter ] --END-- [ RunTime:0.000059s ]
INFO: Run Behavior\ParseTemplateBehavior [ RunTime:0.001365s ]
INFO: [ view_parse ] --END-- [ RunTime:0.001395s ]
INFO: [ view_filter ] --START--
INFO: Run Behavior\WriteHtmlCacheBehavior [ RunTime:0.000026s ]
INFO: Run Behavior\TokenBuildBehavior [ RunTime:0.000062s ]
INFO: [ view_filter ] --END-- [ RunTime:0.000129s ]

[ 2018-03-24T08:39:19+08:00 ] 106.11.242.92 /
INFO: [ app_init ] --START--
INFO: Run Behavior\BuildLiteBehavior [ RunTime:0.000011s ]
INFO: [ app_init ] --END-- [ RunTime:0.000075s ]
NOTIC: [8] Use of undefined constant TPSHOP_CACHE_TIME - assumed 'TPSHOP_CACHE_TIME' /data/www/pc.zhongguoshebaodaili.cn/wwwroot/Application/Home/Conf/config.php 第 18 行.
NOTIC: [8] Use of undefined constant TPSHOP_CACHE_TIME - assumed 'TPSHOP_CACHE_TIME' /data/www/pc.zhongguoshebaodaili.cn/wwwroot/Application/Home/Conf/config.php 第 22 行.
NOTIC: [8] Use of undefined constant TPSHOP_CACHE_TIME - assumed 'TPSHOP_CACHE_TIME' /data/www/pc.zhongguoshebaodaili.cn/wwwroot/Application/Home/Conf/config.php 第 23 行.
NOTIC: [8] Use of undefined constant TPSHOP_CACHE_TIME - assumed 'TPSHOP_CACHE_TIME' /data/www/pc.zhongguoshebaodaili.cn/wwwroot/Application/Home/Conf/config.php 第 24 行.
NOTIC: [8] Use of undefined constant TPSHOP_CACHE_TIME - assumed 'TPSHOP_CACHE_TIME' /data/www/pc.zhongguoshebaodaili.cn/wwwroot/Application/Home/Conf/config.php 第 26 行.
INFO: [ app_begin ] --START--
INFO: Run Behavior\ReadHtmlCacheBehavior [ RunTime:0.000045s ]
INFO: [ app_begin ] --END-- [ RunTime:0.000077s ]
NOTIC: [8] Use of undefined constant TPSHOP_CACHE_TIME - assumed 'TPSHOP_CACHE_TIME' /data/www/pc.zhongguoshebaodaili.cn/wwwroot/Application/Home/Controller/BaseController.class.php 第 39 行.
NOTIC: [8] Undefined variable: arr /data/www/pc.zhongguoshebaodaili.cn/wwwroot/Application/Common/Common/common.php 第 2333 行.
NOTIC: [2] Invalid argument supplied for foreach() /data/www/pc.zhongguoshebaodaili.cn/wwwroot/Application/Common/Common/common.php 第 2333 行.
NOTIC: [8] Undefined variable: tree /data/www/pc.zhongguoshebaodaili.cn/wwwroot/Application/Common/Common/common.php 第 2339 行.
NOTIC: [2] Invalid argument supplied for foreach() /data/www/pc.zhongguoshebaodaili.cn/wwwroot/Application/Common/Common/common.php 第 2339 行.
NOTIC: [8] Use of undefined constant TPSHOP_CACHE_TIME - assumed 'TPSHOP_CACHE_TIME' /data/www/pc.zhongguoshebaodaili.cn/wwwroot/Application/Home/Controller/BaseController.class.php 第 50 行.
NOTIC: [8] Undefined index: account_name /data/www/pc.zhongguoshebaodaili.cn/wwwroot/Application/Home/Controller/CheckloginController.class.php 第 39 行.
NOTIC: [8] Undefined index: user_type /data/www/pc.zhongguoshebaodaili.cn/wwwroot/Application/Home/Controller/CheckloginController.class.php 第 62 行.
INFO: [ view_begin ] --START--
INFO: Run Home\Behaviors\testBehavior [ RunTime:0.000060s ]
INFO: [ view_begin ] --END-- [ RunTime:0.000090s ]
INFO: [ view_parse ] --START--
INFO: [ template_filter ] --START--
INFO: Run Behavior\ContentReplaceBehavior [ RunTime:0.000089s ]
INFO: [ template_filter ] --END-- [ RunTime:0.000126s ]
INFO: Run Behavior\ParseTemplateBehavior [ RunTime:0.007009s ]
INFO: [ view_parse ] --END-- [ RunTime:0.007042s ]
INFO: [ view_filter ] --START--
INFO: Run Behavior\WriteHtmlCacheBehavior [ RunTime:0.000038s ]
INFO: Run Behavior\TokenBuildBehavior [ RunTime:0.000141s ]
INFO: [ view_filter ] --END-- [ RunTime:0.000247s ]
INFO: [ app_end ] --START--
INFO: Run Behavior\ShowPageTraceBehavior [ RunTime:0.000032s ]
INFO: [ app_end ] --END-- [ RunTime:0.000059s ]

[ 2018-03-24T09:16:31+08:00 ] 220.181.108.101 /
INFO: [ app_init ] --START--
INFO: Run Behavior\BuildLiteBehavior [ RunTime:0.000010s ]
INFO: [ app_init ] --END-- [ RunTime:0.000072s ]
NOTIC: [8] Use of undefined constant TPSHOP_CACHE_TIME - assumed 'TPSHOP_CACHE_TIME' /data/www/pc.zhongguoshebaodaili.cn/wwwroot/Application/Home/Conf/config.php 第 18 行.
NOTIC: [8] Use of undefined constant TPSHOP_CACHE_TIME - assumed 'TPSHOP_CACHE_TIME' /data/www/pc.zhongguoshebaodaili.cn/wwwroot/Application/Home/Conf/config.php 第 22 行.
NOTIC: [8] Use of undefined constant TPSHOP_CACHE_TIME - assumed 'TPSHOP_CACHE_TIME' /data/www/pc.zhongguoshebaodaili.cn/wwwroot/Application/Home/Conf/config.php 第 23 行.
NOTIC: [8] Use of undefined constant TPSHOP_CACHE_TIME - assumed 'TPSHOP_CACHE_TIME' /data/www/pc.zhongguoshebaodaili.cn/wwwroot/Application/Home/Conf/config.php 第 24 行.
NOTIC: [8] Use of undefined constant TPSHOP_CACHE_TIME - assumed 'TPSHOP_CACHE_TIME' /data/www/pc.zhongguoshebaodaili.cn/wwwroot/Application/Home/Conf/config.php 第 26 行.
INFO: [ app_begin ] --START--
INFO: Run Behavior\ReadHtmlCacheBehavior [ RunTime:0.000040s ]
INFO: [ app_begin ] --END-- [ RunTime:0.000065s ]
NOTIC: [8] Use of undefined constant TPSHOP_CACHE_TIME - assumed 'TPSHOP_CACHE_TIME' /data/www/pc.zhongguoshebaodaili.cn/wwwroot/Application/Home/Controller/BaseController.class.php 第 39 行.
NOTIC: [8] Undefined variable: arr /data/www/pc.zhongguoshebaodaili.cn/wwwroot/Application/Common/Common/common.php 第 2333 行.
NOTIC: [2] Invalid argument supplied for foreach() /data/www/pc.zhongguoshebaodaili.cn/wwwroot/Application/Common/Common/common.php 第 2333 行.
NOTIC: [8] Undefined variable: tree /data/www/pc.zhongguoshebaodaili.cn/wwwroot/Application/Common/Common/common.php 第 2339 行.
NOTIC: [2] Invalid argument supplied for foreach() /data/www/pc.zhongguoshebaodaili.cn/wwwroot/Application/Common/Common/common.php 第 2339 行.
NOTIC: [8] Use of undefined constant TPSHOP_CACHE_TIME - assumed 'TPSHOP_CACHE_TIME' /data/www/pc.zhongguoshebaodaili.cn/wwwroot/Application/Home/Controller/BaseController.class.php 第 50 行.
NOTIC: [8] Undefined index: account_name /data/www/pc.zhongguoshebaodaili.cn/wwwroot/Application/Home/Controller/CheckloginController.class.php 第 39 行.
NOTIC: [8] Undefined index: user_type /data/www/pc.zhongguoshebaodaili.cn/wwwroot/Application/Home/Controller/CheckloginController.class.php 第 62 行.
INFO: [ view_begin ] --START--
INFO: Run Home\Behaviors\testBehavior [ RunTime:0.000078s ]
INFO: [ view_begin ] --END-- [ RunTime:0.000108s ]
INFO: [ view_parse ] --START--
INFO: [ template_filter ] --START--
INFO: Run Behavior\ContentReplaceBehavior [ RunTime:0.000092s ]
INFO: [ template_filter ] --END-- [ RunTime:0.000127s ]
INFO: Run Behavior\ParseTemplateBehavior [ RunTime:0.006216s ]
INFO: [ view_parse ] --END-- [ RunTime:0.006250s ]
INFO: [ view_filter ] --START--
INFO: Run Behavior\WriteHtmlCacheBehavior [ RunTime:0.000035s ]
INFO: Run Behavior\TokenBuildBehavior [ RunTime:0.000109s ]
INFO: [ view_filter ] --END-- [ RunTime:0.000180s ]
INFO: [ app_end ] --START--
INFO: Run Behavior\ShowPageTraceBehavior [ RunTime:0.000028s ]
INFO: [ app_end ] --END-- [ RunTime:0.000052s ]

[ 2018-03-24T11:45:49+08:00 ] 106.11.157.187 /index.php/Home/Checklogin/own_money.html
INFO: [ app_init ] --START--
INFO: Run Behavior\BuildLiteBehavior [ RunTime:0.000011s ]
INFO: [ app_init ] --END-- [ RunTime:0.000069s ]
NOTIC: [8] Use of undefined constant TPSHOP_CACHE_TIME - assumed 'TPSHOP_CACHE_TIME' /data/www/pc.zhongguoshebaodaili.cn/wwwroot/Application/Home/Conf/config.php 第 18 行.
NOTIC: [8] Use of undefined constant TPSHOP_CACHE_TIME - assumed 'TPSHOP_CACHE_TIME' /data/www/pc.zhongguoshebaodaili.cn/wwwroot/Application/Home/Conf/config.php 第 22 行.
NOTIC: [8] Use of undefined constant TPSHOP_CACHE_TIME - assumed 'TPSHOP_CACHE_TIME' /data/www/pc.zhongguoshebaodaili.cn/wwwroot/Application/Home/Conf/config.php 第 23 行.
NOTIC: [8] Use of undefined constant TPSHOP_CACHE_TIME - assumed 'TPSHOP_CACHE_TIME' /data/www/pc.zhongguoshebaodaili.cn/wwwroot/Application/Home/Conf/config.php 第 24 行.
NOTIC: [8] Use of undefined constant TPSHOP_CACHE_TIME - assumed 'TPSHOP_CACHE_TIME' /data/www/pc.zhongguoshebaodaili.cn/wwwroot/Application/Home/Conf/config.php 第 26 行.
INFO: [ app_begin ] --START--
INFO: Run Behavior\ReadHtmlCacheBehavior [ RunTime:0.000041s ]
INFO: [ app_begin ] --END-- [ RunTime:0.000070s ]
NOTIC: [8] Use of undefined constant TPSHOP_CACHE_TIME - assumed 'TPSHOP_CACHE_TIME' /data/www/pc.zhongguoshebaodaili.cn/wwwroot/Application/Home/Controller/BaseController.class.php 第 39 行.
NOTIC: [8] Undefined variable: arr /data/www/pc.zhongguoshebaodaili.cn/wwwroot/Application/Common/Common/common.php 第 2333 行.
NOTIC: [2] Invalid argument supplied for foreach() /data/www/pc.zhongguoshebaodaili.cn/wwwroot/Application/Common/Common/common.php 第 2333 行.
NOTIC: [8] Undefined variable: tree /data/www/pc.zhongguoshebaodaili.cn/wwwroot/Application/Common/Common/common.php 第 2339 行.
NOTIC: [2] Invalid argument supplied for foreach() /data/www/pc.zhongguoshebaodaili.cn/wwwroot/Application/Common/Common/common.php 第 2339 行.
NOTIC: [8] Use of undefined constant TPSHOP_CACHE_TIME - assumed 'TPSHOP_CACHE_TIME' /data/www/pc.zhongguoshebaodaili.cn/wwwroot/Application/Home/Controller/BaseController.class.php 第 50 行.
INFO: [ view_begin ] --START--
INFO: Run Home\Behaviors\testBehavior [ RunTime:0.000093s ]
INFO: [ view_begin ] --END-- [ RunTime:0.000130s ]
INFO: [ view_parse ] --START--
INFO: [ template_filter ] --START--
INFO: Run Behavior\ContentReplaceBehavior [ RunTime:0.000031s ]
INFO: [ template_filter ] --END-- [ RunTime:0.000064s ]
INFO: Run Behavior\ParseTemplateBehavior [ RunTime:0.001550s ]
INFO: [ view_parse ] --END-- [ RunTime:0.001583s ]
INFO: [ view_filter ] --START--
INFO: Run Behavior\WriteHtmlCacheBehavior [ RunTime:0.000035s ]
INFO: Run Behavior\TokenBuildBehavior [ RunTime:0.000058s ]
INFO: [ view_filter ] --END-- [ RunTime:0.000131s ]

[ 2018-03-24T11:51:25+08:00 ] 42.120.161.79 /index.php/Home/Checklogin/own_money.html
INFO: [ app_init ] --START--
INFO: Run Behavior\BuildLiteBehavior [ RunTime:0.000010s ]
INFO: [ app_init ] --END-- [ RunTime:0.000073s ]
NOTIC: [8] Use of undefined constant TPSHOP_CACHE_TIME - assumed 'TPSHOP_CACHE_TIME' /data/www/pc.zhongguoshebaodaili.cn/wwwroot/Application/Home/Conf/config.php 第 18 行.
NOTIC: [8] Use of undefined constant TPSHOP_CACHE_TIME - assumed 'TPSHOP_CACHE_TIME' /data/www/pc.zhongguoshebaodaili.cn/wwwroot/Application/Home/Conf/config.php 第 22 行.
NOTIC: [8] Use of undefined constant TPSHOP_CACHE_TIME - assumed 'TPSHOP_CACHE_TIME' /data/www/pc.zhongguoshebaodaili.cn/wwwroot/Application/Home/Conf/config.php 第 23 行.
NOTIC: [8] Use of undefined constant TPSHOP_CACHE_TIME - assumed 'TPSHOP_CACHE_TIME' /data/www/pc.zhongguoshebaodaili.cn/wwwroot/Application/Home/Conf/config.php 第 24 行.
NOTIC: [8] Use of undefined constant TPSHOP_CACHE_TIME - assumed 'TPSHOP_CACHE_TIME' /data/www/pc.zhongguoshebaodaili.cn/wwwroot/Application/Home/Conf/config.php 第 26 行.
INFO: [ app_begin ] --START--
INFO: Run Behavior\ReadHtmlCacheBehavior [ RunTime:0.000044s ]
INFO: [ app_begin ] --END-- [ RunTime:0.000074s ]
NOTIC: [8] Use of undefined constant TPSHOP_CACHE_TIME - assumed 'TPSHOP_CACHE_TIME' /data/www/pc.zhongguoshebaodaili.cn/wwwroot/Application/Home/Controller/BaseController.class.php 第 39 行.
NOTIC: [8] Undefined variable: arr /data/www/pc.zhongguoshebaodaili.cn/wwwroot/Application/Common/Common/common.php 第 2333 行.
NOTIC: [2] Invalid argument supplied for foreach() /data/www/pc.zhongguoshebaodaili.cn/wwwroot/Application/Common/Common/common.php 第 2333 行.
NOTIC: [8] Undefined variable: tree /data/www/pc.zhongguoshebaodaili.cn/wwwroot/Application/Common/Common/common.php 第 2339 行.
NOTIC: [2] Invalid argument supplied for foreach() /data/www/pc.zhongguoshebaodaili.cn/wwwroot/Application/Common/Common/common.php 第 2339 行.
NOTIC: [8] Use of undefined constant TPSHOP_CACHE_TIME - assumed 'TPSHOP_CACHE_TIME' /data/www/pc.zhongguoshebaodaili.cn/wwwroot/Application/Home/Controller/BaseController.class.php 第 50 行.
INFO: [ view_begin ] --START--
INFO: Run Home\Behaviors\testBehavior [ RunTime:0.000060s ]
INFO: [ view_begin ] --END-- [ RunTime:0.000092s ]
INFO: [ view_parse ] --START--
INFO: [ template_filter ] --START--
INFO: Run Behavior\ContentReplaceBehavior [ RunTime:0.000033s ]
INFO: [ template_filter ] --END-- [ RunTime:0.000064s ]
INFO: Run Behavior\ParseTemplateBehavior [ RunTime:0.001548s ]
INFO: [ view_parse ] --END-- [ RunTime:0.001580s ]
INFO: [ view_filter ] --START--
INFO: Run Behavior\WriteHtmlCacheBehavior [ RunTime:0.000063s ]
INFO: Run Behavior\TokenBuildBehavior [ RunTime:0.000059s ]
INFO: [ view_filter ] --END-- [ RunTime:0.000184s ]

[ 2018-03-24T11:51:26+08:00 ] 42.156.136.79 /index.php/Home/Checklogin/login.html
INFO: [ app_init ] --START--
INFO: Run Behavior\BuildLiteBehavior [ RunTime:0.000010s ]
INFO: [ app_init ] --END-- [ RunTime:0.000067s ]
NOTIC: [8] Use of undefined constant TPSHOP_CACHE_TIME - assumed 'TPSHOP_CACHE_TIME' /data/www/pc.zhongguoshebaodaili.cn/wwwroot/Application/Home/Conf/config.php 第 18 行.
NOTIC: [8] Use of undefined constant TPSHOP_CACHE_TIME - assumed 'TPSHOP_CACHE_TIME' /data/www/pc.zhongguoshebaodaili.cn/wwwroot/Application/Home/Conf/config.php 第 22 行.
NOTIC: [8] Use of undefined constant TPSHOP_CACHE_TIME - assumed 'TPSHOP_CACHE_TIME' /data/www/pc.zhongguoshebaodaili.cn/wwwroot/Application/Home/Conf/config.php 第 23 行.
NOTIC: [8] Use of undefined constant TPSHOP_CACHE_TIME - assumed 'TPSHOP_CACHE_TIME' /data/www/pc.zhongguoshebaodaili.cn/wwwroot/Application/Home/Conf/config.php 第 24 行.
NOTIC: [8] Use of undefined constant TPSHOP_CACHE_TIME - assumed 'TPSHOP_CACHE_TIME' /data/www/pc.zhongguoshebaodaili.cn/wwwroot/Application/Home/Conf/config.php 第 26 行.
INFO: [ app_begin ] --START--
INFO: Run Behavior\ReadHtmlCacheBehavior [ RunTime:0.000036s ]
INFO: [ app_begin ] --END-- [ RunTime:0.000063s ]
NOTIC: [8] Use of undefined constant TPSHOP_CACHE_TIME - assumed 'TPSHOP_CACHE_TIME' /data/www/pc.zhongguoshebaodaili.cn/wwwroot/Application/Home/Controller/BaseController.class.php 第 39 行.
NOTIC: [8] Undefined variable: arr /data/www/pc.zhongguoshebaodaili.cn/wwwroot/Application/Common/Common/common.php 第 2333 行.
NOTIC: [2] Invalid argument supplied for foreach() /data/www/pc.zhongguoshebaodaili.cn/wwwroot/Application/Common/Common/common.php 第 2333 行.
NOTIC: [8] Undefined variable: tree /data/www/pc.zhongguoshebaodaili.cn/wwwroot/Application/Common/Common/common.php 第 2339 行.
NOTIC: [2] Invalid argument supplied for foreach() /data/www/pc.zhongguoshebaodaili.cn/wwwroot/Application/Common/Common/common.php 第 2339 行.
NOTIC: [8] Use of undefined constant TPSHOP_CACHE_TIME - assumed 'TPSHOP_CACHE_TIME' /data/www/pc.zhongguoshebaodaili.cn/wwwroot/Application/Home/Controller/BaseController.class.php 第 50 行.
NOTIC: [8] Undefined index: account_name /data/www/pc.zhongguoshebaodaili.cn/wwwroot/Application/Home/Controller/CheckloginController.class.php 第 39 行.
NOTIC: [8] Undefined index: user_type /data/www/pc.zhongguoshebaodaili.cn/wwwroot/Application/Home/Controller/CheckloginController.class.php 第 62 行.
INFO: [ view_begin ] --START--
INFO: Run Home\Behaviors\testBehavior [ RunTime:0.000069s ]
INFO: [ view_begin ] --END-- [ RunTime:0.000102s ]
INFO: [ view_parse ] --START--
INFO: [ template_filter ] --START--
INFO: Run Behavior\ContentReplaceBehavior [ RunTime:0.000088s ]
INFO: [ template_filter ] --END-- [ RunTime:0.000124s ]
INFO: Run Behavior\ParseTemplateBehavior [ RunTime:0.007070s ]
INFO: [ view_parse ] --END-- [ RunTime:0.007103s ]
INFO: [ view_filter ] --START--
INFO: Run Behavior\WriteHtmlCacheBehavior [ RunTime:0.000031s ]
INFO: Run Behavior\TokenBuildBehavior [ RunTime:0.000118s ]
INFO: [ view_filter ] --END-- [ RunTime:0.000189s ]
INFO: [ app_end ] --START--
INFO: Run Behavior\ShowPageTraceBehavior [ RunTime:0.000035s ]
INFO: [ app_end ] --END-- [ RunTime:0.000062s ]

[ 2018-03-24T11:51:26+08:00 ] 42.120.161.79 /index.php/Home/Checklogin/verify.html
INFO: [ app_init ] --START--
INFO: Run Behavior\BuildLiteBehavior [ RunTime:0.000011s ]
INFO: [ app_init ] --END-- [ RunTime:0.000071s ]
NOTIC: [8] Use of undefined constant TPSHOP_CACHE_TIME - assumed 'TPSHOP_CACHE_TIME' /data/www/pc.zhongguoshebaodaili.cn/wwwroot/Application/Home/Conf/config.php 第 18 行.
NOTIC: [8] Use of undefined constant TPSHOP_CACHE_TIME - assumed 'TPSHOP_CACHE_TIME' /data/www/pc.zhongguoshebaodaili.cn/wwwroot/Application/Home/Conf/config.php 第 22 行.
NOTIC: [8] Use of undefined constant TPSHOP_CACHE_TIME - assumed 'TPSHOP_CACHE_TIME' /data/www/pc.zhongguoshebaodaili.cn/wwwroot/Application/Home/Conf/config.php 第 23 行.
NOTIC: [8] Use of undefined constant TPSHOP_CACHE_TIME - assumed 'TPSHOP_CACHE_TIME' /data/www/pc.zhongguoshebaodaili.cn/wwwroot/Application/Home/Conf/config.php 第 24 行.
NOTIC: [8] Use of undefined constant TPSHOP_CACHE_TIME - assumed 'TPSHOP_CACHE_TIME' /data/www/pc.zhongguoshebaodaili.cn/wwwroot/Application/Home/Conf/config.php 第 26 行.
INFO: [ app_begin ] --START--
INFO: Run Behavior\ReadHtmlCacheBehavior [ RunTime:0.000069s ]
INFO: [ app_begin ] --END-- [ RunTime:0.000141s ]
NOTIC: [8] Use of undefined constant TPSHOP_CACHE_TIME - assumed 'TPSHOP_CACHE_TIME' /data/www/pc.zhongguoshebaodaili.cn/wwwroot/Application/Home/Controller/BaseController.class.php 第 39 行.
NOTIC: [8] Undefined variable: arr /data/www/pc.zhongguoshebaodaili.cn/wwwroot/Application/Common/Common/common.php 第 2333 行.
NOTIC: [2] Invalid argument supplied for foreach() /data/www/pc.zhongguoshebaodaili.cn/wwwroot/Application/Common/Common/common.php 第 2333 行.
NOTIC: [8] Undefined variable: tree /data/www/pc.zhongguoshebaodaili.cn/wwwroot/Application/Common/Common/common.php 第 2339 行.
NOTIC: [2] Invalid argument supplied for foreach() /data/www/pc.zhongguoshebaodaili.cn/wwwroot/Application/Common/Common/common.php 第 2339 行.
NOTIC: [8] Use of undefined constant TPSHOP_CACHE_TIME - assumed 'TPSHOP_CACHE_TIME' /data/www/pc.zhongguoshebaodaili.cn/wwwroot/Application/Home/Controller/BaseController.class.php 第 50 行.
NOTIC: [8] Undefined index: account_name /data/www/pc.zhongguoshebaodaili.cn/wwwroot/Application/Home/Controller/CheckloginController.class.php 第 39 行.
NOTIC: [8] Undefined index: user_type /data/www/pc.zhongguoshebaodaili.cn/wwwroot/Application/Home/Controller/CheckloginController.class.php 第 62 行.
INFO: [ app_end ] --START--
INFO: Run Behavior\ShowPageTraceBehavior [ RunTime:0.000034s ]
INFO: [ app_end ] --END-- [ RunTime:0.000071s ]

[ 2018-03-24T12:38:15+08:00 ] 111.197.65.195 /index.php/Home/Checklogin/login.html
INFO: [ app_init ] --START--
INFO: Run Behavior\BuildLiteBehavior [ RunTime:0.000010s ]
INFO: [ app_init ] --END-- [ RunTime:0.000073s ]
NOTIC: [8] Use of undefined constant TPSHOP_CACHE_TIME - assumed 'TPSHOP_CACHE_TIME' /data/www/pc.zhongguoshebaodaili.cn/wwwroot/Application/Home/Conf/config.php 第 18 行.
NOTIC: [8] Use of undefined constant TPSHOP_CACHE_TIME - assumed 'TPSHOP_CACHE_TIME' /data/www/pc.zhongguoshebaodaili.cn/wwwroot/Application/Home/Conf/config.php 第 22 行.
NOTIC: [8] Use of undefined constant TPSHOP_CACHE_TIME - assumed 'TPSHOP_CACHE_TIME' /data/www/pc.zhongguoshebaodaili.cn/wwwroot/Application/Home/Conf/config.php 第 23 行.
NOTIC: [8] Use of undefined constant TPSHOP_CACHE_TIME - assumed 'TPSHOP_CACHE_TIME' /data/www/pc.zhongguoshebaodaili.cn/wwwroot/Application/Home/Conf/config.php 第 24 行.
NOTIC: [8] Use of undefined constant TPSHOP_CACHE_TIME - assumed 'TPSHOP_CACHE_TIME' /data/www/pc.zhongguoshebaodaili.cn/wwwroot/Application/Home/Conf/config.php 第 26 行.
INFO: [ app_begin ] --START--
INFO: Run Behavior\ReadHtmlCacheBehavior [ RunTime:0.000041s ]
INFO: [ app_begin ] --END-- [ RunTime:0.000067s ]
NOTIC: [8] Use of undefined constant TPSHOP_CACHE_TIME - assumed 'TPSHOP_CACHE_TIME' /data/www/pc.zhongguoshebaodaili.cn/wwwroot/Application/Home/Controller/BaseController.class.php 第 39 行.
NOTIC: [8] Undefined variable: arr /data/www/pc.zhongguoshebaodaili.cn/wwwroot/Application/Common/Common/common.php 第 2333 行.
NOTIC: [2] Invalid argument supplied for foreach() /data/www/pc.zhongguoshebaodaili.cn/wwwroot/Application/Common/Common/common.php 第 2333 行.
NOTIC: [8] Undefined variable: tree /data/www/pc.zhongguoshebaodaili.cn/wwwroot/Application/Common/Common/common.php 第 2339 行.
NOTIC: [2] Invalid argument supplied for foreach() /data/www/pc.zhongguoshebaodaili.cn/wwwroot/Application/Common/Common/common.php 第 2339 行.
NOTIC: [8] Use of undefined constant TPSHOP_CACHE_TIME - assumed 'TPSHOP_CACHE_TIME' /data/www/pc.zhongguoshebaodaili.cn/wwwroot/Application/Home/Controller/BaseController.class.php 第 50 行.
NOTIC: [8] Undefined index: account_name /data/www/pc.zhongguoshebaodaili.cn/wwwroot/Application/Home/Controller/CheckloginController.class.php 第 39 行.
NOTIC: [8] Undefined index: user_type /data/www/pc.zhongguoshebaodaili.cn/wwwroot/Application/Home/Controller/CheckloginController.class.php 第 62 行.
INFO: [ view_begin ] --START--
INFO: Run Home\Behaviors\testBehavior [ RunTime:0.000063s ]
INFO: [ view_begin ] --END-- [ RunTime:0.000095s ]
INFO: [ view_parse ] --START--
INFO: [ template_filter ] --START--
INFO: Run Behavior\ContentReplaceBehavior [ RunTime:0.000089s ]
INFO: [ template_filter ] --END-- [ RunTime:0.000126s ]
INFO: Run Behavior\ParseTemplateBehavior [ RunTime:0.007153s ]
INFO: [ view_parse ] --END-- [ RunTime:0.007185s ]
INFO: [ view_filter ] --START--
INFO: Run Behavior\WriteHtmlCacheBehavior [ RunTime:0.000037s ]
INFO: Run Behavior\TokenBuildBehavior [ RunTime:0.000156s ]
INFO: [ view_filter ] --END-- [ RunTime:0.000240s ]
INFO: [ app_end ] --START--
INFO: Run Behavior\ShowPageTraceBehavior [ RunTime:0.000037s ]
INFO: [ app_end ] --END-- [ RunTime:0.000064s ]

[ 2018-03-24T12:38:15+08:00 ] 111.197.65.195 /index.php/Home/Checklogin/verify.html
INFO: [ app_init ] --START--
INFO: Run Behavior\BuildLiteBehavior [ RunTime:0.000011s ]
INFO: [ app_init ] --END-- [ RunTime:0.000067s ]
NOTIC: [8] Use of undefined constant TPSHOP_CACHE_TIME - assumed 'TPSHOP_CACHE_TIME' /data/www/pc.zhongguoshebaodaili.cn/wwwroot/Application/Home/Conf/config.php 第 18 行.
NOTIC: [8] Use of undefined constant TPSHOP_CACHE_TIME - assumed 'TPSHOP_CACHE_TIME' /data/www/pc.zhongguoshebaodaili.cn/wwwroot/Application/Home/Conf/config.php 第 22 行.
NOTIC: [8] Use of undefined constant TPSHOP_CACHE_TIME - assumed 'TPSHOP_CACHE_TIME' /data/www/pc.zhongguoshebaodaili.cn/wwwroot/Application/Home/Conf/config.php 第 23 行.
NOTIC: [8] Use of undefined constant TPSHOP_CACHE_TIME - assumed 'TPSHOP_CACHE_TIME' /data/www/pc.zhongguoshebaodaili.cn/wwwroot/Application/Home/Conf/config.php 第 24 行.
NOTIC: [8] Use of undefined constant TPSHOP_CACHE_TIME - assumed 'TPSHOP_CACHE_TIME' /data/www/pc.zhongguoshebaodaili.cn/wwwroot/Application/Home/Conf/config.php 第 26 行.
INFO: [ app_begin ] --START--
INFO: Run Behavior\ReadHtmlCacheBehavior [ RunTime:0.000034s ]
INFO: [ app_begin ] --END-- [ RunTime:0.000060s ]
NOTIC: [8] Use of undefined constant TPSHOP_CACHE_TIME - assumed 'TPSHOP_CACHE_TIME' /data/www/pc.zhongguoshebaodaili.cn/wwwroot/Application/Home/Controller/BaseController.class.php 第 39 行.
NOTIC: [8] Undefined variable: arr /data/www/pc.zhongguoshebaodaili.cn/wwwroot/Application/Common/Common/common.php 第 2333 行.
NOTIC: [2] Invalid argument supplied for foreach() /data/www/pc.zhongguoshebaodaili.cn/wwwroot/Application/Common/Common/common.php 第 2333 行.
NOTIC: [8] Undefined variable: tree /data/www/pc.zhongguoshebaodaili.cn/wwwroot/Application/Common/Common/common.php 第 2339 行.
NOTIC: [2] Invalid argument supplied for foreach() /data/www/pc.zhongguoshebaodaili.cn/wwwroot/Application/Common/Common/common.php 第 2339 行.
NOTIC: [8] Use of undefined constant TPSHOP_CACHE_TIME - assumed 'TPSHOP_CACHE_TIME' /data/www/pc.zhongguoshebaodaili.cn/wwwroot/Application/Home/Controller/BaseController.class.php 第 50 行.
NOTIC: [8] Undefined index: account_name /data/www/pc.zhongguoshebaodaili.cn/wwwroot/Application/Home/Controller/CheckloginController.class.php 第 39 行.
NOTIC: [8] Undefined index: user_type /data/www/pc.zhongguoshebaodaili.cn/wwwroot/Application/Home/Controller/CheckloginController.class.php 第 62 行.
INFO: [ app_end ] --START--
INFO: Run Behavior\ShowPageTraceBehavior [ RunTime:0.000031s ]
INFO: [ app_end ] --END-- [ RunTime:0.000065s ]

[ 2018-03-24T12:38:20+08:00 ] 111.197.65.195 /index.php/Home/Checklogin/shebao_bujiao.html
INFO: [ app_init ] --START--
INFO: Run Behavior\BuildLiteBehavior [ RunTime:0.000011s ]
INFO: [ app_init ] --END-- [ RunTime:0.000079s ]
NOTIC: [8] Use of undefined constant TPSHOP_CACHE_TIME - assumed 'TPSHOP_CACHE_TIME' /data/www/pc.zhongguoshebaodaili.cn/wwwroot/Application/Home/Conf/config.php 第 18 行.
NOTIC: [8] Use of undefined constant TPSHOP_CACHE_TIME - assumed 'TPSHOP_CACHE_TIME' /data/www/pc.zhongguoshebaodaili.cn/wwwroot/Application/Home/Conf/config.php 第 22 行.
NOTIC: [8] Use of undefined constant TPSHOP_CACHE_TIME - assumed 'TPSHOP_CACHE_TIME' /data/www/pc.zhongguoshebaodaili.cn/wwwroot/Application/Home/Conf/config.php 第 23 行.
NOTIC: [8] Use of undefined constant TPSHOP_CACHE_TIME - assumed 'TPSHOP_CACHE_TIME' /data/www/pc.zhongguoshebaodaili.cn/wwwroot/Application/Home/Conf/config.php 第 24 行.
NOTIC: [8] Use of undefined constant TPSHOP_CACHE_TIME - assumed 'TPSHOP_CACHE_TIME' /data/www/pc.zhongguoshebaodaili.cn/wwwroot/Application/Home/Conf/config.php 第 26 行.
INFO: [ app_begin ] --START--
INFO: Run Behavior\ReadHtmlCacheBehavior [ RunTime:0.000086s ]
INFO: [ app_begin ] --END-- [ RunTime:0.000120s ]
NOTIC: [8] Use of undefined constant TPSHOP_CACHE_TIME - assumed 'TPSHOP_CACHE_TIME' /data/www/pc.zhongguoshebaodaili.cn/wwwroot/Application/Home/Controller/BaseController.class.php 第 39 行.
NOTIC: [8] Undefined variable: arr /data/www/pc.zhongguoshebaodaili.cn/wwwroot/Application/Common/Common/common.php 第 2333 行.
NOTIC: [2] Invalid argument supplied for foreach() /data/www/pc.zhongguoshebaodaili.cn/wwwroot/Application/Common/Common/common.php 第 2333 行.
NOTIC: [8] Undefined variable: tree /data/www/pc.zhongguoshebaodaili.cn/wwwroot/Application/Common/Common/common.php 第 2339 行.
NOTIC: [2] Invalid argument supplied for foreach() /data/www/pc.zhongguoshebaodaili.cn/wwwroot/Application/Common/Common/common.php 第 2339 行.
NOTIC: [8] Use of undefined constant TPSHOP_CACHE_TIME - assumed 'TPSHOP_CACHE_TIME' /data/www/pc.zhongguoshebaodaili.cn/wwwroot/Application/Home/Controller/BaseController.class.php 第 50 行.
INFO: [ view_begin ] --START--
INFO: Run Home\Behaviors\testBehavior [ RunTime:0.000062s ]
INFO: [ view_begin ] --END-- [ RunTime:0.000093s ]
INFO: [ view_parse ] --START--
INFO: [ template_filter ] --START--
INFO: Run Behavior\ContentReplaceBehavior [ RunTime:0.000032s ]
INFO: [ template_filter ] --END-- [ RunTime:0.000065s ]
INFO: Run Behavior\ParseTemplateBehavior [ RunTime:0.001662s ]
INFO: [ view_parse ] --END-- [ RunTime:0.001695s ]
INFO: [ view_filter ] --START--
INFO: Run Behavior\WriteHtmlCacheBehavior [ RunTime:0.000035s ]
INFO: Run Behavior\TokenBuildBehavior [ RunTime:0.000061s ]
INFO: [ view_filter ] --END-- [ RunTime:0.000134s ]

[ 2018-03-24T12:38:21+08:00 ] 111.197.65.195 /index.php/Home/Checklogin/login.html
INFO: [ app_init ] --START--
INFO: Run Behavior\BuildLiteBehavior [ RunTime:0.000011s ]
INFO: [ app_init ] --END-- [ RunTime:0.000067s ]
NOTIC: [8] Use of undefined constant TPSHOP_CACHE_TIME - assumed 'TPSHOP_CACHE_TIME' /data/www/pc.zhongguoshebaodaili.cn/wwwroot/Application/Home/Conf/config.php 第 18 行.
NOTIC: [8] Use of undefined constant TPSHOP_CACHE_TIME - assumed 'TPSHOP_CACHE_TIME' /data/www/pc.zhongguoshebaodaili.cn/wwwroot/Application/Home/Conf/config.php 第 22 行.
NOTIC: [8] Use of undefined constant TPSHOP_CACHE_TIME - assumed 'TPSHOP_CACHE_TIME' /data/www/pc.zhongguoshebaodaili.cn/wwwroot/Application/Home/Conf/config.php 第 23 行.
NOTIC: [8] Use of undefined constant TPSHOP_CACHE_TIME - assumed 'TPSHOP_CACHE_TIME' /data/www/pc.zhongguoshebaodaili.cn/wwwroot/Application/Home/Conf/config.php 第 24 行.
NOTIC: [8] Use of undefined constant TPSHOP_CACHE_TIME - assumed 'TPSHOP_CACHE_TIME' /data/www/pc.zhongguoshebaodaili.cn/wwwroot/Application/Home/Conf/config.php 第 26 行.
INFO: [ app_begin ] --START--
INFO: Run Behavior\ReadHtmlCacheBehavior [ RunTime:0.000038s ]
INFO: [ app_begin ] --END-- [ RunTime:0.000067s ]
NOTIC: [8] Use of undefined constant TPSHOP_CACHE_TIME - assumed 'TPSHOP_CACHE_TIME' /data/www/pc.zhongguoshebaodaili.cn/wwwroot/Application/Home/Controller/BaseController.class.php 第 39 行.
NOTIC: [8] Undefined variable: arr /data/www/pc.zhongguoshebaodaili.cn/wwwroot/Application/Common/Common/common.php 第 2333 行.
NOTIC: [2] Invalid argument supplied for foreach() /data/www/pc.zhongguoshebaodaili.cn/wwwroot/Application/Common/Common/common.php 第 2333 行.
NOTIC: [8] Undefined variable: tree /data/www/pc.zhongguoshebaodaili.cn/wwwroot/Application/Common/Common/common.php 第 2339 行.
NOTIC: [2] Invalid argument supplied for foreach() /data/www/pc.zhongguoshebaodaili.cn/wwwroot/Application/Common/Common/common.php 第 2339 行.
NOTIC: [8] Use of undefined constant TPSHOP_CACHE_TIME - assumed 'TPSHOP_CACHE_TIME' /data/www/pc.zhongguoshebaodaili.cn/wwwroot/Application/Home/Controller/BaseController.class.php 第 50 行.
NOTIC: [8] Undefined index: account_name /data/www/pc.zhongguoshebaodaili.cn/wwwroot/Application/Home/Controller/CheckloginController.class.php 第 39 行.
NOTIC: [8] Undefined index: user_type /data/www/pc.zhongguoshebaodaili.cn/wwwroot/Application/Home/Controller/CheckloginController.class.php 第 62 行.
INFO: [ view_begin ] --START--
INFO: Run Home\Behaviors\testBehavior [ RunTime:0.000045s ]
INFO: [ view_begin ] --END-- [ RunTime:0.000075s ]
INFO: [ view_parse ] --START--
INFO: [ template_filter ] --START--
INFO: Run Behavior\ContentReplaceBehavior [ RunTime:0.000087s ]
INFO: [ template_filter ] --END-- [ RunTime:0.000124s ]
INFO: Run Behavior\ParseTemplateBehavior [ RunTime:0.006984s ]
INFO: [ view_parse ] --END-- [ RunTime:0.007018s ]
INFO: [ view_filter ] --START--
INFO: Run Behavior\WriteHtmlCacheBehavior [ RunTime:0.000030s ]
INFO: Run Behavior\TokenBuildBehavior [ RunTime:0.000158s ]
INFO: [ view_filter ] --END-- [ RunTime:0.000229s ]
INFO: [ app_end ] --START--
INFO: Run Behavior\ShowPageTraceBehavior [ RunTime:0.000037s ]
INFO: [ app_end ] --END-- [ RunTime:0.000059s ]

[ 2018-03-24T12:38:21+08:00 ] 111.197.65.195 /index.php/Home/Checklogin/verify.html
INFO: [ app_init ] --START--
INFO: Run Behavior\BuildLiteBehavior [ RunTime:0.000008s ]
INFO: [ app_init ] --END-- [ RunTime:0.000050s ]
NOTIC: [8] Use of undefined constant TPSHOP_CACHE_TIME - assumed 'TPSHOP_CACHE_TIME' /data/www/pc.zhongguoshebaodaili.cn/wwwroot/Application/Home/Conf/config.php 第 18 行.
NOTIC: [8] Use of undefined constant TPSHOP_CACHE_TIME - assumed 'TPSHOP_CACHE_TIME' /data/www/pc.zhongguoshebaodaili.cn/wwwroot/Application/Home/Conf/config.php 第 22 行.
NOTIC: [8] Use of undefined constant TPSHOP_CACHE_TIME - assumed 'TPSHOP_CACHE_TIME' /data/www/pc.zhongguoshebaodaili.cn/wwwroot/Application/Home/Conf/config.php 第 23 行.
NOTIC: [8] Use of undefined constant TPSHOP_CACHE_TIME - assumed 'TPSHOP_CACHE_TIME' /data/www/pc.zhongguoshebaodaili.cn/wwwroot/Application/Home/Conf/config.php 第 24 行.
NOTIC: [8] Use of undefined constant TPSHOP_CACHE_TIME - assumed 'TPSHOP_CACHE_TIME' /data/www/pc.zhongguoshebaodaili.cn/wwwroot/Application/Home/Conf/config.php 第 26 行.
INFO: [ app_begin ] --START--
INFO: Run Behavior\ReadHtmlCacheBehavior [ RunTime:0.000034s ]
INFO: [ app_begin ] --END-- [ RunTime:0.000065s ]
NOTIC: [8] Use of undefined constant TPSHOP_CACHE_TIME - assumed 'TPSHOP_CACHE_TIME' /data/www/pc.zhongguoshebaodaili.cn/wwwroot/Application/Home/Controller/BaseController.class.php 第 39 行.
NOTIC: [8] Undefined variable: arr /data/www/pc.zhongguoshebaodaili.cn/wwwroot/Application/Common/Common/common.php 第 2333 行.
NOTIC: [2] Invalid argument supplied for foreach() /data/www/pc.zhongguoshebaodaili.cn/wwwroot/Application/Common/Common/common.php 第 2333 行.
NOTIC: [8] Undefined variable: tree /data/www/pc.zhongguoshebaodaili.cn/wwwroot/Application/Common/Common/common.php 第 2339 行.
NOTIC: [2] Invalid argument supplied for foreach() /data/www/pc.zhongguoshebaodaili.cn/wwwroot/Application/Common/Common/common.php 第 2339 行.
NOTIC: [8] Use of undefined constant TPSHOP_CACHE_TIME - assumed 'TPSHOP_CACHE_TIME' /data/www/pc.zhongguoshebaodaili.cn/wwwroot/Application/Home/Controller/BaseController.class.php 第 50 行.
NOTIC: [8] Undefined index: account_name /data/www/pc.zhongguoshebaodaili.cn/wwwroot/Application/Home/Controller/CheckloginController.class.php 第 39 行.
NOTIC: [8] Undefined index: user_type /data/www/pc.zhongguoshebaodaili.cn/wwwroot/Application/Home/Controller/CheckloginController.class.php 第 62 行.
INFO: [ app_end ] --START--
INFO: Run Behavior\ShowPageTraceBehavior [ RunTime:0.000034s ]
INFO: [ app_end ] --END-- [ RunTime:0.000072s ]

[ 2018-03-24T15:27:51+08:00 ] 124.207.128.3 /index.php/Home/Checklogin/login.html
INFO: [ app_init ] --START--
INFO: Run Behavior\BuildLiteBehavior [ RunTime:0.000010s ]
INFO: [ app_init ] --END-- [ RunTime:0.000077s ]
NOTIC: [8] Use of undefined constant TPSHOP_CACHE_TIME - assumed 'TPSHOP_CACHE_TIME' /data/www/pc.zhongguoshebaodaili.cn/wwwroot/Application/Home/Conf/config.php 第 18 行.
NOTIC: [8] Use of undefined constant TPSHOP_CACHE_TIME - assumed 'TPSHOP_CACHE_TIME' /data/www/pc.zhongguoshebaodaili.cn/wwwroot/Application/Home/Conf/config.php 第 22 行.
NOTIC: [8] Use of undefined constant TPSHOP_CACHE_TIME - assumed 'TPSHOP_CACHE_TIME' /data/www/pc.zhongguoshebaodaili.cn/wwwroot/Application/Home/Conf/config.php 第 23 行.
NOTIC: [8] Use of undefined constant TPSHOP_CACHE_TIME - assumed 'TPSHOP_CACHE_TIME' /data/www/pc.zhongguoshebaodaili.cn/wwwroot/Application/Home/Conf/config.php 第 24 行.
NOTIC: [8] Use of undefined constant TPSHOP_CACHE_TIME - assumed 'TPSHOP_CACHE_TIME' /data/www/pc.zhongguoshebaodaili.cn/wwwroot/Application/Home/Conf/config.php 第 26 行.
INFO: [ app_begin ] --START--
INFO: Run Behavior\ReadHtmlCacheBehavior [ RunTime:0.000046s ]
INFO: [ app_begin ] --END-- [ RunTime:0.000077s ]
NOTIC: [8] Use of undefined constant TPSHOP_CACHE_TIME - assumed 'TPSHOP_CACHE_TIME' /data/www/pc.zhongguoshebaodaili.cn/wwwroot/Application/Home/Controller/BaseController.class.php 第 39 行.
NOTIC: [8] Undefined variable: arr /data/www/pc.zhongguoshebaodaili.cn/wwwroot/Application/Common/Common/common.php 第 2333 行.
NOTIC: [2] Invalid argument supplied for foreach() /data/www/pc.zhongguoshebaodaili.cn/wwwroot/Application/Common/Common/common.php 第 2333 行.
NOTIC: [8] Undefined variable: tree /data/www/pc.zhongguoshebaodaili.cn/wwwroot/Application/Common/Common/common.php 第 2339 行.
NOTIC: [2] Invalid argument supplied for foreach() /data/www/pc.zhongguoshebaodaili.cn/wwwroot/Application/Common/Common/common.php 第 2339 行.
NOTIC: [8] Use of undefined constant TPSHOP_CACHE_TIME - assumed 'TPSHOP_CACHE_TIME' /data/www/pc.zhongguoshebaodaili.cn/wwwroot/Application/Home/Controller/BaseController.class.php 第 50 行.
NOTIC: [8] Undefined index: account_name /data/www/pc.zhongguoshebaodaili.cn/wwwroot/Application/Home/Controller/CheckloginController.class.php 第 39 行.
NOTIC: [8] Undefined index: user_type /data/www/pc.zhongguoshebaodaili.cn/wwwroot/Application/Home/Controller/CheckloginController.class.php 第 62 行.
INFO: [ view_begin ] --START--
INFO: Run Home\Behaviors\testBehavior [ RunTime:0.000063s ]
INFO: [ view_begin ] --END-- [ RunTime:0.000093s ]
INFO: [ view_parse ] --START--
INFO: [ template_filter ] --START--
INFO: Run Behavior\ContentReplaceBehavior [ RunTime:0.000089s ]
INFO: [ template_filter ] --END-- [ RunTime:0.000126s ]
INFO: Run Behavior\ParseTemplateBehavior [ RunTime:0.007175s ]
INFO: [ view_parse ] --END-- [ RunTime:0.007230s ]
INFO: [ view_filter ] --START--
INFO: Run Behavior\WriteHtmlCacheBehavior [ RunTime:0.000043s ]
INFO: Run Behavior\TokenBuildBehavior [ RunTime:0.000130s ]
INFO: [ view_filter ] --END-- [ RunTime:0.000234s ]
INFO: [ app_end ] --START--
INFO: Run Behavior\ShowPageTraceBehavior [ RunTime:0.000032s ]
INFO: [ app_end ] --END-- [ RunTime:0.000060s ]

[ 2018-03-24T15:27:53+08:00 ] 124.207.128.3 /index.php/Home/Checklogin/verify.html
INFO: [ app_init ] --START--
INFO: Run Behavior\BuildLiteBehavior [ RunTime:0.000010s ]
INFO: [ app_init ] --END-- [ RunTime:0.000062s ]
NOTIC: [8] Use of undefined constant TPSHOP_CACHE_TIME - assumed 'TPSHOP_CACHE_TIME' /data/www/pc.zhongguoshebaodaili.cn/wwwroot/Application/Home/Conf/config.php 第 18 行.
NOTIC: [8] Use of undefined constant TPSHOP_CACHE_TIME - assumed 'TPSHOP_CACHE_TIME' /data/www/pc.zhongguoshebaodaili.cn/wwwroot/Application/Home/Conf/config.php 第 22 行.
NOTIC: [8] Use of undefined constant TPSHOP_CACHE_TIME - assumed 'TPSHOP_CACHE_TIME' /data/www/pc.zhongguoshebaodaili.cn/wwwroot/Application/Home/Conf/config.php 第 23 行.
NOTIC: [8] Use of undefined constant TPSHOP_CACHE_TIME - assumed 'TPSHOP_CACHE_TIME' /data/www/pc.zhongguoshebaodaili.cn/wwwroot/Application/Home/Conf/config.php 第 24 行.
NOTIC: [8] Use of undefined constant TPSHOP_CACHE_TIME - assumed 'TPSHOP_CACHE_TIME' /data/www/pc.zhongguoshebaodaili.cn/wwwroot/Application/Home/Conf/config.php 第 26 行.
INFO: [ app_begin ] --START--
INFO: Run Behavior\ReadHtmlCacheBehavior [ RunTime:0.000048s ]
INFO: [ app_begin ] --END-- [ RunTime:0.000087s ]
NOTIC: [8] Use of undefined constant TPSHOP_CACHE_TIME - assumed 'TPSHOP_CACHE_TIME' /data/www/pc.zhongguoshebaodaili.cn/wwwroot/Application/Home/Controller/BaseController.class.php 第 39 行.
NOTIC: [8] Undefined variable: arr /data/www/pc.zhongguoshebaodaili.cn/wwwroot/Application/Common/Common/common.php 第 2333 行.
NOTIC: [2] Invalid argument supplied for foreach() /data/www/pc.zhongguoshebaodaili.cn/wwwroot/Application/Common/Common/common.php 第 2333 行.
NOTIC: [8] Undefined variable: tree /data/www/pc.zhongguoshebaodaili.cn/wwwroot/Application/Common/Common/common.php 第 2339 行.
NOTIC: [2] Invalid argument supplied for foreach() /data/www/pc.zhongguoshebaodaili.cn/wwwroot/Application/Common/Common/common.php 第 2339 行.
NOTIC: [8] Use of undefined constant TPSHOP_CACHE_TIME - assumed 'TPSHOP_CACHE_TIME' /data/www/pc.zhongguoshebaodaili.cn/wwwroot/Application/Home/Controller/BaseController.class.php 第 50 行.
NOTIC: [8] Undefined index: account_name /data/www/pc.zhongguoshebaodaili.cn/wwwroot/Application/Home/Controller/CheckloginController.class.php 第 39 行.
NOTIC: [8] Undefined index: user_type /data/www/pc.zhongguoshebaodaili.cn/wwwroot/Application/Home/Controller/CheckloginController.class.php 第 62 行.
INFO: [ app_end ] --START--
INFO: Run Behavior\ShowPageTraceBehavior [ RunTime:0.000032s ]
INFO: [ app_end ] --END-- [ RunTime:0.000065s ]

[ 2018-03-24T15:27:54+08:00 ] 120.92.11.16 /index.php/Home/Checklogin/login.html
INFO: [ app_init ] --START--
INFO: Run Behavior\BuildLiteBehavior [ RunTime:0.000011s ]
INFO: [ app_init ] --END-- [ RunTime:0.000071s ]
NOTIC: [8] Use of undefined constant TPSHOP_CACHE_TIME - assumed 'TPSHOP_CACHE_TIME' /data/www/pc.zhongguoshebaodaili.cn/wwwroot/Application/Home/Conf/config.php 第 18 行.
NOTIC: [8] Use of undefined constant TPSHOP_CACHE_TIME - assumed 'TPSHOP_CACHE_TIME' /data/www/pc.zhongguoshebaodaili.cn/wwwroot/Application/Home/Conf/config.php 第 22 行.
NOTIC: [8] Use of undefined constant TPSHOP_CACHE_TIME - assumed 'TPSHOP_CACHE_TIME' /data/www/pc.zhongguoshebaodaili.cn/wwwroot/Application/Home/Conf/config.php 第 23 行.
NOTIC: [8] Use of undefined constant TPSHOP_CACHE_TIME - assumed 'TPSHOP_CACHE_TIME' /data/www/pc.zhongguoshebaodaili.cn/wwwroot/Application/Home/Conf/config.php 第 24 行.
NOTIC: [8] Use of undefined constant TPSHOP_CACHE_TIME - assumed 'TPSHOP_CACHE_TIME' /data/www/pc.zhongguoshebaodaili.cn/wwwroot/Application/Home/Conf/config.php 第 26 行.
INFO: [ app_begin ] --START--
INFO: Run Behavior\ReadHtmlCacheBehavior [ RunTime:0.000047s ]
INFO: [ app_begin ] --END-- [ RunTime:0.000092s ]
NOTIC: [8] Use of undefined constant TPSHOP_CACHE_TIME - assumed 'TPSHOP_CACHE_TIME' /data/www/pc.zhongguoshebaodaili.cn/wwwroot/Application/Home/Controller/BaseController.class.php 第 39 行.
NOTIC: [8] Undefined variable: arr /data/www/pc.zhongguoshebaodaili.cn/wwwroot/Application/Common/Common/common.php 第 2333 行.
NOTIC: [2] Invalid argument supplied for foreach() /data/www/pc.zhongguoshebaodaili.cn/wwwroot/Application/Common/Common/common.php 第 2333 行.
NOTIC: [8] Undefined variable: tree /data/www/pc.zhongguoshebaodaili.cn/wwwroot/Application/Common/Common/common.php 第 2339 行.
NOTIC: [2] Invalid argument supplied for foreach() /data/www/pc.zhongguoshebaodaili.cn/wwwroot/Application/Common/Common/common.php 第 2339 行.
NOTIC: [8] Use of undefined constant TPSHOP_CACHE_TIME - assumed 'TPSHOP_CACHE_TIME' /data/www/pc.zhongguoshebaodaili.cn/wwwroot/Application/Home/Controller/BaseController.class.php 第 50 行.
NOTIC: [8] Undefined index: account_name /data/www/pc.zhongguoshebaodaili.cn/wwwroot/Application/Home/Controller/CheckloginController.class.php 第 39 行.
NOTIC: [8] Undefined index: user_type /data/www/pc.zhongguoshebaodaili.cn/wwwroot/Application/Home/Controller/CheckloginController.class.php 第 62 行.
INFO: [ view_begin ] --START--
INFO: Run Home\Behaviors\testBehavior [ RunTime:0.000063s ]
INFO: [ view_begin ] --END-- [ RunTime:0.000093s ]
INFO: [ view_parse ] --START--
INFO: [ template_filter ] --START--
INFO: Run Behavior\ContentReplaceBehavior [ RunTime:0.000089s ]
INFO: [ template_filter ] --END-- [ RunTime:0.000127s ]
INFO: Run Behavior\ParseTemplateBehavior [ RunTime:0.007100s ]
INFO: [ view_parse ] --END-- [ RunTime:0.007134s ]
INFO: [ view_filter ] --START--
INFO: Run Behavior\WriteHtmlCacheBehavior [ RunTime:0.000038s ]
INFO: Run Behavior\TokenBuildBehavior [ RunTime:0.000161s ]
INFO: [ view_filter ] --END-- [ RunTime:0.000246s ]
INFO: [ app_end ] --START--
INFO: Run Behavior\ShowPageTraceBehavior [ RunTime:0.000034s ]
INFO: [ app_end ] --END-- [ RunTime:0.000059s ]

[ 2018-03-24T15:28:57+08:00 ] 101.226.33.239 /index.php/Home/Checklogin/login.html
INFO: [ app_init ] --START--
INFO: Run Behavior\BuildLiteBehavior [ RunTime:0.000012s ]
INFO: [ app_init ] --END-- [ RunTime:0.000080s ]
NOTIC: [8] Use of undefined constant TPSHOP_CACHE_TIME - assumed 'TPSHOP_CACHE_TIME' /data/www/pc.zhongguoshebaodaili.cn/wwwroot/Application/Home/Conf/config.php 第 18 行.
NOTIC: [8] Use of undefined constant TPSHOP_CACHE_TIME - assumed 'TPSHOP_CACHE_TIME' /data/www/pc.zhongguoshebaodaili.cn/wwwroot/Application/Home/Conf/config.php 第 22 行.
NOTIC: [8] Use of undefined constant TPSHOP_CACHE_TIME - assumed 'TPSHOP_CACHE_TIME' /data/www/pc.zhongguoshebaodaili.cn/wwwroot/Application/Home/Conf/config.php 第 23 行.
NOTIC: [8] Use of undefined constant TPSHOP_CACHE_TIME - assumed 'TPSHOP_CACHE_TIME' /data/www/pc.zhongguoshebaodaili.cn/wwwroot/Application/Home/Conf/config.php 第 24 行.
NOTIC: [8] Use of undefined constant TPSHOP_CACHE_TIME - assumed 'TPSHOP_CACHE_TIME' /data/www/pc.zhongguoshebaodaili.cn/wwwroot/Application/Home/Conf/config.php 第 26 行.
INFO: [ app_begin ] --START--
INFO: Run Behavior\ReadHtmlCacheBehavior [ RunTime:0.000046s ]
INFO: [ app_begin ] --END-- [ RunTime:0.000078s ]
NOTIC: [8] Use of undefined constant TPSHOP_CACHE_TIME - assumed 'TPSHOP_CACHE_TIME' /data/www/pc.zhongguoshebaodaili.cn/wwwroot/Application/Home/Controller/BaseController.class.php 第 39 行.
NOTIC: [8] Undefined variable: arr /data/www/pc.zhongguoshebaodaili.cn/wwwroot/Application/Common/Common/common.php 第 2333 行.
NOTIC: [2] Invalid argument supplied for foreach() /data/www/pc.zhongguoshebaodaili.cn/wwwroot/Application/Common/Common/common.php 第 2333 行.
NOTIC: [8] Undefined variable: tree /data/www/pc.zhongguoshebaodaili.cn/wwwroot/Application/Common/Common/common.php 第 2339 行.
NOTIC: [2] Invalid argument supplied for foreach() /data/www/pc.zhongguoshebaodaili.cn/wwwroot/Application/Common/Common/common.php 第 2339 行.
NOTIC: [8] Use of undefined constant TPSHOP_CACHE_TIME - assumed 'TPSHOP_CACHE_TIME' /data/www/pc.zhongguoshebaodaili.cn/wwwroot/Application/Home/Controller/BaseController.class.php 第 50 行.
NOTIC: [8] Undefined index: account_name /data/www/pc.zhongguoshebaodaili.cn/wwwroot/Application/Home/Controller/CheckloginController.class.php 第 39 行.
NOTIC: [8] Undefined index: user_type /data/www/pc.zhongguoshebaodaili.cn/wwwroot/Application/Home/Controller/CheckloginController.class.php 第 62 行.
INFO: [ view_begin ] --START--
INFO: Run Home\Behaviors\testBehavior [ RunTime:0.000100s ]
INFO: [ view_begin ] --END-- [ RunTime:0.000131s ]
INFO: [ view_parse ] --START--
INFO: [ template_filter ] --START--
INFO: Run Behavior\ContentReplaceBehavior [ RunTime:0.000090s ]
INFO: [ template_filter ] --END-- [ RunTime:0.000127s ]
INFO: Run Behavior\ParseTemplateBehavior [ RunTime:0.007209s ]
INFO: [ view_parse ] --END-- [ RunTime:0.007242s ]
INFO: [ view_filter ] --START--
INFO: Run Behavior\WriteHtmlCacheBehavior [ RunTime:0.000039s ]
INFO: Run Behavior\TokenBuildBehavior [ RunTime:0.000127s ]
INFO: [ view_filter ] --END-- [ RunTime:0.000208s ]
INFO: [ app_end ] --START--
INFO: Run Behavior\ShowPageTraceBehavior [ RunTime:0.000032s ]
INFO: [ app_end ] --END-- [ RunTime:0.000059s ]

[ 2018-03-24T17:11:28+08:00 ] 123.125.71.110 /
INFO: [ app_init ] --START--
INFO: Run Behavior\BuildLiteBehavior [ RunTime:0.000010s ]
INFO: [ app_init ] --END-- [ RunTime:0.000071s ]
NOTIC: [8] Use of undefined constant TPSHOP_CACHE_TIME - assumed 'TPSHOP_CACHE_TIME' /data/www/pc.zhongguoshebaodaili.cn/wwwroot/Application/Home/Conf/config.php 第 18 行.
NOTIC: [8] Use of undefined constant TPSHOP_CACHE_TIME - assumed 'TPSHOP_CACHE_TIME' /data/www/pc.zhongguoshebaodaili.cn/wwwroot/Application/Home/Conf/config.php 第 22 行.
NOTIC: [8] Use of undefined constant TPSHOP_CACHE_TIME - assumed 'TPSHOP_CACHE_TIME' /data/www/pc.zhongguoshebaodaili.cn/wwwroot/Application/Home/Conf/config.php 第 23 行.
NOTIC: [8] Use of undefined constant TPSHOP_CACHE_TIME - assumed 'TPSHOP_CACHE_TIME' /data/www/pc.zhongguoshebaodaili.cn/wwwroot/Application/Home/Conf/config.php 第 24 行.
NOTIC: [8] Use of undefined constant TPSHOP_CACHE_TIME - assumed 'TPSHOP_CACHE_TIME' /data/www/pc.zhongguoshebaodaili.cn/wwwroot/Application/Home/Conf/config.php 第 26 行.
INFO: [ app_begin ] --START--
INFO: Run Behavior\ReadHtmlCacheBehavior [ RunTime:0.000053s ]
INFO: [ app_begin ] --END-- [ RunTime:0.000082s ]
NOTIC: [8] Use of undefined constant TPSHOP_CACHE_TIME - assumed 'TPSHOP_CACHE_TIME' /data/www/pc.zhongguoshebaodaili.cn/wwwroot/Application/Home/Controller/BaseController.class.php 第 39 行.
NOTIC: [8] Undefined variable: arr /data/www/pc.zhongguoshebaodaili.cn/wwwroot/Application/Common/Common/common.php 第 2333 行.
NOTIC: [2] Invalid argument supplied for foreach() /data/www/pc.zhongguoshebaodaili.cn/wwwroot/Application/Common/Common/common.php 第 2333 行.
NOTIC: [8] Undefined variable: tree /data/www/pc.zhongguoshebaodaili.cn/wwwroot/Application/Common/Common/common.php 第 2339 行.
NOTIC: [2] Invalid argument supplied for foreach() /data/www/pc.zhongguoshebaodaili.cn/wwwroot/Application/Common/Common/common.php 第 2339 行.
NOTIC: [8] Use of undefined constant TPSHOP_CACHE_TIME - assumed 'TPSHOP_CACHE_TIME' /data/www/pc.zhongguoshebaodaili.cn/wwwroot/Application/Home/Controller/BaseController.class.php 第 50 行.
NOTIC: [8] Undefined index: account_name /data/www/pc.zhongguoshebaodaili.cn/wwwroot/Application/Home/Controller/CheckloginController.class.php 第 39 行.
NOTIC: [8] Undefined index: user_type /data/www/pc.zhongguoshebaodaili.cn/wwwroot/Application/Home/Controller/CheckloginController.class.php 第 62 行.
INFO: [ view_begin ] --START--
INFO: Run Home\Behaviors\testBehavior [ RunTime:0.000058s ]
INFO: [ view_begin ] --END-- [ RunTime:0.000088s ]
INFO: [ view_parse ] --START--
INFO: [ template_filter ] --START--
INFO: Run Behavior\ContentReplaceBehavior [ RunTime:0.000077s ]
INFO: [ template_filter ] --END-- [ RunTime:0.000110s ]
INFO: Run Behavior\ParseTemplateBehavior [ RunTime:0.006197s ]
INFO: [ view_parse ] --END-- [ RunTime:0.006225s ]
INFO: [ view_filter ] --START--
INFO: Run Behavior\WriteHtmlCacheBehavior [ RunTime:0.000035s ]
INFO: Run Behavior\TokenBuildBehavior [ RunTime:0.000134s ]
INFO: [ view_filter ] --END-- [ RunTime:0.000208s ]
INFO: [ app_end ] --START--
INFO: Run Behavior\ShowPageTraceBehavior [ RunTime:0.000033s ]
INFO: [ app_end ] --END-- [ RunTime:0.000056s ]

[ 2018-03-24T21:46:18+08:00 ] 58.10.42.114 /index.php/Home/Mobile/shebao_bujiao.html
INFO: [ app_init ] --START--
INFO: Run Behavior\BuildLiteBehavior [ RunTime:0.000010s ]
INFO: [ app_init ] --END-- [ RunTime:0.000073s ]
NOTIC: [8] Use of undefined constant TPSHOP_CACHE_TIME - assumed 'TPSHOP_CACHE_TIME' /data/www/pc.zhongguoshebaodaili.cn/wwwroot/Application/Home/Conf/config.php 第 18 行.
NOTIC: [8] Use of undefined constant TPSHOP_CACHE_TIME - assumed 'TPSHOP_CACHE_TIME' /data/www/pc.zhongguoshebaodaili.cn/wwwroot/Application/Home/Conf/config.php 第 22 行.
NOTIC: [8] Use of undefined constant TPSHOP_CACHE_TIME - assumed 'TPSHOP_CACHE_TIME' /data/www/pc.zhongguoshebaodaili.cn/wwwroot/Application/Home/Conf/config.php 第 23 行.
NOTIC: [8] Use of undefined constant TPSHOP_CACHE_TIME - assumed 'TPSHOP_CACHE_TIME' /data/www/pc.zhongguoshebaodaili.cn/wwwroot/Application/Home/Conf/config.php 第 24 行.
NOTIC: [8] Use of undefined constant TPSHOP_CACHE_TIME - assumed 'TPSHOP_CACHE_TIME' /data/www/pc.zhongguoshebaodaili.cn/wwwroot/Application/Home/Conf/config.php 第 26 行.
INFO: [ app_begin ] --START--
INFO: Run Behavior\ReadHtmlCacheBehavior [ RunTime:0.000042s ]
INFO: [ app_begin ] --END-- [ RunTime:0.000069s ]
NOTIC: [8] Use of undefined constant TPSHOP_CACHE_TIME - assumed 'TPSHOP_CACHE_TIME' /data/www/pc.zhongguoshebaodaili.cn/wwwroot/Application/Home/Controller/BaseController.class.php 第 39 行.
NOTIC: [8] Undefined variable: arr /data/www/pc.zhongguoshebaodaili.cn/wwwroot/Application/Common/Common/common.php 第 2333 行.
NOTIC: [2] Invalid argument supplied for foreach() /data/www/pc.zhongguoshebaodaili.cn/wwwroot/Application/Common/Common/common.php 第 2333 行.
NOTIC: [8] Undefined variable: tree /data/www/pc.zhongguoshebaodaili.cn/wwwroot/Application/Common/Common/common.php 第 2339 行.
NOTIC: [2] Invalid argument supplied for foreach() /data/www/pc.zhongguoshebaodaili.cn/wwwroot/Application/Common/Common/common.php 第 2339 行.
NOTIC: [8] Use of undefined constant TPSHOP_CACHE_TIME - assumed 'TPSHOP_CACHE_TIME' /data/www/pc.zhongguoshebaodaili.cn/wwwroot/Application/Home/Controller/BaseController.class.php 第 50 行.
INFO: [ view_begin ] --START--
INFO: Run Home\Behaviors\testBehavior [ RunTime:0.000099s ]
INFO: [ view_begin ] --END-- [ RunTime:0.000129s ]
INFO: [ view_parse ] --START--
INFO: [ template_filter ] --START--
INFO: Run Behavior\ContentReplaceBehavior [ RunTime:0.000028s ]
INFO: [ template_filter ] --END-- [ RunTime:0.000057s ]
INFO: Run Behavior\ParseTemplateBehavior [ RunTime:0.001379s ]
INFO: [ view_parse ] --END-- [ RunTime:0.001407s ]
INFO: [ view_filter ] --START--
INFO: Run Behavior\WriteHtmlCacheBehavior [ RunTime:0.000031s ]
INFO: Run Behavior\TokenBuildBehavior [ RunTime:0.000050s ]
INFO: [ view_filter ] --END-- [ RunTime:0.000114s ]

[ 2018-03-24T21:46:24+08:00 ] 58.10.42.114 /index.php/Home/Mobile/login.html
INFO: [ app_init ] --START--
INFO: Run Behavior\BuildLiteBehavior [ RunTime:0.000011s ]
INFO: [ app_init ] --END-- [ RunTime:0.000082s ]
NOTIC: [8] Use of undefined constant TPSHOP_CACHE_TIME - assumed 'TPSHOP_CACHE_TIME' /data/www/pc.zhongguoshebaodaili.cn/wwwroot/Application/Home/Conf/config.php 第 18 行.
NOTIC: [8] Use of undefined constant TPSHOP_CACHE_TIME - assumed 'TPSHOP_CACHE_TIME' /data/www/pc.zhongguoshebaodaili.cn/wwwroot/Application/Home/Conf/config.php 第 22 行.
NOTIC: [8] Use of undefined constant TPSHOP_CACHE_TIME - assumed 'TPSHOP_CACHE_TIME' /data/www/pc.zhongguoshebaodaili.cn/wwwroot/Application/Home/Conf/config.php 第 23 行.
NOTIC: [8] Use of undefined constant TPSHOP_CACHE_TIME - assumed 'TPSHOP_CACHE_TIME' /data/www/pc.zhongguoshebaodaili.cn/wwwroot/Application/Home/Conf/config.php 第 24 行.
NOTIC: [8] Use of undefined constant TPSHOP_CACHE_TIME - assumed 'TPSHOP_CACHE_TIME' /data/www/pc.zhongguoshebaodaili.cn/wwwroot/Application/Home/Conf/config.php 第 26 行.
INFO: [ app_begin ] --START--
INFO: Run Behavior\ReadHtmlCacheBehavior [ RunTime:0.000045s ]
INFO: [ app_begin ] --END-- [ RunTime:0.000076s ]
NOTIC: [8] Use of undefined constant TPSHOP_CACHE_TIME - assumed 'TPSHOP_CACHE_TIME' /data/www/pc.zhongguoshebaodaili.cn/wwwroot/Application/Home/Controller/BaseController.class.php 第 39 行.
NOTIC: [8] Undefined variable: arr /data/www/pc.zhongguoshebaodaili.cn/wwwroot/Application/Common/Common/common.php 第 2333 行.
NOTIC: [2] Invalid argument supplied for foreach() /data/www/pc.zhongguoshebaodaili.cn/wwwroot/Application/Common/Common/common.php 第 2333 行.
NOTIC: [8] Undefined variable: tree /data/www/pc.zhongguoshebaodaili.cn/wwwroot/Application/Common/Common/common.php 第 2339 行.
NOTIC: [2] Invalid argument supplied for foreach() /data/www/pc.zhongguoshebaodaili.cn/wwwroot/Application/Common/Common/common.php 第 2339 行.
NOTIC: [8] Use of undefined constant TPSHOP_CACHE_TIME - assumed 'TPSHOP_CACHE_TIME' /data/www/pc.zhongguoshebaodaili.cn/wwwroot/Application/Home/Controller/BaseController.class.php 第 50 行.
NOTIC: [8] Undefined index: account_name /data/www/pc.zhongguoshebaodaili.cn/wwwroot/Application/Home/Controller/MobileController.class.php 第 38 行.
NOTIC: [8] Undefined index: user_type /data/www/pc.zhongguoshebaodaili.cn/wwwroot/Application/Home/Controller/MobileController.class.php 第 63 行.
INFO: [ view_begin ] --START--
INFO: Run Home\Behaviors\testBehavior [ RunTime:0.000087s ]
INFO: [ view_begin ] --END-- [ RunTime:0.000117s ]
INFO: [ view_parse ] --START--
INFO: [ template_filter ] --START--
INFO: Run Behavior\ContentReplaceBehavior [ RunTime:0.000052s ]
INFO: [ template_filter ] --END-- [ RunTime:0.000106s ]
INFO: Run Behavior\ParseTemplateBehavior [ RunTime:0.003512s ]
INFO: [ view_parse ] --END-- [ RunTime:0.003542s ]
INFO: [ view_filter ] --START--
INFO: Run Behavior\WriteHtmlCacheBehavior [ RunTime:0.000035s ]
INFO: Run Behavior\TokenBuildBehavior [ RunTime:0.000109s ]
INFO: [ view_filter ] --END-- [ RunTime:0.000187s ]
INFO: [ app_end ] --START--
INFO: Run Behavior\ShowPageTraceBehavior [ RunTime:0.000034s ]
INFO: [ app_end ] --END-- [ RunTime:0.000059s ]

[ 2018-03-24T21:46:25+08:00 ] 58.10.42.114 /index.php/Home/Checklogin/verify.html
INFO: [ app_init ] --START--
INFO: Run Behavior\BuildLiteBehavior [ RunTime:0.000011s ]
INFO: [ app_init ] --END-- [ RunTime:0.000063s ]
NOTIC: [8] Use of undefined constant TPSHOP_CACHE_TIME - assumed 'TPSHOP_CACHE_TIME' /data/www/pc.zhongguoshebaodaili.cn/wwwroot/Application/Home/Conf/config.php 第 18 行.
NOTIC: [8] Use of undefined constant TPSHOP_CACHE_TIME - assumed 'TPSHOP_CACHE_TIME' /data/www/pc.zhongguoshebaodaili.cn/wwwroot/Application/Home/Conf/config.php 第 22 行.
NOTIC: [8] Use of undefined constant TPSHOP_CACHE_TIME - assumed 'TPSHOP_CACHE_TIME' /data/www/pc.zhongguoshebaodaili.cn/wwwroot/Application/Home/Conf/config.php 第 23 行.
NOTIC: [8] Use of undefined constant TPSHOP_CACHE_TIME - assumed 'TPSHOP_CACHE_TIME' /data/www/pc.zhongguoshebaodaili.cn/wwwroot/Application/Home/Conf/config.php 第 24 行.
NOTIC: [8] Use of undefined constant TPSHOP_CACHE_TIME - assumed 'TPSHOP_CACHE_TIME' /data/www/pc.zhongguoshebaodaili.cn/wwwroot/Application/Home/Conf/config.php 第 26 行.
INFO: [ app_begin ] --START--
INFO: Run Behavior\ReadHtmlCacheBehavior [ RunTime:0.000035s ]
INFO: [ app_begin ] --END-- [ RunTime:0.000061s ]
NOTIC: [8] Use of undefined constant TPSHOP_CACHE_TIME - assumed 'TPSHOP_CACHE_TIME' /data/www/pc.zhongguoshebaodaili.cn/wwwroot/Application/Home/Controller/BaseController.class.php 第 39 行.
NOTIC: [8] Undefined variable: arr /data/www/pc.zhongguoshebaodaili.cn/wwwroot/Application/Common/Common/common.php 第 2333 行.
NOTIC: [2] Invalid argument supplied for foreach() /data/www/pc.zhongguoshebaodaili.cn/wwwroot/Application/Common/Common/common.php 第 2333 行.
NOTIC: [8] Undefined variable: tree /data/www/pc.zhongguoshebaodaili.cn/wwwroot/Application/Common/Common/common.php 第 2339 行.
NOTIC: [2] Invalid argument supplied for foreach() /data/www/pc.zhongguoshebaodaili.cn/wwwroot/Application/Common/Common/common.php 第 2339 行.
NOTIC: [8] Use of undefined constant TPSHOP_CACHE_TIME - assumed 'TPSHOP_CACHE_TIME' /data/www/pc.zhongguoshebaodaili.cn/wwwroot/Application/Home/Controller/BaseController.class.php 第 50 行.
NOTIC: [8] Undefined index: account_name /data/www/pc.zhongguoshebaodaili.cn/wwwroot/Application/Home/Controller/CheckloginController.class.php 第 39 行.
NOTIC: [8] Undefined index: user_type /data/www/pc.zhongguoshebaodaili.cn/wwwroot/Application/Home/Controller/CheckloginController.class.php 第 62 行.
INFO: [ app_end ] --START--
INFO: Run Behavior\ShowPageTraceBehavior [ RunTime:0.000034s ]
INFO: [ app_end ] --END-- [ RunTime:0.000071s ]

