[ 2018-03-29T02:55:23+08:00 ] 123.125.71.41 /
INFO: [ app_init ] --START--
INFO: Run Behavior\BuildLiteBehavior [ RunTime:0.000016s ]
INFO: [ app_init ] --END-- [ RunTime:0.000106s ]
NOTIC: [8] Use of undefined constant TPSHOP_CACHE_TIME - assumed 'TPSHOP_CACHE_TIME' /data/www/pc.zhongguoshebaodaili.cn/wwwroot/Application/Home/Conf/config.php 第 18 行.
NOTIC: [8] Use of undefined constant TPSHOP_CACHE_TIME - assumed 'TPSHOP_CACHE_TIME' /data/www/pc.zhongguoshebaodaili.cn/wwwroot/Application/Home/Conf/config.php 第 22 行.
NOTIC: [8] Use of undefined constant TPSHOP_CACHE_TIME - assumed 'TPSHOP_CACHE_TIME' /data/www/pc.zhongguoshebaodaili.cn/wwwroot/Application/Home/Conf/config.php 第 23 行.
NOTIC: [8] Use of undefined constant TPSHOP_CACHE_TIME - assumed 'TPSHOP_CACHE_TIME' /data/www/pc.zhongguoshebaodaili.cn/wwwroot/Application/Home/Conf/config.php 第 24 行.
NOTIC: [8] Use of undefined constant TPSHOP_CACHE_TIME - assumed 'TPSHOP_CACHE_TIME' /data/www/pc.zhongguoshebaodaili.cn/wwwroot/Application/Home/Conf/config.php 第 26 行.
INFO: [ app_begin ] --START--
INFO: Run Behavior\ReadHtmlCacheBehavior [ RunTime:0.000065s ]
INFO: [ app_begin ] --END-- [ RunTime:0.000108s ]
NOTIC: [8] Use of undefined constant TPSHOP_CACHE_TIME - assumed 'TPSHOP_CACHE_TIME' /data/www/pc.zhongguoshebaodaili.cn/wwwroot/Application/Home/Controller/BaseController.class.php 第 39 行.
NOTIC: [8] Undefined variable: arr /data/www/pc.zhongguoshebaodaili.cn/wwwroot/Application/Common/Common/common.php 第 2333 行.
NOTIC: [2] Invalid argument supplied for foreach() /data/www/pc.zhongguoshebaodaili.cn/wwwroot/Application/Common/Common/common.php 第 2333 行.
NOTIC: [8] Undefined variable: tree /data/www/pc.zhongguoshebaodaili.cn/wwwroot/Application/Common/Common/common.php 第 2339 行.
NOTIC: [2] Invalid argument supplied for foreach() /data/www/pc.zhongguoshebaodaili.cn/wwwroot/Application/Common/Common/common.php 第 2339 行.
NOTIC: [8] Use of undefined constant TPSHOP_CACHE_TIME - assumed 'TPSHOP_CACHE_TIME' /data/www/pc.zhongguoshebaodaili.cn/wwwroot/Application/Home/Controller/BaseController.class.php 第 50 行.
NOTIC: [8] Undefined index: account_name /data/www/pc.zhongguoshebaodaili.cn/wwwroot/Application/Home/Controller/CheckloginController.class.php 第 39 行.
NOTIC: [8] Undefined index: user_type /data/www/pc.zhongguoshebaodaili.cn/wwwroot/Application/Home/Controller/CheckloginController.class.php 第 62 行.
INFO: [ view_begin ] --START--
INFO: Run Home\Behaviors\testBehavior [ RunTime:0.000086s ]
INFO: [ view_begin ] --END-- [ RunTime:0.000128s ]
INFO: [ view_parse ] --START--
INFO: [ template_filter ] --START--
INFO: Run Behavior\ContentReplaceBehavior [ RunTime:0.000106s ]
INFO: [ template_filter ] --END-- [ RunTime:0.000172s ]
INFO: Run Behavior\ParseTemplateBehavior [ RunTime:0.010524s ]
INFO: [ view_parse ] --END-- [ RunTime:0.010568s ]
INFO: [ view_filter ] --START--
INFO: Run Behavior\WriteHtmlCacheBehavior [ RunTime:0.000050s ]
INFO: Run Behavior\TokenBuildBehavior [ RunTime:0.000175s ]
INFO: [ view_filter ] --END-- [ RunTime:0.000288s ]
INFO: [ app_end ] --START--
INFO: Run Behavior\ShowPageTraceBehavior [ RunTime:0.000047s ]
INFO: [ app_end ] --END-- [ RunTime:0.000088s ]

[ 2018-03-29T10:16:15+08:00 ] 123.125.71.99 /
INFO: [ app_init ] --START--
INFO: Run Behavior\BuildLiteBehavior [ RunTime:0.000011s ]
INFO: [ app_init ] --END-- [ RunTime:0.000085s ]
NOTIC: [8] Use of undefined constant TPSHOP_CACHE_TIME - assumed 'TPSHOP_CACHE_TIME' /data/www/pc.zhongguoshebaodaili.cn/wwwroot/Application/Home/Conf/config.php 第 18 行.
NOTIC: [8] Use of undefined constant TPSHOP_CACHE_TIME - assumed 'TPSHOP_CACHE_TIME' /data/www/pc.zhongguoshebaodaili.cn/wwwroot/Application/Home/Conf/config.php 第 22 行.
NOTIC: [8] Use of undefined constant TPSHOP_CACHE_TIME - assumed 'TPSHOP_CACHE_TIME' /data/www/pc.zhongguoshebaodaili.cn/wwwroot/Application/Home/Conf/config.php 第 23 行.
NOTIC: [8] Use of undefined constant TPSHOP_CACHE_TIME - assumed 'TPSHOP_CACHE_TIME' /data/www/pc.zhongguoshebaodaili.cn/wwwroot/Application/Home/Conf/config.php 第 24 行.
NOTIC: [8] Use of undefined constant TPSHOP_CACHE_TIME - assumed 'TPSHOP_CACHE_TIME' /data/www/pc.zhongguoshebaodaili.cn/wwwroot/Application/Home/Conf/config.php 第 26 行.
INFO: [ app_begin ] --START--
INFO: Run Behavior\ReadHtmlCacheBehavior [ RunTime:0.000090s ]
INFO: [ app_begin ] --END-- [ RunTime:0.000123s ]
NOTIC: [8] Use of undefined constant TPSHOP_CACHE_TIME - assumed 'TPSHOP_CACHE_TIME' /data/www/pc.zhongguoshebaodaili.cn/wwwroot/Application/Home/Controller/BaseController.class.php 第 39 行.
NOTIC: [8] Undefined variable: arr /data/www/pc.zhongguoshebaodaili.cn/wwwroot/Application/Common/Common/common.php 第 2333 行.
NOTIC: [2] Invalid argument supplied for foreach() /data/www/pc.zhongguoshebaodaili.cn/wwwroot/Application/Common/Common/common.php 第 2333 行.
NOTIC: [8] Undefined variable: tree /data/www/pc.zhongguoshebaodaili.cn/wwwroot/Application/Common/Common/common.php 第 2339 行.
NOTIC: [2] Invalid argument supplied for foreach() /data/www/pc.zhongguoshebaodaili.cn/wwwroot/Application/Common/Common/common.php 第 2339 行.
NOTIC: [8] Use of undefined constant TPSHOP_CACHE_TIME - assumed 'TPSHOP_CACHE_TIME' /data/www/pc.zhongguoshebaodaili.cn/wwwroot/Application/Home/Controller/BaseController.class.php 第 50 行.
NOTIC: [8] Undefined index: account_name /data/www/pc.zhongguoshebaodaili.cn/wwwroot/Application/Home/Controller/CheckloginController.class.php 第 39 行.
NOTIC: [8] Undefined index: user_type /data/www/pc.zhongguoshebaodaili.cn/wwwroot/Application/Home/Controller/CheckloginController.class.php 第 62 行.
INFO: [ view_begin ] --START--
INFO: Run Home\Behaviors\testBehavior [ RunTime:0.000054s ]
INFO: [ view_begin ] --END-- [ RunTime:0.000080s ]
INFO: [ view_parse ] --START--
INFO: [ template_filter ] --START--
INFO: Run Behavior\ContentReplaceBehavior [ RunTime:0.000078s ]
INFO: [ template_filter ] --END-- [ RunTime:0.000111s ]
INFO: Run Behavior\ParseTemplateBehavior [ RunTime:0.006261s ]
INFO: [ view_parse ] --END-- [ RunTime:0.006290s ]
INFO: [ view_filter ] --START--
INFO: Run Behavior\WriteHtmlCacheBehavior [ RunTime:0.000033s ]
INFO: Run Behavior\TokenBuildBehavior [ RunTime:0.000125s ]
INFO: [ view_filter ] --END-- [ RunTime:0.000218s ]
INFO: [ app_end ] --START--
INFO: Run Behavior\ShowPageTraceBehavior [ RunTime:0.000031s ]
INFO: [ app_end ] --END-- [ RunTime:0.000055s ]

[ 2018-03-29T11:19:19+08:00 ] 106.11.157.167 /index.php/Home/Checklogin/company_order.html
INFO: [ app_init ] --START--
INFO: Run Behavior\BuildLiteBehavior [ RunTime:0.000011s ]
INFO: [ app_init ] --END-- [ RunTime:0.000079s ]
NOTIC: [8] Use of undefined constant TPSHOP_CACHE_TIME - assumed 'TPSHOP_CACHE_TIME' /data/www/pc.zhongguoshebaodaili.cn/wwwroot/Application/Home/Conf/config.php 第 18 行.
NOTIC: [8] Use of undefined constant TPSHOP_CACHE_TIME - assumed 'TPSHOP_CACHE_TIME' /data/www/pc.zhongguoshebaodaili.cn/wwwroot/Application/Home/Conf/config.php 第 22 行.
NOTIC: [8] Use of undefined constant TPSHOP_CACHE_TIME - assumed 'TPSHOP_CACHE_TIME' /data/www/pc.zhongguoshebaodaili.cn/wwwroot/Application/Home/Conf/config.php 第 23 行.
NOTIC: [8] Use of undefined constant TPSHOP_CACHE_TIME - assumed 'TPSHOP_CACHE_TIME' /data/www/pc.zhongguoshebaodaili.cn/wwwroot/Application/Home/Conf/config.php 第 24 行.
NOTIC: [8] Use of undefined constant TPSHOP_CACHE_TIME - assumed 'TPSHOP_CACHE_TIME' /data/www/pc.zhongguoshebaodaili.cn/wwwroot/Application/Home/Conf/config.php 第 26 行.
INFO: [ app_begin ] --START--
INFO: Run Behavior\ReadHtmlCacheBehavior [ RunTime:0.000050s ]
INFO: [ app_begin ] --END-- [ RunTime:0.000083s ]
NOTIC: [8] Use of undefined constant TPSHOP_CACHE_TIME - assumed 'TPSHOP_CACHE_TIME' /data/www/pc.zhongguoshebaodaili.cn/wwwroot/Application/Home/Controller/BaseController.class.php 第 39 行.
NOTIC: [8] Undefined variable: arr /data/www/pc.zhongguoshebaodaili.cn/wwwroot/Application/Common/Common/common.php 第 2333 行.
NOTIC: [2] Invalid argument supplied for foreach() /data/www/pc.zhongguoshebaodaili.cn/wwwroot/Application/Common/Common/common.php 第 2333 行.
NOTIC: [8] Undefined variable: tree /data/www/pc.zhongguoshebaodaili.cn/wwwroot/Application/Common/Common/common.php 第 2339 行.
NOTIC: [2] Invalid argument supplied for foreach() /data/www/pc.zhongguoshebaodaili.cn/wwwroot/Application/Common/Common/common.php 第 2339 行.
NOTIC: [8] Use of undefined constant TPSHOP_CACHE_TIME - assumed 'TPSHOP_CACHE_TIME' /data/www/pc.zhongguoshebaodaili.cn/wwwroot/Application/Home/Controller/BaseController.class.php 第 50 行.
INFO: [ view_begin ] --START--
INFO: Run Home\Behaviors\testBehavior [ RunTime:0.000065s ]
INFO: [ view_begin ] --END-- [ RunTime:0.000098s ]
INFO: [ view_parse ] --START--
INFO: [ template_filter ] --START--
INFO: Run Behavior\ContentReplaceBehavior [ RunTime:0.000033s ]
INFO: [ template_filter ] --END-- [ RunTime:0.000067s ]
INFO: Run Behavior\ParseTemplateBehavior [ RunTime:0.001623s ]
INFO: [ view_parse ] --END-- [ RunTime:0.001675s ]
INFO: [ view_filter ] --START--
INFO: Run Behavior\WriteHtmlCacheBehavior [ RunTime:0.000037s ]
INFO: Run Behavior\TokenBuildBehavior [ RunTime:0.000059s ]
INFO: [ view_filter ] --END-- [ RunTime:0.000135s ]

[ 2018-03-29T11:40:06+08:00 ] 1.119.186.146 /index.php/Home/Checklogin/login.html
INFO: [ app_init ] --START--
INFO: Run Behavior\BuildLiteBehavior [ RunTime:0.000010s ]
INFO: [ app_init ] --END-- [ RunTime:0.000074s ]
NOTIC: [8] Use of undefined constant TPSHOP_CACHE_TIME - assumed 'TPSHOP_CACHE_TIME' /data/www/pc.zhongguoshebaodaili.cn/wwwroot/Application/Home/Conf/config.php 第 18 行.
NOTIC: [8] Use of undefined constant TPSHOP_CACHE_TIME - assumed 'TPSHOP_CACHE_TIME' /data/www/pc.zhongguoshebaodaili.cn/wwwroot/Application/Home/Conf/config.php 第 22 行.
NOTIC: [8] Use of undefined constant TPSHOP_CACHE_TIME - assumed 'TPSHOP_CACHE_TIME' /data/www/pc.zhongguoshebaodaili.cn/wwwroot/Application/Home/Conf/config.php 第 23 行.
NOTIC: [8] Use of undefined constant TPSHOP_CACHE_TIME - assumed 'TPSHOP_CACHE_TIME' /data/www/pc.zhongguoshebaodaili.cn/wwwroot/Application/Home/Conf/config.php 第 24 行.
NOTIC: [8] Use of undefined constant TPSHOP_CACHE_TIME - assumed 'TPSHOP_CACHE_TIME' /data/www/pc.zhongguoshebaodaili.cn/wwwroot/Application/Home/Conf/config.php 第 26 行.
INFO: [ app_begin ] --START--
INFO: Run Behavior\ReadHtmlCacheBehavior [ RunTime:0.000043s ]
INFO: [ app_begin ] --END-- [ RunTime:0.000070s ]
NOTIC: [8] Use of undefined constant TPSHOP_CACHE_TIME - assumed 'TPSHOP_CACHE_TIME' /data/www/pc.zhongguoshebaodaili.cn/wwwroot/Application/Home/Controller/BaseController.class.php 第 39 行.
NOTIC: [8] Undefined variable: arr /data/www/pc.zhongguoshebaodaili.cn/wwwroot/Application/Common/Common/common.php 第 2333 行.
NOTIC: [2] Invalid argument supplied for foreach() /data/www/pc.zhongguoshebaodaili.cn/wwwroot/Application/Common/Common/common.php 第 2333 行.
NOTIC: [8] Undefined variable: tree /data/www/pc.zhongguoshebaodaili.cn/wwwroot/Application/Common/Common/common.php 第 2339 行.
NOTIC: [2] Invalid argument supplied for foreach() /data/www/pc.zhongguoshebaodaili.cn/wwwroot/Application/Common/Common/common.php 第 2339 行.
NOTIC: [8] Use of undefined constant TPSHOP_CACHE_TIME - assumed 'TPSHOP_CACHE_TIME' /data/www/pc.zhongguoshebaodaili.cn/wwwroot/Application/Home/Controller/BaseController.class.php 第 50 行.
NOTIC: [8] Undefined index: account_name /data/www/pc.zhongguoshebaodaili.cn/wwwroot/Application/Home/Controller/CheckloginController.class.php 第 39 行.
NOTIC: [8] Undefined index: user_type /data/www/pc.zhongguoshebaodaili.cn/wwwroot/Application/Home/Controller/CheckloginController.class.php 第 62 行.
INFO: [ view_begin ] --START--
INFO: Run Home\Behaviors\testBehavior [ RunTime:0.000063s ]
INFO: [ view_begin ] --END-- [ RunTime:0.000093s ]
INFO: [ view_parse ] --START--
INFO: [ template_filter ] --START--
INFO: Run Behavior\ContentReplaceBehavior [ RunTime:0.000090s ]
INFO: [ template_filter ] --END-- [ RunTime:0.000127s ]
INFO: Run Behavior\ParseTemplateBehavior [ RunTime:0.007236s ]
INFO: [ view_parse ] --END-- [ RunTime:0.007270s ]
INFO: [ view_filter ] --START--
INFO: Run Behavior\WriteHtmlCacheBehavior [ RunTime:0.000044s ]
INFO: Run Behavior\TokenBuildBehavior [ RunTime:0.000133s ]
INFO: [ view_filter ] --END-- [ RunTime:0.000246s ]
INFO: [ app_end ] --START--
INFO: Run Behavior\ShowPageTraceBehavior [ RunTime:0.000034s ]
INFO: [ app_end ] --END-- [ RunTime:0.000062s ]

[ 2018-03-29T11:40:11+08:00 ] 1.119.186.146 /index.php/Home/Checklogin/verify.html
INFO: [ app_init ] --START--
INFO: Run Behavior\BuildLiteBehavior [ RunTime:0.000033s ]
INFO: [ app_init ] --END-- [ RunTime:0.000098s ]
NOTIC: [8] Use of undefined constant TPSHOP_CACHE_TIME - assumed 'TPSHOP_CACHE_TIME' /data/www/pc.zhongguoshebaodaili.cn/wwwroot/Application/Home/Conf/config.php 第 18 行.
NOTIC: [8] Use of undefined constant TPSHOP_CACHE_TIME - assumed 'TPSHOP_CACHE_TIME' /data/www/pc.zhongguoshebaodaili.cn/wwwroot/Application/Home/Conf/config.php 第 22 行.
NOTIC: [8] Use of undefined constant TPSHOP_CACHE_TIME - assumed 'TPSHOP_CACHE_TIME' /data/www/pc.zhongguoshebaodaili.cn/wwwroot/Application/Home/Conf/config.php 第 23 行.
NOTIC: [8] Use of undefined constant TPSHOP_CACHE_TIME - assumed 'TPSHOP_CACHE_TIME' /data/www/pc.zhongguoshebaodaili.cn/wwwroot/Application/Home/Conf/config.php 第 24 行.
NOTIC: [8] Use of undefined constant TPSHOP_CACHE_TIME - assumed 'TPSHOP_CACHE_TIME' /data/www/pc.zhongguoshebaodaili.cn/wwwroot/Application/Home/Conf/config.php 第 26 行.
INFO: [ app_begin ] --START--
INFO: Run Behavior\ReadHtmlCacheBehavior [ RunTime:0.000041s ]
INFO: [ app_begin ] --END-- [ RunTime:0.000068s ]
NOTIC: [8] Use of undefined constant TPSHOP_CACHE_TIME - assumed 'TPSHOP_CACHE_TIME' /data/www/pc.zhongguoshebaodaili.cn/wwwroot/Application/Home/Controller/BaseController.class.php 第 39 行.
NOTIC: [8] Undefined variable: arr /data/www/pc.zhongguoshebaodaili.cn/wwwroot/Application/Common/Common/common.php 第 2333 行.
NOTIC: [2] Invalid argument supplied for foreach() /data/www/pc.zhongguoshebaodaili.cn/wwwroot/Application/Common/Common/common.php 第 2333 行.
NOTIC: [8] Undefined variable: tree /data/www/pc.zhongguoshebaodaili.cn/wwwroot/Application/Common/Common/common.php 第 2339 行.
NOTIC: [2] Invalid argument supplied for foreach() /data/www/pc.zhongguoshebaodaili.cn/wwwroot/Application/Common/Common/common.php 第 2339 行.
NOTIC: [8] Use of undefined constant TPSHOP_CACHE_TIME - assumed 'TPSHOP_CACHE_TIME' /data/www/pc.zhongguoshebaodaili.cn/wwwroot/Application/Home/Controller/BaseController.class.php 第 50 行.
NOTIC: [8] Undefined index: account_name /data/www/pc.zhongguoshebaodaili.cn/wwwroot/Application/Home/Controller/CheckloginController.class.php 第 39 行.
NOTIC: [8] Undefined index: user_type /data/www/pc.zhongguoshebaodaili.cn/wwwroot/Application/Home/Controller/CheckloginController.class.php 第 62 行.
INFO: [ app_end ] --START--
INFO: Run Behavior\ShowPageTraceBehavior [ RunTime:0.000046s ]
INFO: [ app_end ] --END-- [ RunTime:0.000093s ]

[ 2018-03-29T14:27:03+08:00 ] 14.215.176.68 /index.php/Home/Mobile/shebao_bujiao.html
INFO: [ app_init ] --START--
INFO: Run Behavior\BuildLiteBehavior [ RunTime:0.000011s ]
INFO: [ app_init ] --END-- [ RunTime:0.000079s ]
NOTIC: [8] Use of undefined constant TPSHOP_CACHE_TIME - assumed 'TPSHOP_CACHE_TIME' /data/www/pc.zhongguoshebaodaili.cn/wwwroot/Application/Home/Conf/config.php 第 18 行.
NOTIC: [8] Use of undefined constant TPSHOP_CACHE_TIME - assumed 'TPSHOP_CACHE_TIME' /data/www/pc.zhongguoshebaodaili.cn/wwwroot/Application/Home/Conf/config.php 第 22 行.
NOTIC: [8] Use of undefined constant TPSHOP_CACHE_TIME - assumed 'TPSHOP_CACHE_TIME' /data/www/pc.zhongguoshebaodaili.cn/wwwroot/Application/Home/Conf/config.php 第 23 行.
NOTIC: [8] Use of undefined constant TPSHOP_CACHE_TIME - assumed 'TPSHOP_CACHE_TIME' /data/www/pc.zhongguoshebaodaili.cn/wwwroot/Application/Home/Conf/config.php 第 24 行.
NOTIC: [8] Use of undefined constant TPSHOP_CACHE_TIME - assumed 'TPSHOP_CACHE_TIME' /data/www/pc.zhongguoshebaodaili.cn/wwwroot/Application/Home/Conf/config.php 第 26 行.
INFO: [ app_begin ] --START--
INFO: Run Behavior\ReadHtmlCacheBehavior [ RunTime:0.000052s ]
INFO: [ app_begin ] --END-- [ RunTime:0.000085s ]
NOTIC: [8] Use of undefined constant TPSHOP_CACHE_TIME - assumed 'TPSHOP_CACHE_TIME' /data/www/pc.zhongguoshebaodaili.cn/wwwroot/Application/Home/Controller/BaseController.class.php 第 39 行.
NOTIC: [8] Undefined variable: arr /data/www/pc.zhongguoshebaodaili.cn/wwwroot/Application/Common/Common/common.php 第 2333 行.
NOTIC: [2] Invalid argument supplied for foreach() /data/www/pc.zhongguoshebaodaili.cn/wwwroot/Application/Common/Common/common.php 第 2333 行.
NOTIC: [8] Undefined variable: tree /data/www/pc.zhongguoshebaodaili.cn/wwwroot/Application/Common/Common/common.php 第 2339 行.
NOTIC: [2] Invalid argument supplied for foreach() /data/www/pc.zhongguoshebaodaili.cn/wwwroot/Application/Common/Common/common.php 第 2339 行.
NOTIC: [8] Use of undefined constant TPSHOP_CACHE_TIME - assumed 'TPSHOP_CACHE_TIME' /data/www/pc.zhongguoshebaodaili.cn/wwwroot/Application/Home/Controller/BaseController.class.php 第 50 行.
INFO: [ view_begin ] --START--
INFO: Run Home\Behaviors\testBehavior [ RunTime:0.000064s ]
INFO: [ view_begin ] --END-- [ RunTime:0.000096s ]
INFO: [ view_parse ] --START--
INFO: [ template_filter ] --START--
INFO: Run Behavior\ContentReplaceBehavior [ RunTime:0.000031s ]
INFO: [ template_filter ] --END-- [ RunTime:0.000064s ]
INFO: Run Behavior\ParseTemplateBehavior [ RunTime:0.001578s ]
INFO: [ view_parse ] --END-- [ RunTime:0.001606s ]
INFO: [ view_filter ] --START--
INFO: Run Behavior\WriteHtmlCacheBehavior [ RunTime:0.000032s ]
INFO: Run Behavior\TokenBuildBehavior [ RunTime:0.000083s ]
INFO: [ view_filter ] --END-- [ RunTime:0.000152s ]

[ 2018-03-29T14:27:05+08:00 ] 14.215.176.64 /index.php/Home/Mobile/login.html
INFO: [ app_init ] --START--
INFO: Run Behavior\BuildLiteBehavior [ RunTime:0.000011s ]
INFO: [ app_init ] --END-- [ RunTime:0.000072s ]
NOTIC: [8] Use of undefined constant TPSHOP_CACHE_TIME - assumed 'TPSHOP_CACHE_TIME' /data/www/pc.zhongguoshebaodaili.cn/wwwroot/Application/Home/Conf/config.php 第 18 行.
NOTIC: [8] Use of undefined constant TPSHOP_CACHE_TIME - assumed 'TPSHOP_CACHE_TIME' /data/www/pc.zhongguoshebaodaili.cn/wwwroot/Application/Home/Conf/config.php 第 22 行.
NOTIC: [8] Use of undefined constant TPSHOP_CACHE_TIME - assumed 'TPSHOP_CACHE_TIME' /data/www/pc.zhongguoshebaodaili.cn/wwwroot/Application/Home/Conf/config.php 第 23 行.
NOTIC: [8] Use of undefined constant TPSHOP_CACHE_TIME - assumed 'TPSHOP_CACHE_TIME' /data/www/pc.zhongguoshebaodaili.cn/wwwroot/Application/Home/Conf/config.php 第 24 行.
NOTIC: [8] Use of undefined constant TPSHOP_CACHE_TIME - assumed 'TPSHOP_CACHE_TIME' /data/www/pc.zhongguoshebaodaili.cn/wwwroot/Application/Home/Conf/config.php 第 26 行.
INFO: [ app_begin ] --START--
INFO: Run Behavior\ReadHtmlCacheBehavior [ RunTime:0.000040s ]
INFO: [ app_begin ] --END-- [ RunTime:0.000069s ]
NOTIC: [8] Use of undefined constant TPSHOP_CACHE_TIME - assumed 'TPSHOP_CACHE_TIME' /data/www/pc.zhongguoshebaodaili.cn/wwwroot/Application/Home/Controller/BaseController.class.php 第 39 行.
NOTIC: [8] Undefined variable: arr /data/www/pc.zhongguoshebaodaili.cn/wwwroot/Application/Common/Common/common.php 第 2333 行.
NOTIC: [2] Invalid argument supplied for foreach() /data/www/pc.zhongguoshebaodaili.cn/wwwroot/Application/Common/Common/common.php 第 2333 行.
NOTIC: [8] Undefined variable: tree /data/www/pc.zhongguoshebaodaili.cn/wwwroot/Application/Common/Common/common.php 第 2339 行.
NOTIC: [2] Invalid argument supplied for foreach() /data/www/pc.zhongguoshebaodaili.cn/wwwroot/Application/Common/Common/common.php 第 2339 行.
NOTIC: [8] Use of undefined constant TPSHOP_CACHE_TIME - assumed 'TPSHOP_CACHE_TIME' /data/www/pc.zhongguoshebaodaili.cn/wwwroot/Application/Home/Controller/BaseController.class.php 第 50 行.
NOTIC: [8] Undefined index: account_name /data/www/pc.zhongguoshebaodaili.cn/wwwroot/Application/Home/Controller/MobileController.class.php 第 38 行.
NOTIC: [8] Undefined index: user_type /data/www/pc.zhongguoshebaodaili.cn/wwwroot/Application/Home/Controller/MobileController.class.php 第 63 行.
INFO: [ view_begin ] --START--
INFO: Run Home\Behaviors\testBehavior [ RunTime:0.000044s ]
INFO: [ view_begin ] --END-- [ RunTime:0.000075s ]
INFO: [ view_parse ] --START--
INFO: [ template_filter ] --START--
INFO: Run Behavior\ContentReplaceBehavior [ RunTime:0.000051s ]
INFO: [ template_filter ] --END-- [ RunTime:0.000086s ]
INFO: Run Behavior\ParseTemplateBehavior [ RunTime:0.003957s ]
INFO: [ view_parse ] --END-- [ RunTime:0.004018s ]
INFO: [ view_filter ] --START--
INFO: Run Behavior\WriteHtmlCacheBehavior [ RunTime:0.000032s ]
INFO: Run Behavior\TokenBuildBehavior [ RunTime:0.000096s ]
INFO: [ view_filter ] --END-- [ RunTime:0.000168s ]
INFO: [ app_end ] --START--
INFO: Run Behavior\ShowPageTraceBehavior [ RunTime:0.000035s ]
INFO: [ app_end ] --END-- [ RunTime:0.000062s ]

[ 2018-03-29T14:27:05+08:00 ] 14.215.176.71 /index.php/Home/Checklogin/verify.html
INFO: [ app_init ] --START--
INFO: Run Behavior\BuildLiteBehavior [ RunTime:0.000009s ]
INFO: [ app_init ] --END-- [ RunTime:0.000064s ]
NOTIC: [8] Use of undefined constant TPSHOP_CACHE_TIME - assumed 'TPSHOP_CACHE_TIME' /data/www/pc.zhongguoshebaodaili.cn/wwwroot/Application/Home/Conf/config.php 第 18 行.
NOTIC: [8] Use of undefined constant TPSHOP_CACHE_TIME - assumed 'TPSHOP_CACHE_TIME' /data/www/pc.zhongguoshebaodaili.cn/wwwroot/Application/Home/Conf/config.php 第 22 行.
NOTIC: [8] Use of undefined constant TPSHOP_CACHE_TIME - assumed 'TPSHOP_CACHE_TIME' /data/www/pc.zhongguoshebaodaili.cn/wwwroot/Application/Home/Conf/config.php 第 23 行.
NOTIC: [8] Use of undefined constant TPSHOP_CACHE_TIME - assumed 'TPSHOP_CACHE_TIME' /data/www/pc.zhongguoshebaodaili.cn/wwwroot/Application/Home/Conf/config.php 第 24 行.
NOTIC: [8] Use of undefined constant TPSHOP_CACHE_TIME - assumed 'TPSHOP_CACHE_TIME' /data/www/pc.zhongguoshebaodaili.cn/wwwroot/Application/Home/Conf/config.php 第 26 行.
INFO: [ app_begin ] --START--
INFO: Run Behavior\ReadHtmlCacheBehavior [ RunTime:0.000037s ]
INFO: [ app_begin ] --END-- [ RunTime:0.000066s ]
NOTIC: [8] Use of undefined constant TPSHOP_CACHE_TIME - assumed 'TPSHOP_CACHE_TIME' /data/www/pc.zhongguoshebaodaili.cn/wwwroot/Application/Home/Controller/BaseController.class.php 第 39 行.
NOTIC: [8] Undefined variable: arr /data/www/pc.zhongguoshebaodaili.cn/wwwroot/Application/Common/Common/common.php 第 2333 行.
NOTIC: [2] Invalid argument supplied for foreach() /data/www/pc.zhongguoshebaodaili.cn/wwwroot/Application/Common/Common/common.php 第 2333 行.
NOTIC: [8] Undefined variable: tree /data/www/pc.zhongguoshebaodaili.cn/wwwroot/Application/Common/Common/common.php 第 2339 行.
NOTIC: [2] Invalid argument supplied for foreach() /data/www/pc.zhongguoshebaodaili.cn/wwwroot/Application/Common/Common/common.php 第 2339 行.
NOTIC: [8] Use of undefined constant TPSHOP_CACHE_TIME - assumed 'TPSHOP_CACHE_TIME' /data/www/pc.zhongguoshebaodaili.cn/wwwroot/Application/Home/Controller/BaseController.class.php 第 50 行.
NOTIC: [8] Undefined index: account_name /data/www/pc.zhongguoshebaodaili.cn/wwwroot/Application/Home/Controller/CheckloginController.class.php 第 39 行.
NOTIC: [8] Undefined index: user_type /data/www/pc.zhongguoshebaodaili.cn/wwwroot/Application/Home/Controller/CheckloginController.class.php 第 62 行.
INFO: [ app_end ] --START--
INFO: Run Behavior\ShowPageTraceBehavior [ RunTime:0.000035s ]
INFO: [ app_end ] --END-- [ RunTime:0.000074s ]

[ 2018-03-29T14:27:51+08:00 ] 115.239.216.77 /index.php/Home/Mobile/shebao_bujiao.html
INFO: [ app_init ] --START--
INFO: Run Behavior\BuildLiteBehavior [ RunTime:0.000010s ]
INFO: [ app_init ] --END-- [ RunTime:0.000073s ]
NOTIC: [8] Use of undefined constant TPSHOP_CACHE_TIME - assumed 'TPSHOP_CACHE_TIME' /data/www/pc.zhongguoshebaodaili.cn/wwwroot/Application/Home/Conf/config.php 第 18 行.
NOTIC: [8] Use of undefined constant TPSHOP_CACHE_TIME - assumed 'TPSHOP_CACHE_TIME' /data/www/pc.zhongguoshebaodaili.cn/wwwroot/Application/Home/Conf/config.php 第 22 行.
NOTIC: [8] Use of undefined constant TPSHOP_CACHE_TIME - assumed 'TPSHOP_CACHE_TIME' /data/www/pc.zhongguoshebaodaili.cn/wwwroot/Application/Home/Conf/config.php 第 23 行.
NOTIC: [8] Use of undefined constant TPSHOP_CACHE_TIME - assumed 'TPSHOP_CACHE_TIME' /data/www/pc.zhongguoshebaodaili.cn/wwwroot/Application/Home/Conf/config.php 第 24 行.
NOTIC: [8] Use of undefined constant TPSHOP_CACHE_TIME - assumed 'TPSHOP_CACHE_TIME' /data/www/pc.zhongguoshebaodaili.cn/wwwroot/Application/Home/Conf/config.php 第 26 行.
INFO: [ app_begin ] --START--
INFO: Run Behavior\ReadHtmlCacheBehavior [ RunTime:0.000071s ]
INFO: [ app_begin ] --END-- [ RunTime:0.000101s ]
NOTIC: [8] Use of undefined constant TPSHOP_CACHE_TIME - assumed 'TPSHOP_CACHE_TIME' /data/www/pc.zhongguoshebaodaili.cn/wwwroot/Application/Home/Controller/BaseController.class.php 第 39 行.
NOTIC: [8] Undefined variable: arr /data/www/pc.zhongguoshebaodaili.cn/wwwroot/Application/Common/Common/common.php 第 2333 行.
NOTIC: [2] Invalid argument supplied for foreach() /data/www/pc.zhongguoshebaodaili.cn/wwwroot/Application/Common/Common/common.php 第 2333 行.
NOTIC: [8] Undefined variable: tree /data/www/pc.zhongguoshebaodaili.cn/wwwroot/Application/Common/Common/common.php 第 2339 行.
NOTIC: [2] Invalid argument supplied for foreach() /data/www/pc.zhongguoshebaodaili.cn/wwwroot/Application/Common/Common/common.php 第 2339 行.
NOTIC: [8] Use of undefined constant TPSHOP_CACHE_TIME - assumed 'TPSHOP_CACHE_TIME' /data/www/pc.zhongguoshebaodaili.cn/wwwroot/Application/Home/Controller/BaseController.class.php 第 50 行.
INFO: [ view_begin ] --START--
INFO: Run Home\Behaviors\testBehavior [ RunTime:0.000057s ]
INFO: [ view_begin ] --END-- [ RunTime:0.000085s ]
INFO: [ view_parse ] --START--
INFO: [ template_filter ] --START--
INFO: Run Behavior\ContentReplaceBehavior [ RunTime:0.000030s ]
INFO: [ template_filter ] --END-- [ RunTime:0.000060s ]
INFO: Run Behavior\ParseTemplateBehavior [ RunTime:0.001395s ]
INFO: [ view_parse ] --END-- [ RunTime:0.001426s ]
INFO: [ view_filter ] --START--
INFO: Run Behavior\WriteHtmlCacheBehavior [ RunTime:0.000035s ]
INFO: Run Behavior\TokenBuildBehavior [ RunTime:0.000051s ]
INFO: [ view_filter ] --END-- [ RunTime:0.000125s ]

[ 2018-03-29T14:27:52+08:00 ] 115.239.216.75 /index.php/Home/Mobile/login.html
INFO: [ app_init ] --START--
INFO: Run Behavior\BuildLiteBehavior [ RunTime:0.000011s ]
INFO: [ app_init ] --END-- [ RunTime:0.000072s ]
NOTIC: [8] Use of undefined constant TPSHOP_CACHE_TIME - assumed 'TPSHOP_CACHE_TIME' /data/www/pc.zhongguoshebaodaili.cn/wwwroot/Application/Home/Conf/config.php 第 18 行.
NOTIC: [8] Use of undefined constant TPSHOP_CACHE_TIME - assumed 'TPSHOP_CACHE_TIME' /data/www/pc.zhongguoshebaodaili.cn/wwwroot/Application/Home/Conf/config.php 第 22 行.
NOTIC: [8] Use of undefined constant TPSHOP_CACHE_TIME - assumed 'TPSHOP_CACHE_TIME' /data/www/pc.zhongguoshebaodaili.cn/wwwroot/Application/Home/Conf/config.php 第 23 行.
NOTIC: [8] Use of undefined constant TPSHOP_CACHE_TIME - assumed 'TPSHOP_CACHE_TIME' /data/www/pc.zhongguoshebaodaili.cn/wwwroot/Application/Home/Conf/config.php 第 24 行.
NOTIC: [8] Use of undefined constant TPSHOP_CACHE_TIME - assumed 'TPSHOP_CACHE_TIME' /data/www/pc.zhongguoshebaodaili.cn/wwwroot/Application/Home/Conf/config.php 第 26 行.
INFO: [ app_begin ] --START--
INFO: Run Behavior\ReadHtmlCacheBehavior [ RunTime:0.000039s ]
INFO: [ app_begin ] --END-- [ RunTime:0.000071s ]
NOTIC: [8] Use of undefined constant TPSHOP_CACHE_TIME - assumed 'TPSHOP_CACHE_TIME' /data/www/pc.zhongguoshebaodaili.cn/wwwroot/Application/Home/Controller/BaseController.class.php 第 39 行.
NOTIC: [8] Undefined variable: arr /data/www/pc.zhongguoshebaodaili.cn/wwwroot/Application/Common/Common/common.php 第 2333 行.
NOTIC: [2] Invalid argument supplied for foreach() /data/www/pc.zhongguoshebaodaili.cn/wwwroot/Application/Common/Common/common.php 第 2333 行.
NOTIC: [8] Undefined variable: tree /data/www/pc.zhongguoshebaodaili.cn/wwwroot/Application/Common/Common/common.php 第 2339 行.
NOTIC: [2] Invalid argument supplied for foreach() /data/www/pc.zhongguoshebaodaili.cn/wwwroot/Application/Common/Common/common.php 第 2339 行.
NOTIC: [8] Use of undefined constant TPSHOP_CACHE_TIME - assumed 'TPSHOP_CACHE_TIME' /data/www/pc.zhongguoshebaodaili.cn/wwwroot/Application/Home/Controller/BaseController.class.php 第 50 行.
NOTIC: [8] Undefined index: account_name /data/www/pc.zhongguoshebaodaili.cn/wwwroot/Application/Home/Controller/MobileController.class.php 第 38 行.
NOTIC: [8] Undefined index: user_type /data/www/pc.zhongguoshebaodaili.cn/wwwroot/Application/Home/Controller/MobileController.class.php 第 63 行.
INFO: [ view_begin ] --START--
INFO: Run Home\Behaviors\testBehavior [ RunTime:0.000062s ]
INFO: [ view_begin ] --END-- [ RunTime:0.000098s ]
INFO: [ view_parse ] --START--
INFO: [ template_filter ] --START--
INFO: Run Behavior\ContentReplaceBehavior [ RunTime:0.000071s ]
INFO: [ template_filter ] --END-- [ RunTime:0.000107s ]
INFO: Run Behavior\ParseTemplateBehavior [ RunTime:0.003465s ]
INFO: [ view_parse ] --END-- [ RunTime:0.003494s ]
INFO: [ view_filter ] --START--
INFO: Run Behavior\WriteHtmlCacheBehavior [ RunTime:0.000028s ]
INFO: Run Behavior\TokenBuildBehavior [ RunTime:0.000102s ]
INFO: [ view_filter ] --END-- [ RunTime:0.000170s ]
INFO: [ app_end ] --START--
INFO: Run Behavior\ShowPageTraceBehavior [ RunTime:0.000038s ]
INFO: [ app_end ] --END-- [ RunTime:0.000062s ]

[ 2018-03-29T14:27:52+08:00 ] 115.239.216.74 /index.php/Home/Checklogin/verify.html
INFO: [ app_init ] --START--
INFO: Run Behavior\BuildLiteBehavior [ RunTime:0.000011s ]
INFO: [ app_init ] --END-- [ RunTime:0.000096s ]
NOTIC: [8] Use of undefined constant TPSHOP_CACHE_TIME - assumed 'TPSHOP_CACHE_TIME' /data/www/pc.zhongguoshebaodaili.cn/wwwroot/Application/Home/Conf/config.php 第 18 行.
NOTIC: [8] Use of undefined constant TPSHOP_CACHE_TIME - assumed 'TPSHOP_CACHE_TIME' /data/www/pc.zhongguoshebaodaili.cn/wwwroot/Application/Home/Conf/config.php 第 22 行.
NOTIC: [8] Use of undefined constant TPSHOP_CACHE_TIME - assumed 'TPSHOP_CACHE_TIME' /data/www/pc.zhongguoshebaodaili.cn/wwwroot/Application/Home/Conf/config.php 第 23 行.
NOTIC: [8] Use of undefined constant TPSHOP_CACHE_TIME - assumed 'TPSHOP_CACHE_TIME' /data/www/pc.zhongguoshebaodaili.cn/wwwroot/Application/Home/Conf/config.php 第 24 行.
NOTIC: [8] Use of undefined constant TPSHOP_CACHE_TIME - assumed 'TPSHOP_CACHE_TIME' /data/www/pc.zhongguoshebaodaili.cn/wwwroot/Application/Home/Conf/config.php 第 26 行.
INFO: [ app_begin ] --START--
INFO: Run Behavior\ReadHtmlCacheBehavior [ RunTime:0.000044s ]
INFO: [ app_begin ] --END-- [ RunTime:0.000092s ]
NOTIC: [8] Use of undefined constant TPSHOP_CACHE_TIME - assumed 'TPSHOP_CACHE_TIME' /data/www/pc.zhongguoshebaodaili.cn/wwwroot/Application/Home/Controller/BaseController.class.php 第 39 行.
NOTIC: [8] Undefined variable: arr /data/www/pc.zhongguoshebaodaili.cn/wwwroot/Application/Common/Common/common.php 第 2333 行.
NOTIC: [2] Invalid argument supplied for foreach() /data/www/pc.zhongguoshebaodaili.cn/wwwroot/Application/Common/Common/common.php 第 2333 行.
NOTIC: [8] Undefined variable: tree /data/www/pc.zhongguoshebaodaili.cn/wwwroot/Application/Common/Common/common.php 第 2339 行.
NOTIC: [2] Invalid argument supplied for foreach() /data/www/pc.zhongguoshebaodaili.cn/wwwroot/Application/Common/Common/common.php 第 2339 行.
NOTIC: [8] Use of undefined constant TPSHOP_CACHE_TIME - assumed 'TPSHOP_CACHE_TIME' /data/www/pc.zhongguoshebaodaili.cn/wwwroot/Application/Home/Controller/BaseController.class.php 第 50 行.
NOTIC: [8] Undefined index: account_name /data/www/pc.zhongguoshebaodaili.cn/wwwroot/Application/Home/Controller/CheckloginController.class.php 第 39 行.
NOTIC: [8] Undefined index: user_type /data/www/pc.zhongguoshebaodaili.cn/wwwroot/Application/Home/Controller/CheckloginController.class.php 第 62 行.
INFO: [ app_end ] --START--
INFO: Run Behavior\ShowPageTraceBehavior [ RunTime:0.000030s ]
INFO: [ app_end ] --END-- [ RunTime:0.000062s ]

[ 2018-03-29T14:33:08+08:00 ] 42.156.138.79 /index.php/Home/Checklogin/company_order.html
INFO: [ app_init ] --START--
INFO: Run Behavior\BuildLiteBehavior [ RunTime:0.000010s ]
INFO: [ app_init ] --END-- [ RunTime:0.000085s ]
NOTIC: [8] Use of undefined constant TPSHOP_CACHE_TIME - assumed 'TPSHOP_CACHE_TIME' /data/www/pc.zhongguoshebaodaili.cn/wwwroot/Application/Home/Conf/config.php 第 18 行.
NOTIC: [8] Use of undefined constant TPSHOP_CACHE_TIME - assumed 'TPSHOP_CACHE_TIME' /data/www/pc.zhongguoshebaodaili.cn/wwwroot/Application/Home/Conf/config.php 第 22 行.
NOTIC: [8] Use of undefined constant TPSHOP_CACHE_TIME - assumed 'TPSHOP_CACHE_TIME' /data/www/pc.zhongguoshebaodaili.cn/wwwroot/Application/Home/Conf/config.php 第 23 行.
NOTIC: [8] Use of undefined constant TPSHOP_CACHE_TIME - assumed 'TPSHOP_CACHE_TIME' /data/www/pc.zhongguoshebaodaili.cn/wwwroot/Application/Home/Conf/config.php 第 24 行.
NOTIC: [8] Use of undefined constant TPSHOP_CACHE_TIME - assumed 'TPSHOP_CACHE_TIME' /data/www/pc.zhongguoshebaodaili.cn/wwwroot/Application/Home/Conf/config.php 第 26 行.
INFO: [ app_begin ] --START--
INFO: Run Behavior\ReadHtmlCacheBehavior [ RunTime:0.000043s ]
INFO: [ app_begin ] --END-- [ RunTime:0.000084s ]
NOTIC: [8] Use of undefined constant TPSHOP_CACHE_TIME - assumed 'TPSHOP_CACHE_TIME' /data/www/pc.zhongguoshebaodaili.cn/wwwroot/Application/Home/Controller/BaseController.class.php 第 39 行.
NOTIC: [8] Undefined variable: arr /data/www/pc.zhongguoshebaodaili.cn/wwwroot/Application/Common/Common/common.php 第 2333 行.
NOTIC: [2] Invalid argument supplied for foreach() /data/www/pc.zhongguoshebaodaili.cn/wwwroot/Application/Common/Common/common.php 第 2333 行.
NOTIC: [8] Undefined variable: tree /data/www/pc.zhongguoshebaodaili.cn/wwwroot/Application/Common/Common/common.php 第 2339 行.
NOTIC: [2] Invalid argument supplied for foreach() /data/www/pc.zhongguoshebaodaili.cn/wwwroot/Application/Common/Common/common.php 第 2339 行.
NOTIC: [8] Use of undefined constant TPSHOP_CACHE_TIME - assumed 'TPSHOP_CACHE_TIME' /data/www/pc.zhongguoshebaodaili.cn/wwwroot/Application/Home/Controller/BaseController.class.php 第 50 行.
INFO: [ view_begin ] --START--
INFO: Run Home\Behaviors\testBehavior [ RunTime:0.000059s ]
INFO: [ view_begin ] --END-- [ RunTime:0.000087s ]
INFO: [ view_parse ] --START--
INFO: [ template_filter ] --START--
INFO: Run Behavior\ContentReplaceBehavior [ RunTime:0.000028s ]
INFO: [ template_filter ] --END-- [ RunTime:0.000057s ]
INFO: Run Behavior\ParseTemplateBehavior [ RunTime:0.001380s ]
INFO: [ view_parse ] --END-- [ RunTime:0.001409s ]
INFO: [ view_filter ] --START--
INFO: Run Behavior\WriteHtmlCacheBehavior [ RunTime:0.000032s ]
INFO: Run Behavior\TokenBuildBehavior [ RunTime:0.000066s ]
INFO: [ view_filter ] --END-- [ RunTime:0.000137s ]

[ 2018-03-29T14:33:09+08:00 ] 42.120.161.79 /index.php/Home/Checklogin/login.html
INFO: [ app_init ] --START--
INFO: Run Behavior\BuildLiteBehavior [ RunTime:0.000012s ]
INFO: [ app_init ] --END-- [ RunTime:0.000070s ]
NOTIC: [8] Use of undefined constant TPSHOP_CACHE_TIME - assumed 'TPSHOP_CACHE_TIME' /data/www/pc.zhongguoshebaodaili.cn/wwwroot/Application/Home/Conf/config.php 第 18 行.
NOTIC: [8] Use of undefined constant TPSHOP_CACHE_TIME - assumed 'TPSHOP_CACHE_TIME' /data/www/pc.zhongguoshebaodaili.cn/wwwroot/Application/Home/Conf/config.php 第 22 行.
NOTIC: [8] Use of undefined constant TPSHOP_CACHE_TIME - assumed 'TPSHOP_CACHE_TIME' /data/www/pc.zhongguoshebaodaili.cn/wwwroot/Application/Home/Conf/config.php 第 23 行.
NOTIC: [8] Use of undefined constant TPSHOP_CACHE_TIME - assumed 'TPSHOP_CACHE_TIME' /data/www/pc.zhongguoshebaodaili.cn/wwwroot/Application/Home/Conf/config.php 第 24 行.
NOTIC: [8] Use of undefined constant TPSHOP_CACHE_TIME - assumed 'TPSHOP_CACHE_TIME' /data/www/pc.zhongguoshebaodaili.cn/wwwroot/Application/Home/Conf/config.php 第 26 行.
INFO: [ app_begin ] --START--
INFO: Run Behavior\ReadHtmlCacheBehavior [ RunTime:0.000038s ]
INFO: [ app_begin ] --END-- [ RunTime:0.000068s ]
NOTIC: [8] Use of undefined constant TPSHOP_CACHE_TIME - assumed 'TPSHOP_CACHE_TIME' /data/www/pc.zhongguoshebaodaili.cn/wwwroot/Application/Home/Controller/BaseController.class.php 第 39 行.
NOTIC: [8] Undefined variable: arr /data/www/pc.zhongguoshebaodaili.cn/wwwroot/Application/Common/Common/common.php 第 2333 行.
NOTIC: [2] Invalid argument supplied for foreach() /data/www/pc.zhongguoshebaodaili.cn/wwwroot/Application/Common/Common/common.php 第 2333 行.
NOTIC: [8] Undefined variable: tree /data/www/pc.zhongguoshebaodaili.cn/wwwroot/Application/Common/Common/common.php 第 2339 行.
NOTIC: [2] Invalid argument supplied for foreach() /data/www/pc.zhongguoshebaodaili.cn/wwwroot/Application/Common/Common/common.php 第 2339 行.
NOTIC: [8] Use of undefined constant TPSHOP_CACHE_TIME - assumed 'TPSHOP_CACHE_TIME' /data/www/pc.zhongguoshebaodaili.cn/wwwroot/Application/Home/Controller/BaseController.class.php 第 50 行.
NOTIC: [8] Undefined index: account_name /data/www/pc.zhongguoshebaodaili.cn/wwwroot/Application/Home/Controller/CheckloginController.class.php 第 39 行.
NOTIC: [8] Undefined index: user_type /data/www/pc.zhongguoshebaodaili.cn/wwwroot/Application/Home/Controller/CheckloginController.class.php 第 62 行.
INFO: [ view_begin ] --START--
INFO: Run Home\Behaviors\testBehavior [ RunTime:0.000040s ]
INFO: [ view_begin ] --END-- [ RunTime:0.000066s ]
INFO: [ view_parse ] --START--
INFO: [ template_filter ] --START--
INFO: Run Behavior\ContentReplaceBehavior [ RunTime:0.000079s ]
INFO: [ template_filter ] --END-- [ RunTime:0.000110s ]
INFO: Run Behavior\ParseTemplateBehavior [ RunTime:0.006146s ]
INFO: [ view_parse ] --END-- [ RunTime:0.006176s ]
INFO: [ view_filter ] --START--
INFO: Run Behavior\WriteHtmlCacheBehavior [ RunTime:0.000027s ]
INFO: Run Behavior\TokenBuildBehavior [ RunTime:0.000109s ]
INFO: [ view_filter ] --END-- [ RunTime:0.000173s ]
INFO: [ app_end ] --START--
INFO: Run Behavior\ShowPageTraceBehavior [ RunTime:0.000032s ]
INFO: [ app_end ] --END-- [ RunTime:0.000057s ]

[ 2018-03-29T14:52:14+08:00 ] 112.12.126.221 /index.php/Home/Checklogin/login.html
INFO: [ app_init ] --START--
INFO: Run Behavior\BuildLiteBehavior [ RunTime:0.000010s ]
INFO: [ app_init ] --END-- [ RunTime:0.000070s ]
NOTIC: [8] Use of undefined constant TPSHOP_CACHE_TIME - assumed 'TPSHOP_CACHE_TIME' /data/www/pc.zhongguoshebaodaili.cn/wwwroot/Application/Home/Conf/config.php 第 18 行.
NOTIC: [8] Use of undefined constant TPSHOP_CACHE_TIME - assumed 'TPSHOP_CACHE_TIME' /data/www/pc.zhongguoshebaodaili.cn/wwwroot/Application/Home/Conf/config.php 第 22 行.
NOTIC: [8] Use of undefined constant TPSHOP_CACHE_TIME - assumed 'TPSHOP_CACHE_TIME' /data/www/pc.zhongguoshebaodaili.cn/wwwroot/Application/Home/Conf/config.php 第 23 行.
NOTIC: [8] Use of undefined constant TPSHOP_CACHE_TIME - assumed 'TPSHOP_CACHE_TIME' /data/www/pc.zhongguoshebaodaili.cn/wwwroot/Application/Home/Conf/config.php 第 24 行.
NOTIC: [8] Use of undefined constant TPSHOP_CACHE_TIME - assumed 'TPSHOP_CACHE_TIME' /data/www/pc.zhongguoshebaodaili.cn/wwwroot/Application/Home/Conf/config.php 第 26 行.
INFO: [ app_begin ] --START--
INFO: Run Behavior\ReadHtmlCacheBehavior [ RunTime:0.000041s ]
INFO: [ app_begin ] --END-- [ RunTime:0.000068s ]
NOTIC: [8] Use of undefined constant TPSHOP_CACHE_TIME - assumed 'TPSHOP_CACHE_TIME' /data/www/pc.zhongguoshebaodaili.cn/wwwroot/Application/Home/Controller/BaseController.class.php 第 39 行.
NOTIC: [8] Undefined variable: arr /data/www/pc.zhongguoshebaodaili.cn/wwwroot/Application/Common/Common/common.php 第 2333 行.
NOTIC: [2] Invalid argument supplied for foreach() /data/www/pc.zhongguoshebaodaili.cn/wwwroot/Application/Common/Common/common.php 第 2333 行.
NOTIC: [8] Undefined variable: tree /data/www/pc.zhongguoshebaodaili.cn/wwwroot/Application/Common/Common/common.php 第 2339 行.
NOTIC: [2] Invalid argument supplied for foreach() /data/www/pc.zhongguoshebaodaili.cn/wwwroot/Application/Common/Common/common.php 第 2339 行.
NOTIC: [8] Use of undefined constant TPSHOP_CACHE_TIME - assumed 'TPSHOP_CACHE_TIME' /data/www/pc.zhongguoshebaodaili.cn/wwwroot/Application/Home/Controller/BaseController.class.php 第 50 行.
NOTIC: [8] Undefined index: account_name /data/www/pc.zhongguoshebaodaili.cn/wwwroot/Application/Home/Controller/CheckloginController.class.php 第 39 行.
NOTIC: [8] Undefined index: user_type /data/www/pc.zhongguoshebaodaili.cn/wwwroot/Application/Home/Controller/CheckloginController.class.php 第 62 行.
INFO: [ view_begin ] --START--
INFO: Run Home\Behaviors\testBehavior [ RunTime:0.000053s ]
INFO: [ view_begin ] --END-- [ RunTime:0.000080s ]
INFO: [ view_parse ] --START--
INFO: [ template_filter ] --START--
INFO: Run Behavior\ContentReplaceBehavior [ RunTime:0.000079s ]
INFO: [ template_filter ] --END-- [ RunTime:0.000112s ]
INFO: Run Behavior\ParseTemplateBehavior [ RunTime:0.006251s ]
INFO: [ view_parse ] --END-- [ RunTime:0.006294s ]
INFO: [ view_filter ] --START--
INFO: Run Behavior\WriteHtmlCacheBehavior [ RunTime:0.000087s ]
INFO: Run Behavior\TokenBuildBehavior [ RunTime:0.000114s ]
INFO: [ view_filter ] --END-- [ RunTime:0.000239s ]
INFO: [ app_end ] --START--
INFO: Run Behavior\ShowPageTraceBehavior [ RunTime:0.000027s ]
INFO: [ app_end ] --END-- [ RunTime:0.000051s ]

[ 2018-03-29T14:52:15+08:00 ] 112.12.126.221 /index.php/Home/Checklogin/verify.html
INFO: [ app_init ] --START--
INFO: Run Behavior\BuildLiteBehavior [ RunTime:0.000012s ]
INFO: [ app_init ] --END-- [ RunTime:0.000072s ]
NOTIC: [8] Use of undefined constant TPSHOP_CACHE_TIME - assumed 'TPSHOP_CACHE_TIME' /data/www/pc.zhongguoshebaodaili.cn/wwwroot/Application/Home/Conf/config.php 第 18 行.
NOTIC: [8] Use of undefined constant TPSHOP_CACHE_TIME - assumed 'TPSHOP_CACHE_TIME' /data/www/pc.zhongguoshebaodaili.cn/wwwroot/Application/Home/Conf/config.php 第 22 行.
NOTIC: [8] Use of undefined constant TPSHOP_CACHE_TIME - assumed 'TPSHOP_CACHE_TIME' /data/www/pc.zhongguoshebaodaili.cn/wwwroot/Application/Home/Conf/config.php 第 23 行.
NOTIC: [8] Use of undefined constant TPSHOP_CACHE_TIME - assumed 'TPSHOP_CACHE_TIME' /data/www/pc.zhongguoshebaodaili.cn/wwwroot/Application/Home/Conf/config.php 第 24 行.
NOTIC: [8] Use of undefined constant TPSHOP_CACHE_TIME - assumed 'TPSHOP_CACHE_TIME' /data/www/pc.zhongguoshebaodaili.cn/wwwroot/Application/Home/Conf/config.php 第 26 行.
INFO: [ app_begin ] --START--
INFO: Run Behavior\ReadHtmlCacheBehavior [ RunTime:0.000043s ]
INFO: [ app_begin ] --END-- [ RunTime:0.000077s ]
NOTIC: [8] Use of undefined constant TPSHOP_CACHE_TIME - assumed 'TPSHOP_CACHE_TIME' /data/www/pc.zhongguoshebaodaili.cn/wwwroot/Application/Home/Controller/BaseController.class.php 第 39 行.
NOTIC: [8] Undefined variable: arr /data/www/pc.zhongguoshebaodaili.cn/wwwroot/Application/Common/Common/common.php 第 2333 行.
NOTIC: [2] Invalid argument supplied for foreach() /data/www/pc.zhongguoshebaodaili.cn/wwwroot/Application/Common/Common/common.php 第 2333 行.
NOTIC: [8] Undefined variable: tree /data/www/pc.zhongguoshebaodaili.cn/wwwroot/Application/Common/Common/common.php 第 2339 行.
NOTIC: [2] Invalid argument supplied for foreach() /data/www/pc.zhongguoshebaodaili.cn/wwwroot/Application/Common/Common/common.php 第 2339 行.
NOTIC: [8] Use of undefined constant TPSHOP_CACHE_TIME - assumed 'TPSHOP_CACHE_TIME' /data/www/pc.zhongguoshebaodaili.cn/wwwroot/Application/Home/Controller/BaseController.class.php 第 50 行.
NOTIC: [8] Undefined index: account_name /data/www/pc.zhongguoshebaodaili.cn/wwwroot/Application/Home/Controller/CheckloginController.class.php 第 39 行.
NOTIC: [8] Undefined index: user_type /data/www/pc.zhongguoshebaodaili.cn/wwwroot/Application/Home/Controller/CheckloginController.class.php 第 62 行.
INFO: [ app_end ] --START--
INFO: Run Behavior\ShowPageTraceBehavior [ RunTime:0.000030s ]
INFO: [ app_end ] --END-- [ RunTime:0.000063s ]

[ 2018-03-29T17:11:14+08:00 ] 123.125.71.15 /
INFO: [ app_init ] --START--
INFO: Run Behavior\BuildLiteBehavior [ RunTime:0.000011s ]
INFO: [ app_init ] --END-- [ RunTime:0.000078s ]
NOTIC: [8] Use of undefined constant TPSHOP_CACHE_TIME - assumed 'TPSHOP_CACHE_TIME' /data/www/pc.zhongguoshebaodaili.cn/wwwroot/Application/Home/Conf/config.php 第 18 行.
NOTIC: [8] Use of undefined constant TPSHOP_CACHE_TIME - assumed 'TPSHOP_CACHE_TIME' /data/www/pc.zhongguoshebaodaili.cn/wwwroot/Application/Home/Conf/config.php 第 22 行.
NOTIC: [8] Use of undefined constant TPSHOP_CACHE_TIME - assumed 'TPSHOP_CACHE_TIME' /data/www/pc.zhongguoshebaodaili.cn/wwwroot/Application/Home/Conf/config.php 第 23 行.
NOTIC: [8] Use of undefined constant TPSHOP_CACHE_TIME - assumed 'TPSHOP_CACHE_TIME' /data/www/pc.zhongguoshebaodaili.cn/wwwroot/Application/Home/Conf/config.php 第 24 行.
NOTIC: [8] Use of undefined constant TPSHOP_CACHE_TIME - assumed 'TPSHOP_CACHE_TIME' /data/www/pc.zhongguoshebaodaili.cn/wwwroot/Application/Home/Conf/config.php 第 26 行.
INFO: [ app_begin ] --START--
INFO: Run Behavior\ReadHtmlCacheBehavior [ RunTime:0.000049s ]
INFO: [ app_begin ] --END-- [ RunTime:0.000082s ]
NOTIC: [8] Use of undefined constant TPSHOP_CACHE_TIME - assumed 'TPSHOP_CACHE_TIME' /data/www/pc.zhongguoshebaodaili.cn/wwwroot/Application/Home/Controller/BaseController.class.php 第 39 行.
NOTIC: [8] Undefined variable: arr /data/www/pc.zhongguoshebaodaili.cn/wwwroot/Application/Common/Common/common.php 第 2333 行.
NOTIC: [2] Invalid argument supplied for foreach() /data/www/pc.zhongguoshebaodaili.cn/wwwroot/Application/Common/Common/common.php 第 2333 行.
NOTIC: [8] Undefined variable: tree /data/www/pc.zhongguoshebaodaili.cn/wwwroot/Application/Common/Common/common.php 第 2339 行.
NOTIC: [2] Invalid argument supplied for foreach() /data/www/pc.zhongguoshebaodaili.cn/wwwroot/Application/Common/Common/common.php 第 2339 行.
NOTIC: [8] Use of undefined constant TPSHOP_CACHE_TIME - assumed 'TPSHOP_CACHE_TIME' /data/www/pc.zhongguoshebaodaili.cn/wwwroot/Application/Home/Controller/BaseController.class.php 第 50 行.
NOTIC: [8] Undefined index: account_name /data/www/pc.zhongguoshebaodaili.cn/wwwroot/Application/Home/Controller/CheckloginController.class.php 第 39 行.
NOTIC: [8] Undefined index: user_type /data/www/pc.zhongguoshebaodaili.cn/wwwroot/Application/Home/Controller/CheckloginController.class.php 第 62 行.
INFO: [ view_begin ] --START--
INFO: Run Home\Behaviors\testBehavior [ RunTime:0.000054s ]
INFO: [ view_begin ] --END-- [ RunTime:0.000079s ]
INFO: [ view_parse ] --START--
INFO: [ template_filter ] --START--
INFO: Run Behavior\ContentReplaceBehavior [ RunTime:0.000077s ]
INFO: [ template_filter ] --END-- [ RunTime:0.000109s ]
INFO: Run Behavior\ParseTemplateBehavior [ RunTime:0.006304s ]
INFO: [ view_parse ] --END-- [ RunTime:0.006335s ]
INFO: [ view_filter ] --START--
INFO: Run Behavior\WriteHtmlCacheBehavior [ RunTime:0.000034s ]
INFO: Run Behavior\TokenBuildBehavior [ RunTime:0.000109s ]
INFO: [ view_filter ] --END-- [ RunTime:0.000178s ]
INFO: [ app_end ] --START--
INFO: Run Behavior\ShowPageTraceBehavior [ RunTime:0.000027s ]
INFO: [ app_end ] --END-- [ RunTime:0.000050s ]

[ 2018-03-29T20:10:11+08:00 ] 106.11.242.45 /
INFO: [ app_init ] --START--
INFO: Run Behavior\BuildLiteBehavior [ RunTime:0.000011s ]
INFO: [ app_init ] --END-- [ RunTime:0.000081s ]
NOTIC: [8] Use of undefined constant TPSHOP_CACHE_TIME - assumed 'TPSHOP_CACHE_TIME' /data/www/pc.zhongguoshebaodaili.cn/wwwroot/Application/Home/Conf/config.php 第 18 行.
NOTIC: [8] Use of undefined constant TPSHOP_CACHE_TIME - assumed 'TPSHOP_CACHE_TIME' /data/www/pc.zhongguoshebaodaili.cn/wwwroot/Application/Home/Conf/config.php 第 22 行.
NOTIC: [8] Use of undefined constant TPSHOP_CACHE_TIME - assumed 'TPSHOP_CACHE_TIME' /data/www/pc.zhongguoshebaodaili.cn/wwwroot/Application/Home/Conf/config.php 第 23 行.
NOTIC: [8] Use of undefined constant TPSHOP_CACHE_TIME - assumed 'TPSHOP_CACHE_TIME' /data/www/pc.zhongguoshebaodaili.cn/wwwroot/Application/Home/Conf/config.php 第 24 行.
NOTIC: [8] Use of undefined constant TPSHOP_CACHE_TIME - assumed 'TPSHOP_CACHE_TIME' /data/www/pc.zhongguoshebaodaili.cn/wwwroot/Application/Home/Conf/config.php 第 26 行.
INFO: [ app_begin ] --START--
INFO: Run Behavior\ReadHtmlCacheBehavior [ RunTime:0.000045s ]
INFO: [ app_begin ] --END-- [ RunTime:0.000092s ]
NOTIC: [8] Use of undefined constant TPSHOP_CACHE_TIME - assumed 'TPSHOP_CACHE_TIME' /data/www/pc.zhongguoshebaodaili.cn/wwwroot/Application/Home/Controller/BaseController.class.php 第 39 行.
NOTIC: [8] Undefined variable: arr /data/www/pc.zhongguoshebaodaili.cn/wwwroot/Application/Common/Common/common.php 第 2333 行.
NOTIC: [2] Invalid argument supplied for foreach() /data/www/pc.zhongguoshebaodaili.cn/wwwroot/Application/Common/Common/common.php 第 2333 行.
NOTIC: [8] Undefined variable: tree /data/www/pc.zhongguoshebaodaili.cn/wwwroot/Application/Common/Common/common.php 第 2339 行.
NOTIC: [2] Invalid argument supplied for foreach() /data/www/pc.zhongguoshebaodaili.cn/wwwroot/Application/Common/Common/common.php 第 2339 行.
NOTIC: [8] Use of undefined constant TPSHOP_CACHE_TIME - assumed 'TPSHOP_CACHE_TIME' /data/www/pc.zhongguoshebaodaili.cn/wwwroot/Application/Home/Controller/BaseController.class.php 第 50 行.
NOTIC: [8] Undefined index: account_name /data/www/pc.zhongguoshebaodaili.cn/wwwroot/Application/Home/Controller/CheckloginController.class.php 第 39 行.
NOTIC: [8] Undefined index: user_type /data/www/pc.zhongguoshebaodaili.cn/wwwroot/Application/Home/Controller/CheckloginController.class.php 第 62 行.
INFO: [ view_begin ] --START--
INFO: Run Home\Behaviors\testBehavior [ RunTime:0.000064s ]
INFO: [ view_begin ] --END-- [ RunTime:0.000096s ]
INFO: [ view_parse ] --START--
INFO: [ template_filter ] --START--
INFO: Run Behavior\ContentReplaceBehavior [ RunTime:0.000088s ]
INFO: [ template_filter ] --END-- [ RunTime:0.000125s ]
INFO: Run Behavior\ParseTemplateBehavior [ RunTime:0.007246s ]
INFO: [ view_parse ] --END-- [ RunTime:0.007280s ]
INFO: [ view_filter ] --START--
INFO: Run Behavior\WriteHtmlCacheBehavior [ RunTime:0.000037s ]
INFO: Run Behavior\TokenBuildBehavior [ RunTime:0.000116s ]
INFO: [ view_filter ] --END-- [ RunTime:0.000190s ]
INFO: [ app_end ] --START--
INFO: Run Behavior\ShowPageTraceBehavior [ RunTime:0.000029s ]
INFO: [ app_end ] --END-- [ RunTime:0.000054s ]

[ 2018-03-29T21:42:57+08:00 ] 180.97.35.218 /index.php/Home/Mobile/shebao_bujiao.html
INFO: [ app_init ] --START--
INFO: Run Behavior\BuildLiteBehavior [ RunTime:0.000012s ]
INFO: [ app_init ] --END-- [ RunTime:0.000079s ]
NOTIC: [8] Use of undefined constant TPSHOP_CACHE_TIME - assumed 'TPSHOP_CACHE_TIME' /data/www/pc.zhongguoshebaodaili.cn/wwwroot/Application/Home/Conf/config.php 第 18 行.
NOTIC: [8] Use of undefined constant TPSHOP_CACHE_TIME - assumed 'TPSHOP_CACHE_TIME' /data/www/pc.zhongguoshebaodaili.cn/wwwroot/Application/Home/Conf/config.php 第 22 行.
NOTIC: [8] Use of undefined constant TPSHOP_CACHE_TIME - assumed 'TPSHOP_CACHE_TIME' /data/www/pc.zhongguoshebaodaili.cn/wwwroot/Application/Home/Conf/config.php 第 23 行.
NOTIC: [8] Use of undefined constant TPSHOP_CACHE_TIME - assumed 'TPSHOP_CACHE_TIME' /data/www/pc.zhongguoshebaodaili.cn/wwwroot/Application/Home/Conf/config.php 第 24 行.
NOTIC: [8] Use of undefined constant TPSHOP_CACHE_TIME - assumed 'TPSHOP_CACHE_TIME' /data/www/pc.zhongguoshebaodaili.cn/wwwroot/Application/Home/Conf/config.php 第 26 行.
INFO: [ app_begin ] --START--
INFO: Run Behavior\ReadHtmlCacheBehavior [ RunTime:0.000049s ]
INFO: [ app_begin ] --END-- [ RunTime:0.000082s ]
NOTIC: [8] Use of undefined constant TPSHOP_CACHE_TIME - assumed 'TPSHOP_CACHE_TIME' /data/www/pc.zhongguoshebaodaili.cn/wwwroot/Application/Home/Controller/BaseController.class.php 第 39 行.
NOTIC: [8] Undefined variable: arr /data/www/pc.zhongguoshebaodaili.cn/wwwroot/Application/Common/Common/common.php 第 2333 行.
NOTIC: [2] Invalid argument supplied for foreach() /data/www/pc.zhongguoshebaodaili.cn/wwwroot/Application/Common/Common/common.php 第 2333 行.
NOTIC: [8] Undefined variable: tree /data/www/pc.zhongguoshebaodaili.cn/wwwroot/Application/Common/Common/common.php 第 2339 行.
NOTIC: [2] Invalid argument supplied for foreach() /data/www/pc.zhongguoshebaodaili.cn/wwwroot/Application/Common/Common/common.php 第 2339 行.
NOTIC: [8] Use of undefined constant TPSHOP_CACHE_TIME - assumed 'TPSHOP_CACHE_TIME' /data/www/pc.zhongguoshebaodaili.cn/wwwroot/Application/Home/Controller/BaseController.class.php 第 50 行.
INFO: [ view_begin ] --START--
INFO: Run Home\Behaviors\testBehavior [ RunTime:0.000059s ]
INFO: [ view_begin ] --END-- [ RunTime:0.000088s ]
INFO: [ view_parse ] --START--
INFO: [ template_filter ] --START--
INFO: Run Behavior\ContentReplaceBehavior [ RunTime:0.000032s ]
INFO: [ template_filter ] --END-- [ RunTime:0.000102s ]
INFO: Run Behavior\ParseTemplateBehavior [ RunTime:0.001527s ]
INFO: [ view_parse ] --END-- [ RunTime:0.001557s ]
INFO: [ view_filter ] --START--
INFO: Run Behavior\WriteHtmlCacheBehavior [ RunTime:0.000034s ]
INFO: Run Behavior\TokenBuildBehavior [ RunTime:0.000056s ]
INFO: [ view_filter ] --END-- [ RunTime:0.000126s ]

[ 2018-03-29T22:19:02+08:00 ] 223.20.154.137 /
INFO: [ app_init ] --START--
INFO: Run Behavior\BuildLiteBehavior [ RunTime:0.000013s ]
INFO: [ app_init ] --END-- [ RunTime:0.000092s ]
NOTIC: [8] Use of undefined constant TPSHOP_CACHE_TIME - assumed 'TPSHOP_CACHE_TIME' /data/www/pc.zhongguoshebaodaili.cn/wwwroot/Application/Home/Conf/config.php 第 18 行.
NOTIC: [8] Use of undefined constant TPSHOP_CACHE_TIME - assumed 'TPSHOP_CACHE_TIME' /data/www/pc.zhongguoshebaodaili.cn/wwwroot/Application/Home/Conf/config.php 第 22 行.
NOTIC: [8] Use of undefined constant TPSHOP_CACHE_TIME - assumed 'TPSHOP_CACHE_TIME' /data/www/pc.zhongguoshebaodaili.cn/wwwroot/Application/Home/Conf/config.php 第 23 行.
NOTIC: [8] Use of undefined constant TPSHOP_CACHE_TIME - assumed 'TPSHOP_CACHE_TIME' /data/www/pc.zhongguoshebaodaili.cn/wwwroot/Application/Home/Conf/config.php 第 24 行.
NOTIC: [8] Use of undefined constant TPSHOP_CACHE_TIME - assumed 'TPSHOP_CACHE_TIME' /data/www/pc.zhongguoshebaodaili.cn/wwwroot/Application/Home/Conf/config.php 第 26 行.
INFO: [ app_begin ] --START--
INFO: Run Behavior\ReadHtmlCacheBehavior [ RunTime:0.000043s ]
INFO: [ app_begin ] --END-- [ RunTime:0.000105s ]
NOTIC: [8] Use of undefined constant TPSHOP_CACHE_TIME - assumed 'TPSHOP_CACHE_TIME' /data/www/pc.zhongguoshebaodaili.cn/wwwroot/Application/Home/Controller/BaseController.class.php 第 39 行.
NOTIC: [8] Undefined variable: arr /data/www/pc.zhongguoshebaodaili.cn/wwwroot/Application/Common/Common/common.php 第 2333 行.
NOTIC: [2] Invalid argument supplied for foreach() /data/www/pc.zhongguoshebaodaili.cn/wwwroot/Application/Common/Common/common.php 第 2333 行.
NOTIC: [8] Undefined variable: tree /data/www/pc.zhongguoshebaodaili.cn/wwwroot/Application/Common/Common/common.php 第 2339 行.
NOTIC: [2] Invalid argument supplied for foreach() /data/www/pc.zhongguoshebaodaili.cn/wwwroot/Application/Common/Common/common.php 第 2339 行.
NOTIC: [8] Use of undefined constant TPSHOP_CACHE_TIME - assumed 'TPSHOP_CACHE_TIME' /data/www/pc.zhongguoshebaodaili.cn/wwwroot/Application/Home/Controller/BaseController.class.php 第 50 行.
NOTIC: [8] Undefined index: account_name /data/www/pc.zhongguoshebaodaili.cn/wwwroot/Application/Home/Controller/CheckloginController.class.php 第 39 行.
NOTIC: [8] Undefined index: user_type /data/www/pc.zhongguoshebaodaili.cn/wwwroot/Application/Home/Controller/CheckloginController.class.php 第 62 行.
INFO: [ view_begin ] --START--
INFO: Run Home\Behaviors\testBehavior [ RunTime:0.000058s ]
INFO: [ view_begin ] --END-- [ RunTime:0.000097s ]
INFO: [ view_parse ] --START--
INFO: [ template_filter ] --START--
INFO: Run Behavior\ContentReplaceBehavior [ RunTime:0.000078s ]
INFO: [ template_filter ] --END-- [ RunTime:0.000114s ]
INFO: Run Behavior\ParseTemplateBehavior [ RunTime:0.006282s ]
INFO: [ view_parse ] --END-- [ RunTime:0.006314s ]
INFO: [ view_filter ] --START--
INFO: Run Behavior\WriteHtmlCacheBehavior [ RunTime:0.000038s ]
INFO: Run Behavior\TokenBuildBehavior [ RunTime:0.000113s ]
INFO: [ view_filter ] --END-- [ RunTime:0.000194s ]
INFO: [ app_end ] --START--
INFO: Run Behavior\ShowPageTraceBehavior [ RunTime:0.000029s ]
INFO: [ app_end ] --END-- [ RunTime:0.000052s ]

