[ 2018-02-03T00:10:36+08:00 ] 127.0.0.1 /favicon.ico
INFO: [ app_init ] --START--
INFO: Run Behavior\BuildLiteBehavior [ RunTime:0.000000s ]
INFO: [ app_init ] --END-- [ RunTime:0.000000s ]
ERR: 无法加载模块:Favicon

[ 2018-02-03T15:37:27+08:00 ] 106.11.224.77 /index.php?m=member&c=index&a=register&siteid=1
INFO: [ app_init ] --START--
INFO: Run Behavior\BuildLiteBehavior [ RunTime:0.000011s ]
INFO: [ app_init ] --END-- [ RunTime:0.000073s ]
ERR: 无法加载模块:Member

[ 2018-02-03T15:37:29+08:00 ] 106.11.224.150 /index.php?m=wap&a=index&siteid=1
INFO: [ app_init ] --START--
INFO: Run Behavior\BuildLiteBehavior [ RunTime:0.000012s ]
INFO: [ app_init ] --END-- [ RunTime:0.000071s ]
ERR: 无法加载模块:Wap

[ 2018-02-03T23:37:35+08:00 ] 116.62.209.27 /index.php/explicit_not_exist_path
INFO: [ app_init ] --START--
INFO: Run Behavior\BuildLiteBehavior [ RunTime:0.000010s ]
INFO: [ app_init ] --END-- [ RunTime:0.000061s ]
ERR: 无法加载模块:Explicit_not_exist_path

