[ 2018-02-02T22:13:39+08:00 ] 127.0.0.1 /favicon.ico
INFO: [ app_init ] --START--
INFO: Run Behavior\BuildLiteBehavior [ RunTime:0.000000s ]
INFO: [ app_init ] --END-- [ RunTime:0.001000s ]
ERR: 无法加载模块:Favicon

[ 2018-02-02T22:40:45+08:00 ] 127.0.0.1 /Template/pc/default/Static/js/mobile_center_js/jquery2.14.min.js
INFO: [ app_init ] --START--
INFO: Run Behavior\BuildLiteBehavior [ RunTime:0.000000s ]
INFO: [ app_init ] --END-- [ RunTime:0.001000s ]
ERR: 无法加载模块:Template

[ 2018-02-02T22:40:48+08:00 ] 127.0.0.1 /Template/pc/default/Static/js/mobile_center_js/jquery2.14.min.js
INFO: [ app_init ] --START--
INFO: Run Behavior\BuildLiteBehavior [ RunTime:0.000000s ]
INFO: [ app_init ] --END-- [ RunTime:0.001000s ]
ERR: 无法加载模块:Template

[ 2018-02-02T22:40:48+08:00 ] 127.0.0.1 /Template/pc/default/Static/js/mobile_center_js/jquery2.14.min.js
INFO: [ app_init ] --START--
INFO: Run Behavior\BuildLiteBehavior [ RunTime:0.000000s ]
INFO: [ app_init ] --END-- [ RunTime:0.000000s ]
ERR: 无法加载模块:Template

[ 2018-02-02T22:49:33+08:00 ] 127.0.0.1 /Template/pc/default/Static/css/mobile_css/bootstrap.min.css.map
INFO: [ app_init ] --START--
INFO: Run Behavior\BuildLiteBehavior [ RunTime:0.000000s ]
INFO: [ app_init ] --END-- [ RunTime:0.001000s ]
ERR: 无法加载模块:Template

[ 2018-02-02T22:51:04+08:00 ] 127.0.0.1 /Template/pc/default/Static/css/mobile_css/bootstrap.min.css.map
INFO: [ app_init ] --START--
INFO: Run Behavior\BuildLiteBehavior [ RunTime:0.000000s ]
INFO: [ app_init ] --END-- [ RunTime:0.000000s ]
ERR: 无法加载模块:Template

[ 2018-02-02T22:51:18+08:00 ] 127.0.0.1 /Template/pc/default/Static/css/mobile_css/bootstrap.min.css.map
INFO: [ app_init ] --START--
INFO: Run Behavior\BuildLiteBehavior [ RunTime:0.000000s ]
INFO: [ app_init ] --END-- [ RunTime:0.001000s ]
ERR: 无法加载模块:Template

[ 2018-02-02T22:53:34+08:00 ] 127.0.0.1 /Template/pc/default/Static/css/mobile_css/bootstrap.min.css.map
INFO: [ app_init ] --START--
INFO: Run Behavior\BuildLiteBehavior [ RunTime:0.000000s ]
INFO: [ app_init ] --END-- [ RunTime:0.000000s ]
ERR: 无法加载模块:Template

[ 2018-02-02T22:59:37+08:00 ] 127.0.0.1 /Template/pc/default/Static/css/mobile_css/bootstrap.min.css.map
INFO: [ app_init ] --START--
INFO: Run Behavior\BuildLiteBehavior [ RunTime:0.000000s ]
INFO: [ app_init ] --END-- [ RunTime:0.001000s ]
ERR: 无法加载模块:Template

[ 2018-02-02T23:00:06+08:00 ] 127.0.0.1 /Template/pc/default/Static/css/mobile_css/bootstrap.min.css.map
INFO: [ app_init ] --START--
INFO: Run Behavior\BuildLiteBehavior [ RunTime:0.000000s ]
INFO: [ app_init ] --END-- [ RunTime:0.003000s ]
ERR: 无法加载模块:Template

[ 2018-02-02T23:05:33+08:00 ] 127.0.0.1 /Template/pc/default/Static/css/mobile_css/bootstrap.min.css.map
INFO: [ app_init ] --START--
INFO: Run Behavior\BuildLiteBehavior [ RunTime:0.000000s ]
INFO: [ app_init ] --END-- [ RunTime:0.001000s ]
ERR: 无法加载模块:Template

[ 2018-02-02T23:08:17+08:00 ] 127.0.0.1 /Template/pc/default/Static/css/mobile_css/bootstrap.min.css.map
INFO: [ app_init ] --START--
INFO: Run Behavior\BuildLiteBehavior [ RunTime:0.000000s ]
INFO: [ app_init ] --END-- [ RunTime:0.001001s ]
ERR: 无法加载模块:Template

[ 2018-02-02T23:08:33+08:00 ] 127.0.0.1 /Template/pc/default/Static/css/mobile_css/bootstrap.min.css.map
INFO: [ app_init ] --START--
INFO: Run Behavior\BuildLiteBehavior [ RunTime:0.000000s ]
INFO: [ app_init ] --END-- [ RunTime:0.001000s ]
ERR: 无法加载模块:Template

[ 2018-02-02T23:09:14+08:00 ] 127.0.0.1 /Template/pc/default/Static/css/mobile_css/bootstrap.min.css.map
INFO: [ app_init ] --START--
INFO: Run Behavior\BuildLiteBehavior [ RunTime:0.000000s ]
INFO: [ app_init ] --END-- [ RunTime:0.001000s ]
ERR: 无法加载模块:Template

[ 2018-02-02T23:09:28+08:00 ] 127.0.0.1 /Template/pc/default/Static/css/mobile_css/bootstrap.min.css.map
INFO: [ app_init ] --START--
INFO: Run Behavior\BuildLiteBehavior [ RunTime:0.000000s ]
INFO: [ app_init ] --END-- [ RunTime:0.002000s ]
ERR: 无法加载模块:Template

[ 2018-02-02T23:09:37+08:00 ] 127.0.0.1 /Template/pc/default/Static/js/mobile_center_js/jquery2.14.min.js
INFO: [ app_init ] --START--
INFO: Run Behavior\BuildLiteBehavior [ RunTime:0.000000s ]
INFO: [ app_init ] --END-- [ RunTime:0.002000s ]
ERR: 无法加载模块:Template

[ 2018-02-02T23:23:39+08:00 ] 127.0.0.1 /favicon.ico
INFO: [ app_init ] --START--
INFO: Run Behavior\BuildLiteBehavior [ RunTime:0.000000s ]
INFO: [ app_init ] --END-- [ RunTime:0.001000s ]
ERR: 无法加载模块:Favicon

[ 2018-02-02T23:24:12+08:00 ] 127.0.0.1 /Template/pc/default/Static/css/mobile_css/bootstrap.min.css.map
INFO: [ app_init ] --START--
INFO: Run Behavior\BuildLiteBehavior [ RunTime:0.000000s ]
INFO: [ app_init ] --END-- [ RunTime:0.001000s ]
ERR: 无法加载模块:Template

[ 2018-02-02T23:26:04+08:00 ] 127.0.0.1 /favicon.ico
INFO: [ app_init ] --START--
INFO: Run Behavior\BuildLiteBehavior [ RunTime:0.000000s ]
INFO: [ app_init ] --END-- [ RunTime:0.001000s ]
ERR: 无法加载模块:Favicon

[ 2018-02-02T23:27:36+08:00 ] 127.0.0.1 /Template/pc/default/Static/css/mobile_css/bootstrap.min.css.map
INFO: [ app_init ] --START--
INFO: Run Behavior\BuildLiteBehavior [ RunTime:0.001000s ]
INFO: [ app_init ] --END-- [ RunTime:0.001000s ]
ERR: 无法加载模块:Template

[ 2018-02-02T23:29:12+08:00 ] 127.0.0.1 /Template/pc/default/Static/css/mobile_css/bootstrap.min.css.map
INFO: [ app_init ] --START--
INFO: Run Behavior\BuildLiteBehavior [ RunTime:0.000000s ]
INFO: [ app_init ] --END-- [ RunTime:0.001001s ]
ERR: 无法加载模块:Template

[ 2018-02-02T23:29:19+08:00 ] 127.0.0.1 /Template/pc/default/Static/js/mobile_center_js/jquery2.14.min.js
INFO: [ app_init ] --START--
INFO: Run Behavior\BuildLiteBehavior [ RunTime:0.000000s ]
INFO: [ app_init ] --END-- [ RunTime:0.001000s ]
ERR: 无法加载模块:Template

[ 2018-02-02T23:32:03+08:00 ] 127.0.0.1 /Template/pc/default/Static/css/mobile_css/bootstrap.min.css.map
INFO: [ app_init ] --START--
INFO: Run Behavior\BuildLiteBehavior [ RunTime:0.000000s ]
INFO: [ app_init ] --END-- [ RunTime:0.000000s ]
ERR: 无法加载模块:Template

[ 2018-02-02T23:32:12+08:00 ] 127.0.0.1 /Template/pc/default/Static/css/mobile_css/bootstrap.min.css.map
INFO: [ app_init ] --START--
INFO: Run Behavior\BuildLiteBehavior [ RunTime:0.000000s ]
INFO: [ app_init ] --END-- [ RunTime:0.003000s ]
ERR: 无法加载模块:Template

[ 2018-02-02T23:32:18+08:00 ] 127.0.0.1 /Template/pc/default/Static/js/mobile_center_js/jquery2.14.min.js
INFO: [ app_init ] --START--
INFO: Run Behavior\BuildLiteBehavior [ RunTime:0.000000s ]
INFO: [ app_init ] --END-- [ RunTime:0.001000s ]
ERR: 无法加载模块:Template

[ 2018-02-02T23:43:23+08:00 ] 127.0.0.1 /Template/pc/default/Static/js/mobile_center_js/jquery2.14.min.js
INFO: [ app_init ] --START--
INFO: Run Behavior\BuildLiteBehavior [ RunTime:0.000000s ]
INFO: [ app_init ] --END-- [ RunTime:0.002001s ]
ERR: 无法加载模块:Template

[ 2018-02-02T23:43:23+08:00 ] 127.0.0.1 /Template/pc/default/Static/js/mobile_center_js/jquery2.14.min.js
INFO: [ app_init ] --START--
INFO: Run Behavior\BuildLiteBehavior [ RunTime:0.000000s ]
INFO: [ app_init ] --END-- [ RunTime:0.001000s ]
ERR: 无法加载模块:Template

[ 2018-02-02T23:43:27+08:00 ] 127.0.0.1 /Template/pc/default/Static/css/mobile_css/bootstrap.min.css.map
INFO: [ app_init ] --START--
INFO: Run Behavior\BuildLiteBehavior [ RunTime:0.000000s ]
INFO: [ app_init ] --END-- [ RunTime:0.001000s ]
ERR: 无法加载模块:Template

[ 2018-02-02T23:43:46+08:00 ] 127.0.0.1 /Template/pc/default/Static/css/mobile_css/bootstrap.min.css.map
INFO: [ app_init ] --START--
INFO: Run Behavior\BuildLiteBehavior [ RunTime:0.000000s ]
INFO: [ app_init ] --END-- [ RunTime:0.002000s ]
ERR: 无法加载模块:Template

[ 2018-02-02T23:43:56+08:00 ] 127.0.0.1 /Template/pc/default/Static/js/mobile_center_js/jquery2.14.min.js
INFO: [ app_init ] --START--
INFO: Run Behavior\BuildLiteBehavior [ RunTime:0.001000s ]
INFO: [ app_init ] --END-- [ RunTime:0.001000s ]
ERR: 无法加载模块:Template

[ 2018-02-02T23:43:58+08:00 ] 127.0.0.1 /Template/pc/default/Static/css/mobile_css/bootstrap.min.css.map
INFO: [ app_init ] --START--
INFO: Run Behavior\BuildLiteBehavior [ RunTime:0.000000s ]
INFO: [ app_init ] --END-- [ RunTime:0.001000s ]
ERR: 无法加载模块:Template

