[ 2018-01-30T21:20:18+08:00 ] 127.0.0.1 /favicon.ico
INFO: [ app_init ] --START--
INFO: Run Behavior\BuildLiteBehavior [ RunTime:0.000000s ]
INFO: [ app_init ] --END-- [ RunTime:0.001000s ]
ERR: 无法加载模块:Favicon

[ 2018-01-30T22:03:29+08:00 ] 127.0.0.1 /favicon.ico
INFO: [ app_init ] --START--
INFO: Run Behavior\BuildLiteBehavior [ RunTime:0.000000s ]
INFO: [ app_init ] --END-- [ RunTime:0.000000s ]
ERR: 无法加载模块:Favicon

[ 2018-01-30T22:39:31+08:00 ] 127.0.0.1 /Template/pc/default/Static/js/mobile_center_js/jquery2.14.min.js
INFO: [ app_init ] --START--
INFO: Run Behavior\BuildLiteBehavior [ RunTime:0.000000s ]
INFO: [ app_init ] --END-- [ RunTime:0.000000s ]
ERR: 无法加载模块:Template

[ 2018-01-30T22:39:31+08:00 ] 127.0.0.1 /Template/pc/default/Static/js/mobile_center_js/jquery2.14.min.js
INFO: [ app_init ] --START--
INFO: Run Behavior\BuildLiteBehavior [ RunTime:0.000000s ]
INFO: [ app_init ] --END-- [ RunTime:0.000000s ]
ERR: 无法加载模块:Template

[ 2018-01-30T22:39:51+08:00 ] 127.0.0.1 /Template/pc/default/Static/js/mobile_center_js/jquery2.14.min.js
INFO: [ app_init ] --START--
INFO: Run Behavior\BuildLiteBehavior [ RunTime:0.000000s ]
INFO: [ app_init ] --END-- [ RunTime:0.002000s ]
ERR: 无法加载模块:Template

[ 2018-01-30T22:39:51+08:00 ] 127.0.0.1 /Template/pc/default/Static/js/mobile_center_js/jquery2.14.min.js
INFO: [ app_init ] --START--
INFO: Run Behavior\BuildLiteBehavior [ RunTime:0.000000s ]
INFO: [ app_init ] --END-- [ RunTime:0.002000s ]
ERR: 无法加载模块:Template

[ 2018-01-30T22:39:53+08:00 ] 127.0.0.1 /Template/pc/default/Static/js/mobile_center_js/jquery2.14.min.js
INFO: [ app_init ] --START--
INFO: Run Behavior\BuildLiteBehavior [ RunTime:0.000000s ]
INFO: [ app_init ] --END-- [ RunTime:0.000000s ]
ERR: 无法加载模块:Template

[ 2018-01-30T22:39:53+08:00 ] 127.0.0.1 /Template/pc/default/Static/js/mobile_center_js/jquery2.14.min.js
INFO: [ app_init ] --START--
INFO: Run Behavior\BuildLiteBehavior [ RunTime:0.000000s ]
INFO: [ app_init ] --END-- [ RunTime:0.001000s ]
ERR: 无法加载模块:Template

[ 2018-01-30T22:39:55+08:00 ] 127.0.0.1 /Template/pc/default/Static/js/mobile_center_js/jquery2.14.min.js
INFO: [ app_init ] --START--
INFO: Run Behavior\BuildLiteBehavior [ RunTime:0.000000s ]
INFO: [ app_init ] --END-- [ RunTime:0.001000s ]
ERR: 无法加载模块:Template

[ 2018-01-30T22:39:55+08:00 ] 127.0.0.1 /Template/pc/default/Static/js/mobile_center_js/jquery2.14.min.js
INFO: [ app_init ] --START--
INFO: Run Behavior\BuildLiteBehavior [ RunTime:0.000000s ]
INFO: [ app_init ] --END-- [ RunTime:0.002000s ]
ERR: 无法加载模块:Template

[ 2018-01-30T22:39:56+08:00 ] 127.0.0.1 /Template/pc/default/Static/js/mobile_center_js/jquery2.14.min.js
INFO: [ app_init ] --START--
INFO: Run Behavior\BuildLiteBehavior [ RunTime:0.001000s ]
INFO: [ app_init ] --END-- [ RunTime:0.001000s ]
ERR: 无法加载模块:Template

[ 2018-01-30T22:41:10+08:00 ] 127.0.0.1 /Template/pc/default/Static/js/mobile_center_js/jquery2.14.min.js
INFO: [ app_init ] --START--
INFO: Run Behavior\BuildLiteBehavior [ RunTime:0.000000s ]
INFO: [ app_init ] --END-- [ RunTime:0.001000s ]
ERR: 无法加载模块:Template

[ 2018-01-30T22:41:10+08:00 ] 127.0.0.1 /Template/pc/default/Static/js/mobile_center_js/jquery2.14.min.js
INFO: [ app_init ] --START--
INFO: Run Behavior\BuildLiteBehavior [ RunTime:0.000000s ]
INFO: [ app_init ] --END-- [ RunTime:0.001000s ]
ERR: 无法加载模块:Template

[ 2018-01-30T22:41:14+08:00 ] 127.0.0.1 /Template/pc/default/Static/js/mobile_center_js/jquery2.14.min.js
INFO: [ app_init ] --START--
INFO: Run Behavior\BuildLiteBehavior [ RunTime:0.000000s ]
INFO: [ app_init ] --END-- [ RunTime:0.001001s ]
ERR: 无法加载模块:Template

