[ 2018-03-30T23:20:42+08:00 ] 223.20.154.137 /index.php/Admin/Index/index.html
INFO: [ app_init ] --START--
INFO: Run Behavior\BuildLiteBehavior [ RunTime:0.000011s ]
INFO: [ app_init ] --END-- [ RunTime:0.000072s ]
INFO: [ app_begin ] --START--
INFO: Run Behavior\ReadHtmlCacheBehavior [ RunTime:0.000040s ]
INFO: [ app_begin ] --END-- [ RunTime:0.000073s ]
INFO: [ view_begin ] --START--
INFO: Run Home\Behaviors\testBehavior [ RunTime:0.000059s ]
INFO: [ view_begin ] --END-- [ RunTime:0.000089s ]
INFO: [ view_parse ] --START--
INFO: [ template_filter ] --START--
INFO: Run Behavior\ContentReplaceBehavior [ RunTime:0.000027s ]
INFO: [ template_filter ] --END-- [ RunTime:0.000060s ]
INFO: Run Behavior\ParseTemplateBehavior [ RunTime:0.002088s ]
INFO: [ view_parse ] --END-- [ RunTime:0.002123s ]
INFO: [ view_filter ] --START--
INFO: Run Behavior\WriteHtmlCacheBehavior [ RunTime:0.000036s ]
INFO: Run Behavior\TokenBuildBehavior [ RunTime:0.000061s ]
INFO: [ view_filter ] --END-- [ RunTime:0.000135s ]

[ 2018-03-30T23:20:43+08:00 ] 223.20.154.137 /index.php/Admin/Admin/login
INFO: [ app_init ] --START--
INFO: Run Behavior\BuildLiteBehavior [ RunTime:0.000011s ]
INFO: [ app_init ] --END-- [ RunTime:0.000072s ]
INFO: [ app_begin ] --START--
INFO: Run Behavior\ReadHtmlCacheBehavior [ RunTime:0.000031s ]
INFO: [ app_begin ] --END-- [ RunTime:0.000063s ]
NOTIC: [2] file_get_contents(): php_network_getaddresses: getaddrinfo failed: Name or service not known /data/www/pc.zhongguoshebaodaili.cn/wwwroot/Application/Admin/Common/function.php 第 279 行.
NOTIC: [2] file_get_contents(http://service.shop.yiqidongfang.com/index.php?m=Home&amp;c=Index&amp;a=user_push&amp;domain=pc.zhongguoshebaodaili.cn&amp;last_domain=pc.zhongguoshebaodaili.cn&amp;key_num=v1.3.2&amp;install_time=1480844624&amp;cpu=0001&amp;mac=0002&amp;serial_number=20161204054344hMRIXH): failed to open stream: php_network_getaddresses: getaddrinfo failed: Name or service not known /data/www/pc.zhongguoshebaodaili.cn/wwwroot/Application/Admin/Common/function.php 第 279 行.
INFO: [ view_begin ] --START--
INFO: Run Home\Behaviors\testBehavior [ RunTime:0.000044s ]
INFO: [ view_begin ] --END-- [ RunTime:0.000073s ]
INFO: [ view_parse ] --START--
INFO: [ template_filter ] --START--
INFO: Run Behavior\ContentReplaceBehavior [ RunTime:0.000033s ]
INFO: [ template_filter ] --END-- [ RunTime:0.000066s ]
INFO: Run Behavior\ParseTemplateBehavior [ RunTime:0.002197s ]
INFO: [ view_parse ] --END-- [ RunTime:0.002227s ]
INFO: [ view_filter ] --START--
INFO: Run Behavior\WriteHtmlCacheBehavior [ RunTime:0.000053s ]
INFO: Run Behavior\TokenBuildBehavior [ RunTime:0.000091s ]
INFO: [ view_filter ] --END-- [ RunTime:0.000194s ]
INFO: [ app_end ] --START--
INFO: Run Behavior\ShowPageTraceBehavior [ RunTime:0.000040s ]
INFO: [ app_end ] --END-- [ RunTime:0.000064s ]

[ 2018-03-30T23:20:44+08:00 ] 223.20.154.137 /index.php/Admin/Admin/vertify
INFO: [ app_init ] --START--
INFO: Run Behavior\BuildLiteBehavior [ RunTime:0.000012s ]
INFO: [ app_init ] --END-- [ RunTime:0.000071s ]
INFO: [ app_begin ] --START--
INFO: Run Behavior\ReadHtmlCacheBehavior [ RunTime:0.000049s ]
INFO: [ app_begin ] --END-- [ RunTime:0.000083s ]
NOTIC: [2] file_get_contents(): php_network_getaddresses: getaddrinfo failed: Name or service not known /data/www/pc.zhongguoshebaodaili.cn/wwwroot/Application/Admin/Common/function.php 第 279 行.
NOTIC: [2] file_get_contents(http://service.shop.yiqidongfang.com/index.php?m=Home&amp;c=Index&amp;a=user_push&amp;domain=pc.zhongguoshebaodaili.cn&amp;last_domain=pc.zhongguoshebaodaili.cn&amp;key_num=v1.3.2&amp;install_time=1480844624&amp;cpu=0001&amp;mac=0002&amp;serial_number=20161204054344hMRIXH): failed to open stream: php_network_getaddresses: getaddrinfo failed: Name or service not known /data/www/pc.zhongguoshebaodaili.cn/wwwroot/Application/Admin/Common/function.php 第 279 行.
INFO: [ app_end ] --START--
INFO: Run Behavior\ShowPageTraceBehavior [ RunTime:0.000034s ]
INFO: [ app_end ] --END-- [ RunTime:0.000072s ]

