[ 2018-03-15T18:10:56+08:00 ] 222.35.171.244 /index.php/Admin/Admin/login
INFO: [ app_init ] --START--
INFO: Run Behavior\BuildLiteBehavior [ RunTime:0.000012s ]
INFO: [ app_init ] --END-- [ RunTime:0.000079s ]
INFO: [ app_begin ] --START--
INFO: Run Behavior\ReadHtmlCacheBehavior [ RunTime:0.000035s ]
INFO: [ app_begin ] --END-- [ RunTime:0.000069s ]
NOTIC: [2] file_get_contents(): php_network_getaddresses: getaddrinfo failed: Name or service not known /data/www/pc.zhongguoshebaodaili.cn/wwwroot/Application/Admin/Common/function.php 第 279 行.
NOTIC: [2] file_get_contents(http://service.shop.yiqidongfang.com/index.php?m=Home&amp;c=Index&amp;a=user_push&amp;domain=pc.zhongguoshebaodaili.cn&amp;last_domain=pc.zhongguoshebaodaili.cn&amp;key_num=v1.3.2&amp;install_time=1480844624&amp;cpu=0001&amp;mac=0002&amp;serial_number=20161204054344hMRIXH): failed to open stream: php_network_getaddresses: getaddrinfo failed: Name or service not known /data/www/pc.zhongguoshebaodaili.cn/wwwroot/Application/Admin/Common/function.php 第 279 行.
INFO: [ view_begin ] --START--
INFO: Run Home\Behaviors\testBehavior [ RunTime:0.000061s ]
INFO: [ view_begin ] --END-- [ RunTime:0.000089s ]
INFO: [ view_parse ] --START--
INFO: [ template_filter ] --START--
INFO: Run Behavior\ContentReplaceBehavior [ RunTime:0.000029s ]
INFO: [ template_filter ] --END-- [ RunTime:0.000057s ]
INFO: Run Behavior\ParseTemplateBehavior [ RunTime:0.002085s ]
INFO: [ view_parse ] --END-- [ RunTime:0.002113s ]
INFO: [ view_filter ] --START--
INFO: Run Behavior\WriteHtmlCacheBehavior [ RunTime:0.000032s ]
INFO: Run Behavior\TokenBuildBehavior [ RunTime:0.000081s ]
INFO: [ view_filter ] --END-- [ RunTime:0.000149s ]
INFO: [ app_end ] --START--
INFO: Run Behavior\ShowPageTraceBehavior [ RunTime:0.000033s ]
INFO: [ app_end ] --END-- [ RunTime:0.000055s ]

[ 2018-03-15T18:10:56+08:00 ] 222.35.171.244 /index.php/Admin/Admin/vertify
INFO: [ app_init ] --START--
INFO: Run Behavior\BuildLiteBehavior [ RunTime:0.000008s ]
INFO: [ app_init ] --END-- [ RunTime:0.000054s ]
INFO: [ app_begin ] --START--
INFO: Run Behavior\ReadHtmlCacheBehavior [ RunTime:0.000026s ]
INFO: [ app_begin ] --END-- [ RunTime:0.000053s ]
INFO: [ app_end ] --START--
INFO: Run Behavior\ShowPageTraceBehavior [ RunTime:0.000032s ]
INFO: [ app_end ] --END-- [ RunTime:0.000070s ]

[ 2018-03-15T18:11:10+08:00 ] 222.35.171.244 /index.php?m=Admin&c=Admin&a=login&t=0.6809748390238618
INFO: [ app_init ] --START--
INFO: Run Behavior\BuildLiteBehavior [ RunTime:0.000010s ]
INFO: [ app_init ] --END-- [ RunTime:0.000071s ]
INFO: [ app_begin ] --START--
INFO: Run Behavior\ReadHtmlCacheBehavior [ RunTime:0.000029s ]
INFO: [ app_begin ] --END-- [ RunTime:0.000056s ]

[ 2018-03-15T18:11:11+08:00 ] 222.35.171.244 /index.php/Admin/Index/index
INFO: [ app_init ] --START--
INFO: Run Behavior\BuildLiteBehavior [ RunTime:0.000022s ]
INFO: [ app_init ] --END-- [ RunTime:0.000068s ]
INFO: [ app_begin ] --START--
INFO: Run Behavior\ReadHtmlCacheBehavior [ RunTime:0.000025s ]
INFO: [ app_begin ] --END-- [ RunTime:0.000052s ]
NOTIC: [2] file_get_contents(): php_network_getaddresses: getaddrinfo failed: Name or service not known /data/www/pc.zhongguoshebaodaili.cn/wwwroot/Application/Admin/Logic/UpgradeLogic.class.php 第 52 行.
NOTIC: [2] file_get_contents(http://service.shop.yiqidongfang.com/index.php?m=Home&amp;c=Index&amp;a=checkVersion&amp;v=v1.3.2): failed to open stream: php_network_getaddresses: getaddrinfo failed: Name or service not known /data/www/pc.zhongguoshebaodaili.cn/wwwroot/Application/Admin/Logic/UpgradeLogic.class.php 第 52 行.
INFO: [ view_begin ] --START--
INFO: Run Home\Behaviors\testBehavior [ RunTime:0.000063s ]
INFO: [ view_begin ] --END-- [ RunTime:0.000096s ]
INFO: [ view_parse ] --START--
INFO: [ template_filter ] --START--
INFO: Run Behavior\ContentReplaceBehavior [ RunTime:0.000046s ]
INFO: [ template_filter ] --END-- [ RunTime:0.000078s ]
INFO: Run Behavior\ParseTemplateBehavior [ RunTime:0.007018s ]
INFO: [ view_parse ] --END-- [ RunTime:0.007045s ]
INFO: [ view_filter ] --START--
INFO: Run Behavior\WriteHtmlCacheBehavior [ RunTime:0.000036s ]
INFO: Run Behavior\TokenBuildBehavior [ RunTime:0.000127s ]
INFO: [ view_filter ] --END-- [ RunTime:0.000198s ]
INFO: [ app_end ] --START--
INFO: Run Behavior\ShowPageTraceBehavior [ RunTime:0.000040s ]
INFO: [ app_end ] --END-- [ RunTime:0.000086s ]

[ 2018-03-15T18:11:11+08:00 ] 222.35.171.244 /index.php/Admin/System/login_task
INFO: [ app_init ] --START--
INFO: Run Behavior\BuildLiteBehavior [ RunTime:0.000012s ]
INFO: [ app_init ] --END-- [ RunTime:0.000069s ]
INFO: [ app_begin ] --START--
INFO: Run Behavior\ReadHtmlCacheBehavior [ RunTime:0.000028s ]
INFO: [ app_begin ] --END-- [ RunTime:0.000057s ]
NOTIC: [2] Invalid argument supplied for foreach() /data/www/pc.zhongguoshebaodaili.cn/wwwroot/Application/Admin/Controller/SystemController.class.php 第 255 行.
INFO: [ app_end ] --START--
INFO: Run Behavior\ShowPageTraceBehavior [ RunTime:0.000028s ]
INFO: [ app_end ] --END-- [ RunTime:0.000060s ]

[ 2018-03-15T18:11:11+08:00 ] 222.35.171.244 /index.php/Admin/Index/welcome
INFO: [ app_init ] --START--
INFO: Run Behavior\BuildLiteBehavior [ RunTime:0.000009s ]
INFO: [ app_init ] --END-- [ RunTime:0.000056s ]
INFO: [ app_begin ] --START--
INFO: Run Behavior\ReadHtmlCacheBehavior [ RunTime:0.000029s ]
INFO: [ app_begin ] --END-- [ RunTime:0.000060s ]
NOTIC: [8] Undefined index: version /data/www/pc.zhongguoshebaodaili.cn/wwwroot/Application/Admin/Controller/IndexController.class.php 第 108 行.
INFO: [ view_begin ] --START--
INFO: Run Home\Behaviors\testBehavior [ RunTime:0.000045s ]
INFO: [ view_begin ] --END-- [ RunTime:0.000090s ]
INFO: [ view_parse ] --START--
INFO: [ template_filter ] --START--
INFO: Run Behavior\ContentReplaceBehavior [ RunTime:0.000046s ]
INFO: [ template_filter ] --END-- [ RunTime:0.000079s ]
NOTIC: [8] Undefined variable: count /data/www/pc.zhongguoshebaodaili.cn/wwwroot/Application/Runtime/Cache/Admin/69fa43b310489e974c292babf8eca7e7.php 第 173 行.
NOTIC: [8] Undefined variable: count /data/www/pc.zhongguoshebaodaili.cn/wwwroot/Application/Runtime/Cache/Admin/69fa43b310489e974c292babf8eca7e7.php 第 201 行.
NOTIC: [8] Undefined variable: count /data/www/pc.zhongguoshebaodaili.cn/wwwroot/Application/Runtime/Cache/Admin/69fa43b310489e974c292babf8eca7e7.php 第 207 行.
INFO: Run Behavior\ParseTemplateBehavior [ RunTime:0.005693s ]
INFO: [ view_parse ] --END-- [ RunTime:0.005722s ]
INFO: [ view_filter ] --START--
INFO: Run Behavior\WriteHtmlCacheBehavior [ RunTime:0.000029s ]
INFO: Run Behavior\TokenBuildBehavior [ RunTime:0.000100s ]
INFO: [ view_filter ] --END-- [ RunTime:0.000169s ]
INFO: [ app_end ] --START--
INFO: Run Behavior\ShowPageTraceBehavior [ RunTime:0.000029s ]
INFO: [ app_end ] --END-- [ RunTime:0.000059s ]

[ 2018-03-15T18:11:18+08:00 ] 222.35.171.244 /index.php/Admin/Tools/region
INFO: [ app_init ] --START--
INFO: Run Behavior\BuildLiteBehavior [ RunTime:0.000011s ]
INFO: [ app_init ] --END-- [ RunTime:0.000078s ]
INFO: [ app_begin ] --START--
INFO: Run Behavior\ReadHtmlCacheBehavior [ RunTime:0.000034s ]
INFO: [ app_begin ] --END-- [ RunTime:0.000064s ]
INFO: [ view_begin ] --START--
INFO: Run Home\Behaviors\testBehavior [ RunTime:0.000078s ]
INFO: [ view_begin ] --END-- [ RunTime:0.000124s ]
INFO: [ view_parse ] --START--
INFO: [ template_filter ] --START--
INFO: Run Behavior\ContentReplaceBehavior [ RunTime:0.000042s ]
INFO: [ template_filter ] --END-- [ RunTime:0.000103s ]
NOTIC: [8] Use of undefined constant level - assumed 'level' /data/www/pc.zhongguoshebaodaili.cn/wwwroot/Application/Runtime/Cache/Admin/84cca8c7edb940b26fd0d5261184abb9.php 第 154 行.
NOTIC: [8] Use of undefined constant level - assumed 'level' /data/www/pc.zhongguoshebaodaili.cn/wwwroot/Application/Runtime/Cache/Admin/84cca8c7edb940b26fd0d5261184abb9.php 第 170 行.
NOTIC: [8] Use of undefined constant id - assumed 'id' /data/www/pc.zhongguoshebaodaili.cn/wwwroot/Application/Runtime/Cache/Admin/84cca8c7edb940b26fd0d5261184abb9.php 第 170 行.
NOTIC: [8] Use of undefined constant id - assumed 'id' /data/www/pc.zhongguoshebaodaili.cn/wwwroot/Application/Runtime/Cache/Admin/84cca8c7edb940b26fd0d5261184abb9.php 第 172 行.
NOTIC: [8] Use of undefined constant level - assumed 'level' /data/www/pc.zhongguoshebaodaili.cn/wwwroot/Application/Runtime/Cache/Admin/84cca8c7edb940b26fd0d5261184abb9.php 第 170 行.
NOTIC: [8] Use of undefined constant id - assumed 'id' /data/www/pc.zhongguoshebaodaili.cn/wwwroot/Application/Runtime/Cache/Admin/84cca8c7edb940b26fd0d5261184abb9.php 第 170 行.
NOTIC: [8] Use of undefined constant id - assumed 'id' /data/www/pc.zhongguoshebaodaili.cn/wwwroot/Application/Runtime/Cache/Admin/84cca8c7edb940b26fd0d5261184abb9.php 第 172 行.
NOTIC: [8] Use of undefined constant level - assumed 'level' /data/www/pc.zhongguoshebaodaili.cn/wwwroot/Application/Runtime/Cache/Admin/84cca8c7edb940b26fd0d5261184abb9.php 第 170 行.
NOTIC: [8] Use of undefined constant id - assumed 'id' /data/www/pc.zhongguoshebaodaili.cn/wwwroot/Application/Runtime/Cache/Admin/84cca8c7edb940b26fd0d5261184abb9.php 第 170 行.
NOTIC: [8] Use of undefined constant id - assumed 'id' /data/www/pc.zhongguoshebaodaili.cn/wwwroot/Application/Runtime/Cache/Admin/84cca8c7edb940b26fd0d5261184abb9.php 第 172 行.
NOTIC: [8] Use of undefined constant level - assumed 'level' /data/www/pc.zhongguoshebaodaili.cn/wwwroot/Application/Runtime/Cache/Admin/84cca8c7edb940b26fd0d5261184abb9.php 第 170 行.
NOTIC: [8] Use of undefined constant id - assumed 'id' /data/www/pc.zhongguoshebaodaili.cn/wwwroot/Application/Runtime/Cache/Admin/84cca8c7edb940b26fd0d5261184abb9.php 第 170 行.
NOTIC: [8] Use of undefined constant id - assumed 'id' /data/www/pc.zhongguoshebaodaili.cn/wwwroot/Application/Runtime/Cache/Admin/84cca8c7edb940b26fd0d5261184abb9.php 第 172 行.
NOTIC: [8] Use of undefined constant level - assumed 'level' /data/www/pc.zhongguoshebaodaili.cn/wwwroot/Application/Runtime/Cache/Admin/84cca8c7edb940b26fd0d5261184abb9.php 第 170 行.
NOTIC: [8] Use of undefined constant id - assumed 'id' /data/www/pc.zhongguoshebaodaili.cn/wwwroot/Application/Runtime/Cache/Admin/84cca8c7edb940b26fd0d5261184abb9.php 第 170 行.
NOTIC: [8] Use of undefined constant id - assumed 'id' /data/www/pc.zhongguoshebaodaili.cn/wwwroot/Application/Runtime/Cache/Admin/84cca8c7edb940b26fd0d5261184abb9.php 第 172 行.
NOTIC: [8] Use of undefined constant level - assumed 'level' /data/www/pc.zhongguoshebaodaili.cn/wwwroot/Application/Runtime/Cache/Admin/84cca8c7edb940b26fd0d5261184abb9.php 第 170 行.
NOTIC: [8] Use of undefined constant id - assumed 'id' /data/www/pc.zhongguoshebaodaili.cn/wwwroot/Application/Runtime/Cache/Admin/84cca8c7edb940b26fd0d5261184abb9.php 第 170 行.
NOTIC: [8] Use of undefined constant id - assumed 'id' /data/www/pc.zhongguoshebaodaili.cn/wwwroot/Application/Runtime/Cache/Admin/84cca8c7edb940b26fd0d5261184abb9.php 第 172 行.
NOTIC: [8] Use of undefined constant level - assumed 'level' /data/www/pc.zhongguoshebaodaili.cn/wwwroot/Application/Runtime/Cache/Admin/84cca8c7edb940b26fd0d5261184abb9.php 第 170 行.
NOTIC: [8] Use of undefined constant id - assumed 'id' /data/www/pc.zhongguoshebaodaili.cn/wwwroot/Application/Runtime/Cache/Admin/84cca8c7edb940b26fd0d5261184abb9.php 第 170 行.
NOTIC: [8] Use of undefined constant id - assumed 'id' /data/www/pc.zhongguoshebaodaili.cn/wwwroot/Application/Runtime/Cache/Admin/84cca8c7edb940b26fd0d5261184abb9.php 第 172 行.
NOTIC: [8] Use of undefined constant level - assumed 'level' /data/www/pc.zhongguoshebaodaili.cn/wwwroot/Application/Runtime/Cache/Admin/84cca8c7edb940b26fd0d5261184abb9.php 第 170 行.
NOTIC: [8] Use of undefined constant id - assumed 'id' /data/www/pc.zhongguoshebaodaili.cn/wwwroot/Application/Runtime/Cache/Admin/84cca8c7edb940b26fd0d5261184abb9.php 第 170 行.
NOTIC: [8] Use of undefined constant id - assumed 'id' /data/www/pc.zhongguoshebaodaili.cn/wwwroot/Application/Runtime/Cache/Admin/84cca8c7edb940b26fd0d5261184abb9.php 第 172 行.
NOTIC: [8] Use of undefined constant level - assumed 'level' /data/www/pc.zhongguoshebaodaili.cn/wwwroot/Application/Runtime/Cache/Admin/84cca8c7edb940b26fd0d5261184abb9.php 第 170 行.
NOTIC: [8] Use of undefined constant id - assumed 'id' /data/www/pc.zhongguoshebaodaili.cn/wwwroot/Application/Runtime/Cache/Admin/84cca8c7edb940b26fd0d5261184abb9.php 第 170 行.
NOTIC: [8] Use of undefined constant id - assumed 'id' /data/www/pc.zhongguoshebaodaili.cn/wwwroot/Application/Runtime/Cache/Admin/84cca8c7edb940b26fd0d5261184abb9.php 第 172 行.
NOTIC: [8] Use of undefined constant level - assumed 'level' /data/www/pc.zhongguoshebaodaili.cn/wwwroot/Application/Runtime/Cache/Admin/84cca8c7edb940b26fd0d5261184abb9.php 第 170 行.
NOTIC: [8] Use of undefined constant id - assumed 'id' /data/www/pc.zhongguoshebaodaili.cn/wwwroot/Application/Runtime/Cache/Admin/84cca8c7edb940b26fd0d5261184abb9.php 第 170 行.
NOTIC: [8] Use of undefined constant id - assumed 'id' /data/www/pc.zhongguoshebaodaili.cn/wwwroot/Application/Runtime/Cache/Admin/84cca8c7edb940b26fd0d5261184abb9.php 第 172 行.
NOTIC: [8] Use of undefined constant level - assumed 'level' /data/www/pc.zhongguoshebaodaili.cn/wwwroot/Application/Runtime/Cache/Admin/84cca8c7edb940b26fd0d5261184abb9.php 第 170 行.
NOTIC: [8] Use of undefined constant id - assumed 'id' /data/www/pc.zhongguoshebaodaili.cn/wwwroot/Application/Runtime/Cache/Admin/84cca8c7edb940b26fd0d5261184abb9.php 第 170 行.
NOTIC: [8] Use of undefined constant id - assumed 'id' /data/www/pc.zhongguoshebaodaili.cn/wwwroot/Application/Runtime/Cache/Admin/84cca8c7edb940b26fd0d5261184abb9.php 第 172 行.
NOTIC: [8] Use of undefined constant level - assumed 'level' /data/www/pc.zhongguoshebaodaili.cn/wwwroot/Application/Runtime/Cache/Admin/84cca8c7edb940b26fd0d5261184abb9.php 第 170 行.
NOTIC: [8] Use of undefined constant id - assumed 'id' /data/www/pc.zhongguoshebaodaili.cn/wwwroot/Application/Runtime/Cache/Admin/84cca8c7edb940b26fd0d5261184abb9.php 第 170 行.
NOTIC: [8] Use of undefined constant id - assumed 'id' /data/www/pc.zhongguoshebaodaili.cn/wwwroot/Application/Runtime/Cache/Admin/84cca8c7edb940b26fd0d5261184abb9.php 第 172 行.
NOTIC: [8] Use of undefined constant level - assumed 'level' /data/www/pc.zhongguoshebaodaili.cn/wwwroot/Application/Runtime/Cache/Admin/84cca8c7edb940b26fd0d5261184abb9.php 第 170 行.
NOTIC: [8] Use of undefined constant id - assumed 'id' /data/www/pc.zhongguoshebaodaili.cn/wwwroot/Application/Runtime/Cache/Admin/84cca8c7edb940b26fd0d5261184abb9.php 第 170 行.
NOTIC: [8] Use of undefined constant id - assumed 'id' /data/www/pc.zhongguoshebaodaili.cn/wwwroot/Application/Runtime/Cache/Admin/84cca8c7edb940b26fd0d5261184abb9.php 第 172 行.
NOTIC: [8] Use of undefined constant level - assumed 'level' /data/www/pc.zhongguoshebaodaili.cn/wwwroot/Application/Runtime/Cache/Admin/84cca8c7edb940b26fd0d5261184abb9.php 第 170 行.
NOTIC: [8] Use of undefined constant id - assumed 'id' /data/www/pc.zhongguoshebaodaili.cn/wwwroot/Application/Runtime/Cache/Admin/84cca8c7edb940b26fd0d5261184abb9.php 第 170 行.
NOTIC: [8] Use of undefined constant id - assumed 'id' /data/www/pc.zhongguoshebaodaili.cn/wwwroot/Application/Runtime/Cache/Admin/84cca8c7edb940b26fd0d5261184abb9.php 第 172 行.
NOTIC: [8] Use of undefined constant level - assumed 'level' /data/www/pc.zhongguoshebaodaili.cn/wwwroot/Application/Runtime/Cache/Admin/84cca8c7edb940b26fd0d5261184abb9.php 第 170 行.
NOTIC: [8] Use of undefined constant id - assumed 'id' /data/www/pc.zhongguoshebaodaili.cn/wwwroot/Application/Runtime/Cache/Admin/84cca8c7edb940b26fd0d5261184abb9.php 第 170 行.
NOTIC: [8] Use of undefined constant id - assumed 'id' /data/www/pc.zhongguoshebaodaili.cn/wwwroot/Application/Runtime/Cache/Admin/84cca8c7edb940b26fd0d5261184abb9.php 第 172 行.
NOTIC: [8] Use of undefined constant level - assumed 'level' /data/www/pc.zhongguoshebaodaili.cn/wwwroot/Application/Runtime/Cache/Admin/84cca8c7edb940b26fd0d5261184abb9.php 第 170 行.
NOTIC: [8] Use of undefined constant id - assumed 'id' /data/www/pc.zhongguoshebaodaili.cn/wwwroot/Application/Runtime/Cache/Admin/84cca8c7edb940b26fd0d5261184abb9.php 第 170 行.
NOTIC: [8] Use of undefined constant id - assumed 'id' /data/www/pc.zhongguoshebaodaili.cn/wwwroot/Application/Runtime/Cache/Admin/84cca8c7edb940b26fd0d5261184abb9.php 第 172 行.
NOTIC: [8] Use of undefined constant level - assumed 'level' /data/www/pc.zhongguoshebaodaili.cn/wwwroot/Application/Runtime/Cache/Admin/84cca8c7edb940b26fd0d5261184abb9.php 第 170 行.
NOTIC: [8] Use of undefined constant id - assumed 'id' /data/www/pc.zhongguoshebaodaili.cn/wwwroot/Application/Runtime/Cache/Admin/84cca8c7edb940b26fd0d5261184abb9.php 第 170 行.
NOTIC: [8] Use of undefined constant id - assumed 'id' /data/www/pc.zhongguoshebaodaili.cn/wwwroot/Application/Runtime/Cache/Admin/84cca8c7edb940b26fd0d5261184abb9.php 第 172 行.
NOTIC: [8] Use of undefined constant level - assumed 'level' /data/www/pc.zhongguoshebaodaili.cn/wwwroot/Application/Runtime/Cache/Admin/84cca8c7edb940b26fd0d5261184abb9.php 第 170 行.
NOTIC: [8] Use of undefined constant id - assumed 'id' /data/www/pc.zhongguoshebaodaili.cn/wwwroot/Application/Runtime/Cache/Admin/84cca8c7edb940b26fd0d5261184abb9.php 第 170 行.
NOTIC: [8] Use of undefined constant id - assumed 'id' /data/www/pc.zhongguoshebaodaili.cn/wwwroot/Application/Runtime/Cache/Admin/84cca8c7edb940b26fd0d5261184abb9.php 第 172 行.
NOTIC: [8] Use of undefined constant level - assumed 'level' /data/www/pc.zhongguoshebaodaili.cn/wwwroot/Application/Runtime/Cache/Admin/84cca8c7edb940b26fd0d5261184abb9.php 第 170 行.
NOTIC: [8] Use of undefined constant id - assumed 'id' /data/www/pc.zhongguoshebaodaili.cn/wwwroot/Application/Runtime/Cache/Admin/84cca8c7edb940b26fd0d5261184abb9.php 第 170 行.
NOTIC: [8] Use of undefined constant id - assumed 'id' /data/www/pc.zhongguoshebaodaili.cn/wwwroot/Application/Runtime/Cache/Admin/84cca8c7edb940b26fd0d5261184abb9.php 第 172 行.
NOTIC: [8] Use of undefined constant level - assumed 'level' /data/www/pc.zhongguoshebaodaili.cn/wwwroot/Application/Runtime/Cache/Admin/84cca8c7edb940b26fd0d5261184abb9.php 第 170 行.
NOTIC: [8] Use of undefined constant id - assumed 'id' /data/www/pc.zhongguoshebaodaili.cn/wwwroot/Application/Runtime/Cache/Admin/84cca8c7edb940b26fd0d5261184abb9.php 第 170 行.
NOTIC: [8] Use of undefined constant id - assumed 'id' /data/www/pc.zhongguoshebaodaili.cn/wwwroot/Application/Runtime/Cache/Admin/84cca8c7edb940b26fd0d5261184abb9.php 第 172 行.
NOTIC: [8] Use of undefined constant level - assumed 'level' /data/www/pc.zhongguoshebaodaili.cn/wwwroot/Application/Runtime/Cache/Admin/84cca8c7edb940b26fd0d5261184abb9.php 第 170 行.
NOTIC: [8] Use of undefined constant id - assumed 'id' /data/www/pc.zhongguoshebaodaili.cn/wwwroot/Application/Runtime/Cache/Admin/84cca8c7edb940b26fd0d5261184abb9.php 第 170 行.
NOTIC: [8] Use of undefined constant id - assumed 'id' /data/www/pc.zhongguoshebaodaili.cn/wwwroot/Application/Runtime/Cache/Admin/84cca8c7edb940b26fd0d5261184abb9.php 第 172 行.
NOTIC: [8] Use of undefined constant level - assumed 'level' /data/www/pc.zhongguoshebaodaili.cn/wwwroot/Application/Runtime/Cache/Admin/84cca8c7edb940b26fd0d5261184abb9.php 第 170 行.
NOTIC: [8] Use of undefined constant id - assumed 'id' /data/www/pc.zhongguoshebaodaili.cn/wwwroot/Application/Runtime/Cache/Admin/84cca8c7edb940b26fd0d5261184abb9.php 第 170 行.
NOTIC: [8] Use of undefined constant id - assumed 'id' /data/www/pc.zhongguoshebaodaili.cn/wwwroot/Application/Runtime/Cache/Admin/84cca8c7edb940b26fd0d5261184abb9.php 第 172 行.
NOTIC: [8] Use of undefined constant level - assumed 'level' /data/www/pc.zhongguoshebaodaili.cn/wwwroot/Application/Runtime/Cache/Admin/84cca8c7edb940b26fd0d5261184abb9.php 第 170 行.
NOTIC: [8] Use of undefined constant id - assumed 'id' /data/www/pc.zhongguoshebaodaili.cn/wwwroot/Application/Runtime/Cache/Admin/84cca8c7edb940b26fd0d5261184abb9.php 第 170 行.
NOTIC: [8] Use of undefined constant id - assumed 'id' /data/www/pc.zhongguoshebaodaili.cn/wwwroot/Application/Runtime/Cache/Admin/84cca8c7edb940b26fd0d5261184abb9.php 第 172 行.
NOTIC: [8] Use of undefined constant level - assumed 'level' /data/www/pc.zhongguoshebaodaili.cn/wwwroot/Application/Runtime/Cache/Admin/84cca8c7edb940b26fd0d5261184abb9.php 第 170 行.
NOTIC: [8] Use of undefined constant id - assumed 'id' /data/www/pc.zhongguoshebaodaili.cn/wwwroot/Application/Runtime/Cache/Admin/84cca8c7edb940b26fd0d5261184abb9.php 第 170 行.
NOTIC: [8] Use of undefined constant id - assumed 'id' /data/www/pc.zhongguoshebaodaili.cn/wwwroot/Application/Runtime/Cache/Admin/84cca8c7edb940b26fd0d5261184abb9.php 第 172 行.
NOTIC: [8] Use of undefined constant level - assumed 'level' /data/www/pc.zhongguoshebaodaili.cn/wwwroot/Application/Runtime/Cache/Admin/84cca8c7edb940b26fd0d5261184abb9.php 第 170 行.
NOTIC: [8] Use of undefined constant id - assumed 'id' /data/www/pc.zhongguoshebaodaili.cn/wwwroot/Application/Runtime/Cache/Admin/84cca8c7edb940b26fd0d5261184abb9.php 第 170 行.
NOTIC: [8] Use of undefined constant id - assumed 'id' /data/www/pc.zhongguoshebaodaili.cn/wwwroot/Application/Runtime/Cache/Admin/84cca8c7edb940b26fd0d5261184abb9.php 第 172 行.
NOTIC: [8] Use of undefined constant level - assumed 'level' /data/www/pc.zhongguoshebaodaili.cn/wwwroot/Application/Runtime/Cache/Admin/84cca8c7edb940b26fd0d5261184abb9.php 第 170 行.
NOTIC: [8] Use of undefined constant id - assumed 'id' /data/www/pc.zhongguoshebaodaili.cn/wwwroot/Application/Runtime/Cache/Admin/84cca8c7edb940b26fd0d5261184abb9.php 第 170 行.
NOTIC: [8] Use of undefined constant id - assumed 'id' /data/www/pc.zhongguoshebaodaili.cn/wwwroot/Application/Runtime/Cache/Admin/84cca8c7edb940b26fd0d5261184abb9.php 第 172 行.
NOTIC: [8] Use of undefined constant level - assumed 'level' /data/www/pc.zhongguoshebaodaili.cn/wwwroot/Application/Runtime/Cache/Admin/84cca8c7edb940b26fd0d5261184abb9.php 第 170 行.
NOTIC: [8] Use of undefined constant id - assumed 'id' /data/www/pc.zhongguoshebaodaili.cn/wwwroot/Application/Runtime/Cache/Admin/84cca8c7edb940b26fd0d5261184abb9.php 第 170 行.
NOTIC: [8] Use of undefined constant id - assumed 'id' /data/www/pc.zhongguoshebaodaili.cn/wwwroot/Application/Runtime/Cache/Admin/84cca8c7edb940b26fd0d5261184abb9.php 第 172 行.
NOTIC: [8] Use of undefined constant level - assumed 'level' /data/www/pc.zhongguoshebaodaili.cn/wwwroot/Application/Runtime/Cache/Admin/84cca8c7edb940b26fd0d5261184abb9.php 第 170 行.
NOTIC: [8] Use of undefined constant id - assumed 'id' /data/www/pc.zhongguoshebaodaili.cn/wwwroot/Application/Runtime/Cache/Admin/84cca8c7edb940b26fd0d5261184abb9.php 第 170 行.
NOTIC: [8] Use of undefined constant id - assumed 'id' /data/www/pc.zhongguoshebaodaili.cn/wwwroot/Application/Runtime/Cache/Admin/84cca8c7edb940b26fd0d5261184abb9.php 第 172 行.
NOTIC: [8] Use of undefined constant level - assumed 'level' /data/www/pc.zhongguoshebaodaili.cn/wwwroot/Application/Runtime/Cache/Admin/84cca8c7edb940b26fd0d5261184abb9.php 第 170 行.
NOTIC: [8] Use of undefined constant id - assumed 'id' /data/www/pc.zhongguoshebaodaili.cn/wwwroot/Application/Runtime/Cache/Admin/84cca8c7edb940b26fd0d5261184abb9.php 第 170 行.
NOTIC: [8] Use of undefined constant id - assumed 'id' /data/www/pc.zhongguoshebaodaili.cn/wwwroot/Application/Runtime/Cache/Admin/84cca8c7edb940b26fd0d5261184abb9.php 第 172 行.
NOTIC: [8] Use of undefined constant level - assumed 'level' /data/www/pc.zhongguoshebaodaili.cn/wwwroot/Application/Runtime/Cache/Admin/84cca8c7edb940b26fd0d5261184abb9.php 第 170 行.
NOTIC: [8] Use of undefined constant id - assumed 'id' /data/www/pc.zhongguoshebaodaili.cn/wwwroot/Application/Runtime/Cache/Admin/84cca8c7edb940b26fd0d5261184abb9.php 第 170 行.
NOTIC: [8] Use of undefined constant id - assumed 'id' /data/www/pc.zhongguoshebaodaili.cn/wwwroot/Application/Runtime/Cache/Admin/84cca8c7edb940b26fd0d5261184abb9.php 第 172 行.
NOTIC: [8] Use of undefined constant level - assumed 'level' /data/www/pc.zhongguoshebaodaili.cn/wwwroot/Application/Runtime/Cache/Admin/84cca8c7edb940b26fd0d5261184abb9.php 第 170 行.
NOTIC: [8] Use of undefined constant id - assumed 'id' /data/www/pc.zhongguoshebaodaili.cn/wwwroot/Application/Runtime/Cache/Admin/84cca8c7edb940b26fd0d5261184abb9.php 第 170 行.
NOTIC: [8] Use of undefined constant id - assumed 'id' /data/www/pc.zhongguoshebaodaili.cn/wwwroot/Application/Runtime/Cache/Admin/84cca8c7edb940b26fd0d5261184abb9.php 第 172 行.
NOTIC: [8] Use of undefined constant level - assumed 'level' /data/www/pc.zhongguoshebaodaili.cn/wwwroot/Application/Runtime/Cache/Admin/84cca8c7edb940b26fd0d5261184abb9.php 第 170 行.
NOTIC: [8] Use of undefined constant id - assumed 'id' /data/www/pc.zhongguoshebaodaili.cn/wwwroot/Application/Runtime/Cache/Admin/84cca8c7edb940b26fd0d5261184abb9.php 第 170 行.
NOTIC: [8] Use of undefined constant id - assumed 'id' /data/www/pc.zhongguoshebaodaili.cn/wwwroot/Application/Runtime/Cache/Admin/84cca8c7edb940b26fd0d5261184abb9.php 第 172 行.
NOTIC: [8] Use of undefined constant level - assumed 'level' /data/www/pc.zhongguoshebaodaili.cn/wwwroot/Application/Runtime/Cache/Admin/84cca8c7edb940b26fd0d5261184abb9.php 第 170 行.
NOTIC: [8] Use of undefined constant id - assumed 'id' /data/www/pc.zhongguoshebaodaili.cn/wwwroot/Application/Runtime/Cache/Admin/84cca8c7edb940b26fd0d5261184abb9.php 第 170 行.
NOTIC: [8] Use of undefined constant id - assumed 'id' /data/www/pc.zhongguoshebaodaili.cn/wwwroot/Application/Runtime/Cache/Admin/84cca8c7edb940b26fd0d5261184abb9.php 第 172 行.
NOTIC: [8] Use of undefined constant level - assumed 'level' /data/www/pc.zhongguoshebaodaili.cn/wwwroot/Application/Runtime/Cache/Admin/84cca8c7edb940b26fd0d5261184abb9.php 第 170 行.
NOTIC: [8] Use of undefined constant id - assumed 'id' /data/www/pc.zhongguoshebaodaili.cn/wwwroot/Application/Runtime/Cache/Admin/84cca8c7edb940b26fd0d5261184abb9.php 第 170 行.
NOTIC: [8] Use of undefined constant id - assumed 'id' /data/www/pc.zhongguoshebaodaili.cn/wwwroot/Application/Runtime/Cache/Admin/84cca8c7edb940b26fd0d5261184abb9.php 第 172 行.
NOTIC: [8] Use of undefined constant level - assumed 'level' /data/www/pc.zhongguoshebaodaili.cn/wwwroot/Application/Runtime/Cache/Admin/84cca8c7edb940b26fd0d5261184abb9.php 第 170 行.
NOTIC: [8] Use of undefined constant id - assumed 'id' /data/www/pc.zhongguoshebaodaili.cn/wwwroot/Application/Runtime/Cache/Admin/84cca8c7edb940b26fd0d5261184abb9.php 第 170 行.
NOTIC: [8] Use of undefined constant id - assumed 'id' /data/www/pc.zhongguoshebaodaili.cn/wwwroot/Application/Runtime/Cache/Admin/84cca8c7edb940b26fd0d5261184abb9.php 第 172 行.
NOTIC: [8] Use of undefined constant level - assumed 'level' /data/www/pc.zhongguoshebaodaili.cn/wwwroot/Application/Runtime/Cache/Admin/84cca8c7edb940b26fd0d5261184abb9.php 第 170 行.
NOTIC: [8] Use of undefined constant id - assumed 'id' /data/www/pc.zhongguoshebaodaili.cn/wwwroot/Application/Runtime/Cache/Admin/84cca8c7edb940b26fd0d5261184abb9.php 第 170 行.
NOTIC: [8] Use of undefined constant id - assumed 'id' /data/www/pc.zhongguoshebaodaili.cn/wwwroot/Application/Runtime/Cache/Admin/84cca8c7edb940b26fd0d5261184abb9.php 第 172 行.
NOTIC: [8] Use of undefined constant level - assumed 'level' /data/www/pc.zhongguoshebaodaili.cn/wwwroot/Application/Runtime/Cache/Admin/84cca8c7edb940b26fd0d5261184abb9.php 第 170 行.
NOTIC: [8] Use of undefined constant id - assumed 'id' /data/www/pc.zhongguoshebaodaili.cn/wwwroot/Application/Runtime/Cache/Admin/84cca8c7edb940b26fd0d5261184abb9.php 第 170 行.
NOTIC: [8] Use of undefined constant id - assumed 'id' /data/www/pc.zhongguoshebaodaili.cn/wwwroot/Application/Runtime/Cache/Admin/84cca8c7edb940b26fd0d5261184abb9.php 第 172 行.
NOTIC: [8] Use of undefined constant level - assumed 'level' /data/www/pc.zhongguoshebaodaili.cn/wwwroot/Application/Runtime/Cache/Admin/84cca8c7edb940b26fd0d5261184abb9.php 第 170 行.
NOTIC: [8] Use of undefined constant id - assumed 'id' /data/www/pc.zhongguoshebaodaili.cn/wwwroot/Application/Runtime/Cache/Admin/84cca8c7edb940b26fd0d5261184abb9.php 第 170 行.
NOTIC: [8] Use of undefined constant id - assumed 'id' /data/www/pc.zhongguoshebaodaili.cn/wwwroot/Application/Runtime/Cache/Admin/84cca8c7edb940b26fd0d5261184abb9.php 第 172 行.
NOTIC: [8] Use of undefined constant level - assumed 'level' /data/www/pc.zhongguoshebaodaili.cn/wwwroot/Application/Runtime/Cache/Admin/84cca8c7edb940b26fd0d5261184abb9.php 第 170 行.
NOTIC: [8] Use of undefined constant id - assumed 'id' /data/www/pc.zhongguoshebaodaili.cn/wwwroot/Application/Runtime/Cache/Admin/84cca8c7edb940b26fd0d5261184abb9.php 第 170 行.
NOTIC: [8] Use of undefined constant id - assumed 'id' /data/www/pc.zhongguoshebaodaili.cn/wwwroot/Application/Runtime/Cache/Admin/84cca8c7edb940b26fd0d5261184abb9.php 第 172 行.
NOTIC: [8] Use of undefined constant level - assumed 'level' /data/www/pc.zhongguoshebaodaili.cn/wwwroot/Application/Runtime/Cache/Admin/84cca8c7edb940b26fd0d5261184abb9.php 第 170 行.
NOTIC: [8] Use of undefined constant id - assumed 'id' /data/www/pc.zhongguoshebaodaili.cn/wwwroot/Application/Runtime/Cache/Admin/84cca8c7edb940b26fd0d5261184abb9.php 第 170 行.
NOTIC: [8] Use of undefined constant id - assumed 'id' /data/www/pc.zhongguoshebaodaili.cn/wwwroot/Application/Runtime/Cache/Admin/84cca8c7edb940b26fd0d5261184abb9.php 第 172 行.
INFO: Run Behavior\ParseTemplateBehavior [ RunTime:0.008355s ]
INFO: [ view_parse ] --END-- [ RunTime:0.008386s ]
INFO: [ view_filter ] --START--
INFO: Run Behavior\WriteHtmlCacheBehavior [ RunTime:0.000039s ]
INFO: Run Behavior\TokenBuildBehavior [ RunTime:0.000147s ]
INFO: [ view_filter ] --END-- [ RunTime:0.000232s ]
INFO: [ app_end ] --START--
INFO: Run Behavior\ShowPageTraceBehavior [ RunTime:0.000037s ]
INFO: [ app_end ] --END-- [ RunTime:0.000062s ]

[ 2018-03-15T18:11:20+08:00 ] 222.35.171.244 /index.php/Admin/System/right_list
INFO: [ app_init ] --START--
INFO: Run Behavior\BuildLiteBehavior [ RunTime:0.000010s ]
INFO: [ app_init ] --END-- [ RunTime:0.000064s ]
INFO: [ app_begin ] --START--
INFO: Run Behavior\ReadHtmlCacheBehavior [ RunTime:0.000053s ]
INFO: [ app_begin ] --END-- [ RunTime:0.000086s ]
INFO: [ view_begin ] --START--
INFO: Run Home\Behaviors\testBehavior [ RunTime:0.000051s ]
INFO: [ view_begin ] --END-- [ RunTime:0.000107s ]
INFO: [ view_parse ] --START--
INFO: [ template_filter ] --START--
INFO: Run Behavior\ContentReplaceBehavior [ RunTime:0.000037s ]
INFO: [ template_filter ] --END-- [ RunTime:0.000091s ]
NOTIC: [8] Use of undefined constant group - assumed 'group' /data/www/pc.zhongguoshebaodaili.cn/wwwroot/Application/Runtime/Cache/Admin/7f66a4ea3f558f4f440aa58564c4e698.php 第 174 行.
NOTIC: [8] Use of undefined constant group - assumed 'group' /data/www/pc.zhongguoshebaodaili.cn/wwwroot/Application/Runtime/Cache/Admin/7f66a4ea3f558f4f440aa58564c4e698.php 第 174 行.
NOTIC: [8] Use of undefined constant group - assumed 'group' /data/www/pc.zhongguoshebaodaili.cn/wwwroot/Application/Runtime/Cache/Admin/7f66a4ea3f558f4f440aa58564c4e698.php 第 174 行.
NOTIC: [8] Use of undefined constant group - assumed 'group' /data/www/pc.zhongguoshebaodaili.cn/wwwroot/Application/Runtime/Cache/Admin/7f66a4ea3f558f4f440aa58564c4e698.php 第 174 行.
NOTIC: [8] Use of undefined constant group - assumed 'group' /data/www/pc.zhongguoshebaodaili.cn/wwwroot/Application/Runtime/Cache/Admin/7f66a4ea3f558f4f440aa58564c4e698.php 第 174 行.
NOTIC: [8] Use of undefined constant group - assumed 'group' /data/www/pc.zhongguoshebaodaili.cn/wwwroot/Application/Runtime/Cache/Admin/7f66a4ea3f558f4f440aa58564c4e698.php 第 174 行.
NOTIC: [8] Use of undefined constant group - assumed 'group' /data/www/pc.zhongguoshebaodaili.cn/wwwroot/Application/Runtime/Cache/Admin/7f66a4ea3f558f4f440aa58564c4e698.php 第 174 行.
NOTIC: [8] Use of undefined constant group - assumed 'group' /data/www/pc.zhongguoshebaodaili.cn/wwwroot/Application/Runtime/Cache/Admin/7f66a4ea3f558f4f440aa58564c4e698.php 第 174 行.
NOTIC: [8] Use of undefined constant group - assumed 'group' /data/www/pc.zhongguoshebaodaili.cn/wwwroot/Application/Runtime/Cache/Admin/7f66a4ea3f558f4f440aa58564c4e698.php 第 174 行.
NOTIC: [8] Use of undefined constant group - assumed 'group' /data/www/pc.zhongguoshebaodaili.cn/wwwroot/Application/Runtime/Cache/Admin/7f66a4ea3f558f4f440aa58564c4e698.php 第 174 行.
NOTIC: [8] Use of undefined constant group - assumed 'group' /data/www/pc.zhongguoshebaodaili.cn/wwwroot/Application/Runtime/Cache/Admin/7f66a4ea3f558f4f440aa58564c4e698.php 第 174 行.
NOTIC: [8] Use of undefined constant group - assumed 'group' /data/www/pc.zhongguoshebaodaili.cn/wwwroot/Application/Runtime/Cache/Admin/7f66a4ea3f558f4f440aa58564c4e698.php 第 174 行.
NOTIC: [8] Use of undefined constant group - assumed 'group' /data/www/pc.zhongguoshebaodaili.cn/wwwroot/Application/Runtime/Cache/Admin/7f66a4ea3f558f4f440aa58564c4e698.php 第 174 行.
NOTIC: [8] Use of undefined constant group - assumed 'group' /data/www/pc.zhongguoshebaodaili.cn/wwwroot/Application/Runtime/Cache/Admin/7f66a4ea3f558f4f440aa58564c4e698.php 第 174 行.
NOTIC: [8] Use of undefined constant group - assumed 'group' /data/www/pc.zhongguoshebaodaili.cn/wwwroot/Application/Runtime/Cache/Admin/7f66a4ea3f558f4f440aa58564c4e698.php 第 174 行.
NOTIC: [8] Use of undefined constant group - assumed 'group' /data/www/pc.zhongguoshebaodaili.cn/wwwroot/Application/Runtime/Cache/Admin/7f66a4ea3f558f4f440aa58564c4e698.php 第 174 行.
NOTIC: [8] Use of undefined constant group - assumed 'group' /data/www/pc.zhongguoshebaodaili.cn/wwwroot/Application/Runtime/Cache/Admin/7f66a4ea3f558f4f440aa58564c4e698.php 第 174 行.
NOTIC: [8] Use of undefined constant group - assumed 'group' /data/www/pc.zhongguoshebaodaili.cn/wwwroot/Application/Runtime/Cache/Admin/7f66a4ea3f558f4f440aa58564c4e698.php 第 174 行.
NOTIC: [8] Use of undefined constant group - assumed 'group' /data/www/pc.zhongguoshebaodaili.cn/wwwroot/Application/Runtime/Cache/Admin/7f66a4ea3f558f4f440aa58564c4e698.php 第 174 行.
NOTIC: [8] Undefined index: wechat /data/www/pc.zhongguoshebaodaili.cn/wwwroot/Application/Runtime/Cache/Admin/7f66a4ea3f558f4f440aa58564c4e698.php 第 174 行.
NOTIC: [8] Use of undefined constant group - assumed 'group' /data/www/pc.zhongguoshebaodaili.cn/wwwroot/Application/Runtime/Cache/Admin/7f66a4ea3f558f4f440aa58564c4e698.php 第 174 行.
NOTIC: [8] Undefined index: wechat /data/www/pc.zhongguoshebaodaili.cn/wwwroot/Application/Runtime/Cache/Admin/7f66a4ea3f558f4f440aa58564c4e698.php 第 174 行.
NOTIC: [8] Use of undefined constant group - assumed 'group' /data/www/pc.zhongguoshebaodaili.cn/wwwroot/Application/Runtime/Cache/Admin/7f66a4ea3f558f4f440aa58564c4e698.php 第 174 行.
NOTIC: [8] Undefined index: wechat /data/www/pc.zhongguoshebaodaili.cn/wwwroot/Application/Runtime/Cache/Admin/7f66a4ea3f558f4f440aa58564c4e698.php 第 174 行.
NOTIC: [8] Use of undefined constant group - assumed 'group' /data/www/pc.zhongguoshebaodaili.cn/wwwroot/Application/Runtime/Cache/Admin/7f66a4ea3f558f4f440aa58564c4e698.php 第 174 行.
NOTIC: [8] Undefined index: wechat /data/www/pc.zhongguoshebaodaili.cn/wwwroot/Application/Runtime/Cache/Admin/7f66a4ea3f558f4f440aa58564c4e698.php 第 174 行.
NOTIC: [8] Use of undefined constant group - assumed 'group' /data/www/pc.zhongguoshebaodaili.cn/wwwroot/Application/Runtime/Cache/Admin/7f66a4ea3f558f4f440aa58564c4e698.php 第 174 行.
NOTIC: [8] Use of undefined constant group - assumed 'group' /data/www/pc.zhongguoshebaodaili.cn/wwwroot/Application/Runtime/Cache/Admin/7f66a4ea3f558f4f440aa58564c4e698.php 第 174 行.
NOTIC: [8] Use of undefined constant group - assumed 'group' /data/www/pc.zhongguoshebaodaili.cn/wwwroot/Application/Runtime/Cache/Admin/7f66a4ea3f558f4f440aa58564c4e698.php 第 174 行.
NOTIC: [8] Use of undefined constant group - assumed 'group' /data/www/pc.zhongguoshebaodaili.cn/wwwroot/Application/Runtime/Cache/Admin/7f66a4ea3f558f4f440aa58564c4e698.php 第 174 行.
NOTIC: [8] Use of undefined constant group - assumed 'group' /data/www/pc.zhongguoshebaodaili.cn/wwwroot/Application/Runtime/Cache/Admin/7f66a4ea3f558f4f440aa58564c4e698.php 第 174 行.
NOTIC: [8] Use of undefined constant group - assumed 'group' /data/www/pc.zhongguoshebaodaili.cn/wwwroot/Application/Runtime/Cache/Admin/7f66a4ea3f558f4f440aa58564c4e698.php 第 174 行.
NOTIC: [8] Use of undefined constant group - assumed 'group' /data/www/pc.zhongguoshebaodaili.cn/wwwroot/Application/Runtime/Cache/Admin/7f66a4ea3f558f4f440aa58564c4e698.php 第 174 行.
NOTIC: [8] Use of undefined constant group - assumed 'group' /data/www/pc.zhongguoshebaodaili.cn/wwwroot/Application/Runtime/Cache/Admin/7f66a4ea3f558f4f440aa58564c4e698.php 第 174 行.
NOTIC: [8] Use of undefined constant group - assumed 'group' /data/www/pc.zhongguoshebaodaili.cn/wwwroot/Application/Runtime/Cache/Admin/7f66a4ea3f558f4f440aa58564c4e698.php 第 174 行.
NOTIC: [8] Use of undefined constant group - assumed 'group' /data/www/pc.zhongguoshebaodaili.cn/wwwroot/Application/Runtime/Cache/Admin/7f66a4ea3f558f4f440aa58564c4e698.php 第 174 行.
NOTIC: [8] Use of undefined constant group - assumed 'group' /data/www/pc.zhongguoshebaodaili.cn/wwwroot/Application/Runtime/Cache/Admin/7f66a4ea3f558f4f440aa58564c4e698.php 第 174 行.
NOTIC: [8] Use of undefined constant group - assumed 'group' /data/www/pc.zhongguoshebaodaili.cn/wwwroot/Application/Runtime/Cache/Admin/7f66a4ea3f558f4f440aa58564c4e698.php 第 174 行.
NOTIC: [8] Use of undefined constant group - assumed 'group' /data/www/pc.zhongguoshebaodaili.cn/wwwroot/Application/Runtime/Cache/Admin/7f66a4ea3f558f4f440aa58564c4e698.php 第 174 行.
NOTIC: [8] Use of undefined constant group - assumed 'group' /data/www/pc.zhongguoshebaodaili.cn/wwwroot/Application/Runtime/Cache/Admin/7f66a4ea3f558f4f440aa58564c4e698.php 第 174 行.
NOTIC: [8] Use of undefined constant group - assumed 'group' /data/www/pc.zhongguoshebaodaili.cn/wwwroot/Application/Runtime/Cache/Admin/7f66a4ea3f558f4f440aa58564c4e698.php 第 174 行.
NOTIC: [8] Use of undefined constant group - assumed 'group' /data/www/pc.zhongguoshebaodaili.cn/wwwroot/Application/Runtime/Cache/Admin/7f66a4ea3f558f4f440aa58564c4e698.php 第 174 行.
NOTIC: [8] Use of undefined constant group - assumed 'group' /data/www/pc.zhongguoshebaodaili.cn/wwwroot/Application/Runtime/Cache/Admin/7f66a4ea3f558f4f440aa58564c4e698.php 第 174 行.
NOTIC: [8] Use of undefined constant group - assumed 'group' /data/www/pc.zhongguoshebaodaili.cn/wwwroot/Application/Runtime/Cache/Admin/7f66a4ea3f558f4f440aa58564c4e698.php 第 174 行.
NOTIC: [8] Use of undefined constant group - assumed 'group' /data/www/pc.zhongguoshebaodaili.cn/wwwroot/Application/Runtime/Cache/Admin/7f66a4ea3f558f4f440aa58564c4e698.php 第 174 行.
NOTIC: [8] Use of undefined constant group - assumed 'group' /data/www/pc.zhongguoshebaodaili.cn/wwwroot/Application/Runtime/Cache/Admin/7f66a4ea3f558f4f440aa58564c4e698.php 第 174 行.
NOTIC: [8] Use of undefined constant group - assumed 'group' /data/www/pc.zhongguoshebaodaili.cn/wwwroot/Application/Runtime/Cache/Admin/7f66a4ea3f558f4f440aa58564c4e698.php 第 174 行.
NOTIC: [8] Use of undefined constant group - assumed 'group' /data/www/pc.zhongguoshebaodaili.cn/wwwroot/Application/Runtime/Cache/Admin/7f66a4ea3f558f4f440aa58564c4e698.php 第 174 行.
NOTIC: [8] Use of undefined constant group - assumed 'group' /data/www/pc.zhongguoshebaodaili.cn/wwwroot/Application/Runtime/Cache/Admin/7f66a4ea3f558f4f440aa58564c4e698.php 第 174 行.
NOTIC: [8] Use of undefined constant group - assumed 'group' /data/www/pc.zhongguoshebaodaili.cn/wwwroot/Application/Runtime/Cache/Admin/7f66a4ea3f558f4f440aa58564c4e698.php 第 174 行.
NOTIC: [8] Use of undefined constant group - assumed 'group' /data/www/pc.zhongguoshebaodaili.cn/wwwroot/Application/Runtime/Cache/Admin/7f66a4ea3f558f4f440aa58564c4e698.php 第 174 行.
NOTIC: [8] Use of undefined constant group - assumed 'group' /data/www/pc.zhongguoshebaodaili.cn/wwwroot/Application/Runtime/Cache/Admin/7f66a4ea3f558f4f440aa58564c4e698.php 第 174 行.
NOTIC: [8] Use of undefined constant group - assumed 'group' /data/www/pc.zhongguoshebaodaili.cn/wwwroot/Application/Runtime/Cache/Admin/7f66a4ea3f558f4f440aa58564c4e698.php 第 174 行.
NOTIC: [8] Use of undefined constant group - assumed 'group' /data/www/pc.zhongguoshebaodaili.cn/wwwroot/Application/Runtime/Cache/Admin/7f66a4ea3f558f4f440aa58564c4e698.php 第 174 行.
NOTIC: [8] Use of undefined constant group - assumed 'group' /data/www/pc.zhongguoshebaodaili.cn/wwwroot/Application/Runtime/Cache/Admin/7f66a4ea3f558f4f440aa58564c4e698.php 第 174 行.
NOTIC: [8] Use of undefined constant group - assumed 'group' /data/www/pc.zhongguoshebaodaili.cn/wwwroot/Application/Runtime/Cache/Admin/7f66a4ea3f558f4f440aa58564c4e698.php 第 174 行.
NOTIC: [8] Use of undefined constant group - assumed 'group' /data/www/pc.zhongguoshebaodaili.cn/wwwroot/Application/Runtime/Cache/Admin/7f66a4ea3f558f4f440aa58564c4e698.php 第 174 行.
NOTIC: [8] Use of undefined constant group - assumed 'group' /data/www/pc.zhongguoshebaodaili.cn/wwwroot/Application/Runtime/Cache/Admin/7f66a4ea3f558f4f440aa58564c4e698.php 第 174 行.
NOTIC: [8] Use of undefined constant group - assumed 'group' /data/www/pc.zhongguoshebaodaili.cn/wwwroot/Application/Runtime/Cache/Admin/7f66a4ea3f558f4f440aa58564c4e698.php 第 174 行.
NOTIC: [8] Use of undefined constant group - assumed 'group' /data/www/pc.zhongguoshebaodaili.cn/wwwroot/Application/Runtime/Cache/Admin/7f66a4ea3f558f4f440aa58564c4e698.php 第 174 行.
NOTIC: [8] Use of undefined constant group - assumed 'group' /data/www/pc.zhongguoshebaodaili.cn/wwwroot/Application/Runtime/Cache/Admin/7f66a4ea3f558f4f440aa58564c4e698.php 第 174 行.
NOTIC: [8] Use of undefined constant group - assumed 'group' /data/www/pc.zhongguoshebaodaili.cn/wwwroot/Application/Runtime/Cache/Admin/7f66a4ea3f558f4f440aa58564c4e698.php 第 174 行.
NOTIC: [8] Use of undefined constant group - assumed 'group' /data/www/pc.zhongguoshebaodaili.cn/wwwroot/Application/Runtime/Cache/Admin/7f66a4ea3f558f4f440aa58564c4e698.php 第 174 行.
NOTIC: [8] Use of undefined constant group - assumed 'group' /data/www/pc.zhongguoshebaodaili.cn/wwwroot/Application/Runtime/Cache/Admin/7f66a4ea3f558f4f440aa58564c4e698.php 第 174 行.
NOTIC: [8] Use of undefined constant group - assumed 'group' /data/www/pc.zhongguoshebaodaili.cn/wwwroot/Application/Runtime/Cache/Admin/7f66a4ea3f558f4f440aa58564c4e698.php 第 174 行.
NOTIC: [8] Use of undefined constant group - assumed 'group' /data/www/pc.zhongguoshebaodaili.cn/wwwroot/Application/Runtime/Cache/Admin/7f66a4ea3f558f4f440aa58564c4e698.php 第 174 行.
NOTIC: [8] Undefined variable: page /data/www/pc.zhongguoshebaodaili.cn/wwwroot/Application/Runtime/Cache/Admin/7f66a4ea3f558f4f440aa58564c4e698.php 第 189 行.
INFO: Run Behavior\ParseTemplateBehavior [ RunTime:0.009162s ]
INFO: [ view_parse ] --END-- [ RunTime:0.009194s ]
INFO: [ view_filter ] --START--
INFO: Run Behavior\WriteHtmlCacheBehavior [ RunTime:0.000043s ]
INFO: Run Behavior\TokenBuildBehavior [ RunTime:0.000321s ]
INFO: [ view_filter ] --END-- [ RunTime:0.000415s ]
INFO: [ app_end ] --START--
INFO: Run Behavior\ShowPageTraceBehavior [ RunTime:0.000029s ]
INFO: [ app_end ] --END-- [ RunTime:0.000057s ]

[ 2018-03-15T18:11:29+08:00 ] 222.35.171.244 /index.php/Admin/System/edit_right/id/33
INFO: [ app_init ] --START--
INFO: Run Behavior\BuildLiteBehavior [ RunTime:0.000012s ]
INFO: [ app_init ] --END-- [ RunTime:0.000080s ]
INFO: [ app_begin ] --START--
INFO: Run Behavior\ReadHtmlCacheBehavior [ RunTime:0.000036s ]
INFO: [ app_begin ] --END-- [ RunTime:0.000070s ]
INFO: [ view_begin ] --START--
INFO: Run Home\Behaviors\testBehavior [ RunTime:0.000060s ]
INFO: [ view_begin ] --END-- [ RunTime:0.000093s ]
INFO: [ view_parse ] --START--
INFO: [ template_filter ] --START--
INFO: Run Behavior\ContentReplaceBehavior [ RunTime:0.000052s ]
INFO: [ template_filter ] --END-- [ RunTime:0.000086s ]
NOTIC: [8] Use of undefined constant group - assumed 'group' /data/www/pc.zhongguoshebaodaili.cn/wwwroot/Application/Runtime/Cache/Admin/e057d0c4cddc725eaf00dab79e289517.php 第 166 行.
NOTIC: [8] Use of undefined constant group - assumed 'group' /data/www/pc.zhongguoshebaodaili.cn/wwwroot/Application/Runtime/Cache/Admin/e057d0c4cddc725eaf00dab79e289517.php 第 166 行.
NOTIC: [8] Use of undefined constant group - assumed 'group' /data/www/pc.zhongguoshebaodaili.cn/wwwroot/Application/Runtime/Cache/Admin/e057d0c4cddc725eaf00dab79e289517.php 第 166 行.
NOTIC: [8] Use of undefined constant group - assumed 'group' /data/www/pc.zhongguoshebaodaili.cn/wwwroot/Application/Runtime/Cache/Admin/e057d0c4cddc725eaf00dab79e289517.php 第 166 行.
NOTIC: [8] Use of undefined constant group - assumed 'group' /data/www/pc.zhongguoshebaodaili.cn/wwwroot/Application/Runtime/Cache/Admin/e057d0c4cddc725eaf00dab79e289517.php 第 166 行.
NOTIC: [8] Use of undefined constant group - assumed 'group' /data/www/pc.zhongguoshebaodaili.cn/wwwroot/Application/Runtime/Cache/Admin/e057d0c4cddc725eaf00dab79e289517.php 第 166 行.
NOTIC: [8] Use of undefined constant group - assumed 'group' /data/www/pc.zhongguoshebaodaili.cn/wwwroot/Application/Runtime/Cache/Admin/e057d0c4cddc725eaf00dab79e289517.php 第 166 行.
NOTIC: [8] Use of undefined constant group - assumed 'group' /data/www/pc.zhongguoshebaodaili.cn/wwwroot/Application/Runtime/Cache/Admin/e057d0c4cddc725eaf00dab79e289517.php 第 166 行.
NOTIC: [8] Use of undefined constant group - assumed 'group' /data/www/pc.zhongguoshebaodaili.cn/wwwroot/Application/Runtime/Cache/Admin/e057d0c4cddc725eaf00dab79e289517.php 第 166 行.
NOTIC: [8] Use of undefined constant group - assumed 'group' /data/www/pc.zhongguoshebaodaili.cn/wwwroot/Application/Runtime/Cache/Admin/e057d0c4cddc725eaf00dab79e289517.php 第 166 行.
NOTIC: [8] Use of undefined constant group - assumed 'group' /data/www/pc.zhongguoshebaodaili.cn/wwwroot/Application/Runtime/Cache/Admin/e057d0c4cddc725eaf00dab79e289517.php 第 166 行.
NOTIC: [8] Use of undefined constant right - assumed 'right' /data/www/pc.zhongguoshebaodaili.cn/wwwroot/Application/Runtime/Cache/Admin/e057d0c4cddc725eaf00dab79e289517.php 第 193 行.
NOTIC: [8] Use of undefined constant right - assumed 'right' /data/www/pc.zhongguoshebaodaili.cn/wwwroot/Application/Runtime/Cache/Admin/e057d0c4cddc725eaf00dab79e289517.php 第 193 行.
INFO: Run Behavior\ParseTemplateBehavior [ RunTime:0.005565s ]
INFO: [ view_parse ] --END-- [ RunTime:0.005591s ]
INFO: [ view_filter ] --START--
INFO: Run Behavior\WriteHtmlCacheBehavior [ RunTime:0.000032s ]
INFO: Run Behavior\TokenBuildBehavior [ RunTime:0.000157s ]
INFO: [ view_filter ] --END-- [ RunTime:0.000228s ]
INFO: [ app_end ] --START--
INFO: Run Behavior\ShowPageTraceBehavior [ RunTime:0.000032s ]
INFO: [ app_end ] --END-- [ RunTime:0.000056s ]

[ 2018-03-15T18:11:35+08:00 ] 222.35.171.244 /index.php/Admin/Admin/log
INFO: [ app_init ] --START--
INFO: Run Behavior\BuildLiteBehavior [ RunTime:0.000010s ]
INFO: [ app_init ] --END-- [ RunTime:0.000069s ]
INFO: [ app_begin ] --START--
INFO: Run Behavior\ReadHtmlCacheBehavior [ RunTime:0.000032s ]
INFO: [ app_begin ] --END-- [ RunTime:0.000060s ]
INFO: [ view_begin ] --START--
INFO: Run Home\Behaviors\testBehavior [ RunTime:0.000058s ]
INFO: [ view_begin ] --END-- [ RunTime:0.000090s ]
INFO: [ view_parse ] --START--
INFO: [ template_filter ] --START--
INFO: Run Behavior\ContentReplaceBehavior [ RunTime:0.000034s ]
INFO: [ template_filter ] --END-- [ RunTime:0.000064s ]
INFO: Run Behavior\ParseTemplateBehavior [ RunTime:0.004566s ]
INFO: [ view_parse ] --END-- [ RunTime:0.004596s ]
INFO: [ view_filter ] --START--
INFO: Run Behavior\WriteHtmlCacheBehavior [ RunTime:0.000033s ]
INFO: Run Behavior\TokenBuildBehavior [ RunTime:0.000141s ]
INFO: [ view_filter ] --END-- [ RunTime:0.000214s ]
INFO: [ app_end ] --START--
INFO: Run Behavior\ShowPageTraceBehavior [ RunTime:0.000033s ]
INFO: [ app_end ] --END-- [ RunTime:0.000055s ]

[ 2018-03-15T18:11:48+08:00 ] 222.35.171.244 /index.php/Admin/Wechat/index
INFO: [ app_init ] --START--
INFO: Run Behavior\BuildLiteBehavior [ RunTime:0.000010s ]
INFO: [ app_init ] --END-- [ RunTime:0.000069s ]
INFO: [ app_begin ] --START--
INFO: Run Behavior\ReadHtmlCacheBehavior [ RunTime:0.000037s ]
INFO: [ app_begin ] --END-- [ RunTime:0.000067s ]
INFO: [ view_begin ] --START--
INFO: Run Home\Behaviors\testBehavior [ RunTime:0.000076s ]
INFO: [ view_begin ] --END-- [ RunTime:0.000116s ]
INFO: [ view_parse ] --START--
INFO: [ template_filter ] --START--
INFO: Run Behavior\ContentReplaceBehavior [ RunTime:0.000038s ]
INFO: [ template_filter ] --END-- [ RunTime:0.000071s ]
NOTIC: [8] Use of undefined constant id - assumed 'id' /data/www/pc.zhongguoshebaodaili.cn/wwwroot/Application/Runtime/Cache/Admin/138883f8411c83891319bcbaf8069345.php 第 183 行.
INFO: Run Behavior\ParseTemplateBehavior [ RunTime:0.004713s ]
INFO: [ view_parse ] --END-- [ RunTime:0.004740s ]
INFO: [ view_filter ] --START--
INFO: Run Behavior\WriteHtmlCacheBehavior [ RunTime:0.000033s ]
INFO: Run Behavior\TokenBuildBehavior [ RunTime:0.000074s ]
INFO: [ view_filter ] --END-- [ RunTime:0.000145s ]
INFO: [ app_end ] --START--
INFO: Run Behavior\ShowPageTraceBehavior [ RunTime:0.000029s ]
INFO: [ app_end ] --END-- [ RunTime:0.000052s ]

[ 2018-03-15T18:11:55+08:00 ] 222.35.171.244 /index.php/Admin/Wechat/setting/id/1
INFO: [ app_init ] --START--
INFO: Run Behavior\BuildLiteBehavior [ RunTime:0.000011s ]
INFO: [ app_init ] --END-- [ RunTime:0.000074s ]
INFO: [ app_begin ] --START--
INFO: Run Behavior\ReadHtmlCacheBehavior [ RunTime:0.000032s ]
INFO: [ app_begin ] --END-- [ RunTime:0.000077s ]
INFO: [ view_begin ] --START--
INFO: Run Home\Behaviors\testBehavior [ RunTime:0.000064s ]
INFO: [ view_begin ] --END-- [ RunTime:0.000101s ]
INFO: [ view_parse ] --START--
INFO: [ template_filter ] --START--
INFO: Run Behavior\ContentReplaceBehavior [ RunTime:0.000047s ]
INFO: [ template_filter ] --END-- [ RunTime:0.000082s ]
INFO: Run Behavior\ParseTemplateBehavior [ RunTime:0.005281s ]
INFO: [ view_parse ] --END-- [ RunTime:0.005338s ]
INFO: [ view_filter ] --START--
INFO: Run Behavior\WriteHtmlCacheBehavior [ RunTime:0.000033s ]
INFO: Run Behavior\TokenBuildBehavior [ RunTime:0.000106s ]
INFO: [ view_filter ] --END-- [ RunTime:0.000178s ]
INFO: [ app_end ] --START--
INFO: Run Behavior\ShowPageTraceBehavior [ RunTime:0.000028s ]
INFO: [ app_end ] --END-- [ RunTime:0.000051s ]

[ 2018-03-15T18:12:07+08:00 ] 222.35.171.244 /index.php/Admin/Wechat/menu
INFO: [ app_init ] --START--
INFO: Run Behavior\BuildLiteBehavior [ RunTime:0.000012s ]
INFO: [ app_init ] --END-- [ RunTime:0.000078s ]
INFO: [ app_begin ] --START--
INFO: Run Behavior\ReadHtmlCacheBehavior [ RunTime:0.000037s ]
INFO: [ app_begin ] --END-- [ RunTime:0.000069s ]
INFO: [ view_begin ] --START--
INFO: Run Home\Behaviors\testBehavior [ RunTime:0.000067s ]
INFO: [ view_begin ] --END-- [ RunTime:0.000103s ]
INFO: [ view_parse ] --START--
INFO: [ template_filter ] --START--
INFO: Run Behavior\ContentReplaceBehavior [ RunTime:0.000093s ]
INFO: [ template_filter ] --END-- [ RunTime:0.000128s ]
INFO: Run Behavior\ParseTemplateBehavior [ RunTime:0.011851s ]
INFO: [ view_parse ] --END-- [ RunTime:0.011882s ]
INFO: [ view_filter ] --START--
INFO: Run Behavior\WriteHtmlCacheBehavior [ RunTime:0.000033s ]
INFO: Run Behavior\TokenBuildBehavior [ RunTime:0.000157s ]
INFO: [ view_filter ] --END-- [ RunTime:0.000228s ]
INFO: [ app_end ] --START--
INFO: Run Behavior\ShowPageTraceBehavior [ RunTime:0.000034s ]
INFO: [ app_end ] --END-- [ RunTime:0.000060s ]

[ 2018-03-15T18:12:20+08:00 ] 222.35.171.244 /index.php/Admin/Wechat/text
INFO: [ app_init ] --START--
INFO: Run Behavior\BuildLiteBehavior [ RunTime:0.000012s ]
INFO: [ app_init ] --END-- [ RunTime:0.000116s ]
INFO: [ app_begin ] --START--
INFO: Run Behavior\ReadHtmlCacheBehavior [ RunTime:0.000033s ]
INFO: [ app_begin ] --END-- [ RunTime:0.000064s ]
INFO: [ view_begin ] --START--
INFO: Run Home\Behaviors\testBehavior [ RunTime:0.000059s ]
INFO: [ view_begin ] --END-- [ RunTime:0.000096s ]
INFO: [ view_parse ] --START--
INFO: [ template_filter ] --START--
INFO: Run Behavior\ContentReplaceBehavior [ RunTime:0.000066s ]
INFO: [ template_filter ] --END-- [ RunTime:0.000105s ]
INFO: Run Behavior\ParseTemplateBehavior [ RunTime:0.004900s ]
INFO: [ view_parse ] --END-- [ RunTime:0.004931s ]
INFO: [ view_filter ] --START--
INFO: Run Behavior\WriteHtmlCacheBehavior [ RunTime:0.000032s ]
INFO: Run Behavior\TokenBuildBehavior [ RunTime:0.000075s ]
INFO: [ view_filter ] --END-- [ RunTime:0.000146s ]
INFO: [ app_end ] --START--
INFO: Run Behavior\ShowPageTraceBehavior [ RunTime:0.000036s ]
INFO: [ app_end ] --END-- [ RunTime:0.000066s ]

[ 2018-03-15T18:12:22+08:00 ] 222.35.171.244 /index.php/Admin/Wechat/img
INFO: [ app_init ] --START--
INFO: Run Behavior\BuildLiteBehavior [ RunTime:0.000012s ]
INFO: [ app_init ] --END-- [ RunTime:0.000089s ]
INFO: [ app_begin ] --START--
INFO: Run Behavior\ReadHtmlCacheBehavior [ RunTime:0.000029s ]
INFO: [ app_begin ] --END-- [ RunTime:0.000059s ]
INFO: [ view_begin ] --START--
INFO: Run Home\Behaviors\testBehavior [ RunTime:0.000046s ]
INFO: [ view_begin ] --END-- [ RunTime:0.000080s ]
INFO: [ view_parse ] --START--
INFO: [ template_filter ] --START--
INFO: Run Behavior\ContentReplaceBehavior [ RunTime:0.000037s ]
INFO: [ template_filter ] --END-- [ RunTime:0.000069s ]
INFO: Run Behavior\ParseTemplateBehavior [ RunTime:0.004476s ]
INFO: [ view_parse ] --END-- [ RunTime:0.004507s ]
INFO: [ view_filter ] --START--
INFO: Run Behavior\WriteHtmlCacheBehavior [ RunTime:0.000026s ]
INFO: Run Behavior\TokenBuildBehavior [ RunTime:0.000067s ]
INFO: [ view_filter ] --END-- [ RunTime:0.000128s ]
INFO: [ app_end ] --START--
INFO: Run Behavior\ShowPageTraceBehavior [ RunTime:0.000022s ]
INFO: [ app_end ] --END-- [ RunTime:0.000044s ]

[ 2018-03-15T18:12:23+08:00 ] 222.35.171.244 /index.php/Admin/Wechat/news
INFO: [ app_init ] --START--
INFO: Run Behavior\BuildLiteBehavior [ RunTime:0.000010s ]
INFO: [ app_init ] --END-- [ RunTime:0.000072s ]
INFO: [ app_begin ] --START--
INFO: Run Behavior\ReadHtmlCacheBehavior [ RunTime:0.000029s ]
INFO: [ app_begin ] --END-- [ RunTime:0.000054s ]
INFO: [ view_begin ] --START--
INFO: Run Home\Behaviors\testBehavior [ RunTime:0.000056s ]
INFO: [ view_begin ] --END-- [ RunTime:0.000090s ]
INFO: [ view_parse ] --START--
INFO: [ template_filter ] --START--
INFO: Run Behavior\ContentReplaceBehavior [ RunTime:0.000043s ]
INFO: [ template_filter ] --END-- [ RunTime:0.000095s ]
INFO: Run Behavior\ParseTemplateBehavior [ RunTime:0.004310s ]
INFO: [ view_parse ] --END-- [ RunTime:0.004339s ]
INFO: [ view_filter ] --START--
INFO: Run Behavior\WriteHtmlCacheBehavior [ RunTime:0.000030s ]
INFO: Run Behavior\TokenBuildBehavior [ RunTime:0.000067s ]
INFO: [ view_filter ] --END-- [ RunTime:0.000131s ]
INFO: [ app_end ] --START--
INFO: Run Behavior\ShowPageTraceBehavior [ RunTime:0.000035s ]
INFO: [ app_end ] --END-- [ RunTime:0.000083s ]

[ 2018-03-15T18:12:27+08:00 ] 222.35.171.244 /index.php/Admin/User/index
INFO: [ app_init ] --START--
INFO: Run Behavior\BuildLiteBehavior [ RunTime:0.000011s ]
INFO: [ app_init ] --END-- [ RunTime:0.000074s ]
INFO: [ app_begin ] --START--
INFO: Run Behavior\ReadHtmlCacheBehavior [ RunTime:0.000033s ]
INFO: [ app_begin ] --END-- [ RunTime:0.000061s ]
INFO: [ view_begin ] --START--
INFO: Run Home\Behaviors\testBehavior [ RunTime:0.000060s ]
INFO: [ view_begin ] --END-- [ RunTime:0.000093s ]
INFO: [ view_parse ] --START--
INFO: [ template_filter ] --START--
INFO: Run Behavior\ContentReplaceBehavior [ RunTime:0.000039s ]
INFO: [ template_filter ] --END-- [ RunTime:0.000069s ]
NOTIC: [8] Use of undefined constant id - assumed 'id' /data/www/pc.zhongguoshebaodaili.cn/wwwroot/Application/Runtime/Cache/Admin/65e605872ed5d34210f5b33beb13f5a3.php 第 193 行.
NOTIC: [8] Undefined index: id /data/www/pc.zhongguoshebaodaili.cn/wwwroot/Application/Runtime/Cache/Admin/65e605872ed5d34210f5b33beb13f5a3.php 第 193 行.
NOTIC: [8] Use of undefined constant user_id - assumed 'user_id' /data/www/pc.zhongguoshebaodaili.cn/wwwroot/Application/Runtime/Cache/Admin/65e605872ed5d34210f5b33beb13f5a3.php 第 195 行.
NOTIC: [8] Use of undefined constant id - assumed 'id' /data/www/pc.zhongguoshebaodaili.cn/wwwroot/Application/Runtime/Cache/Admin/65e605872ed5d34210f5b33beb13f5a3.php 第 193 行.
NOTIC: [8] Undefined index: id /data/www/pc.zhongguoshebaodaili.cn/wwwroot/Application/Runtime/Cache/Admin/65e605872ed5d34210f5b33beb13f5a3.php 第 193 行.
NOTIC: [8] Use of undefined constant user_id - assumed 'user_id' /data/www/pc.zhongguoshebaodaili.cn/wwwroot/Application/Runtime/Cache/Admin/65e605872ed5d34210f5b33beb13f5a3.php 第 195 行.
NOTIC: [8] Use of undefined constant id - assumed 'id' /data/www/pc.zhongguoshebaodaili.cn/wwwroot/Application/Runtime/Cache/Admin/65e605872ed5d34210f5b33beb13f5a3.php 第 193 行.
NOTIC: [8] Undefined index: id /data/www/pc.zhongguoshebaodaili.cn/wwwroot/Application/Runtime/Cache/Admin/65e605872ed5d34210f5b33beb13f5a3.php 第 193 行.
NOTIC: [8] Use of undefined constant user_id - assumed 'user_id' /data/www/pc.zhongguoshebaodaili.cn/wwwroot/Application/Runtime/Cache/Admin/65e605872ed5d34210f5b33beb13f5a3.php 第 195 行.
NOTIC: [8] Use of undefined constant id - assumed 'id' /data/www/pc.zhongguoshebaodaili.cn/wwwroot/Application/Runtime/Cache/Admin/65e605872ed5d34210f5b33beb13f5a3.php 第 193 行.
NOTIC: [8] Undefined index: id /data/www/pc.zhongguoshebaodaili.cn/wwwroot/Application/Runtime/Cache/Admin/65e605872ed5d34210f5b33beb13f5a3.php 第 193 行.
NOTIC: [8] Use of undefined constant user_id - assumed 'user_id' /data/www/pc.zhongguoshebaodaili.cn/wwwroot/Application/Runtime/Cache/Admin/65e605872ed5d34210f5b33beb13f5a3.php 第 195 行.
NOTIC: [8] Use of undefined constant id - assumed 'id' /data/www/pc.zhongguoshebaodaili.cn/wwwroot/Application/Runtime/Cache/Admin/65e605872ed5d34210f5b33beb13f5a3.php 第 193 行.
NOTIC: [8] Undefined index: id /data/www/pc.zhongguoshebaodaili.cn/wwwroot/Application/Runtime/Cache/Admin/65e605872ed5d34210f5b33beb13f5a3.php 第 193 行.
NOTIC: [8] Use of undefined constant user_id - assumed 'user_id' /data/www/pc.zhongguoshebaodaili.cn/wwwroot/Application/Runtime/Cache/Admin/65e605872ed5d34210f5b33beb13f5a3.php 第 195 行.
NOTIC: [8] Use of undefined constant id - assumed 'id' /data/www/pc.zhongguoshebaodaili.cn/wwwroot/Application/Runtime/Cache/Admin/65e605872ed5d34210f5b33beb13f5a3.php 第 193 行.
NOTIC: [8] Undefined index: id /data/www/pc.zhongguoshebaodaili.cn/wwwroot/Application/Runtime/Cache/Admin/65e605872ed5d34210f5b33beb13f5a3.php 第 193 行.
NOTIC: [8] Use of undefined constant user_id - assumed 'user_id' /data/www/pc.zhongguoshebaodaili.cn/wwwroot/Application/Runtime/Cache/Admin/65e605872ed5d34210f5b33beb13f5a3.php 第 195 行.
NOTIC: [8] Use of undefined constant id - assumed 'id' /data/www/pc.zhongguoshebaodaili.cn/wwwroot/Application/Runtime/Cache/Admin/65e605872ed5d34210f5b33beb13f5a3.php 第 193 行.
NOTIC: [8] Undefined index: id /data/www/pc.zhongguoshebaodaili.cn/wwwroot/Application/Runtime/Cache/Admin/65e605872ed5d34210f5b33beb13f5a3.php 第 193 行.
NOTIC: [8] Use of undefined constant user_id - assumed 'user_id' /data/www/pc.zhongguoshebaodaili.cn/wwwroot/Application/Runtime/Cache/Admin/65e605872ed5d34210f5b33beb13f5a3.php 第 195 行.
NOTIC: [8] Use of undefined constant id - assumed 'id' /data/www/pc.zhongguoshebaodaili.cn/wwwroot/Application/Runtime/Cache/Admin/65e605872ed5d34210f5b33beb13f5a3.php 第 193 行.
NOTIC: [8] Undefined index: id /data/www/pc.zhongguoshebaodaili.cn/wwwroot/Application/Runtime/Cache/Admin/65e605872ed5d34210f5b33beb13f5a3.php 第 193 行.
NOTIC: [8] Use of undefined constant user_id - assumed 'user_id' /data/www/pc.zhongguoshebaodaili.cn/wwwroot/Application/Runtime/Cache/Admin/65e605872ed5d34210f5b33beb13f5a3.php 第 195 行.
NOTIC: [8] Use of undefined constant id - assumed 'id' /data/www/pc.zhongguoshebaodaili.cn/wwwroot/Application/Runtime/Cache/Admin/65e605872ed5d34210f5b33beb13f5a3.php 第 193 行.
NOTIC: [8] Undefined index: id /data/www/pc.zhongguoshebaodaili.cn/wwwroot/Application/Runtime/Cache/Admin/65e605872ed5d34210f5b33beb13f5a3.php 第 193 行.
NOTIC: [8] Use of undefined constant user_id - assumed 'user_id' /data/www/pc.zhongguoshebaodaili.cn/wwwroot/Application/Runtime/Cache/Admin/65e605872ed5d34210f5b33beb13f5a3.php 第 195 行.
INFO: Run Behavior\ParseTemplateBehavior [ RunTime:0.005463s ]
INFO: [ view_parse ] --END-- [ RunTime:0.005490s ]
INFO: [ view_filter ] --START--
INFO: Run Behavior\WriteHtmlCacheBehavior [ RunTime:0.000048s ]
INFO: Run Behavior\TokenBuildBehavior [ RunTime:0.000116s ]
INFO: [ view_filter ] --END-- [ RunTime:0.000205s ]
INFO: [ app_end ] --START--
INFO: Run Behavior\ShowPageTraceBehavior [ RunTime:0.000027s ]
INFO: [ app_end ] --END-- [ RunTime:0.000050s ]

[ 2018-03-15T18:12:36+08:00 ] 222.35.171.244 /index.php/Admin/manage/pay_config
INFO: [ app_init ] --START--
INFO: Run Behavior\BuildLiteBehavior [ RunTime:0.000012s ]
INFO: [ app_init ] --END-- [ RunTime:0.000097s ]
INFO: [ app_begin ] --START--
INFO: Run Behavior\ReadHtmlCacheBehavior [ RunTime:0.000036s ]
INFO: [ app_begin ] --END-- [ RunTime:0.000069s ]
INFO: [ view_begin ] --START--
INFO: Run Home\Behaviors\testBehavior [ RunTime:0.000060s ]
INFO: [ view_begin ] --END-- [ RunTime:0.000092s ]
INFO: [ view_parse ] --START--
INFO: [ template_filter ] --START--
INFO: Run Behavior\ContentReplaceBehavior [ RunTime:0.000036s ]
INFO: [ template_filter ] --END-- [ RunTime:0.000065s ]
INFO: Run Behavior\ParseTemplateBehavior [ RunTime:0.003669s ]
INFO: [ view_parse ] --END-- [ RunTime:0.003697s ]
INFO: [ view_filter ] --START--
INFO: Run Behavior\WriteHtmlCacheBehavior [ RunTime:0.000059s ]
INFO: Run Behavior\TokenBuildBehavior [ RunTime:0.000106s ]
INFO: [ view_filter ] --END-- [ RunTime:0.000207s ]
INFO: [ app_end ] --START--
INFO: Run Behavior\ShowPageTraceBehavior [ RunTime:0.000033s ]
INFO: [ app_end ] --END-- [ RunTime:0.000056s ]

[ 2018-03-15T18:12:38+08:00 ] 222.35.171.244 /index.php/Admin/manage/area_list
INFO: [ app_init ] --START--
INFO: Run Behavior\BuildLiteBehavior [ RunTime:0.000012s ]
INFO: [ app_init ] --END-- [ RunTime:0.000078s ]
INFO: [ app_begin ] --START--
INFO: Run Behavior\ReadHtmlCacheBehavior [ RunTime:0.000029s ]
INFO: [ app_begin ] --END-- [ RunTime:0.000059s ]
INFO: [ view_begin ] --START--
INFO: Run Home\Behaviors\testBehavior [ RunTime:0.000080s ]
INFO: [ view_begin ] --END-- [ RunTime:0.000132s ]
INFO: [ view_parse ] --START--
INFO: [ template_filter ] --START--
INFO: Run Behavior\ContentReplaceBehavior [ RunTime:0.000089s ]
INFO: [ template_filter ] --END-- [ RunTime:0.000130s ]
NOTIC: [8] Use of undefined constant id - assumed 'id' /data/www/pc.zhongguoshebaodaili.cn/wwwroot/Application/Runtime/Cache/Admin/e3af9fc1d4e6c34ccfcc7d0002bd8fa0.php 第 185 行.
NOTIC: [8] Use of undefined constant id - assumed 'id' /data/www/pc.zhongguoshebaodaili.cn/wwwroot/Application/Runtime/Cache/Admin/e3af9fc1d4e6c34ccfcc7d0002bd8fa0.php 第 185 行.
NOTIC: [8] Use of undefined constant id - assumed 'id' /data/www/pc.zhongguoshebaodaili.cn/wwwroot/Application/Runtime/Cache/Admin/e3af9fc1d4e6c34ccfcc7d0002bd8fa0.php 第 185 行.
NOTIC: [8] Undefined variable: show /data/www/pc.zhongguoshebaodaili.cn/wwwroot/Application/Runtime/Cache/Admin/e3af9fc1d4e6c34ccfcc7d0002bd8fa0.php 第 194 行.
INFO: Run Behavior\ParseTemplateBehavior [ RunTime:0.005517s ]
INFO: [ view_parse ] --END-- [ RunTime:0.005547s ]
INFO: [ view_filter ] --START--
INFO: Run Behavior\WriteHtmlCacheBehavior [ RunTime:0.000058s ]
INFO: Run Behavior\TokenBuildBehavior [ RunTime:0.000114s ]
INFO: [ view_filter ] --END-- [ RunTime:0.000220s ]
INFO: [ app_end ] --START--
INFO: Run Behavior\ShowPageTraceBehavior [ RunTime:0.000031s ]
INFO: [ app_end ] --END-- [ RunTime:0.000058s ]

[ 2018-03-15T18:12:44+08:00 ] 222.35.171.244 /index.php/Admin/manage/sb_list
INFO: [ app_init ] --START--
INFO: Run Behavior\BuildLiteBehavior [ RunTime:0.000010s ]
INFO: [ app_init ] --END-- [ RunTime:0.000075s ]
INFO: [ app_begin ] --START--
INFO: Run Behavior\ReadHtmlCacheBehavior [ RunTime:0.000035s ]
INFO: [ app_begin ] --END-- [ RunTime:0.000067s ]
INFO: [ view_begin ] --START--
INFO: Run Home\Behaviors\testBehavior [ RunTime:0.000109s ]
INFO: [ view_begin ] --END-- [ RunTime:0.000164s ]
INFO: [ view_parse ] --START--
INFO: [ template_filter ] --START--
INFO: Run Behavior\ContentReplaceBehavior [ RunTime:0.000048s ]
INFO: [ template_filter ] --END-- [ RunTime:0.000081s ]
NOTIC: [8] Use of undefined constant id - assumed 'id' /data/www/pc.zhongguoshebaodaili.cn/wwwroot/Application/Runtime/Cache/Admin/339567d0f878508687e85bc45c850bcb.php 第 218 行.
NOTIC: [8] Use of undefined constant id - assumed 'id' /data/www/pc.zhongguoshebaodaili.cn/wwwroot/Application/Runtime/Cache/Admin/339567d0f878508687e85bc45c850bcb.php 第 218 行.
NOTIC: [8] Use of undefined constant id - assumed 'id' /data/www/pc.zhongguoshebaodaili.cn/wwwroot/Application/Runtime/Cache/Admin/339567d0f878508687e85bc45c850bcb.php 第 218 行.
NOTIC: [8] Undefined variable: show /data/www/pc.zhongguoshebaodaili.cn/wwwroot/Application/Runtime/Cache/Admin/339567d0f878508687e85bc45c850bcb.php 第 227 行.
INFO: Run Behavior\ParseTemplateBehavior [ RunTime:0.006022s ]
INFO: [ view_parse ] --END-- [ RunTime:0.006050s ]
INFO: [ view_filter ] --START--
INFO: Run Behavior\WriteHtmlCacheBehavior [ RunTime:0.000039s ]
INFO: Run Behavior\TokenBuildBehavior [ RunTime:0.000105s ]
INFO: [ view_filter ] --END-- [ RunTime:0.000195s ]
INFO: [ app_end ] --START--
INFO: Run Behavior\ShowPageTraceBehavior [ RunTime:0.000029s ]
INFO: [ app_end ] --END-- [ RunTime:0.000053s ]

[ 2018-03-15T18:12:47+08:00 ] 222.35.171.244 /index.php/Admin/Manage/sb_edit/id/339
INFO: [ app_init ] --START--
INFO: Run Behavior\BuildLiteBehavior [ RunTime:0.000013s ]
INFO: [ app_init ] --END-- [ RunTime:0.000085s ]
INFO: [ app_begin ] --START--
INFO: Run Behavior\ReadHtmlCacheBehavior [ RunTime:0.000036s ]
INFO: [ app_begin ] --END-- [ RunTime:0.000070s ]
INFO: [ view_begin ] --START--
INFO: Run Home\Behaviors\testBehavior [ RunTime:0.000068s ]
INFO: [ view_begin ] --END-- [ RunTime:0.000105s ]
INFO: [ view_parse ] --START--
INFO: [ template_filter ] --START--
INFO: Run Behavior\ContentReplaceBehavior [ RunTime:0.000064s ]
INFO: [ template_filter ] --END-- [ RunTime:0.000100s ]
INFO: Run Behavior\ParseTemplateBehavior [ RunTime:0.005956s ]
INFO: [ view_parse ] --END-- [ RunTime:0.005989s ]
INFO: [ view_filter ] --START--
INFO: Run Behavior\WriteHtmlCacheBehavior [ RunTime:0.000034s ]
INFO: Run Behavior\TokenBuildBehavior [ RunTime:0.000126s ]
INFO: [ view_filter ] --END-- [ RunTime:0.000202s ]
INFO: [ app_end ] --START--
INFO: Run Behavior\ShowPageTraceBehavior [ RunTime:0.000031s ]
INFO: [ app_end ] --END-- [ RunTime:0.000055s ]

[ 2018-03-15T18:13:39+08:00 ] 222.35.171.244 /index.php/Admin/manage/gjj_list
INFO: [ app_init ] --START--
INFO: Run Behavior\BuildLiteBehavior [ RunTime:0.000010s ]
INFO: [ app_init ] --END-- [ RunTime:0.000071s ]
INFO: [ app_begin ] --START--
INFO: Run Behavior\ReadHtmlCacheBehavior [ RunTime:0.000050s ]
INFO: [ app_begin ] --END-- [ RunTime:0.000080s ]
INFO: [ view_begin ] --START--
INFO: Run Home\Behaviors\testBehavior [ RunTime:0.000106s ]
INFO: [ view_begin ] --END-- [ RunTime:0.000161s ]
INFO: [ view_parse ] --START--
INFO: [ template_filter ] --START--
INFO: Run Behavior\ContentReplaceBehavior [ RunTime:0.000051s ]
INFO: [ template_filter ] --END-- [ RunTime:0.000086s ]
NOTIC: [8] Use of undefined constant id - assumed 'id' /data/www/pc.zhongguoshebaodaili.cn/wwwroot/Application/Runtime/Cache/Admin/43ad8a5549e3e261009713fd65631745.php 第 205 行.
NOTIC: [8] Use of undefined constant id - assumed 'id' /data/www/pc.zhongguoshebaodaili.cn/wwwroot/Application/Runtime/Cache/Admin/43ad8a5549e3e261009713fd65631745.php 第 205 行.
NOTIC: [8] Use of undefined constant id - assumed 'id' /data/www/pc.zhongguoshebaodaili.cn/wwwroot/Application/Runtime/Cache/Admin/43ad8a5549e3e261009713fd65631745.php 第 205 行.
NOTIC: [8] Undefined variable: show /data/www/pc.zhongguoshebaodaili.cn/wwwroot/Application/Runtime/Cache/Admin/43ad8a5549e3e261009713fd65631745.php 第 214 行.
INFO: Run Behavior\ParseTemplateBehavior [ RunTime:0.006241s ]
INFO: [ view_parse ] --END-- [ RunTime:0.006272s ]
INFO: [ view_filter ] --START--
INFO: Run Behavior\WriteHtmlCacheBehavior [ RunTime:0.000038s ]
INFO: Run Behavior\TokenBuildBehavior [ RunTime:0.000145s ]
INFO: [ view_filter ] --END-- [ RunTime:0.000231s ]
INFO: [ app_end ] --START--
INFO: Run Behavior\ShowPageTraceBehavior [ RunTime:0.000037s ]
INFO: [ app_end ] --END-- [ RunTime:0.000076s ]

[ 2018-03-15T18:13:41+08:00 ] 222.35.171.244 /index.php/Admin/manage/coupon_list
INFO: [ app_init ] --START--
INFO: Run Behavior\BuildLiteBehavior [ RunTime:0.000011s ]
INFO: [ app_init ] --END-- [ RunTime:0.000064s ]
INFO: [ app_begin ] --START--
INFO: Run Behavior\ReadHtmlCacheBehavior [ RunTime:0.000047s ]
INFO: [ app_begin ] --END-- [ RunTime:0.000079s ]
NOTIC: [2] date() expects parameter 2 to be long, string given /data/www/pc.zhongguoshebaodaili.cn/wwwroot/Application/Admin/Controller/ManageController.class.php 第 277 行.
NOTIC: [2] date() expects parameter 2 to be long, string given /data/www/pc.zhongguoshebaodaili.cn/wwwroot/Application/Admin/Controller/ManageController.class.php 第 278 行.
INFO: [ view_begin ] --START--
INFO: Run Home\Behaviors\testBehavior [ RunTime:0.000041s ]
INFO: [ view_begin ] --END-- [ RunTime:0.000068s ]
INFO: [ view_parse ] --START--
INFO: [ template_filter ] --START--
INFO: Run Behavior\ContentReplaceBehavior [ RunTime:0.000041s ]
INFO: [ template_filter ] --END-- [ RunTime:0.000073s ]
INFO: Run Behavior\ParseTemplateBehavior [ RunTime:0.005349s ]
INFO: [ view_parse ] --END-- [ RunTime:0.005378s ]
INFO: [ view_filter ] --START--
INFO: Run Behavior\WriteHtmlCacheBehavior [ RunTime:0.000026s ]
INFO: Run Behavior\TokenBuildBehavior [ RunTime:0.000076s ]
INFO: [ view_filter ] --END-- [ RunTime:0.000136s ]
INFO: [ app_end ] --START--
INFO: Run Behavior\ShowPageTraceBehavior [ RunTime:0.000026s ]
INFO: [ app_end ] --END-- [ RunTime:0.000053s ]

[ 2018-03-15T18:13:44+08:00 ] 222.35.171.244 /index.php/Admin/Manage/coupon_add
INFO: [ app_init ] --START--
INFO: Run Behavior\BuildLiteBehavior [ RunTime:0.000011s ]
INFO: [ app_init ] --END-- [ RunTime:0.000071s ]
INFO: [ app_begin ] --START--
INFO: Run Behavior\ReadHtmlCacheBehavior [ RunTime:0.000033s ]
INFO: [ app_begin ] --END-- [ RunTime:0.000063s ]
INFO: [ view_begin ] --START--
INFO: Run Home\Behaviors\testBehavior [ RunTime:0.000062s ]
INFO: [ view_begin ] --END-- [ RunTime:0.000095s ]
INFO: [ view_parse ] --START--
INFO: [ template_filter ] --START--
INFO: Run Behavior\ContentReplaceBehavior [ RunTime:0.000042s ]
INFO: [ template_filter ] --END-- [ RunTime:0.000073s ]
NOTIC: [8] Undefined variable: info /data/www/pc.zhongguoshebaodaili.cn/wwwroot/Application/Runtime/Cache/Admin/48017d96fa20ffc79ba56067cd953259.php 第 186 行.
NOTIC: [8] Undefined variable: info /data/www/pc.zhongguoshebaodaili.cn/wwwroot/Application/Runtime/Cache/Admin/48017d96fa20ffc79ba56067cd953259.php 第 187 行.
NOTIC: [8] Undefined variable: info /data/www/pc.zhongguoshebaodaili.cn/wwwroot/Application/Runtime/Cache/Admin/48017d96fa20ffc79ba56067cd953259.php 第 193 行.
NOTIC: [8] Undefined variable: info /data/www/pc.zhongguoshebaodaili.cn/wwwroot/Application/Runtime/Cache/Admin/48017d96fa20ffc79ba56067cd953259.php 第 194 行.
NOTIC: [8] Undefined variable: id /data/www/pc.zhongguoshebaodaili.cn/wwwroot/Application/Runtime/Cache/Admin/48017d96fa20ffc79ba56067cd953259.php 第 204 行.
INFO: Run Behavior\ParseTemplateBehavior [ RunTime:0.004346s ]
INFO: [ view_parse ] --END-- [ RunTime:0.004373s ]
INFO: [ view_filter ] --START--
INFO: Run Behavior\WriteHtmlCacheBehavior [ RunTime:0.000035s ]
INFO: Run Behavior\TokenBuildBehavior [ RunTime:0.000093s ]
INFO: [ view_filter ] --END-- [ RunTime:0.000163s ]
INFO: [ app_end ] --START--
INFO: Run Behavior\ShowPageTraceBehavior [ RunTime:0.000056s ]
INFO: [ app_end ] --END-- [ RunTime:0.000083s ]

[ 2018-03-15T18:14:01+08:00 ] 222.35.171.244 /index.php/Admin/manage/up_question
INFO: [ app_init ] --START--
INFO: Run Behavior\BuildLiteBehavior [ RunTime:0.000011s ]
INFO: [ app_init ] --END-- [ RunTime:0.000073s ]
INFO: [ app_begin ] --START--
INFO: Run Behavior\ReadHtmlCacheBehavior [ RunTime:0.000033s ]
INFO: [ app_begin ] --END-- [ RunTime:0.000061s ]
INFO: [ view_begin ] --START--
INFO: Run Home\Behaviors\testBehavior [ RunTime:0.000062s ]
INFO: [ view_begin ] --END-- [ RunTime:0.000115s ]
INFO: [ view_parse ] --START--
INFO: [ template_filter ] --START--
INFO: Run Behavior\ContentReplaceBehavior [ RunTime:0.000041s ]
INFO: [ template_filter ] --END-- [ RunTime:0.000073s ]
INFO: Run Behavior\ParseTemplateBehavior [ RunTime:0.004358s ]
INFO: [ view_parse ] --END-- [ RunTime:0.004388s ]
INFO: [ view_filter ] --START--
INFO: Run Behavior\WriteHtmlCacheBehavior [ RunTime:0.000033s ]
INFO: Run Behavior\TokenBuildBehavior [ RunTime:0.000083s ]
INFO: [ view_filter ] --END-- [ RunTime:0.000150s ]
INFO: [ app_end ] --START--
INFO: Run Behavior\ShowPageTraceBehavior [ RunTime:0.000033s ]
INFO: [ app_end ] --END-- [ RunTime:0.000059s ]

[ 2018-03-15T18:14:03+08:00 ] 222.35.171.244 /index.php/Admin/manage/news_list
INFO: [ app_init ] --START--
INFO: Run Behavior\BuildLiteBehavior [ RunTime:0.000012s ]
INFO: [ app_init ] --END-- [ RunTime:0.000073s ]
INFO: [ app_begin ] --START--
INFO: Run Behavior\ReadHtmlCacheBehavior [ RunTime:0.000031s ]
INFO: [ app_begin ] --END-- [ RunTime:0.000060s ]
INFO: [ view_begin ] --START--
INFO: Run Home\Behaviors\testBehavior [ RunTime:0.000043s ]
INFO: [ view_begin ] --END-- [ RunTime:0.000098s ]
INFO: [ view_parse ] --START--
INFO: [ template_filter ] --START--
INFO: Run Behavior\ContentReplaceBehavior [ RunTime:0.000037s ]
INFO: [ template_filter ] --END-- [ RunTime:0.000067s ]
NOTIC: [8] Use of undefined constant id - assumed 'id' /data/www/pc.zhongguoshebaodaili.cn/wwwroot/Application/Runtime/Cache/Admin/9a27d77a6fcc284f2bd6d27de2687f6d.php 第 191 行.
NOTIC: [8] Use of undefined constant id - assumed 'id' /data/www/pc.zhongguoshebaodaili.cn/wwwroot/Application/Runtime/Cache/Admin/9a27d77a6fcc284f2bd6d27de2687f6d.php 第 191 行.
NOTIC: [8] Use of undefined constant id - assumed 'id' /data/www/pc.zhongguoshebaodaili.cn/wwwroot/Application/Runtime/Cache/Admin/9a27d77a6fcc284f2bd6d27de2687f6d.php 第 191 行.
NOTIC: [8] Use of undefined constant id - assumed 'id' /data/www/pc.zhongguoshebaodaili.cn/wwwroot/Application/Runtime/Cache/Admin/9a27d77a6fcc284f2bd6d27de2687f6d.php 第 191 行.
INFO: Run Behavior\ParseTemplateBehavior [ RunTime:0.004585s ]
INFO: [ view_parse ] --END-- [ RunTime:0.004610s ]
INFO: [ view_filter ] --START--
INFO: Run Behavior\WriteHtmlCacheBehavior [ RunTime:0.000028s ]
INFO: Run Behavior\TokenBuildBehavior [ RunTime:0.000083s ]
INFO: [ view_filter ] --END-- [ RunTime:0.000149s ]
INFO: [ app_end ] --START--
INFO: Run Behavior\ShowPageTraceBehavior [ RunTime:0.000021s ]
INFO: [ app_end ] --END-- [ RunTime:0.000043s ]

[ 2018-03-15T18:14:03+08:00 ] 222.35.171.244 /index.php/Admin/manage/sms_send_list
INFO: [ app_init ] --START--
INFO: Run Behavior\BuildLiteBehavior [ RunTime:0.000011s ]
INFO: [ app_init ] --END-- [ RunTime:0.000078s ]
INFO: [ app_begin ] --START--
INFO: Run Behavior\ReadHtmlCacheBehavior [ RunTime:0.000030s ]
INFO: [ app_begin ] --END-- [ RunTime:0.000081s ]
INFO: [ view_begin ] --START--
INFO: Run Home\Behaviors\testBehavior [ RunTime:0.000042s ]
INFO: [ view_begin ] --END-- [ RunTime:0.000074s ]
INFO: [ view_parse ] --START--
INFO: [ template_filter ] --START--
INFO: Run Behavior\ContentReplaceBehavior [ RunTime:0.000038s ]
INFO: [ template_filter ] --END-- [ RunTime:0.000094s ]
INFO: Run Behavior\ParseTemplateBehavior [ RunTime:0.004248s ]
INFO: [ view_parse ] --END-- [ RunTime:0.004276s ]
INFO: [ view_filter ] --START--
INFO: Run Behavior\WriteHtmlCacheBehavior [ RunTime:0.000025s ]
INFO: Run Behavior\TokenBuildBehavior [ RunTime:0.000074s ]
INFO: [ view_filter ] --END-- [ RunTime:0.000133s ]
INFO: [ app_end ] --START--
INFO: Run Behavior\ShowPageTraceBehavior [ RunTime:0.000022s ]
INFO: [ app_end ] --END-- [ RunTime:0.000042s ]

[ 2018-03-15T18:14:09+08:00 ] 222.35.171.244 /index.php/Admin/Report/index
INFO: [ app_init ] --START--
INFO: Run Behavior\BuildLiteBehavior [ RunTime:0.000011s ]
INFO: [ app_init ] --END-- [ RunTime:0.000105s ]
INFO: [ app_begin ] --START--
INFO: Run Behavior\ReadHtmlCacheBehavior [ RunTime:0.000037s ]
INFO: [ app_begin ] --END-- [ RunTime:0.000069s ]
NOTIC: [8] Undefined index: sb_company_order /data/www/pc.zhongguoshebaodaili.cn/wwwroot/Application/Admin/Controller/ReportController.class.php 第 56 行.
NOTIC: [8] Undefined index: gjj_bujiao /data/www/pc.zhongguoshebaodaili.cn/wwwroot/Application/Admin/Controller/ReportController.class.php 第 56 行.
NOTIC: [8] Undefined index: sb_zhuanyi /data/www/pc.zhongguoshebaodaili.cn/wwwroot/Application/Admin/Controller/ReportController.class.php 第 56 行.
NOTIC: [8] Undefined index: gjj_zhuanyi /data/www/pc.zhongguoshebaodaili.cn/wwwroot/Application/Admin/Controller/ReportController.class.php 第 56 行.
NOTIC: [8] Undefined index: gjj_tiqu /data/www/pc.zhongguoshebaodaili.cn/wwwroot/Application/Admin/Controller/ReportController.class.php 第 56 行.
NOTIC: [8] Undefined index: yl_sgz /data/www/pc.zhongguoshebaodaili.cn/wwwroot/Application/Admin/Controller/ReportController.class.php 第 56 行.
NOTIC: [8] Undefined index: sy_shenqing /data/www/pc.zhongguoshebaodaili.cn/wwwroot/Application/Admin/Controller/ReportController.class.php 第 56 行.
NOTIC: [8] Undefined index: yd_bajy /data/www/pc.zhongguoshebaodaili.cn/wwwroot/Application/Admin/Controller/ReportController.class.php 第 56 行.
NOTIC: [8] Undefined index: sb_editinfo /data/www/pc.zhongguoshebaodaili.cn/wwwroot/Application/Admin/Controller/ReportController.class.php 第 56 行.
NOTIC: [8] Undefined index: own_money /data/www/pc.zhongguoshebaodaili.cn/wwwroot/Application/Admin/Controller/ReportController.class.php 第 56 行.
NOTIC: [8] Undefined index: tx_yanglao /data/www/pc.zhongguoshebaodaili.cn/wwwroot/Application/Admin/Controller/ReportController.class.php 第 56 行.
NOTIC: [8] Undefined index: school_info /data/www/pc.zhongguoshebaodaili.cn/wwwroot/Application/Admin/Controller/ReportController.class.php 第 56 行.
NOTIC: [8] Undefined index: rc_yingjin /data/www/pc.zhongguoshebaodaili.cn/wwwroot/Application/Admin/Controller/ReportController.class.php 第 56 行.
NOTIC: [2] date() expects parameter 2 to be long, string given /data/www/pc.zhongguoshebaodaili.cn/wwwroot/Application/Admin/Controller/ReportController.class.php 第 88 行.
NOTIC: [2] date() expects parameter 2 to be long, string given /data/www/pc.zhongguoshebaodaili.cn/wwwroot/Application/Admin/Controller/ReportController.class.php 第 89 行.
INFO: [ view_begin ] --START--
INFO: Run Home\Behaviors\testBehavior [ RunTime:0.000067s ]
INFO: [ view_begin ] --END-- [ RunTime:0.000109s ]
INFO: [ view_parse ] --START--
INFO: [ template_filter ] --START--
INFO: Run Behavior\ContentReplaceBehavior [ RunTime:0.000040s ]
INFO: [ template_filter ] --END-- [ RunTime:0.000070s ]
NOTIC: [8] Undefined variable: today /data/www/pc.zhongguoshebaodaili.cn/wwwroot/Application/Runtime/Cache/Admin/3c1dc1b7660b78e2eac45df80b6ab038.php 第 167 行.
NOTIC: [8] Undefined variable: today /data/www/pc.zhongguoshebaodaili.cn/wwwroot/Application/Runtime/Cache/Admin/3c1dc1b7660b78e2eac45df80b6ab038.php 第 170 行.
NOTIC: [8] Undefined variable: today /data/www/pc.zhongguoshebaodaili.cn/wwwroot/Application/Runtime/Cache/Admin/3c1dc1b7660b78e2eac45df80b6ab038.php 第 173 行.
INFO: Run Behavior\ParseTemplateBehavior [ RunTime:0.004420s ]
INFO: [ view_parse ] --END-- [ RunTime:0.004446s ]
INFO: [ view_filter ] --START--
INFO: Run Behavior\WriteHtmlCacheBehavior [ RunTime:0.000032s ]
INFO: Run Behavior\TokenBuildBehavior [ RunTime:0.000088s ]
INFO: [ view_filter ] --END-- [ RunTime:0.000154s ]
INFO: [ app_end ] --START--
INFO: Run Behavior\ShowPageTraceBehavior [ RunTime:0.000029s ]
INFO: [ app_end ] --END-- [ RunTime:0.000053s ]

[ 2018-03-15T18:14:13+08:00 ] 222.35.171.244 /index.php/Admin/Report/finance
INFO: [ app_init ] --START--
INFO: Run Behavior\BuildLiteBehavior [ RunTime:0.000011s ]
INFO: [ app_init ] --END-- [ RunTime:0.000089s ]
INFO: [ app_begin ] --START--
INFO: Run Behavior\ReadHtmlCacheBehavior [ RunTime:0.000055s ]
INFO: [ app_begin ] --END-- [ RunTime:0.000085s ]
NOTIC: [2] date() expects parameter 2 to be long, string given /data/www/pc.zhongguoshebaodaili.cn/wwwroot/Application/Admin/Controller/ReportController.class.php 第 251 行.
NOTIC: [2] date() expects parameter 2 to be long, string given /data/www/pc.zhongguoshebaodaili.cn/wwwroot/Application/Admin/Controller/ReportController.class.php 第 252 行.
INFO: [ view_begin ] --START--
INFO: Run Home\Behaviors\testBehavior [ RunTime:0.000053s ]
INFO: [ view_begin ] --END-- [ RunTime:0.000080s ]
INFO: [ view_parse ] --START--
INFO: [ template_filter ] --START--
INFO: Run Behavior\ContentReplaceBehavior [ RunTime:0.000041s ]
INFO: [ template_filter ] --END-- [ RunTime:0.000071s ]
INFO: Run Behavior\ParseTemplateBehavior [ RunTime:0.005131s ]
INFO: [ view_parse ] --END-- [ RunTime:0.005163s ]
INFO: [ view_filter ] --START--
INFO: Run Behavior\WriteHtmlCacheBehavior [ RunTime:0.000030s ]
INFO: Run Behavior\TokenBuildBehavior [ RunTime:0.000111s ]
INFO: [ view_filter ] --END-- [ RunTime:0.000182s ]
INFO: [ app_end ] --START--
INFO: Run Behavior\ShowPageTraceBehavior [ RunTime:0.000032s ]
INFO: [ app_end ] --END-- [ RunTime:0.000055s ]

[ 2018-03-15T18:14:47+08:00 ] 222.35.171.244 /index.php/Admin/Report/finance?account_name=&start_time=&end_time=&is_pay=2&__hash__=87cd48b62ec7f89c8dca63cf859ac526_c67e6eb9cefdb3338a7843110a379aac
INFO: [ app_init ] --START--
INFO: Run Behavior\BuildLiteBehavior [ RunTime:0.000011s ]
INFO: [ app_init ] --END-- [ RunTime:0.000077s ]
INFO: [ app_begin ] --START--
INFO: Run Behavior\ReadHtmlCacheBehavior [ RunTime:0.000037s ]
INFO: [ app_begin ] --END-- [ RunTime:0.000070s ]
NOTIC: [2] date() expects parameter 2 to be long, string given /data/www/pc.zhongguoshebaodaili.cn/wwwroot/Application/Admin/Controller/ReportController.class.php 第 251 行.
NOTIC: [2] date() expects parameter 2 to be long, string given /data/www/pc.zhongguoshebaodaili.cn/wwwroot/Application/Admin/Controller/ReportController.class.php 第 252 行.
INFO: [ view_begin ] --START--
INFO: Run Home\Behaviors\testBehavior [ RunTime:0.000066s ]
INFO: [ view_begin ] --END-- [ RunTime:0.000096s ]
INFO: [ view_parse ] --START--
INFO: [ template_filter ] --START--
INFO: Run Behavior\ContentReplaceBehavior [ RunTime:0.000039s ]
INFO: [ template_filter ] --END-- [ RunTime:0.000070s ]
INFO: Run Behavior\ParseTemplateBehavior [ RunTime:0.005593s ]
INFO: [ view_parse ] --END-- [ RunTime:0.005625s ]
INFO: [ view_filter ] --START--
INFO: Run Behavior\WriteHtmlCacheBehavior [ RunTime:0.000035s ]
INFO: Run Behavior\TokenBuildBehavior [ RunTime:0.000103s ]
INFO: [ view_filter ] --END-- [ RunTime:0.000173s ]
INFO: [ app_end ] --START--
INFO: Run Behavior\ShowPageTraceBehavior [ RunTime:0.000029s ]
INFO: [ app_end ] --END-- [ RunTime:0.000051s ]

[ 2018-03-15T18:14:49+08:00 ] 222.35.171.244 /index.php/Admin/Report/finance?account_name=&start_time=&end_time=&is_pay=1&__hash__=e71585a048f25fd4c373ab7827c3bac9_e6390d9fcd8052767d1528f2bcf39985
INFO: [ app_init ] --START--
INFO: Run Behavior\BuildLiteBehavior [ RunTime:0.000011s ]
INFO: [ app_init ] --END-- [ RunTime:0.000075s ]
INFO: [ app_begin ] --START--
INFO: Run Behavior\ReadHtmlCacheBehavior [ RunTime:0.000030s ]
INFO: [ app_begin ] --END-- [ RunTime:0.000062s ]
NOTIC: [2] date() expects parameter 2 to be long, string given /data/www/pc.zhongguoshebaodaili.cn/wwwroot/Application/Admin/Controller/ReportController.class.php 第 251 行.
NOTIC: [2] date() expects parameter 2 to be long, string given /data/www/pc.zhongguoshebaodaili.cn/wwwroot/Application/Admin/Controller/ReportController.class.php 第 252 行.
INFO: [ view_begin ] --START--
INFO: Run Home\Behaviors\testBehavior [ RunTime:0.000042s ]
INFO: [ view_begin ] --END-- [ RunTime:0.000069s ]
INFO: [ view_parse ] --START--
INFO: [ template_filter ] --START--
INFO: Run Behavior\ContentReplaceBehavior [ RunTime:0.000042s ]
INFO: [ template_filter ] --END-- [ RunTime:0.000086s ]
INFO: Run Behavior\ParseTemplateBehavior [ RunTime:0.004914s ]
INFO: [ view_parse ] --END-- [ RunTime:0.004943s ]
INFO: [ view_filter ] --START--
INFO: Run Behavior\WriteHtmlCacheBehavior [ RunTime:0.000026s ]
INFO: Run Behavior\TokenBuildBehavior [ RunTime:0.000079s ]
INFO: [ view_filter ] --END-- [ RunTime:0.000138s ]
INFO: [ app_end ] --START--
INFO: Run Behavior\ShowPageTraceBehavior [ RunTime:0.000027s ]
INFO: [ app_end ] --END-- [ RunTime:0.000055s ]

