[ 2018-02-23T12:12:34+08:00 ] 114.248.123.114 /index.php/Admin/Index/index
INFO: [ app_init ] --START--
INFO: Run Behavior\BuildLiteBehavior [ RunTime:0.000011s ]
INFO: [ app_init ] --END-- [ RunTime:0.000071s ]
INFO: [ app_begin ] --START--
INFO: Run Behavior\ReadHtmlCacheBehavior [ RunTime:0.000031s ]
INFO: [ app_begin ] --END-- [ RunTime:0.000057s ]
INFO: [ view_begin ] --START--
INFO: Run Home\Behaviors\testBehavior [ RunTime:0.000061s ]
INFO: [ view_begin ] --END-- [ RunTime:0.000089s ]
INFO: [ view_parse ] --START--
INFO: [ template_filter ] --START--
INFO: Run Behavior\ContentReplaceBehavior [ RunTime:0.000024s ]
INFO: [ template_filter ] --END-- [ RunTime:0.000053s ]
INFO: Run Behavior\ParseTemplateBehavior [ RunTime:0.001776s ]
INFO: [ view_parse ] --END-- [ RunTime:0.001804s ]
INFO: [ view_filter ] --START--
INFO: Run Behavior\WriteHtmlCacheBehavior [ RunTime:0.000059s ]
INFO: Run Behavior\TokenBuildBehavior [ RunTime:0.000060s ]
INFO: [ view_filter ] --END-- [ RunTime:0.000158s ]

[ 2018-02-23T12:12:36+08:00 ] 114.248.123.114 /index.php/Admin/Admin/login
INFO: [ app_init ] --START--
INFO: Run Behavior\BuildLiteBehavior [ RunTime:0.000010s ]
INFO: [ app_init ] --END-- [ RunTime:0.000065s ]
INFO: [ app_begin ] --START--
INFO: Run Behavior\ReadHtmlCacheBehavior [ RunTime:0.000027s ]
INFO: [ app_begin ] --END-- [ RunTime:0.000056s ]
NOTIC: [2] file_get_contents(): php_network_getaddresses: getaddrinfo failed: Name or service not known /data/www/pc.zhongguoshebaodaili.cn/wwwroot/Application/Admin/Common/function.php 第 279 行.
NOTIC: [2] file_get_contents(http://service.shop.yiqidongfang.com/index.php?m=Home&amp;c=Index&amp;a=user_push&amp;domain=pc.zhongguoshebaodaili.cn&amp;last_domain=pc.zhongguoshebaodaili.cn&amp;key_num=v1.3.2&amp;install_time=1480844624&amp;cpu=0001&amp;mac=0002&amp;serial_number=20161204054344hMRIXH): failed to open stream: php_network_getaddresses: getaddrinfo failed: Name or service not known /data/www/pc.zhongguoshebaodaili.cn/wwwroot/Application/Admin/Common/function.php 第 279 行.
INFO: [ view_begin ] --START--
INFO: Run Home\Behaviors\testBehavior [ RunTime:0.000059s ]
INFO: [ view_begin ] --END-- [ RunTime:0.000094s ]
INFO: [ view_parse ] --START--
INFO: [ template_filter ] --START--
INFO: Run Behavior\ContentReplaceBehavior [ RunTime:0.000032s ]
INFO: [ template_filter ] --END-- [ RunTime:0.000061s ]
INFO: Run Behavior\ParseTemplateBehavior [ RunTime:0.002115s ]
INFO: [ view_parse ] --END-- [ RunTime:0.002147s ]
INFO: [ view_filter ] --START--
INFO: Run Behavior\WriteHtmlCacheBehavior [ RunTime:0.000026s ]
INFO: Run Behavior\TokenBuildBehavior [ RunTime:0.000065s ]
INFO: [ view_filter ] --END-- [ RunTime:0.000124s ]
INFO: [ app_end ] --START--
INFO: Run Behavior\ShowPageTraceBehavior [ RunTime:0.000032s ]
INFO: [ app_end ] --END-- [ RunTime:0.000052s ]

[ 2018-02-23T12:12:36+08:00 ] 114.248.123.114 /index.php/Admin/Admin/vertify
INFO: [ app_init ] --START--
INFO: Run Behavior\BuildLiteBehavior [ RunTime:0.000012s ]
INFO: [ app_init ] --END-- [ RunTime:0.000081s ]
INFO: [ app_begin ] --START--
INFO: Run Behavior\ReadHtmlCacheBehavior [ RunTime:0.000026s ]
INFO: [ app_begin ] --END-- [ RunTime:0.000054s ]
INFO: [ app_end ] --START--
INFO: Run Behavior\ShowPageTraceBehavior [ RunTime:0.000037s ]
INFO: [ app_end ] --END-- [ RunTime:0.000082s ]

[ 2018-02-23T12:12:44+08:00 ] 114.248.123.114 /index.php?m=Admin&c=Admin&a=login&t=0.13871456225995105
INFO: [ app_init ] --START--
INFO: Run Behavior\BuildLiteBehavior [ RunTime:0.000011s ]
INFO: [ app_init ] --END-- [ RunTime:0.000077s ]
INFO: [ app_begin ] --START--
INFO: Run Behavior\ReadHtmlCacheBehavior [ RunTime:0.000030s ]
INFO: [ app_begin ] --END-- [ RunTime:0.000054s ]

[ 2018-02-23T12:12:44+08:00 ] 114.248.123.114 /index.php/Admin/Index/index
INFO: [ app_init ] --START--
INFO: Run Behavior\BuildLiteBehavior [ RunTime:0.000011s ]
INFO: [ app_init ] --END-- [ RunTime:0.000082s ]
INFO: [ app_begin ] --START--
INFO: Run Behavior\ReadHtmlCacheBehavior [ RunTime:0.000029s ]
INFO: [ app_begin ] --END-- [ RunTime:0.000061s ]
NOTIC: [2] file_get_contents(): php_network_getaddresses: getaddrinfo failed: Name or service not known /data/www/pc.zhongguoshebaodaili.cn/wwwroot/Application/Admin/Logic/UpgradeLogic.class.php 第 52 行.
NOTIC: [2] file_get_contents(http://service.shop.yiqidongfang.com/index.php?m=Home&amp;c=Index&amp;a=checkVersion&amp;v=v1.3.2): failed to open stream: php_network_getaddresses: getaddrinfo failed: Name or service not known /data/www/pc.zhongguoshebaodaili.cn/wwwroot/Application/Admin/Logic/UpgradeLogic.class.php 第 52 行.
INFO: [ view_begin ] --START--
INFO: Run Home\Behaviors\testBehavior [ RunTime:0.000068s ]
INFO: [ view_begin ] --END-- [ RunTime:0.000103s ]
INFO: [ view_parse ] --START--
INFO: [ template_filter ] --START--
INFO: Run Behavior\ContentReplaceBehavior [ RunTime:0.000062s ]
INFO: [ template_filter ] --END-- [ RunTime:0.000096s ]
INFO: Run Behavior\ParseTemplateBehavior [ RunTime:0.007059s ]
INFO: [ view_parse ] --END-- [ RunTime:0.007087s ]
INFO: [ view_filter ] --START--
INFO: Run Behavior\WriteHtmlCacheBehavior [ RunTime:0.000035s ]
INFO: Run Behavior\TokenBuildBehavior [ RunTime:0.000130s ]
INFO: [ view_filter ] --END-- [ RunTime:0.000216s ]
INFO: [ app_end ] --START--
INFO: Run Behavior\ShowPageTraceBehavior [ RunTime:0.000028s ]
INFO: [ app_end ] --END-- [ RunTime:0.000050s ]

[ 2018-02-23T12:12:45+08:00 ] 114.248.123.114 /index.php/Admin/System/login_task
INFO: [ app_init ] --START--
INFO: Run Behavior\BuildLiteBehavior [ RunTime:0.000034s ]
INFO: [ app_init ] --END-- [ RunTime:0.000092s ]
INFO: [ app_begin ] --START--
INFO: Run Behavior\ReadHtmlCacheBehavior [ RunTime:0.000025s ]
INFO: [ app_begin ] --END-- [ RunTime:0.000049s ]
NOTIC: [2] Invalid argument supplied for foreach() /data/www/pc.zhongguoshebaodaili.cn/wwwroot/Application/Admin/Controller/SystemController.class.php 第 255 行.
INFO: [ app_end ] --START--
INFO: Run Behavior\ShowPageTraceBehavior [ RunTime:0.000025s ]
INFO: [ app_end ] --END-- [ RunTime:0.000053s ]

[ 2018-02-23T12:12:45+08:00 ] 114.248.123.114 /index.php/Admin/Index/welcome
INFO: [ app_init ] --START--
INFO: Run Behavior\BuildLiteBehavior [ RunTime:0.000009s ]
INFO: [ app_init ] --END-- [ RunTime:0.000086s ]
INFO: [ app_begin ] --START--
INFO: Run Behavior\ReadHtmlCacheBehavior [ RunTime:0.000027s ]
INFO: [ app_begin ] --END-- [ RunTime:0.000054s ]
NOTIC: [8] Undefined index: version /data/www/pc.zhongguoshebaodaili.cn/wwwroot/Application/Admin/Controller/IndexController.class.php 第 108 行.
INFO: [ view_begin ] --START--
INFO: Run Home\Behaviors\testBehavior [ RunTime:0.000047s ]
INFO: [ view_begin ] --END-- [ RunTime:0.000078s ]
INFO: [ view_parse ] --START--
INFO: [ template_filter ] --START--
INFO: Run Behavior\ContentReplaceBehavior [ RunTime:0.000041s ]
INFO: [ template_filter ] --END-- [ RunTime:0.000072s ]
NOTIC: [8] Undefined variable: count /data/www/pc.zhongguoshebaodaili.cn/wwwroot/Application/Runtime/Cache/Admin/69fa43b310489e974c292babf8eca7e7.php 第 173 行.
NOTIC: [8] Undefined variable: count /data/www/pc.zhongguoshebaodaili.cn/wwwroot/Application/Runtime/Cache/Admin/69fa43b310489e974c292babf8eca7e7.php 第 201 行.
NOTIC: [8] Undefined variable: count /data/www/pc.zhongguoshebaodaili.cn/wwwroot/Application/Runtime/Cache/Admin/69fa43b310489e974c292babf8eca7e7.php 第 207 行.
INFO: Run Behavior\ParseTemplateBehavior [ RunTime:0.004899s ]
INFO: [ view_parse ] --END-- [ RunTime:0.004924s ]
INFO: [ view_filter ] --START--
INFO: Run Behavior\WriteHtmlCacheBehavior [ RunTime:0.000026s ]
INFO: Run Behavior\TokenBuildBehavior [ RunTime:0.000109s ]
INFO: [ view_filter ] --END-- [ RunTime:0.000173s ]
INFO: [ app_end ] --START--
INFO: Run Behavior\ShowPageTraceBehavior [ RunTime:0.000025s ]
INFO: [ app_end ] --END-- [ RunTime:0.000047s ]

[ 2018-02-23T12:18:23+08:00 ] 114.248.123.114 /index.php/Admin/Order/sb_daijiao_list
INFO: [ app_init ] --START--
INFO: Run Behavior\BuildLiteBehavior [ RunTime:0.000049s ]
INFO: [ app_init ] --END-- [ RunTime:0.000112s ]
INFO: [ app_begin ] --START--
INFO: Run Behavior\ReadHtmlCacheBehavior [ RunTime:0.000032s ]
INFO: [ app_begin ] --END-- [ RunTime:0.000060s ]
NOTIC: [2] date() expects parameter 2 to be long, string given /data/www/pc.zhongguoshebaodaili.cn/wwwroot/Application/Admin/Controller/OrderController.class.php 第 469 行.
NOTIC: [2] date() expects parameter 2 to be long, string given /data/www/pc.zhongguoshebaodaili.cn/wwwroot/Application/Admin/Controller/OrderController.class.php 第 470 行.
INFO: [ view_begin ] --START--
INFO: Run Home\Behaviors\testBehavior [ RunTime:0.000072s ]
INFO: [ view_begin ] --END-- [ RunTime:0.000106s ]
INFO: [ view_parse ] --START--
INFO: [ template_filter ] --START--
INFO: Run Behavior\ContentReplaceBehavior [ RunTime:0.000052s ]
INFO: [ template_filter ] --END-- [ RunTime:0.000088s ]
NOTIC: [8] Use of undefined constant id - assumed 'id' /data/www/pc.zhongguoshebaodaili.cn/wwwroot/Application/Runtime/Cache/Admin/e63d812592c6b23f1fdb1bbe313e6f55.php 第 236 行.
NOTIC: [8] Use of undefined constant id - assumed 'id' /data/www/pc.zhongguoshebaodaili.cn/wwwroot/Application/Runtime/Cache/Admin/e63d812592c6b23f1fdb1bbe313e6f55.php 第 236 行.
NOTIC: [8] Use of undefined constant id - assumed 'id' /data/www/pc.zhongguoshebaodaili.cn/wwwroot/Application/Runtime/Cache/Admin/e63d812592c6b23f1fdb1bbe313e6f55.php 第 236 行.
NOTIC: [8] Use of undefined constant id - assumed 'id' /data/www/pc.zhongguoshebaodaili.cn/wwwroot/Application/Runtime/Cache/Admin/e63d812592c6b23f1fdb1bbe313e6f55.php 第 236 行.
NOTIC: [8] Use of undefined constant id - assumed 'id' /data/www/pc.zhongguoshebaodaili.cn/wwwroot/Application/Runtime/Cache/Admin/e63d812592c6b23f1fdb1bbe313e6f55.php 第 236 行.
NOTIC: [8] Use of undefined constant id - assumed 'id' /data/www/pc.zhongguoshebaodaili.cn/wwwroot/Application/Runtime/Cache/Admin/e63d812592c6b23f1fdb1bbe313e6f55.php 第 236 行.
NOTIC: [8] Use of undefined constant id - assumed 'id' /data/www/pc.zhongguoshebaodaili.cn/wwwroot/Application/Runtime/Cache/Admin/e63d812592c6b23f1fdb1bbe313e6f55.php 第 236 行.
NOTIC: [8] Use of undefined constant id - assumed 'id' /data/www/pc.zhongguoshebaodaili.cn/wwwroot/Application/Runtime/Cache/Admin/e63d812592c6b23f1fdb1bbe313e6f55.php 第 236 行.
NOTIC: [8] Use of undefined constant id - assumed 'id' /data/www/pc.zhongguoshebaodaili.cn/wwwroot/Application/Runtime/Cache/Admin/e63d812592c6b23f1fdb1bbe313e6f55.php 第 236 行.
NOTIC: [8] Use of undefined constant id - assumed 'id' /data/www/pc.zhongguoshebaodaili.cn/wwwroot/Application/Runtime/Cache/Admin/e63d812592c6b23f1fdb1bbe313e6f55.php 第 236 行.
NOTIC: [8] Use of undefined constant id - assumed 'id' /data/www/pc.zhongguoshebaodaili.cn/wwwroot/Application/Runtime/Cache/Admin/e63d812592c6b23f1fdb1bbe313e6f55.php 第 236 行.
NOTIC: [8] Use of undefined constant id - assumed 'id' /data/www/pc.zhongguoshebaodaili.cn/wwwroot/Application/Runtime/Cache/Admin/e63d812592c6b23f1fdb1bbe313e6f55.php 第 236 行.
NOTIC: [8] Use of undefined constant id - assumed 'id' /data/www/pc.zhongguoshebaodaili.cn/wwwroot/Application/Runtime/Cache/Admin/e63d812592c6b23f1fdb1bbe313e6f55.php 第 236 行.
NOTIC: [8] Use of undefined constant id - assumed 'id' /data/www/pc.zhongguoshebaodaili.cn/wwwroot/Application/Runtime/Cache/Admin/e63d812592c6b23f1fdb1bbe313e6f55.php 第 236 行.
NOTIC: [8] Use of undefined constant id - assumed 'id' /data/www/pc.zhongguoshebaodaili.cn/wwwroot/Application/Runtime/Cache/Admin/e63d812592c6b23f1fdb1bbe313e6f55.php 第 236 行.
NOTIC: [8] Use of undefined constant id - assumed 'id' /data/www/pc.zhongguoshebaodaili.cn/wwwroot/Application/Runtime/Cache/Admin/e63d812592c6b23f1fdb1bbe313e6f55.php 第 236 行.
NOTIC: [8] Use of undefined constant id - assumed 'id' /data/www/pc.zhongguoshebaodaili.cn/wwwroot/Application/Runtime/Cache/Admin/e63d812592c6b23f1fdb1bbe313e6f55.php 第 236 行.
NOTIC: [8] Use of undefined constant id - assumed 'id' /data/www/pc.zhongguoshebaodaili.cn/wwwroot/Application/Runtime/Cache/Admin/e63d812592c6b23f1fdb1bbe313e6f55.php 第 236 行.
NOTIC: [8] Use of undefined constant id - assumed 'id' /data/www/pc.zhongguoshebaodaili.cn/wwwroot/Application/Runtime/Cache/Admin/e63d812592c6b23f1fdb1bbe313e6f55.php 第 236 行.
INFO: Run Behavior\ParseTemplateBehavior [ RunTime:0.008604s ]
INFO: [ view_parse ] --END-- [ RunTime:0.008634s ]
INFO: [ view_filter ] --START--
INFO: Run Behavior\WriteHtmlCacheBehavior [ RunTime:0.000038s ]
INFO: Run Behavior\TokenBuildBehavior [ RunTime:0.000054s ]
INFO: [ view_filter ] --END-- [ RunTime:0.000132s ]
INFO: [ app_end ] --START--
INFO: Run Behavior\ShowPageTraceBehavior [ RunTime:0.000038s ]
INFO: [ app_end ] --END-- [ RunTime:0.000067s ]

[ 2018-02-23T12:18:29+08:00 ] 114.248.123.114 /index.php/Admin/Order/sb_daijiao_edit/id/130
INFO: [ app_init ] --START--
INFO: Run Behavior\BuildLiteBehavior [ RunTime:0.000010s ]
INFO: [ app_init ] --END-- [ RunTime:0.000070s ]
INFO: [ app_begin ] --START--
INFO: Run Behavior\ReadHtmlCacheBehavior [ RunTime:0.000031s ]
INFO: [ app_begin ] --END-- [ RunTime:0.000059s ]
NOTIC: [8] Undefined offset: 2 /data/www/pc.zhongguoshebaodaili.cn/wwwroot/Application/Common/Common/common.php 第 231 行.
NOTIC: [8] Undefined offset: 2 /data/www/pc.zhongguoshebaodaili.cn/wwwroot/Application/Common/Common/common.php 第 231 行.
INFO: [ view_begin ] --START--
INFO: Run Home\Behaviors\testBehavior [ RunTime:0.000061s ]
INFO: [ view_begin ] --END-- [ RunTime:0.000089s ]
INFO: [ view_parse ] --START--
INFO: [ template_filter ] --START--
INFO: Run Behavior\ContentReplaceBehavior [ RunTime:0.000073s ]
INFO: [ template_filter ] --END-- [ RunTime:0.000105s ]
INFO: Run Behavior\ParseTemplateBehavior [ RunTime:0.009821s ]
INFO: [ view_parse ] --END-- [ RunTime:0.009852s ]
INFO: [ view_filter ] --START--
INFO: Run Behavior\WriteHtmlCacheBehavior [ RunTime:0.000033s ]
INFO: Run Behavior\TokenBuildBehavior [ RunTime:0.000033s ]
INFO: [ view_filter ] --END-- [ RunTime:0.000100s ]
INFO: [ app_end ] --START--
INFO: Run Behavior\ShowPageTraceBehavior [ RunTime:0.000027s ]
INFO: [ app_end ] --END-- [ RunTime:0.000049s ]

[ 2018-02-23T13:28:27+08:00 ] 114.248.123.114 /index.php/Admin/Index/index
INFO: [ app_init ] --START--
INFO: Run Behavior\BuildLiteBehavior [ RunTime:0.000010s ]
INFO: [ app_init ] --END-- [ RunTime:0.000073s ]
INFO: [ app_begin ] --START--
INFO: Run Behavior\ReadHtmlCacheBehavior [ RunTime:0.000032s ]
INFO: [ app_begin ] --END-- [ RunTime:0.000084s ]
NOTIC: [2] file_get_contents(): php_network_getaddresses: getaddrinfo failed: Name or service not known /data/www/pc.zhongguoshebaodaili.cn/wwwroot/Application/Admin/Logic/UpgradeLogic.class.php 第 52 行.
NOTIC: [2] file_get_contents(http://service.shop.yiqidongfang.com/index.php?m=Home&amp;c=Index&amp;a=checkVersion&amp;v=v1.3.2): failed to open stream: php_network_getaddresses: getaddrinfo failed: Name or service not known /data/www/pc.zhongguoshebaodaili.cn/wwwroot/Application/Admin/Logic/UpgradeLogic.class.php 第 52 行.
INFO: [ view_begin ] --START--
INFO: Run Home\Behaviors\testBehavior [ RunTime:0.000075s ]
INFO: [ view_begin ] --END-- [ RunTime:0.000131s ]
INFO: [ view_parse ] --START--
INFO: [ template_filter ] --START--
INFO: Run Behavior\ContentReplaceBehavior [ RunTime:0.000050s ]
INFO: [ template_filter ] --END-- [ RunTime:0.000084s ]
INFO: Run Behavior\ParseTemplateBehavior [ RunTime:0.007126s ]
INFO: [ view_parse ] --END-- [ RunTime:0.007156s ]
INFO: [ view_filter ] --START--
INFO: Run Behavior\WriteHtmlCacheBehavior [ RunTime:0.000035s ]
INFO: Run Behavior\TokenBuildBehavior [ RunTime:0.000126s ]
INFO: [ view_filter ] --END-- [ RunTime:0.000197s ]
INFO: [ app_end ] --START--
INFO: Run Behavior\ShowPageTraceBehavior [ RunTime:0.000031s ]
INFO: [ app_end ] --END-- [ RunTime:0.000053s ]

[ 2018-02-23T13:28:27+08:00 ] 114.248.123.114 /index.php/Admin/System/login_task
INFO: [ app_init ] --START--
INFO: Run Behavior\BuildLiteBehavior [ RunTime:0.000011s ]
INFO: [ app_init ] --END-- [ RunTime:0.000068s ]
INFO: [ app_begin ] --START--
INFO: Run Behavior\ReadHtmlCacheBehavior [ RunTime:0.000026s ]
INFO: [ app_begin ] --END-- [ RunTime:0.000053s ]
NOTIC: [2] Invalid argument supplied for foreach() /data/www/pc.zhongguoshebaodaili.cn/wwwroot/Application/Admin/Controller/SystemController.class.php 第 255 行.
INFO: [ app_end ] --START--
INFO: Run Behavior\ShowPageTraceBehavior [ RunTime:0.000034s ]
INFO: [ app_end ] --END-- [ RunTime:0.000093s ]

[ 2018-02-23T13:28:27+08:00 ] 114.248.123.114 /index.php/Admin/Index/welcome
INFO: [ app_init ] --START--
INFO: Run Behavior\BuildLiteBehavior [ RunTime:0.000011s ]
INFO: [ app_init ] --END-- [ RunTime:0.000073s ]
INFO: [ app_begin ] --START--
INFO: Run Behavior\ReadHtmlCacheBehavior [ RunTime:0.000030s ]
INFO: [ app_begin ] --END-- [ RunTime:0.000062s ]
NOTIC: [8] Undefined index: version /data/www/pc.zhongguoshebaodaili.cn/wwwroot/Application/Admin/Controller/IndexController.class.php 第 108 行.
INFO: [ view_begin ] --START--
INFO: Run Home\Behaviors\testBehavior [ RunTime:0.000094s ]
INFO: [ view_begin ] --END-- [ RunTime:0.000135s ]
INFO: [ view_parse ] --START--
INFO: [ template_filter ] --START--
INFO: Run Behavior\ContentReplaceBehavior [ RunTime:0.000048s ]
INFO: [ template_filter ] --END-- [ RunTime:0.000082s ]
NOTIC: [8] Undefined variable: count /data/www/pc.zhongguoshebaodaili.cn/wwwroot/Application/Runtime/Cache/Admin/69fa43b310489e974c292babf8eca7e7.php 第 173 行.
NOTIC: [8] Undefined variable: count /data/www/pc.zhongguoshebaodaili.cn/wwwroot/Application/Runtime/Cache/Admin/69fa43b310489e974c292babf8eca7e7.php 第 201 行.
NOTIC: [8] Undefined variable: count /data/www/pc.zhongguoshebaodaili.cn/wwwroot/Application/Runtime/Cache/Admin/69fa43b310489e974c292babf8eca7e7.php 第 207 行.
INFO: Run Behavior\ParseTemplateBehavior [ RunTime:0.005123s ]
INFO: [ view_parse ] --END-- [ RunTime:0.005151s ]
INFO: [ view_filter ] --START--
INFO: Run Behavior\WriteHtmlCacheBehavior [ RunTime:0.000031s ]
INFO: Run Behavior\TokenBuildBehavior [ RunTime:0.000086s ]
INFO: [ view_filter ] --END-- [ RunTime:0.000156s ]
INFO: [ app_end ] --START--
INFO: Run Behavior\ShowPageTraceBehavior [ RunTime:0.000025s ]
INFO: [ app_end ] --END-- [ RunTime:0.000048s ]

